<?xml version="1.0" encoding="UTF-8"?><TestSessionContainer xmlns="http://www.codecover.org/xml/testsession-container" Date="1384699578992" TestSessionContainerId="cc6eb015-261e-40a9-b9c6-7390565fa118" version="1.0">
<SrcFileList>
<SrcFile Content="package se.lnu.http;&#10;&#10;public class WrongNumberOfArgumentsException extends Exception {&#10;&#10;&#9;/**&#10;&#9; * &#10;&#9; */&#10;&#9;private static final long serialVersionUID = -7327975009047813601L;&#10;&#10;&#9;public WrongNumberOfArgumentsException() {&#10;&#9;&#9;super(&quot;This program should only have one or two arguments&quot;);&#10;&#9;}&#10;&#10;&#9;&#10;&#10;}&#10;" Filename="WrongNumberOfArgumentsException.java" Intrnl_Id="1"/>
<SrcFile Content="package se.lnu.http;&#10;&#10;public class Port {&#10;&#10;&#9;private int portNumber;&#10;&#10;&#9;public Port(int portNumber) throws InvalidPortException {&#10;&#9;&#9;if (portNumber &lt;= 0 || portNumber &gt; 65535) {&#10;&#9;&#9;&#9;throw new InvalidPortException(&quot;invalid port number please choose a port between 1 and 65535&quot;);&#10;&#9;&#9;}&#10;&#9;&#9;&#10;&#9;&#9;this.portNumber = portNumber;&#10;&#9;&#9;&#10;&#9;}&#10;&#10;&#9;public int getPort() {&#10;&#9;&#9;// TODO Auto-generated method stub&#10;&#9;&#9;return portNumber;&#10;&#9;}&#10;&#9;&#10;}&#10;" Filename="Port.java" Intrnl_Id="2"/>
<SrcFile Content="package se.lnu.http;&#10;&#10;public class NotADirectoryException extends Exception {&#10;&#10;&#9;public NotADirectoryException(String string) {&#10;&#9;&#9;super(string);&#10;&#9;}&#10;&#10;&#9;public NotADirectoryException(Exception e) {&#10;&#9;&#9;super(e);&#10;&#9;}&#10;&#10;&#9;/**&#10;&#9; * &#10;&#9; */&#10;&#9;private static final long serialVersionUID = -6619732026622856729L;&#10;&#10;}&#10;" Filename="NotADirectoryException.java" Intrnl_Id="3"/>
<SrcFile Content="package se.lnu.http;&#10;&#10;public class InvalidPortException extends Exception {&#10;&#10;&#9;/**&#10;&#9; * &#10;&#9; */&#10;&#9;private static final long serialVersionUID = 3615635556121136L;&#10;&#10;&#9;public InvalidPortException(String string) {&#10;&#9;&#9;super(string);&#10;&#9;}&#10;&#10;&#9;&#10;&#10;}&#10;" Filename="InvalidPortException.java" Intrnl_Id="4"/>
<SrcFile Content="package se.lnu.http;&#10;&#10;import java.io.File;&#10;&#10;public class HTTPServerConsole {&#10;&#9;private ConsoleView view;&#10;&#10;&#9;public HTTPServerConsole(ConsoleView view) {&#10;&#9;&#9;this.view = view;&#10;&#9;}&#10;&#10;&#9;/**&#10;&#9; * @param args&#10;&#9; * @throws Exception &#10;&#9; */&#10;&#9;public static void main(String[] args) throws Exception {&#10;&#9;&#9;ConsoleView view = new ConsoleView(args);&#10;&#9;&#9;HTTPServerConsole server = new HTTPServerConsole(view);&#10;&#9;&#9;server.runConsole();&#10;&#9;&#9;&#10;&#9;&#9;&#10;&#9;}&#10;&#10;&#9;void runConsole() throws Exception {&#10;&#9;&#9;&#10;&#9;&#9;try {&#10;&#9;&#9;&#9;Port port = view.getPort();&#10;&#9;&#9;&#9;File sharedDirectory = view.getDirectory();&#10;&#9;&#9;&#9;HTTPServer server = new HTTPServer(port, sharedDirectory, view);&#10;&#9;&#9;&#9;&#10;&#9;&#9;&#9;server.start();&#10;&#9;&#9;&#9;&#10;&#9;&#9;&#9;if (view.doStop() ) {&#10;&#9;&#9;&#9;&#9;server.stop();&#10;&#9;&#9;&#9;}&#10;&#9;&#9;&#9;&#10;&#9;&#9;} catch (InvalidPortException e) {&#10;&#9;&#9;&#9;view.showhelp();&#10;&#9;&#9;}&#10;&#9;}&#10;&#10;}&#10;" Filename="HTTPServerConsole.java" Intrnl_Id="5"/>
<SrcFile Content="package se.lnu.http;&#10;&#10;import java.io.File;&#10;&#10;public class ConsoleView {&#10;&#9;static final String HELPTEXT = &quot;Enter a valid port 1-65535 and a optional URL&quot;;&#10;&#9;&#10;&#9;private String[] args;&#10;&#9;&#10;&#9;&#10;&#9;&#10;&#9;public ConsoleView(String[] args) throws WrongNumberOfArgumentsException {&#10;&#9;&#9;if (args.length &gt; 2 || args.length &lt; 1) {&#10;&#9;&#9;&#9;throw new WrongNumberOfArgumentsException();&#10;&#9;&#9;}&#10;&#9;&#9;&#10;&#9;&#9;this.args = args;&#10;&#9;&#9;&#10;&#9;}&#10;&#10;&#9;public Port getPort() throws InvalidPortException {&#10;&#9;&#9;int port;&#10;&#9;&#9;try {&#10;&#9;&#9;&#9;port = Integer.parseInt(args[0]);&#10;&#9;&#9;} catch (Exception e) {&#10;&#9;&#9;&#9;throw new InvalidPortException(&quot;not an integer argument&quot;);&#10;&#9;&#9;}&#10;&#9;&#9;Port p = new Port(port);&#10;&#9;&#9;&#10;&#9;&#9;return p;&#10;&#9;}&#10;&#10;&#9;&#10;&#9;public void showhelp() {&#10;&#9;&#9;System.out.print(HELPTEXT);&#10;&#9;&#9;&#10;&#9;}&#10;&#10;&#9;public File getDirectory() throws NotADirectoryException {&#10;&#9;&#9;File directory;&#10;&#9;&#9;try {&#10;&#9;&#9;&#9;directory = new File(args[1]);//may throw nullpointerexception&#10;&#9;&#9;&#9;&#10;&#9;&#9;&#9;&#10;&#9;&#9;&#9;if (directory.exists() == false) {&#10;&#9;&#9;&#9;&#9;throw new NotADirectoryException(&quot;directory does not exists&quot;);&#10;&#9;&#9;&#9;}&#10;&#9;&#9;&#9;if (directory.isDirectory() == false) {&#10;&#9;&#9;&#9;&#9;throw new NotADirectoryException(&quot;url is not a directory&quot;);&#10;&#9;&#9;&#9;}&#10;&#9;&#9;&#9;&#10;&#9;&#9;} catch (Exception e) {&#10;&#9;&#9;&#9;throw new NotADirectoryException(e);&#10;&#9;&#9;}&#10;&#9;&#9;&#10;&#9;&#9;&#10;&#9;&#9;return directory;&#10;&#9;}&#10;&#10;&#9;&#10;}&#10;" Filename="ConsoleView.java" Intrnl_Id="6"/>
</SrcFileList>
<CritList>
<CritListEntry Name="org.codecover.model.utils.criteria.LoopCoverage" PluginName="org.codecover"/>
<CritListEntry Name="org.codecover.model.utils.criteria.BranchCoverage" PluginName="org.codecover"/>
<CritListEntry Name="org.codecover.model.utils.criteria.ConditionCoverage" PluginName="org.codecover"/>
<CritListEntry Name="org.codecover.model.utils.criteria.SynchronizedStatementCoverage" PluginName="org.codecover"/>
<CritListEntry Name="org.codecover.model.utils.criteria.QMOCoverage" PluginName="org.codecover"/>
<CritListEntry Name="org.codecover.model.utils.criteria.StatementCoverage" PluginName="org.codecover"/>
</CritList>
<BoolOpList>
<BoolOp Arity="2" Intrnl_Id="7" Name="conditional or (||)">
<BoolAssgnmntBoolMapList>
<MapEntry BoolAssgnmnt="01" Value="true"/>
<MapEntry BoolAssgnmnt="00" Value="false"/>
<MapEntry BoolAssgnmnt="12" Value="true"/>
</BoolAssgnmntBoolMapList>
</BoolOp>
</BoolOpList>
<HierarchyLvlTypeList>
<HierarchyLvlType EnglishName="package" IntrnlName="package" Intrnl_Id="8"/>
<HierarchyLvlType EnglishName="class" IntrnlName="class" Intrnl_Id="9"/>
<HierarchyLvlType EnglishName="method" IntrnlName="method" Intrnl_Id="10"/>
<HierarchyLvlType EnglishName="default package" IntrnlName="default package" Intrnl_Id="11"/>
</HierarchyLvlTypeList>
<MASTRoot>
<HierarchyLvl HierarchyLvlId="102" HierarchyLvlTypeId="11" Intrnl_Id="12" Name="default package">
<Header/>
<LocList/>
<HierarchyLvl HierarchyLvlId="101" HierarchyLvlTypeId="8" Intrnl_Id="13" Name="se">
<Header/>
<LocList/>
<HierarchyLvl HierarchyLvlId="100" HierarchyLvlTypeId="8" Intrnl_Id="14" Name="lnu">
<Header/>
<LocList/>
<HierarchyLvl HierarchyLvlId="99" HierarchyLvlTypeId="8" Intrnl_Id="15" Name="http">
<Header/>
<LocList/>
<HierarchyLvl HierarchyLvlId="81" HierarchyLvlTypeId="9" Intrnl_Id="16" Name="WrongNumberOfArgumentsException">
<Header>
<Loc EndOffset="84" SrcFileId="1" StartOffset="22"/>
</Header>
<LocList>
<Loc EndOffset="288" SrcFileId="1" StartOffset="22"/>
</LocList>
<StmntSeq Intrnl_Id="17">
<LocList>
<Loc EndOffset="171" SrcFileId="1" StartOffset="104"/>
</LocList>
<BasicStmnt CovItemId="S1" CovItemPrefix="se.lnu.http.WrongNumberOfArgumentsException.java" Intrnl_Id="18">
<LocList>
<Loc EndOffset="171" SrcFileId="1" StartOffset="104"/>
</LocList>
</BasicStmnt>
</StmntSeq>
<HierarchyLvl HierarchyLvlId="80" HierarchyLvlTypeId="10" Intrnl_Id="19" Name="WrongNumberOfArgumentsException">
<Header>
<Loc EndOffset="214" SrcFileId="1" StartOffset="174"/>
</Header>
<LocList>
<Loc EndOffset="282" SrcFileId="1" StartOffset="174"/>
</LocList>
<StmntSeq Intrnl_Id="20">
<LocList>
<Loc EndOffset="279" SrcFileId="1" StartOffset="219"/>
</LocList>
<BasicStmnt CovItemId="S2" CovItemPrefix="se.lnu.http.WrongNumberOfArgumentsException.java" Intrnl_Id="21">
<LocList>
<Loc EndOffset="279" SrcFileId="1" StartOffset="219"/>
</LocList>
</BasicStmnt>
</StmntSeq>
</HierarchyLvl>
</HierarchyLvl>
<HierarchyLvl HierarchyLvlId="84" HierarchyLvlTypeId="9" Intrnl_Id="22" Name="Port">
<Header>
<Loc EndOffset="39" SrcFileId="2" StartOffset="22"/>
</Header>
<LocList>
<Loc EndOffset="408" SrcFileId="2" StartOffset="22"/>
</LocList>
<HierarchyLvl HierarchyLvlId="82" HierarchyLvlTypeId="10" Intrnl_Id="23" Name="Port">
<Header>
<Loc EndOffset="125" SrcFileId="2" StartOffset="70"/>
</Header>
<LocList>
<Loc EndOffset="318" SrcFileId="2" StartOffset="70"/>
</LocList>
<StmntSeq Intrnl_Id="24">
<LocList>
<Loc EndOffset="277" SrcFileId="2" StartOffset="130"/>
<Loc EndOffset="312" SrcFileId="2" StartOffset="283"/>
</LocList>
<CondStmnt CovItemId="S1" CovItemPrefix="se.lnu.http.Port.java" Intrnl_Id="25">
<Branch CovItemId="B1" CovItemPrefix="se.lnu.http.Port.java" Implct="false" Intrnl_Id="26">
<Cond/>
<LocList>
<Loc EndOffset="277" SrcFileId="2" StartOffset="173"/>
</LocList>
<StmntSeq Intrnl_Id="27">
<LocList>
<Loc EndOffset="273" SrcFileId="2" StartOffset="178"/>
</LocList>
<BasicStmnt CovItemId="S2" CovItemPrefix="se.lnu.http.Port.java" Intrnl_Id="28">
<LocList>
<Loc EndOffset="273" SrcFileId="2" StartOffset="178"/>
</LocList>
</BasicStmnt>
</StmntSeq>
</Branch>
<Branch CovItemId="B2" CovItemPrefix="se.lnu.http.Port.java" Implct="true" Intrnl_Id="29">
<Cond/>
<LocList/>
<StmntSeq Intrnl_Id="30">
<LocList/>
</StmntSeq>
</Branch>
<Keyword EndOffset="132" SrcFileId="2" StartOffset="130"/>
<LocList>
<Loc EndOffset="277" SrcFileId="2" StartOffset="130"/>
</LocList>
<RootTerm CovItemId="C1" CovItemPrefix="se.lnu.http.Port.java" Intrnl_Id="31">
<OpTerm BooleanOpId="7" Intrnl_Id="32">
<BasicBoolTerm Intrnl_Id="33">
<LocList>
<Loc EndOffset="149" SrcFileId="2" StartOffset="134"/>
</LocList>
</BasicBoolTerm>
<BasicBoolTerm Intrnl_Id="34">
<LocList>
<Loc EndOffset="171" SrcFileId="2" StartOffset="153"/>
</LocList>
</BasicBoolTerm>
<LocList>
<Loc EndOffset="152" SrcFileId="2" StartOffset="150"/>
</LocList>
</OpTerm>
</RootTerm>
</CondStmnt>
<BasicStmnt CovItemId="S3" CovItemPrefix="se.lnu.http.Port.java" Intrnl_Id="35">
<LocList>
<Loc EndOffset="312" SrcFileId="2" StartOffset="283"/>
</LocList>
</BasicStmnt>
</StmntSeq>
</HierarchyLvl>
<HierarchyLvl HierarchyLvlId="83" HierarchyLvlTypeId="10" Intrnl_Id="36" Name="getPort">
<Header>
<Loc EndOffset="341" SrcFileId="2" StartOffset="321"/>
</Header>
<LocList>
<Loc EndOffset="404" SrcFileId="2" StartOffset="321"/>
</LocList>
<StmntSeq Intrnl_Id="37">
<LocList>
<Loc EndOffset="401" SrcFileId="2" StartOffset="383"/>
</LocList>
<BasicStmnt CovItemId="S4" CovItemPrefix="se.lnu.http.Port.java" Intrnl_Id="38">
<LocList>
<Loc EndOffset="401" SrcFileId="2" StartOffset="383"/>
</LocList>
</BasicStmnt>
</StmntSeq>
</HierarchyLvl>
</HierarchyLvl>
<HierarchyLvl HierarchyLvlId="87" HierarchyLvlTypeId="9" Intrnl_Id="39" Name="NotADirectoryException">
<Header>
<Loc EndOffset="75" SrcFileId="3" StartOffset="22"/>
</Header>
<LocList>
<Loc EndOffset="296" SrcFileId="3" StartOffset="22"/>
</LocList>
<StmntSeq Intrnl_Id="40">
<LocList>
<Loc EndOffset="293" SrcFileId="3" StartOffset="226"/>
</LocList>
<BasicStmnt CovItemId="S3" CovItemPrefix="se.lnu.http.NotADirectoryException.java" Intrnl_Id="41">
<LocList>
<Loc EndOffset="293" SrcFileId="3" StartOffset="226"/>
</LocList>
</BasicStmnt>
</StmntSeq>
<HierarchyLvl HierarchyLvlId="85" HierarchyLvlTypeId="10" Intrnl_Id="42" Name="NotADirectoryException">
<Header>
<Loc EndOffset="124" SrcFileId="3" StartOffset="80"/>
</Header>
<LocList>
<Loc EndOffset="146" SrcFileId="3" StartOffset="80"/>
</LocList>
<StmntSeq Intrnl_Id="43">
<LocList>
<Loc EndOffset="143" SrcFileId="3" StartOffset="129"/>
</LocList>
<BasicStmnt CovItemId="S1" CovItemPrefix="se.lnu.http.NotADirectoryException.java" Intrnl_Id="44">
<LocList>
<Loc EndOffset="143" SrcFileId="3" StartOffset="129"/>
</LocList>
</BasicStmnt>
</StmntSeq>
</HierarchyLvl>
<HierarchyLvl HierarchyLvlId="86" HierarchyLvlTypeId="10" Intrnl_Id="45" Name="NotADirectoryException">
<Header>
<Loc EndOffset="191" SrcFileId="3" StartOffset="149"/>
</Header>
<LocList>
<Loc EndOffset="208" SrcFileId="3" StartOffset="149"/>
</LocList>
<StmntSeq Intrnl_Id="46">
<LocList>
<Loc EndOffset="205" SrcFileId="3" StartOffset="196"/>
</LocList>
<BasicStmnt CovItemId="S2" CovItemPrefix="se.lnu.http.NotADirectoryException.java" Intrnl_Id="47">
<LocList>
<Loc EndOffset="205" SrcFileId="3" StartOffset="196"/>
</LocList>
</BasicStmnt>
</StmntSeq>
</HierarchyLvl>
</HierarchyLvl>
<HierarchyLvl HierarchyLvlId="89" HierarchyLvlTypeId="9" Intrnl_Id="48" Name="InvalidPortException">
<Header>
<Loc EndOffset="73" SrcFileId="4" StartOffset="22"/>
</Header>
<LocList>
<Loc EndOffset="229" SrcFileId="4" StartOffset="22"/>
</LocList>
<StmntSeq Intrnl_Id="49">
<LocList>
<Loc EndOffset="156" SrcFileId="4" StartOffset="93"/>
</LocList>
<BasicStmnt CovItemId="S1" CovItemPrefix="se.lnu.http.InvalidPortException.java" Intrnl_Id="50">
<LocList>
<Loc EndOffset="156" SrcFileId="4" StartOffset="93"/>
</LocList>
</BasicStmnt>
</StmntSeq>
<HierarchyLvl HierarchyLvlId="88" HierarchyLvlTypeId="10" Intrnl_Id="51" Name="InvalidPortException">
<Header>
<Loc EndOffset="201" SrcFileId="4" StartOffset="159"/>
</Header>
<LocList>
<Loc EndOffset="223" SrcFileId="4" StartOffset="159"/>
</LocList>
<StmntSeq Intrnl_Id="52">
<LocList>
<Loc EndOffset="220" SrcFileId="4" StartOffset="206"/>
</LocList>
<BasicStmnt CovItemId="S2" CovItemPrefix="se.lnu.http.InvalidPortException.java" Intrnl_Id="53">
<LocList>
<Loc EndOffset="220" SrcFileId="4" StartOffset="206"/>
</LocList>
</BasicStmnt>
</StmntSeq>
</HierarchyLvl>
</HierarchyLvl>
<HierarchyLvl HierarchyLvlId="93" HierarchyLvlTypeId="9" Intrnl_Id="54" Name="HTTPServerConsole">
<Header>
<Loc EndOffset="74" SrcFileId="5" StartOffset="44"/>
</Header>
<LocList>
<Loc EndOffset="759" SrcFileId="5" StartOffset="44"/>
</LocList>
<HierarchyLvl HierarchyLvlId="90" HierarchyLvlTypeId="10" Intrnl_Id="55" Name="HTTPServerConsole">
<Header>
<Loc EndOffset="148" SrcFileId="5" StartOffset="106"/>
</Header>
<LocList>
<Loc EndOffset="173" SrcFileId="5" StartOffset="106"/>
</LocList>
<StmntSeq Intrnl_Id="56">
<LocList>
<Loc EndOffset="170" SrcFileId="5" StartOffset="153"/>
</LocList>
<BasicStmnt CovItemId="S1" CovItemPrefix="se.lnu.http.HTTPServerConsole.java" Intrnl_Id="57">
<LocList>
<Loc EndOffset="170" SrcFileId="5" StartOffset="153"/>
</LocList>
</BasicStmnt>
</StmntSeq>
</HierarchyLvl>
<HierarchyLvl HierarchyLvlId="91" HierarchyLvlTypeId="10" Intrnl_Id="58" Name="main">
<Header>
<Loc EndOffset="280" SrcFileId="5" StartOffset="225"/>
</Header>
<LocList>
<Loc EndOffset="416" SrcFileId="5" StartOffset="225"/>
</LocList>
<StmntSeq Intrnl_Id="59">
<LocList>
<Loc EndOffset="326" SrcFileId="5" StartOffset="285"/>
<Loc EndOffset="384" SrcFileId="5" StartOffset="329"/>
<Loc EndOffset="407" SrcFileId="5" StartOffset="387"/>
</LocList>
<BasicStmnt CovItemId="S2" CovItemPrefix="se.lnu.http.HTTPServerConsole.java" Intrnl_Id="60">
<LocList>
<Loc EndOffset="326" SrcFileId="5" StartOffset="285"/>
</LocList>
</BasicStmnt>
<BasicStmnt CovItemId="S3" CovItemPrefix="se.lnu.http.HTTPServerConsole.java" Intrnl_Id="61">
<LocList>
<Loc EndOffset="384" SrcFileId="5" StartOffset="329"/>
</LocList>
</BasicStmnt>
<BasicStmnt CovItemId="S4" CovItemPrefix="se.lnu.http.HTTPServerConsole.java" Intrnl_Id="62">
<LocList>
<Loc EndOffset="407" SrcFileId="5" StartOffset="387"/>
</LocList>
</BasicStmnt>
</StmntSeq>
</HierarchyLvl>
<HierarchyLvl HierarchyLvlId="92" HierarchyLvlTypeId="10" Intrnl_Id="63" Name="runConsole">
<Header>
<Loc EndOffset="453" SrcFileId="5" StartOffset="419"/>
</Header>
<LocList>
<Loc EndOffset="756" SrcFileId="5" StartOffset="419"/>
</LocList>
<StmntSeq Intrnl_Id="64">
<LocList>
<Loc EndOffset="497" SrcFileId="5" StartOffset="470"/>
<Loc EndOffset="544" SrcFileId="5" StartOffset="501"/>
<Loc EndOffset="612" SrcFileId="5" StartOffset="548"/>
<Loc EndOffset="635" SrcFileId="5" StartOffset="620"/>
<Loc EndOffset="688" SrcFileId="5" StartOffset="643"/>
<Loc EndOffset="753" SrcFileId="5" StartOffset="461"/>
</LocList>
<BasicStmnt CovItemId="S6" CovItemPrefix="se.lnu.http.HTTPServerConsole.java" Intrnl_Id="65">
<LocList>
<Loc EndOffset="497" SrcFileId="5" StartOffset="470"/>
</LocList>
</BasicStmnt>
<BasicStmnt CovItemId="S7" CovItemPrefix="se.lnu.http.HTTPServerConsole.java" Intrnl_Id="66">
<LocList>
<Loc EndOffset="544" SrcFileId="5" StartOffset="501"/>
</LocList>
</BasicStmnt>
<BasicStmnt CovItemId="S8" CovItemPrefix="se.lnu.http.HTTPServerConsole.java" Intrnl_Id="67">
<LocList>
<Loc EndOffset="612" SrcFileId="5" StartOffset="548"/>
</LocList>
</BasicStmnt>
<BasicStmnt CovItemId="S9" CovItemPrefix="se.lnu.http.HTTPServerConsole.java" Intrnl_Id="68">
<LocList>
<Loc EndOffset="635" SrcFileId="5" StartOffset="620"/>
</LocList>
</BasicStmnt>
<CondStmnt CovItemId="S10" CovItemPrefix="se.lnu.http.HTTPServerConsole.java" Intrnl_Id="69">
<Branch CovItemId="B2" CovItemPrefix="se.lnu.http.HTTPServerConsole.java" Implct="false" Intrnl_Id="70">
<Cond/>
<LocList>
<Loc EndOffset="688" SrcFileId="5" StartOffset="663"/>
</LocList>
<StmntSeq Intrnl_Id="71">
<LocList>
<Loc EndOffset="683" SrcFileId="5" StartOffset="669"/>
</LocList>
<BasicStmnt CovItemId="S11" CovItemPrefix="se.lnu.http.HTTPServerConsole.java" Intrnl_Id="72">
<LocList>
<Loc EndOffset="683" SrcFileId="5" StartOffset="669"/>
</LocList>
</BasicStmnt>
</StmntSeq>
</Branch>
<Branch CovItemId="B3" CovItemPrefix="se.lnu.http.HTTPServerConsole.java" Implct="true" Intrnl_Id="73">
<Cond/>
<LocList/>
<StmntSeq Intrnl_Id="74">
<LocList/>
</StmntSeq>
</Branch>
<Keyword EndOffset="645" SrcFileId="5" StartOffset="643"/>
<LocList>
<Loc EndOffset="688" SrcFileId="5" StartOffset="643"/>
</LocList>
<RootTerm CovItemId="C1" CovItemPrefix="se.lnu.http.HTTPServerConsole.java" Intrnl_Id="75">
<BasicBoolTerm Intrnl_Id="76">
<LocList>
<Loc EndOffset="660" SrcFileId="5" StartOffset="647"/>
</LocList>
</BasicBoolTerm>
</RootTerm>
</CondStmnt>
<CondStmnt CovItemId="S5" CovItemPrefix="se.lnu.http.HTTPServerConsole.java" Intrnl_Id="77">
<Branch CovItemId="B1" CovItemPrefix="se.lnu.http.HTTPServerConsole.java" Implct="true" Intrnl_Id="78">
<Cond/>
<LocList/>
<StmntSeq Intrnl_Id="79">
<LocList/>
</StmntSeq>
</Branch>
<Branch CovItemId="B4" CovItemPrefix="se.lnu.http.HTTPServerConsole.java" Implct="false" Intrnl_Id="80">
<Cond>
<Loc EndOffset="727" SrcFileId="5" StartOffset="697"/>
</Cond>
<LocList>
<Loc EndOffset="753" SrcFileId="5" StartOffset="728"/>
</LocList>
<StmntSeq Intrnl_Id="81">
<LocList>
<Loc EndOffset="749" SrcFileId="5" StartOffset="733"/>
</LocList>
<BasicStmnt CovItemId="S12" CovItemPrefix="se.lnu.http.HTTPServerConsole.java" Intrnl_Id="82">
<LocList>
<Loc EndOffset="749" SrcFileId="5" StartOffset="733"/>
</LocList>
</BasicStmnt>
</StmntSeq>
</Branch>
<Keyword EndOffset="464" SrcFileId="5" StartOffset="461"/>
<LocList>
<Loc EndOffset="753" SrcFileId="5" StartOffset="461"/>
</LocList>
</CondStmnt>
</StmntSeq>
</HierarchyLvl>
</HierarchyLvl>
<HierarchyLvl HierarchyLvlId="98" HierarchyLvlTypeId="9" Intrnl_Id="83" Name="ConsoleView">
<Header>
<Loc EndOffset="68" SrcFileId="6" StartOffset="44"/>
</Header>
<LocList>
<Loc EndOffset="1188" SrcFileId="6" StartOffset="44"/>
</LocList>
<StmntSeq Intrnl_Id="84">
<LocList>
<Loc EndOffset="151" SrcFileId="6" StartOffset="72"/>
</LocList>
<BasicStmnt CovItemId="S1" CovItemPrefix="se.lnu.http.ConsoleView.java" Intrnl_Id="85">
<LocList>
<Loc EndOffset="151" SrcFileId="6" StartOffset="72"/>
</LocList>
</BasicStmnt>
</StmntSeq>
<HierarchyLvl HierarchyLvlId="94" HierarchyLvlTypeId="10" Intrnl_Id="86" Name="ConsoleView">
<Header>
<Loc EndOffset="257" SrcFileId="6" StartOffset="185"/>
</Header>
<LocList>
<Loc EndOffset="384" SrcFileId="6" StartOffset="185"/>
</LocList>
<StmntSeq Intrnl_Id="87">
<LocList>
<Loc EndOffset="355" SrcFileId="6" StartOffset="262"/>
<Loc EndOffset="378" SrcFileId="6" StartOffset="361"/>
</LocList>
<CondStmnt CovItemId="S2" CovItemPrefix="se.lnu.http.ConsoleView.java" Intrnl_Id="88">
<Branch CovItemId="B1" CovItemPrefix="se.lnu.http.ConsoleView.java" Implct="false" Intrnl_Id="89">
<Cond/>
<LocList>
<Loc EndOffset="355" SrcFileId="6" StartOffset="302"/>
</LocList>
<StmntSeq Intrnl_Id="90">
<LocList>
<Loc EndOffset="351" SrcFileId="6" StartOffset="307"/>
</LocList>
<BasicStmnt CovItemId="S3" CovItemPrefix="se.lnu.http.ConsoleView.java" Intrnl_Id="91">
<LocList>
<Loc EndOffset="351" SrcFileId="6" StartOffset="307"/>
</LocList>
</BasicStmnt>
</StmntSeq>
</Branch>
<Branch CovItemId="B2" CovItemPrefix="se.lnu.http.ConsoleView.java" Implct="true" Intrnl_Id="92">
<Cond/>
<LocList/>
<StmntSeq Intrnl_Id="93">
<LocList/>
</StmntSeq>
</Branch>
<Keyword EndOffset="264" SrcFileId="6" StartOffset="262"/>
<LocList>
<Loc EndOffset="355" SrcFileId="6" StartOffset="262"/>
</LocList>
<RootTerm CovItemId="C1" CovItemPrefix="se.lnu.http.ConsoleView.java" Intrnl_Id="94">
<OpTerm BooleanOpId="7" Intrnl_Id="95">
<BasicBoolTerm Intrnl_Id="96">
<LocList>
<Loc EndOffset="281" SrcFileId="6" StartOffset="266"/>
</LocList>
</BasicBoolTerm>
<BasicBoolTerm Intrnl_Id="97">
<LocList>
<Loc EndOffset="300" SrcFileId="6" StartOffset="285"/>
</LocList>
</BasicBoolTerm>
<LocList>
<Loc EndOffset="284" SrcFileId="6" StartOffset="282"/>
</LocList>
</OpTerm>
</RootTerm>
</CondStmnt>
<BasicStmnt CovItemId="S4" CovItemPrefix="se.lnu.http.ConsoleView.java" Intrnl_Id="98">
<LocList>
<Loc EndOffset="378" SrcFileId="6" StartOffset="361"/>
</LocList>
</BasicStmnt>
</StmntSeq>
</HierarchyLvl>
<HierarchyLvl HierarchyLvlId="95" HierarchyLvlTypeId="10" Intrnl_Id="99" Name="getPort">
<Header>
<Loc EndOffset="436" SrcFileId="6" StartOffset="387"/>
</Header>
<LocList>
<Loc EndOffset="632" SrcFileId="6" StartOffset="387"/>
</LocList>
<StmntSeq Intrnl_Id="100">
<LocList>
<Loc EndOffset="495" SrcFileId="6" StartOffset="462"/>
<Loc EndOffset="587" SrcFileId="6" StartOffset="453"/>
<Loc EndOffset="614" SrcFileId="6" StartOffset="590"/>
<Loc EndOffset="629" SrcFileId="6" StartOffset="620"/>
</LocList>
<BasicStmnt CovItemId="S6" CovItemPrefix="se.lnu.http.ConsoleView.java" Intrnl_Id="101">
<LocList>
<Loc EndOffset="495" SrcFileId="6" StartOffset="462"/>
</LocList>
</BasicStmnt>
<CondStmnt CovItemId="S5" CovItemPrefix="se.lnu.http.ConsoleView.java" Intrnl_Id="102">
<Branch CovItemId="B3" CovItemPrefix="se.lnu.http.ConsoleView.java" Implct="true" Intrnl_Id="103">
<Cond/>
<LocList/>
<StmntSeq Intrnl_Id="104">
<LocList/>
</StmntSeq>
</Branch>
<Branch CovItemId="B4" CovItemPrefix="se.lnu.http.ConsoleView.java" Implct="false" Intrnl_Id="105">
<Cond>
<Loc EndOffset="519" SrcFileId="6" StartOffset="500"/>
</Cond>
<LocList>
<Loc EndOffset="587" SrcFileId="6" StartOffset="520"/>
</LocList>
<StmntSeq Intrnl_Id="106">
<LocList>
<Loc EndOffset="583" SrcFileId="6" StartOffset="525"/>
</LocList>
<BasicStmnt CovItemId="S7" CovItemPrefix="se.lnu.http.ConsoleView.java" Intrnl_Id="107">
<LocList>
<Loc EndOffset="583" SrcFileId="6" StartOffset="525"/>
</LocList>
</BasicStmnt>
</StmntSeq>
</Branch>
<Keyword EndOffset="456" SrcFileId="6" StartOffset="453"/>
<LocList>
<Loc EndOffset="587" SrcFileId="6" StartOffset="453"/>
</LocList>
</CondStmnt>
<BasicStmnt CovItemId="S8" CovItemPrefix="se.lnu.http.ConsoleView.java" Intrnl_Id="108">
<LocList>
<Loc EndOffset="614" SrcFileId="6" StartOffset="590"/>
</LocList>
</BasicStmnt>
<BasicStmnt CovItemId="S9" CovItemPrefix="se.lnu.http.ConsoleView.java" Intrnl_Id="109">
<LocList>
<Loc EndOffset="629" SrcFileId="6" StartOffset="620"/>
</LocList>
</BasicStmnt>
</StmntSeq>
</HierarchyLvl>
<HierarchyLvl HierarchyLvlId="96" HierarchyLvlTypeId="10" Intrnl_Id="110" Name="showhelp">
<Header>
<Loc EndOffset="659" SrcFileId="6" StartOffset="637"/>
</Header>
<LocList>
<Loc EndOffset="697" SrcFileId="6" StartOffset="637"/>
</LocList>
<StmntSeq Intrnl_Id="111">
<LocList>
<Loc EndOffset="691" SrcFileId="6" StartOffset="664"/>
</LocList>
<BasicStmnt CovItemId="S10" CovItemPrefix="se.lnu.http.ConsoleView.java" Intrnl_Id="112">
<LocList>
<Loc EndOffset="691" SrcFileId="6" StartOffset="664"/>
</LocList>
</BasicStmnt>
</StmntSeq>
</HierarchyLvl>
<HierarchyLvl HierarchyLvlId="97" HierarchyLvlTypeId="10" Intrnl_Id="113" Name="getDirectory">
<Header>
<Loc EndOffset="756" SrcFileId="6" StartOffset="700"/>
</Header>
<LocList>
<Loc EndOffset="1183" SrcFileId="6" StartOffset="700"/>
</LocList>
<StmntSeq Intrnl_Id="114">
<LocList>
<Loc EndOffset="818" SrcFileId="6" StartOffset="788"/>
<Loc EndOffset="968" SrcFileId="6" StartOffset="862"/>
<Loc EndOffset="1080" SrcFileId="6" StartOffset="972"/>
<Loc EndOffset="1154" SrcFileId="6" StartOffset="779"/>
<Loc EndOffset="1180" SrcFileId="6" StartOffset="1163"/>
</LocList>
<BasicStmnt CovItemId="S12" CovItemPrefix="se.lnu.http.ConsoleView.java" Intrnl_Id="115">
<LocList>
<Loc EndOffset="818" SrcFileId="6" StartOffset="788"/>
</LocList>
</BasicStmnt>
<CondStmnt CovItemId="S13" CovItemPrefix="se.lnu.http.ConsoleView.java" Intrnl_Id="116">
<Branch CovItemId="B6" CovItemPrefix="se.lnu.http.ConsoleView.java" Implct="false" Intrnl_Id="117">
<Cond/>
<LocList>
<Loc EndOffset="968" SrcFileId="6" StartOffset="895"/>
</LocList>
<StmntSeq Intrnl_Id="118">
<LocList>
<Loc EndOffset="963" SrcFileId="6" StartOffset="901"/>
</LocList>
<BasicStmnt CovItemId="S14" CovItemPrefix="se.lnu.http.ConsoleView.java" Intrnl_Id="119">
<LocList>
<Loc EndOffset="963" SrcFileId="6" StartOffset="901"/>
</LocList>
</BasicStmnt>
</StmntSeq>
</Branch>
<Branch CovItemId="B7" CovItemPrefix="se.lnu.http.ConsoleView.java" Implct="true" Intrnl_Id="120">
<Cond/>
<LocList/>
<StmntSeq Intrnl_Id="121">
<LocList/>
</StmntSeq>
</Branch>
<Keyword EndOffset="864" SrcFileId="6" StartOffset="862"/>
<LocList>
<Loc EndOffset="968" SrcFileId="6" StartOffset="862"/>
</LocList>
<RootTerm CovItemId="C2" CovItemPrefix="se.lnu.http.ConsoleView.java" Intrnl_Id="122">
<BasicBoolTerm Intrnl_Id="123">
<LocList>
<Loc EndOffset="893" SrcFileId="6" StartOffset="866"/>
</LocList>
</BasicBoolTerm>
</RootTerm>
</CondStmnt>
<CondStmnt CovItemId="S15" CovItemPrefix="se.lnu.http.ConsoleView.java" Intrnl_Id="124">
<Branch CovItemId="B8" CovItemPrefix="se.lnu.http.ConsoleView.java" Implct="false" Intrnl_Id="125">
<Cond/>
<LocList>
<Loc EndOffset="1080" SrcFileId="6" StartOffset="1010"/>
</LocList>
<StmntSeq Intrnl_Id="126">
<LocList>
<Loc EndOffset="1075" SrcFileId="6" StartOffset="1016"/>
</LocList>
<BasicStmnt CovItemId="S16" CovItemPrefix="se.lnu.http.ConsoleView.java" Intrnl_Id="127">
<LocList>
<Loc EndOffset="1075" SrcFileId="6" StartOffset="1016"/>
</LocList>
</BasicStmnt>
</StmntSeq>
</Branch>
<Branch CovItemId="B9" CovItemPrefix="se.lnu.http.ConsoleView.java" Implct="true" Intrnl_Id="128">
<Cond/>
<LocList/>
<StmntSeq Intrnl_Id="129">
<LocList/>
</StmntSeq>
</Branch>
<Keyword EndOffset="974" SrcFileId="6" StartOffset="972"/>
<LocList>
<Loc EndOffset="1080" SrcFileId="6" StartOffset="972"/>
</LocList>
<RootTerm CovItemId="C3" CovItemPrefix="se.lnu.http.ConsoleView.java" Intrnl_Id="130">
<BasicBoolTerm Intrnl_Id="131">
<LocList>
<Loc EndOffset="1008" SrcFileId="6" StartOffset="976"/>
</LocList>
</BasicBoolTerm>
</RootTerm>
</CondStmnt>
<CondStmnt CovItemId="S11" CovItemPrefix="se.lnu.http.ConsoleView.java" Intrnl_Id="132">
<Branch CovItemId="B5" CovItemPrefix="se.lnu.http.ConsoleView.java" Implct="true" Intrnl_Id="133">
<Cond/>
<LocList/>
<StmntSeq Intrnl_Id="134">
<LocList/>
</StmntSeq>
</Branch>
<Branch CovItemId="B10" CovItemPrefix="se.lnu.http.ConsoleView.java" Implct="false" Intrnl_Id="135">
<Cond>
<Loc EndOffset="1108" SrcFileId="6" StartOffset="1089"/>
</Cond>
<LocList>
<Loc EndOffset="1154" SrcFileId="6" StartOffset="1109"/>
</LocList>
<StmntSeq Intrnl_Id="136">
<LocList>
<Loc EndOffset="1150" SrcFileId="6" StartOffset="1114"/>
</LocList>
<BasicStmnt CovItemId="S17" CovItemPrefix="se.lnu.http.ConsoleView.java" Intrnl_Id="137">
<LocList>
<Loc EndOffset="1150" SrcFileId="6" StartOffset="1114"/>
</LocList>
</BasicStmnt>
</StmntSeq>
</Branch>
<Keyword EndOffset="782" SrcFileId="6" StartOffset="779"/>
<LocList>
<Loc EndOffset="1154" SrcFileId="6" StartOffset="779"/>
</LocList>
</CondStmnt>
<BasicStmnt CovItemId="S18" CovItemPrefix="se.lnu.http.ConsoleView.java" Intrnl_Id="138">
<LocList>
<Loc EndOffset="1180" SrcFileId="6" StartOffset="1163"/>
</LocList>
</BasicStmnt>
</StmntSeq>
</HierarchyLvl>
</HierarchyLvl>
</HierarchyLvl>
</HierarchyLvl>
</HierarchyLvl>
</HierarchyLvl>
</MASTRoot>
</TestSessionContainer>
