<?xml version="1.0" encoding="UTF-8"?><TestSessionContainer xmlns="http://www.codecover.org/xml/testsession-container" Date="1385474957632" TestSessionContainerId="a20073ee-5af1-45c9-aab7-bfb50f67ef6e" version="1.0">
<SrcFileList>
<SrcFile Content="package se.lnu.http.view;&#13;&#10;&#13;&#10;import java.io.BufferedReader;&#13;&#10;import java.io.File;&#13;&#10;import java.io.IOException;&#13;&#10;import java.io.InputStreamReader;&#13;&#10;&#13;&#10;import se.lnu.http.IServerWatcher;&#13;&#10;import se.lnu.http.Port;&#13;&#10;import se.lnu.http.exceptions.InvalidPortException;&#13;&#10;import se.lnu.http.exceptions.NotADirectoryException;&#13;&#10;import se.lnu.http.exceptions.WrongNumberOfArgumentsException;&#13;&#10;&#13;&#10;&#13;&#10;public class ConsoleView implements IServerWatcher {&#13;&#10;&#9;static final String HELP_TEXT = &quot;Enter a valid port 1-65535 and a optional URL&quot;;&#13;&#10;&#9;static final String SERVER_CONSTRUCTED = &quot;HTTP Server object constructed&quot;;&#13;&#10;&#9;static final String SERVER_STARTED = &quot;HTTP Server started&quot;;&#13;&#10;&#9;static final String SERVER_STOPPED = &quot;HTTP Server stopped&quot;;&#13;&#10;&#9;static final String SERVER_ACCEPT_THREAD_STOPPED = &quot;HTTP Server Accept thread stopped&quot;;&#13;&#10;&#9;static final String STARTED_CLIENT = &quot;ClientThread started nr: &quot;;&#13;&#10;&#9;static final String WAIT_FOR_ACCEPT = &quot;Accept&quot;;&#13;&#10;&#9;static final String PORT_IS_TAKEN = &quot;Port is taken&quot;;&#13;&#10;&#9;static final String CLIENT_GOT_FILE = &quot;ClientThread &quot;;&#13;&#10;&#9;static final String CONNECTION_WAS_BROKEN = &quot;ClientThread stopped nr: &quot;;&#13;&#10;&#9;&#13;&#10;&#9;&#13;&#10;&#9;private String[] args;&#13;&#10;&#9;&#13;&#10;&#9;&#13;&#10;&#9;&#13;&#10;&#9;public ConsoleView(String[] args) throws WrongNumberOfArgumentsException {&#13;&#10;&#9;&#9;if (args.length &gt; 2 || args.length &lt; 1) {&#13;&#10;&#9;&#9;&#9;throw new WrongNumberOfArgumentsException();&#13;&#10;&#9;&#9;}&#13;&#10;&#9;&#9;&#13;&#10;&#9;&#9;this.args = args;&#13;&#10;&#9;&#9;&#13;&#10;&#9;}&#13;&#10;&#13;&#10;&#9;public Port getPort() throws InvalidPortException {&#13;&#10;&#9;&#9;int port;&#13;&#10;&#9;&#9;try {&#13;&#10;&#9;&#9;&#9;port = Integer.parseInt(args[0]);&#13;&#10;&#9;&#9;} catch (Exception e) {&#13;&#10;&#9;&#9;&#9;throw new InvalidPortException(&quot;not an integer argument&quot;);&#13;&#10;&#9;&#9;}&#13;&#10;&#9;&#9;Port p = new Port(port);&#13;&#10;&#9;&#9;&#13;&#10;&#9;&#9;return p;&#13;&#10;&#9;}&#13;&#10;&#13;&#10;&#9;&#13;&#10;&#9;public void showhelp() {&#13;&#10;&#9;&#9;System.out.print(HELP_TEXT);&#13;&#10;&#9;&#9;&#13;&#10;&#9;}&#13;&#10;&#9;&#13;&#10;&#9;&#13;&#10;&#13;&#10;&#9;public File getDirectory() throws NotADirectoryException {&#13;&#10;&#9;&#9;File directory;&#13;&#10;&#9;&#9;try {&#13;&#10;&#9;&#9;&#9;directory = new File(args[1]);//may throw nullpointerexception&#13;&#10;&#9;&#9;&#9;&#13;&#10;&#9;&#9;&#9;&#13;&#10;&#9;&#9;&#9;if (directory.exists() == false) {&#13;&#10;&#9;&#9;&#9;&#9;throw new NotADirectoryException(&quot;directory does not exists&quot;);&#13;&#10;&#9;&#9;&#9;}&#13;&#10;&#9;&#9;&#9;if (directory.isDirectory() == false) {&#13;&#10;&#9;&#9;&#9;&#9;throw new NotADirectoryException(&quot;url is not a directory&quot;);&#13;&#10;&#9;&#9;&#9;}&#13;&#10;&#9;&#9;&#9;&#13;&#10;&#9;&#9;} catch (Exception e) {&#13;&#10;&#9;&#9;&#9;throw new NotADirectoryException(e);&#13;&#10;&#9;&#9;}&#13;&#10;&#9;&#9;&#13;&#10;&#9;&#9;&#13;&#10;&#9;&#9;return directory;&#13;&#10;&#9;}&#13;&#10;&#13;&#10;&#9;public boolean doStop() throws IOException {&#13;&#10;&#9;&#9;BufferedReader br = new BufferedReader(new InputStreamReader(System.in));&#13;&#10;&#9;&#9;&#13;&#10;&#9;&#9;String line = br.readLine();&#13;&#10;&#9;&#9;if (line.equals(&quot;stop&quot;)) {&#13;&#10;&#9;&#9;&#9;return true;&#13;&#10;&#9;&#9;}&#13;&#10;&#9;&#9;&#13;&#10;&#9;&#9;return false;&#13;&#10;&#9;}&#13;&#10;&#9;&#13;&#10;&#9;@Override&#13;&#10;&#9;public void serverConstructed() {&#13;&#10;&#9;&#9;System.out.println(SERVER_CONSTRUCTED);&#13;&#10;&#9;&#9;&#13;&#10;&#9;}&#13;&#10;&#13;&#10;&#9;@Override&#13;&#10;&#9;public void serverStarted() {&#13;&#10;&#9;&#9;System.out.println(SERVER_STARTED);&#13;&#10;&#9;&#9;&#13;&#10;&#9;}&#13;&#10;&#13;&#10;&#9;@Override&#13;&#10;&#9;public void serverStopped() {&#13;&#10;&#9;&#9;System.out.println(SERVER_STOPPED);&#13;&#10;&#9;&#9;&#13;&#10;&#9;}&#13;&#10;&#13;&#10;&#9;@Override&#13;&#10;&#9;public void closedAccept() {&#13;&#10;&#9;&#9;System.out.println(SERVER_ACCEPT_THREAD_STOPPED);&#13;&#10;&#9;&#9;&#13;&#10;&#9;}&#13;&#10;&#13;&#10;&#9;@Override&#13;&#10;&#9;public void startedClient(int threadId) {&#13;&#10;&#9;&#9;System.out.println(STARTED_CLIENT + threadId);&#13;&#10;&#9;&#9;&#13;&#10;&#9;}&#13;&#10;&#13;&#10;&#9;@Override&#13;&#10;&#9;public void waitForClient() {&#13;&#10;&#9;&#9;System.out.println(WAIT_FOR_ACCEPT);&#13;&#10;&#9;&#9;&#13;&#10;&#9;}&#13;&#10;&#13;&#10;&#9;public void showPortTaken() {&#13;&#10;&#9;&#9;System.out.println(PORT_IS_TAKEN);&#13;&#10;&#9;}&#13;&#10;&#13;&#10;&#9;@Override&#13;&#10;&#9;public synchronized  void clientGotFile(File file, int threadId) {&#13;&#10;&#9;&#9;System.out.println(CLIENT_GOT_FILE + threadId +  &quot; served file : &quot; + file.getName());&#13;&#10;&#9;&#9;&#13;&#10;&#9;}&#13;&#10;&#13;&#10;&#9;@Override&#13;&#10;&#9;public void connectionBroken(int threadId) {&#13;&#10;&#9;&#9;System.out.println(CONNECTION_WAS_BROKEN + threadId);&#13;&#10;&#9;&#9;&#13;&#10;&#9;}&#13;&#10;&#13;&#10;&#9;&#13;&#10;&#13;&#10;&#9;&#13;&#10;}&#13;&#10;" Filename="ConsoleView.java" Intrnl_Id="1"/>
<SrcFile Content="package se.lnu.http.response;&#13;&#10;&#13;&#10;import java.io.IOException;&#13;&#10;&#13;&#10;import se.lnu.http.ClientSocket;&#13;&#10;&#13;&#10;public abstract class HTTPResponse {&#13;&#10;&#13;&#10;&#9;public abstract void writeResponse(ClientSocket clientSocket, boolean doContinue) throws IOException;&#13;&#10;&#9;&#13;&#10;&#9;protected String writeContentLengthAndEndHeader(long length, ContentType type, boolean doContinue) {&#13;&#10;&#9;&#9;String ret = &quot;&quot;;&#13;&#10;&#9;&#9;ret += (&quot;Content-Type: &quot; + type.toString() + &quot;\r\n&quot;);&#13;&#10;&#9;&#9;ret += (&quot;Content-Length: &quot; + length + &quot;\r\n&quot;);&#13;&#10;&#9;&#9;&#13;&#10;&#9;&#9;if (doContinue == false) {&#13;&#10;&#9;&#9;&#9;ret += (&quot;Connection: close\r\n&quot;);&#13;&#10;&#9;&#9;}&#13;&#10;&#9;&#9;&#13;&#10;&#9;&#9;&#13;&#10;&#9;&#9;ret += (&quot;\r\n&quot;);&#13;&#10;&#9;&#9;&#13;&#10;&#9;&#9;&#13;&#10;&#9;&#9;return ret;&#13;&#10;&#9;}&#13;&#10;&#13;&#10;}&#13;&#10;" Filename="HTTPResponse.java" Intrnl_Id="2"/>
<SrcFile Content="package se.lnu.http.response;&#13;&#10;&#13;&#10;import java.io.IOException;&#13;&#10;&#13;&#10;import se.lnu.http.ClientSocket;&#13;&#10;import se.lnu.http.HTTPRequest.Method;&#13;&#10;&#13;&#10;public class HTTP405MethodNotSupportedResponse extends HTTPResponse {&#13;&#10;&#13;&#10;&#9;private Method method;&#13;&#10;&#13;&#10;&#9;public HTTP405MethodNotSupportedResponse(Method method) {&#13;&#10;&#9;&#9;this.method = method;&#13;&#10;&#9;}&#13;&#10;&#13;&#10;&#9;@Override&#13;&#10;&#9;public void writeResponse(ClientSocket clientSocket, boolean doContinue) throws IOException {&#13;&#10;&#9;&#9;String content = &quot;&lt;html&gt;&lt;body&gt;&lt;h1&gt;405 Method &quot; +method.toString()+ &quot; not supported&lt;/h1&gt;&lt;/body&gt;&lt;/html&gt;&quot;;&#13;&#10;&#9;&#9;&#13;&#10;&#9;&#9;&#13;&#10;&#9;&#9;String response = (&quot;HTTP/1.1 405 Method not supported\r\n&quot;);&#13;&#10;&#9;&#9;response += writeContentLengthAndEndHeader(content.getBytes().length, ContentType.texthtml, doContinue);&#13;&#10;&#9;&#9;clientSocket.writeHeader(response);&#13;&#10;&#9;&#9;clientSocket.writeBody(content.getBytes());&#13;&#10;&#9;&#9;&#9;&#13;&#10;&#9;&#9; &#13;&#10;&#9;}&#13;&#10;&#13;&#10;}&#13;&#10;" Filename="HTTP405MethodNotSupportedResponse.java" Intrnl_Id="3"/>
<SrcFile Content="package se.lnu.http.response;&#13;&#10;&#13;&#10;import java.io.IOException;&#13;&#10;&#13;&#10;import se.lnu.http.ClientSocket;&#13;&#10;&#13;&#10;public class HTTP404FileNotFoundResponse extends HTTPResponse {&#13;&#10;&#13;&#10;&#9;public HTTP404FileNotFoundResponse(String url) {&#13;&#10;&#9;&#9;// TODO Auto-generated constructor stub&#13;&#10;&#9;}&#13;&#10;&#9;&#13;&#10;&#9;@Override&#13;&#10;&#9;public void writeResponse(ClientSocket clientSocket, boolean doContinue) throws IOException {&#13;&#10;&#9;&#9;String content = &quot;&lt;html&gt;&lt;body&gt;&lt;h1&gt;404 Not found&lt;/h1&gt;&lt;/body&gt;&lt;/html&gt;&quot;;&#13;&#10;&#9;&#9;String response = (&quot;HTTP/1.1 404 Not Found\r\n&quot;);&#13;&#10;&#9;&#9;response += writeContentLengthAndEndHeader(content.getBytes().length, ContentType.texthtml, doContinue);&#13;&#10;&#9;&#9;clientSocket.writeHeader(response);&#13;&#10;&#9;&#9;clientSocket.writeBody(content.getBytes());&#13;&#10;&#9;&#9;&#9;&#13;&#10;&#9;&#9; &#13;&#10;&#9;}&#13;&#10;&#13;&#10;}&#13;&#10;" Filename="HTTP404FileNotFoundResponse.java" Intrnl_Id="4"/>
<SrcFile Content="package se.lnu.http.response;&#13;&#10;&#13;&#10;import java.io.IOException;&#13;&#10;&#13;&#10;import se.lnu.http.ClientSocket;&#13;&#10;&#13;&#10;public class HTTP403Forbidden extends HTTPResponse {&#13;&#10;&#13;&#10;&#9;public HTTP403Forbidden() {&#13;&#10;&#9;}&#13;&#10;&#13;&#10;&#9;@Override&#13;&#10;&#9;public void writeResponse(ClientSocket clientSocket, boolean doContinue) throws IOException {&#13;&#10;&#9;&#9;String content = &quot;&lt;html&gt;&lt;body&gt;&lt;h1&gt;403 Forbidden&lt;/h1&gt;&lt;/body&gt;&lt;/html&gt;&quot;;&#13;&#10;&#9;&#9;&#13;&#10;&#9;&#9;&#13;&#10;&#9;&#9;String response = (&quot;HTTP/1.1 403 Forbidden\r\n&quot;);&#13;&#10;&#9;&#9;response += writeContentLengthAndEndHeader(content.getBytes().length, ContentType.texthtml, doContinue);&#13;&#10;&#9;&#9;clientSocket.writeHeader(response);&#13;&#10;&#9;&#9;clientSocket.writeBody(content.getBytes());&#13;&#10;&#9;&#9;&#9;&#13;&#10;&#9;&#9; &#13;&#10;&#9;}&#13;&#10;&#13;&#10;}&#13;&#10;" Filename="HTTP403Forbidden.java" Intrnl_Id="5"/>
<SrcFile Content="package se.lnu.http.response;&#13;&#10;&#13;&#10;import java.io.IOException;&#13;&#10;&#13;&#10;import se.lnu.http.ClientSocket;&#13;&#10;&#13;&#10;public class HTTP400BadRequest extends HTTPResponse {&#13;&#10;&#13;&#10;&#9;@Override&#13;&#10;&#9;public void writeResponse(ClientSocket clientSocket, boolean doContinue) throws IOException {&#13;&#10;&#9;&#9;String content = &quot;&lt;html&gt;&lt;body&gt;&lt;h1&gt;400 Bad request&lt;/h1&gt;&lt;/body&gt;&lt;/html&gt;&quot;;&#13;&#10;&#9;&#9;String response = (&quot;HTTP/1.1 400 Bad request\r\n&quot;);&#13;&#10;&#9;&#9;response += writeContentLengthAndEndHeader(content.getBytes().length, ContentType.texthtml, doContinue);&#13;&#10;&#9;&#9;clientSocket.writeHeader(response);&#13;&#10;&#9;&#9;clientSocket.writeBody(content.getBytes());&#13;&#10;&#9;}&#13;&#10;&#13;&#10;}&#13;&#10;" Filename="HTTP400BadRequest.java" Intrnl_Id="6"/>
<SrcFile Content="package se.lnu.http.response;&#13;&#10;&#13;&#10;import java.io.File;&#13;&#10;import java.io.IOException;&#13;&#10;import java.nio.file.Files;&#13;&#10;import java.nio.file.Paths;&#13;&#10;&#13;&#10;import se.lnu.http.ClientSocket;&#13;&#10;import se.lnu.http.IServerWatcher;&#13;&#10;&#13;&#10;public class HTTP200OKFileResponse extends HTTPResponse {&#13;&#10;&#13;&#10;&#9;private File file;&#13;&#10;&#9;private IServerWatcher watcher;&#13;&#10;&#9;private int clientThread;&#13;&#10;&#13;&#10;&#9;public HTTP200OKFileResponse(File file, IServerWatcher watcher, int clientThread) {&#13;&#10;&#9;&#9;this.file = file;&#13;&#10;&#9;&#9;this.watcher = watcher;&#13;&#10;&#9;&#9;this.clientThread = clientThread;&#13;&#10;&#9;}&#13;&#10;&#13;&#10;&#9;@Override&#13;&#10;&#9;public void writeResponse(ClientSocket clientSocket, boolean doContinue) throws IOException {&#13;&#10;&#9;&#9;String fileName = file.getName();&#13;&#10;&#9;&#9;String parts[] = fileName.split(&quot;\\.&quot;);&#13;&#10;&#9;&#9;&#13;&#10;&#9;&#9;&#13;&#10;&#9;&#9;ContentType type = ContentType.getFromFileEnding(parts[parts.length-1]);&#13;&#10;&#9;&#9;&#13;&#10;&#9;&#9;String response = (&quot;HTTP/1.1 200 OK\r\n&quot;);&#13;&#10;&#9;&#9;&#13;&#10;&#9;&#9;response += writeContentLengthAndEndHeader(file.length(), type, doContinue);&#13;&#10;&#9;&#9;clientSocket.writeHeader(response);&#13;&#10;&#9;&#9;&#13;&#10;&#9;&#9;byte[] bytes = Files.readAllBytes(Paths.get(file.getAbsolutePath()));&#13;&#10;&#9;&#9;clientSocket.writeBody(bytes);&#13;&#10;&#9;&#9;&#13;&#10;&#9;&#9;watcher.clientGotFile(file, clientThread);&#13;&#10;&#9;&#9; &#13;&#10;&#9;}&#13;&#10;&#13;&#10;}&#13;&#10;" Filename="HTTP200OKFileResponse.java" Intrnl_Id="7"/>
<SrcFile Content="package se.lnu.http.response;&#13;&#10;&#13;&#10;public enum ContentType {&#13;&#10;&#9;texthtml(&quot;text/html&quot;, &quot;html, htm&quot;),&#13;&#10;&#9;textcss(&quot;text/css&quot;, &quot;css&quot;),&#13;&#10;&#9;textjavascript(&quot;text/javascript&quot;, &quot;js&quot;),&#13;&#10;&#9;imagepng(&quot;image/png&quot;, &quot;png&quot;),&#13;&#10;&#9;imagegif(&quot;image/gif&quot;, &quot;gif&quot;),&#13;&#10;&#9;imagejpeg(&quot;image/jpeg&quot;, &quot;jpg, jpeg&quot;),&#13;&#10;&#9;applicationunknown(&quot;application/unknown&quot;, &quot;*&quot;);&#13;&#10;&#9;&#13;&#10;&#9;private String mimeType;&#13;&#10;&#9;private String[] fileEndings;&#13;&#10;&#13;&#10;&#9;private ContentType(String mimeType, String fileEndings) {&#13;&#10;&#9;&#9;this.mimeType = mimeType;&#13;&#10;&#9;&#9;this.fileEndings = fileEndings.split(&quot;, &quot;);&#13;&#10;&#9;}&#13;&#10;&#9;&#13;&#10;&#9;public String toString(){&#13;&#10;&#9;&#9;return mimeType;&#13;&#10;&#9;}&#13;&#10;&#13;&#10;&#9;public static ContentType getFromFileEnding(String fileEnding) {&#13;&#10;&#9;&#9;&#13;&#10;&#9;&#9;for (ContentType type : values()) {&#13;&#10;&#9;&#9;&#9;for (String ending : type.fileEndings) {&#13;&#10;&#9;&#9;&#9;&#9;if (fileEnding.equals(ending)) {&#13;&#10;&#9;&#9;&#9;&#9;&#9;return type;&#13;&#10;&#9;&#9;&#9;&#9;}&#13;&#10;&#9;&#9;&#9;}&#13;&#10;&#9;&#9;}&#13;&#10;&#9;&#9;&#13;&#10;&#9;&#9;return applicationunknown;&#13;&#10;&#9;}&#13;&#10;}&#13;&#10;" Filename="ContentType.java" Intrnl_Id="8"/>
<SrcFile Content="package se.lnu.http.exceptions;&#13;&#10;&#13;&#10;public class WrongNumberOfArgumentsException extends Exception {&#13;&#10;&#13;&#10;&#9;/**&#13;&#10;&#9; * &#13;&#10;&#9; */&#13;&#10;&#9;private static final long serialVersionUID = -7327975009047813601L;&#13;&#10;&#13;&#10;&#9;public WrongNumberOfArgumentsException() {&#13;&#10;&#9;&#9;super(&quot;This program should only have one or two arguments&quot;);&#13;&#10;&#9;}&#13;&#10;&#13;&#10;&#9;&#13;&#10;&#13;&#10;}&#13;&#10;" Filename="WrongNumberOfArgumentsException.java" Intrnl_Id="9"/>
<SrcFile Content="package se.lnu.http.exceptions;&#13;&#10;&#13;&#10;public class NotStartedException extends Exception {&#13;&#10;&#13;&#10;&#9;/**&#13;&#10;&#9; * &#13;&#10;&#9; */&#13;&#10;&#9;private static final long serialVersionUID = 6733868884526050283L;&#13;&#10;&#13;&#10;}&#13;&#10;" Filename="NotStartedException.java" Intrnl_Id="10"/>
<SrcFile Content="package se.lnu.http.exceptions;&#13;&#10;&#13;&#10;public class NotADirectoryException extends Exception {&#13;&#10;&#13;&#10;&#9;public NotADirectoryException(String string) {&#13;&#10;&#9;&#9;super(string);&#13;&#10;&#9;}&#13;&#10;&#13;&#10;&#9;public NotADirectoryException(Exception e) {&#13;&#10;&#9;&#9;super(e);&#13;&#10;&#9;}&#13;&#10;&#13;&#10;&#9;/**&#13;&#10;&#9; * &#13;&#10;&#9; */&#13;&#10;&#9;private static final long serialVersionUID = -6619732026622856729L;&#13;&#10;&#13;&#10;}&#13;&#10;" Filename="NotADirectoryException.java" Intrnl_Id="11"/>
<SrcFile Content="package se.lnu.http.exceptions;&#13;&#10;&#13;&#10;public class MalformedRequestException extends Exception {&#13;&#10;&#13;&#10;&#9;public MalformedRequestException(String requestString) {&#13;&#10;&#9;&#9;super(requestString);&#13;&#10;&#9;}&#13;&#10;&#13;&#10;&#9;/**&#13;&#10;&#9; * &#13;&#10;&#9; */&#13;&#10;&#9;private static final long serialVersionUID = 347832735672941517L;&#13;&#10;&#13;&#10;}&#13;&#10;" Filename="MalformedRequestException.java" Intrnl_Id="12"/>
<SrcFile Content="package se.lnu.http.exceptions;&#13;&#10;&#13;&#10;public class InvalidPortException extends Exception {&#13;&#10;&#13;&#10;&#9;/**&#13;&#10;&#9; * &#13;&#10;&#9; */&#13;&#10;&#9;private static final long serialVersionUID = 3615635556121136L;&#13;&#10;&#13;&#10;&#9;public InvalidPortException(String string) {&#13;&#10;&#9;&#9;super(string);&#13;&#10;&#9;}&#13;&#10;&#13;&#10;&#9;&#13;&#10;&#13;&#10;}&#13;&#10;" Filename="InvalidPortException.java" Intrnl_Id="13"/>
<SrcFile Content="package se.lnu.http.client;&#13;&#10;&#13;&#10;import java.io.BufferedReader;&#13;&#10;import java.io.BufferedWriter;&#13;&#10;import java.io.IOException;&#13;&#10;import java.io.InputStreamReader;&#13;&#10;import java.io.OutputStreamWriter;&#13;&#10;import java.net.InetSocketAddress;&#13;&#10;import java.net.Socket;&#13;&#10;&#13;&#10;&#13;&#10;public class SocketClient {&#13;&#10;&#9;private HTTPGetProtocoll client;&#13;&#10;&#9;private Socket socket;&#13;&#10;&#13;&#10;&#9;public SocketClient(Socket echoSocket, HTTPGetProtocoll client) {&#13;&#10;&#9;&#9;this.socket = echoSocket;&#13;&#10;&#9;&#9;this.client = client;&#13;&#10;&#9;}&#13;&#10;&#13;&#10;&#9;public String get(String hostName, int portNumber, String file) throws IOException {&#13;&#10;&#9;&#9;&#13;&#10;&#9;&#9;try {&#13;&#10;&#9;&#9;&#9;InetSocketAddress endpoint = new InetSocketAddress(hostName, portNumber);&#13;&#10;&#9;&#9;&#9;socket.connect(endpoint, 100);&#13;&#10;&#9;&#9;&#9;BufferedWriter writer = new BufferedWriter(new OutputStreamWriter(socket.getOutputStream()));&#13;&#10;&#9;&#9;&#9;BufferedReader reader = new BufferedReader(new InputStreamReader(socket.getInputStream()));&#13;&#10;&#9;&#9;&#9;&#13;&#10;&#9;&#9;&#9;String data = client.doGet(hostName, file, writer, reader);&#13;&#10;&#9;&#9;&#9;&#13;&#10;&#9;&#9;&#9;socket.close();&#13;&#10;&#9;&#9;&#9;&#13;&#10;&#9;&#9;&#9;return data;&#13;&#10;&#9;&#9;} catch (IOException e) {&#13;&#10;&#9;&#9;&#9;socket.close();&#13;&#10;&#9;&#9;&#9;throw e;&#13;&#10;&#9;&#9;}&#9;&#9;&#13;&#10;&#9;&#9;&#13;&#10;&#9;}&#13;&#10;}&#13;&#10;" Filename="SocketClient.java" Intrnl_Id="14"/>
<SrcFile Content="package se.lnu.http.client;&#13;&#10;&#13;&#10;import java.io.BufferedReader;&#13;&#10;import java.io.BufferedWriter;&#13;&#10;import java.io.IOException;&#13;&#10;&#13;&#10;import se.lnu.http.HTTPReader;&#13;&#10;&#13;&#10;public class HTTPGetProtocoll {&#13;&#10;&#9;&#13;&#10;&#13;&#10;&#9;String doGet(String hostName, String file,&#13;&#10;&#9;&#9;&#9;BufferedWriter outWriter, BufferedReader reader) throws IOException {&#13;&#10;&#9;&#9;outWriter.write(&quot;GET &quot; + file + &quot; HTTP/1.1\r\nHost: &quot; + hostName + &quot;\r\nConnection: close\r\n\r\n&quot;);&#13;&#10;&#9;&#9;outWriter.flush();&#13;&#10;&#9;&#9;&#13;&#10;&#9;&#9;HTTPReader httpReader = new HTTPReader(reader);&#13;&#10;&#9;&#9;String data = httpReader.readAll();&#13;&#10;&#9;&#9;data += httpReader.readAll();&#13;&#10;&#9;&#9;return data;&#13;&#10;&#9;}&#13;&#10;&#13;&#10;&#9;&#13;&#10;}" Filename="HTTPGetProtocoll.java" Intrnl_Id="15"/>
<SrcFile Content="package se.lnu.http;&#13;&#10;&#13;&#10;import java.io.File;&#13;&#10;import java.io.FileNotFoundException;&#13;&#10;import java.io.IOException;&#13;&#10;&#13;&#10;public class SharedFolder {&#13;&#10;&#13;&#10;&#9;volatile private File sharedDirectory;&#13;&#10;&#9;&#13;&#10;&#13;&#10;&#9;public SharedFolder(File sharedDirectory) {&#13;&#10;&#9;&#9;assert(sharedDirectory.isDirectory());&#13;&#10;&#9;&#9;this.sharedDirectory = sharedDirectory;&#13;&#10;&#9;}&#13;&#10;&#13;&#10;&#9;public File getURL(String relativePath) throws IOException {&#13;&#10;&#9;&#9;&#13;&#10;&#9;&#9;//default file&#13;&#10;&#9;&#9;if (relativePath.endsWith(&quot;/&quot;)) {&#13;&#10;&#9;&#9;&#9;relativePath += &quot;index.html&quot;;&#13;&#10;&#9;&#9;}&#13;&#10;&#9;&#9;File file = new File(sharedDirectory, relativePath);&#13;&#10;&#9;&#9;&#13;&#10;&#9;&#9;String absolute = sharedDirectory.getAbsolutePath();&#13;&#10;&#9;&#9;String sharedFileCanonicalPath = file.getCanonicalPath();&#13;&#10;&#9;&#9;String startOfFile = sharedFileCanonicalPath.substring(0, absolute.length());&#13;&#10;&#9;&#9;if (startOfFile.equals(absolute) == false) {&#13;&#10;&#9;&#9;&#9;throw new SecurityException();&#9;&#13;&#10;&#9;&#9;}&#13;&#10;&#9;&#9;if (file.exists()) {&#13;&#10;&#9;&#9;&#9;return file;&#13;&#10;&#9;&#9;}&#13;&#10;&#9;&#9;&#13;&#10;&#9;&#9;throw new FileNotFoundException();&#13;&#10;&#9;&#9;&#13;&#10;&#9;}&#13;&#10;&#13;&#10;}&#13;&#10;" Filename="SharedFolder.java" Intrnl_Id="16"/>
<SrcFile Content="package se.lnu.http;&#13;&#10;&#13;&#10;import java.io.File;&#13;&#10;&#13;&#10;public class ServerFactory {&#13;&#10;&#13;&#10;&#9;public HTTPServer create(Port port, File sharedDirectory, IServerWatcher view) {&#13;&#10;&#9;&#9;return new HTTPServer(port, new SharedFolder(sharedDirectory), view);&#13;&#10;&#9;}&#13;&#10;&#13;&#10;}&#13;&#10;" Filename="ServerFactory.java" Intrnl_Id="17"/>
<SrcFile Content="package se.lnu.http;&#13;&#10;&#13;&#10;import java.io.File;&#13;&#10;import java.io.FileNotFoundException;&#13;&#10;import java.io.IOException;&#13;&#10;&#13;&#10;import se.lnu.http.response.HTTP200OKFileResponse;&#13;&#10;import se.lnu.http.response.HTTP400BadRequest;&#13;&#10;import se.lnu.http.response.HTTP403Forbidden;&#13;&#10;import se.lnu.http.response.HTTP404FileNotFoundResponse;&#13;&#10;import se.lnu.http.response.HTTP405MethodNotSupportedResponse;&#13;&#10;import se.lnu.http.response.HTTPResponse;&#13;&#10;&#13;&#10;public class ResponseFactory {&#13;&#10;&#9;&#13;&#10;&#9;private SharedFolder folder;&#13;&#10;&#9;private IServerWatcher watcher;&#13;&#10;&#9;private int clientThread;&#13;&#10;&#13;&#10;&#9;public ResponseFactory(SharedFolder folder, IServerWatcher watcher, int clientThread) {&#13;&#10;&#9;&#9;this.folder = folder;&#13;&#10;&#9;&#9;this.watcher = watcher;&#13;&#10;&#9;&#9;this.clientThread = clientThread;&#13;&#10;&#9;}&#13;&#10;&#13;&#10;&#9;public HTTPResponse getResponse(HTTPRequest request) throws IOException {&#13;&#10;&#9;&#9;HTTPRequest.Method method = request.getMethod(); &#13;&#10;&#9;&#9;if (method == HTTPRequest.Method.GET) {&#13;&#10;&#9;&#9;&#9;try {&#13;&#10;&#9;&#9;&#9;&#9;File file = folder.getURL(request.getURL());&#13;&#10;&#9;&#9;&#9;&#9;return new HTTP200OKFileResponse(file, watcher, clientThread);&#13;&#10;&#9;&#9;&#9;} catch (FileNotFoundException e) {&#13;&#10;&#9;&#9;&#9;&#9;return new HTTP404FileNotFoundResponse(request.getURL());&#13;&#10;&#9;&#9;&#9;} catch (SecurityException e) {&#13;&#10;&#9;&#9;&#9;&#9;return new HTTP403Forbidden();&#13;&#10;&#9;&#9;&#9;}&#13;&#10;&#9;&#9;&#9;&#13;&#10;&#9;&#9;} &#13;&#10;&#9;&#9;&#13;&#10;&#9;&#9;return new HTTP405MethodNotSupportedResponse(request.getMethod());&#13;&#10;&#9;}&#13;&#10;&#13;&#10;&#9;public HTTP400BadRequest getBadResponse() {&#13;&#10;&#9;&#9;return new HTTP400BadRequest();&#13;&#10;&#9;}&#13;&#10;&#9;&#13;&#10;&#9;&#13;&#10;&#13;&#10;}&#13;&#10;" Filename="ResponseFactory.java" Intrnl_Id="18"/>
<SrcFile Content="package se.lnu.http;&#13;&#10;&#13;&#10;import se.lnu.http.exceptions.InvalidPortException;&#13;&#10;&#13;&#10;public class Port {&#13;&#10;&#13;&#10;&#9;private int portNumber;&#13;&#10;&#13;&#10;&#9;public Port(int portNumber) throws InvalidPortException {&#13;&#10;&#9;&#9;if (portNumber &lt;= 0 || portNumber &gt; 65535) {&#13;&#10;&#9;&#9;&#9;throw new InvalidPortException(&quot;invalid port number please choose a port between 1 and 65535&quot;);&#13;&#10;&#9;&#9;}&#13;&#10;&#9;&#9;&#13;&#10;&#9;&#9;this.portNumber = portNumber;&#13;&#10;&#9;&#9;&#13;&#10;&#9;}&#13;&#10;&#13;&#10;&#9;public int getPort() {&#13;&#10;&#9;&#9;// TODO Auto-generated method stub&#13;&#10;&#9;&#9;return portNumber;&#13;&#10;&#9;}&#13;&#10;&#9;&#13;&#10;}&#13;&#10;" Filename="Port.java" Intrnl_Id="19"/>
<SrcFile Content="package se.lnu.http;&#13;&#10;&#13;&#10;import java.io.File;&#13;&#10;&#13;&#10;public interface IServerWatcher {&#13;&#10;&#13;&#10;&#9;void serverConstructed();&#13;&#10;&#13;&#10;&#9;void serverStarted();&#13;&#10;&#13;&#10;&#9;void serverStopped();&#13;&#10;&#13;&#10;&#9;void closedAccept();&#13;&#10;&#13;&#10;&#9;void startedClient(int threadId);&#13;&#10;&#13;&#10;&#9;void waitForClient();&#13;&#10;&#13;&#10;&#9;void clientGotFile(File file, int threadId);&#13;&#10;&#13;&#10;&#9;void connectionBroken(int threadId);&#13;&#10;&#13;&#10;}&#13;&#10;" Filename="IServerWatcher.java" Intrnl_Id="20"/>
<SrcFile Content="package se.lnu.http;&#13;&#10;&#13;&#10;&#13;&#10;import se.lnu.http.Header.HTTPHeader;&#13;&#10;import se.lnu.http.exceptions.MalformedRequestException;&#13;&#10;&#13;&#10;public class Header {&#13;&#10;&#9;&#13;&#10;&#9;public enum HTTPHeader {&#13;&#10;&#9;    Host(&quot;Host&quot;), &#13;&#10;&#9;    ContentType(&quot;Content-Type&quot;), &#13;&#10;&#9;    ContentLength(&quot;Content-Length&quot;), &#13;&#10;&#9;    Connection(&quot;Connection&quot;),&#13;&#10;&#9;    CacheControl(&quot;Cache-Control&quot;),&#13;&#10;&#9;    Accept(&quot;Accept&quot;),&#13;&#10;&#9;    UserAgent(&quot;User-Agent&quot;),&#13;&#10;&#9;    AcceptEncoding(&quot;Accept-Encoding&quot;),&#13;&#10;&#9;    AcceptLanguage(&quot;Accept-Language&quot;),&#13;&#10;&#9;    UnknownHeader(&quot;Unknown-Header&quot;);&#13;&#10;&#9;    &#13;&#10;&#9;    String headerText;&#13;&#10;&#9;    private HTTPHeader(String headerText) {&#13;&#10;&#9;    &#9;this.headerText = headerText;&#13;&#10;&#9;    }&#13;&#10;&#9;    &#13;&#10;&#9;    &#13;&#10;&#9;}&#13;&#10;&#13;&#10;&#9;private String value;&#13;&#10;&#9;private HTTPHeader type;&#13;&#10;&#9;&#13;&#10;&#9;public Header(HTTPHeader type, String value) {&#13;&#10;&#9;&#9;this.value = value;&#13;&#10;&#9;&#9;this.type = type;&#13;&#10;&#9;}&#13;&#10;&#9;&#13;&#10;&#9;public String getValue() {&#13;&#10;&#9;&#9;return value;&#13;&#10;&#9;}&#13;&#10;&#13;&#10;&#9;public HTTPHeader getType() {&#13;&#10;&#9;&#9;return type;&#13;&#10;&#9;}&#13;&#10;&#13;&#10;&#9;static Header fromString(String stringHeader) throws MalformedRequestException {&#13;&#10;&#9;&#9;String[] parts = stringHeader.split(&quot;: &quot;);&#13;&#10;    &#9;if (parts.length != 2) {&#13;&#10;    &#9;&#9;throw new MalformedRequestException(&quot;unknown format of Header [&quot;+stringHeader+&quot;]&quot;);&#13;&#10;    &#9;}&#13;&#10;&#9;&#9;&#13;&#10;&#9;&#9;for(HTTPHeader m : HTTPHeader.values()) {&#13;&#10;    &#9;&#9;if (stringHeader.startsWith(m.headerText)) {&#13;&#10;    &#9;&#9;&#9;return new Header(m, parts[1]);&#13;&#10;    &#9;&#9;}&#13;&#10;    &#9;}&#13;&#10;    &#9;&#13;&#10;    &#9;&#13;&#10;    &#9;//&#13;&#10;    &#9;return new Header(HTTPHeader.UnknownHeader, parts[1]);&#13;&#10;    }&#13;&#10;&#13;&#10;&#9;&#13;&#10;&#9;&#13;&#10;}&#13;&#10;" Filename="Header.java" Intrnl_Id="21"/>
<SrcFile Content="package se.lnu.http;&#13;&#10;&#13;&#10;import java.io.File;&#13;&#10;import java.net.BindException;&#13;&#10;&#13;&#10;import se.lnu.http.exceptions.InvalidPortException;&#13;&#10;import se.lnu.http.view.ConsoleView;&#13;&#10;&#13;&#10;&#13;&#10;public class HTTPServerConsole {&#13;&#10;&#9;private ConsoleView view;&#13;&#10;&#9;private ServerFactory factory;&#13;&#10;&#13;&#10;&#9;public HTTPServerConsole(ConsoleView view, ServerFactory factory ) {&#13;&#10;&#9;&#9;this.view = view;&#13;&#10;&#9;&#9;this.factory = factory;&#13;&#10;&#9;}&#13;&#10;&#13;&#10;&#9;/**&#13;&#10;&#9; * @param args&#13;&#10;&#9; * @throws Exception &#13;&#10;&#9; */&#13;&#10;&#9;public static void main(String[] args) throws Exception {&#13;&#10;&#9;&#9;ConsoleView view = new ConsoleView(args);&#13;&#10;&#9;&#9;ServerFactory factory = new ServerFactory();&#13;&#10;&#9;&#9;HTTPServerConsole server = new HTTPServerConsole(view, factory);&#13;&#10;&#9;&#9;server.runConsole();&#13;&#10;&#9;&#9;&#13;&#10;&#9;&#9;&#13;&#10;&#9;}&#13;&#10;&#13;&#10;&#9;void runConsole() throws Exception {&#13;&#10;&#9;&#9;&#13;&#10;&#9;&#9;try {&#13;&#10;&#9;&#9;&#9;Port port = view.getPort();&#13;&#10;&#9;&#9;&#9;File sharedDirectory = view.getDirectory();&#13;&#10;&#9;&#9;&#9;HTTPServer server = factory.create(port, sharedDirectory, view);&#13;&#10;&#9;&#9;&#9;&#13;&#10;&#9;&#9;&#9;server.start();&#13;&#10;&#9;&#9;&#9;&#13;&#10;&#9;&#9;&#9;while(true) {&#13;&#10;&#9;&#9;&#9;&#9;if (view.doStop()) {&#13;&#10;&#9;&#9;&#9;&#9;&#9;server.stop();&#13;&#10;&#9;&#9;&#9;&#9;&#9;break;&#13;&#10;&#9;&#9;&#9;&#9;}&#13;&#10;&#9;&#9;&#9;}&#13;&#10;&#9;&#9;&#9;&#13;&#10;&#9;&#9;} catch (InvalidPortException e) {&#13;&#10;&#9;&#9;&#9;view.showhelp();&#13;&#10;&#9;&#9;} catch (BindException e) {&#13;&#10;&#9;&#9;&#9;view.showPortTaken();&#13;&#10;&#9;&#9;}&#13;&#10;&#9;&#9;&#13;&#10;&#9;}&#13;&#10;&#13;&#10;}&#13;&#10;" Filename="HTTPServerConsole.java" Intrnl_Id="22"/>
<SrcFile Content="package se.lnu.http;&#13;&#10;&#13;&#10;import java.io.IOException;&#13;&#10;import java.net.ServerSocket;&#13;&#10;&#13;&#10;import se.lnu.http.exceptions.NotStartedException;&#13;&#10;&#13;&#10;&#13;&#10;public class HTTPServer {&#13;&#10;&#13;&#10;&#9;&#13;&#10;&#9;private IServerWatcher watcher;&#13;&#10;&#9;&#13;&#10;&#9;private Port port;&#13;&#10;&#9;private AcceptThread acceptThread;&#13;&#10;&#13;&#10;&#9;private SharedFolder sharedDirectory;&#13;&#10;&#13;&#10;&#9;public HTTPServer(Port port, SharedFolder sharedDirectory, IServerWatcher watcher) {&#13;&#10;&#9;&#9;this.watcher = watcher;&#13;&#10;&#9;&#9;watcher.serverConstructed();&#13;&#10;&#9;&#9;this.port = port;&#13;&#10;&#9;&#9;this.sharedDirectory = sharedDirectory;&#13;&#10;&#9;}&#13;&#10;&#13;&#10;&#9;public void start() throws IOException {&#13;&#10;&#9;&#9;ServerSocket socket = new ServerSocket(port.getPort());&#13;&#10;&#9;&#9;ClientFactory factory = new ClientFactory(this.sharedDirectory, watcher);&#13;&#10;&#9;&#9;acceptThread = new AcceptThread(socket, watcher, factory);&#13;&#10;&#9;&#9;&#13;&#10;&#9;&#9;acceptThread.start();&#13;&#10;&#9;&#9;&#13;&#10;&#9;&#9;watcher.serverStarted();&#13;&#10;&#9;}&#13;&#10;&#13;&#10;&#9;public void stop() throws NotStartedException, InterruptedException, IOException {&#13;&#10;&#9;&#9;if (acceptThread == null)&#13;&#10;&#9;&#9;&#9;throw new NotStartedException();&#13;&#10;&#9;&#9;&#13;&#10;&#9;&#9;acceptThread.stopme();&#13;&#10;&#9;&#9;&#13;&#10;&#9;&#9;while(acceptThread.isAlive()) {&#13;&#10;&#9;&#9;&#9;Thread.sleep(100);&#13;&#10;&#9;&#9;}&#13;&#10;&#9;&#9;&#13;&#10;&#9;&#9;&#13;&#10;&#9;&#9;watcher.serverStopped();&#13;&#10;&#9;&#9;&#13;&#10;&#9;&#9;acceptThread = null;&#13;&#10;&#9;}&#13;&#10;&#13;&#10;}&#13;&#10;" Filename="HTTPServer.java" Intrnl_Id="23"/>
<SrcFile Content="package se.lnu.http;&#13;&#10;&#13;&#10;import java.util.ArrayList;&#13;&#10;import java.util.HashMap;&#13;&#10;import java.util.List;&#13;&#10;import java.util.Map;&#13;&#10;&#13;&#10;import se.lnu.http.exceptions.MalformedRequestException;&#13;&#10;&#13;&#10;public class HTTPRequestParser {&#13;&#10;&#13;&#10;&#9;public static HTTPRequest parseRequest(String requestString) throws MalformedRequestException {&#13;&#10;&#9;&#9;&#13;&#10;&#9;&#9;String[] lines = requestString.split(&quot;\r\n&quot;);&#13;&#10;&#9;&#9;&#13;&#10;&#9;&#9;String firstLine = lines[0];&#13;&#10;&#9;&#9;String[] requestType = firstLine.split(&quot; &quot;);&#13;&#10;&#9;&#9;if (requestType.length != 3) {&#13;&#10;&#9;&#9;&#9;throw new MalformedRequestException(requestString);&#13;&#10;&#9;&#9;}&#13;&#10;&#9;&#9;&#13;&#10;&#9;&#9;HTTPRequest.Method method = HTTPRequest.Method.fromString(requestType[0]);&#13;&#10;&#9;&#9;&#13;&#10;&#9;&#9;Map&lt;Header.HTTPHeader,Header&gt; headers = new HashMap&lt;Header.HTTPHeader,Header&gt;();&#13;&#10;&#9;&#9;for (int i = 1; i &lt; lines.length; i++) {&#13;&#10;&#9;&#9;&#9;Header h = (Header.fromString(lines[i]));&#13;&#10;&#9;&#9;&#9;headers.put(h.getType(), h);&#13;&#10;&#9;&#9;}&#13;&#10;&#9;&#9;&#13;&#10;&#9;&#9;return new HTTPRequest(method, requestType[1], headers);&#13;&#10;&#9;}&#13;&#10;&#13;&#10;&#13;&#10;}&#13;&#10;" Filename="HTTPRequestParser.java" Intrnl_Id="24"/>
<SrcFile Content="package se.lnu.http;&#13;&#10;&#13;&#10;import java.util.Map;&#13;&#10;&#13;&#10;import se.lnu.http.exceptions.*;&#13;&#10;&#13;&#10;public class HTTPRequest {&#13;&#10;&#9;//http://en.wikipedia.org/wiki/Hypertext_Transfer_Protocol&#13;&#10;&#9;public enum Method {&#13;&#10;&#9;    GET, HEAD, POST, PUT, DELETE, TRACE, OPTIONS, CONNECT, PATCH;&#13;&#10;&#9;    &#13;&#10;&#9;    static Method fromString(String stringMethod) throws MalformedRequestException {&#13;&#10;&#9;    &#9;for(Method m : Method.values()) {&#13;&#10;&#9;    &#9;&#9;if (stringMethod.equals(m.name())) {&#13;&#10;&#9;    &#9;&#9;&#9;return m;&#13;&#10;&#9;    &#9;&#9;}&#13;&#10;&#9;    &#9;}&#13;&#10;&#9;    &#9;throw new MalformedRequestException(&quot;unknown method [&quot;+stringMethod+&quot;]&quot;);&#13;&#10;&#9;    &#9;&#13;&#10;&#9;    }&#13;&#10;&#9;}&#13;&#10;&#9;&#13;&#10;&#9;&#13;&#10;&#13;&#10;&#9;&#13;&#10;&#9;&#13;&#10;&#9;&#13;&#10;&#9;&#13;&#10;&#9;private String url;&#13;&#10;&#9;private Method requestType;&#13;&#10;&#9;private Map&lt;Header.HTTPHeader, Header&gt; headers;&#13;&#10;&#13;&#10;&#9;public HTTPRequest(Method requestType, String url, Map&lt;Header.HTTPHeader, Header&gt; headers) throws MalformedRequestException {&#13;&#10;&#9;&#9;this.url = url;&#13;&#10;&#9;&#9;this.requestType = requestType;&#13;&#10;&#9;&#9;this.headers = headers;&#13;&#10;&#9;&#9;&#13;&#10;&#9;&#9;&#13;&#10;&#9;&#9;if (headers.containsKey(Header.HTTPHeader.Host) == false) {&#13;&#10;&#9;&#9;&#9;throw new MalformedRequestException(&quot;no header found&quot;);&#13;&#10;&#9;&#9;}&#13;&#10;&#9;}&#13;&#10;&#13;&#10;&#9;public String getURL() {&#13;&#10;&#9;&#9;return this.url;&#13;&#10;&#9;}&#13;&#10;&#13;&#10;&#9;public Method getMethod() {&#13;&#10;&#9;&#9;return requestType;&#13;&#10;&#9;}&#13;&#10;&#13;&#10;&#9;public boolean doCloseAfterResponse() {&#13;&#10;&#9;&#9;&#13;&#10;&#9;&#9;if ( headers.containsKey(Header.HTTPHeader.Connection) ) {&#13;&#10;&#9;&#9;&#9;if (headers.get(Header.HTTPHeader.Connection).getValue().contains(&quot;close&quot;)) {&#13;&#10;&#9;&#9;&#9;&#9;return true;&#13;&#10;&#9;&#9;&#9;}&#13;&#10;&#9;&#9;}&#13;&#10;&#9;&#9;return false;&#13;&#10;&#9;}&#13;&#10;&#13;&#10;}&#13;&#10;" Filename="HTTPRequest.java" Intrnl_Id="25"/>
<SrcFile Content="package se.lnu.http;&#13;&#10;&#13;&#10;import java.io.BufferedReader;&#13;&#10;import java.io.IOException;&#13;&#10;&#13;&#10;public class HTTPReader {&#13;&#10;&#9;private int contentlength = 0;&#13;&#10;&#9;&#13;&#10;&#9;BufferedReader reader;&#13;&#10;&#9;&#13;&#10;&#9;public HTTPReader(BufferedReader reader) {&#13;&#10;&#9;&#9;this.reader = reader;&#13;&#10;&#9;}&#13;&#10;&#13;&#10;&#9;private String readBody() throws IOException {&#13;&#10;&#9;&#9;StringBuilder data = new StringBuilder();&#13;&#10;&#9;&#9;for (int i = 0; i &lt; contentlength; i++) {&#13;&#10;&#9;&#9;&#9;data.append((char)reader.read());&#13;&#10;&#9;&#9;}&#13;&#10;&#9;&#9;&#13;&#10;&#9;&#9;return data.toString();&#13;&#10;&#9;}&#13;&#10;&#13;&#10;&#9;public String readAll() throws IOException {&#13;&#10;&#9;&#9;StringBuilder data = new StringBuilder();&#13;&#10;&#9;&#9;&#9;&#9;&#13;&#10;&#9;&#9;while (true) {&#13;&#10;&#9;&#9;&#9;String lineRead = reader.readLine();&#13;&#10;&#9;&#9;&#9;&#13;&#10;&#9;&#9;&#9;if (lineRead == null) { //eof http://docs.oracle.com/javase/1.4.2/docs/api/java/io/BufferedReader.html&#13;&#10;&#9;&#9;&#9;&#9;throw new IOException(&quot;eof&quot;);&#13;&#10;&#9;&#9;&#9;}&#13;&#10;&#9;&#9;&#9;&#13;&#10;&#9;&#9;&#9;data.append(lineRead);&#13;&#10;&#9;&#9;&#9;data.append(&quot;\r\n&quot;);&#13;&#10;&#9;&#9;&#9;if (lineRead == null || lineRead.equals(&quot;\r\n&quot;) || lineRead.equals(&quot;&quot;)) {&#13;&#10;&#9;&#9;&#9;&#9;break;&#13;&#10;&#9;&#9;&#9;}&#13;&#10;&#9;&#9;&#9;if (lineRead.startsWith(&quot;Content-Length:&quot;)) {&#13;&#10;&#9;&#9;&#9;&#9;String number = lineRead.substring(16);&#13;&#10;&#9;&#9;&#9;&#9;contentlength  = Integer.parseInt(number); &#13;&#10;&#9;&#9;&#9;}&#13;&#10;&#9;&#9;&#9;&#13;&#10;&#9;&#9;}&#13;&#10;&#9;&#9;&#13;&#10;&#9;&#9;return data.toString() + readBody();&#13;&#10;&#9;}&#13;&#10;}&#13;&#10;" Filename="HTTPReader.java" Intrnl_Id="26"/>
<SrcFile Content="package se.lnu.http;&#13;&#10;&#13;&#10;import java.io.IOException;&#13;&#10;import se.lnu.http.exceptions.MalformedRequestException;&#13;&#10;import se.lnu.http.response.HTTPResponse;&#13;&#10;&#13;&#10;&#13;&#10;public class ClientThread extends Thread{&#13;&#10;&#9;&#13;&#10;&#9;&#13;&#10;&#9;private ClientSocket clientSocket;&#13;&#10;&#9;private ResponseFactory factory;&#13;&#10;&#9;private IServerWatcher watcher;&#13;&#10;&#9;private int identifier;&#13;&#10;&#9;public static int timeOutMilliseconds = 10000;&#13;&#10;&#13;&#10;&#9;public ClientThread(ClientSocket clientSocket,&#13;&#10;&#9;&#9;&#9;&#9;&#9;&#9;ResponseFactory factory, &#13;&#10;&#9;&#9;&#9;&#9;&#9;&#9;IServerWatcher watcher, int identifier) {&#13;&#10;&#9;&#9;this.clientSocket = clientSocket;&#13;&#10;&#9;&#9;&#13;&#10;&#9;&#9;this.factory = factory;&#13;&#10;&#9;&#9;this.watcher = watcher;&#13;&#10;&#9;&#9;this.identifier = identifier;&#13;&#10;&#9;}&#13;&#10;&#9;&#13;&#10;&#9;public void run() {&#13;&#10;&#9;&#9; &#13;&#10;&#9;&#9;watcher.startedClient(identifier);&#13;&#10;&#9;&#9;try {&#13;&#10;&#9;&#9;&#9;while(singleRequest());&#13;&#10;&#9;&#9;&#9;&#13;&#10;&#9;&#9;} catch (IOException e) {&#13;&#10;&#9;&#9;&#9;//connection broken&#13;&#10;&#9;&#9;&#9;&#13;&#10;&#9;&#9;}&#13;&#10;&#9;&#9;&#13;&#10;&#9;&#9;try {&#13;&#10;&#9;&#9;&#9;clientSocket.close();&#13;&#10;&#9;&#9;} catch (IOException e) {&#13;&#10;&#9;&#9;&#9;e.printStackTrace();&#13;&#10;&#9;&#9;}&#13;&#10;&#9;&#9;&#13;&#10;&#9;&#9;watcher.connectionBroken(identifier);&#13;&#10;&#9;&#9;&#13;&#10;&#9;}&#13;&#10;&#13;&#10;&#9;private boolean singleRequest() throws IOException {&#13;&#10;&#9;&#9;boolean doContinue = true;&#13;&#10;&#9;&#9;String requestString = clientSocket.getRequest(timeOutMilliseconds);&#13;&#10;&#9;&#9;HTTPResponse response;&#13;&#10;&#9;&#9;try {&#13;&#10;&#9;&#9;&#9;HTTPRequest request = HTTPRequestParser.parseRequest(requestString);&#13;&#10;&#9;&#9;&#9;&#13;&#10;&#9;&#9;&#9;&#13;&#10;&#9;&#9;&#9;if (request.doCloseAfterResponse()) {&#13;&#10;&#9;&#9;&#9;&#9;doContinue = false;&#13;&#10;&#9;&#9;&#9;}&#13;&#10;&#9;&#9;&#9;&#13;&#10;&#9;&#9;&#9;response = factory.getResponse(request);&#13;&#10;&#9;&#9;} catch (MalformedRequestException e) {&#13;&#10;&#9;&#9;&#9;response = factory.getBadResponse();&#13;&#10;&#9;&#9;&#9;doContinue = false;&#13;&#10;&#9;&#9;}&#13;&#10;&#9;&#13;&#10;&#9;&#9;response.writeResponse(clientSocket, doContinue);&#13;&#10;&#9;&#9;&#13;&#10;&#9;&#9;return doContinue;&#13;&#10;&#9;}&#13;&#10;}&#13;&#10;" Filename="ClientThread.java" Intrnl_Id="27"/>
<SrcFile Content="package se.lnu.http;&#13;&#10;&#13;&#10;import java.io.BufferedReader;&#13;&#10;import java.io.IOException;&#13;&#10;import java.io.InputStreamReader;&#13;&#10;import java.io.PrintWriter;&#13;&#10;import java.net.Socket;&#13;&#10;&#13;&#10;public class ClientSocket {&#13;&#10;&#9;&#13;&#10;&#9;private Socket sock;&#13;&#10;&#13;&#10;&#9;public ClientSocket(Socket sock) {&#13;&#10;&#9;&#9;this.sock = sock;&#13;&#10;&#9;&#9;&#13;&#10;&#9;}&#13;&#10;&#13;&#10;&#9;public String getRequest(int timeOutMilliseconds) throws IOException {&#13;&#10;&#9;&#9;&#13;&#10;&#9;&#9;sock.setSoTimeout(timeOutMilliseconds);&#13;&#10;&#9;&#9;BufferedReader in = new BufferedReader(new InputStreamReader(sock.getInputStream()));&#13;&#10;&#9;&#9;HTTPReader httpReader = new HTTPReader(in);&#13;&#10;&#9;&#9;String requestString = httpReader.readAll();&#13;&#10;&#9;&#9;return requestString;&#13;&#10;&#9;}&#13;&#10;&#13;&#10;&#9;public void writeHeader(String response) throws IOException {&#13;&#10;&#9;&#9;PrintWriter out = new PrintWriter(sock.getOutputStream(), true);&#13;&#10;&#9;&#9;out.write(response.toString());&#13;&#10;&#9;&#9;out.flush();&#13;&#10;&#9;}&#13;&#10;&#13;&#10;&#9;public void close() throws IOException {&#13;&#10;&#9;&#9;sock.close();&#13;&#10;&#9;&#9;&#13;&#10;&#9;}&#13;&#10;&#13;&#10;&#9;public void writeBody(byte[] bytes) throws IOException {&#13;&#10;&#9;&#9;sock.getOutputStream().write(bytes);&#13;&#10;&#9;}&#13;&#10;&#13;&#10;}&#13;&#10;" Filename="ClientSocket.java" Intrnl_Id="28"/>
<SrcFile Content="package se.lnu.http;&#13;&#10;&#13;&#10;import java.net.Socket;&#13;&#10;&#13;&#10;public class ClientFactory {&#13;&#10;&#9;&#13;&#10;&#9;private SharedFolder folder;&#13;&#10;&#9;private IServerWatcher watcher;&#13;&#10;&#9;private int numberOfClients;&#13;&#10;&#13;&#10;&#9;ClientFactory(SharedFolder folder, IServerWatcher watcher) {&#13;&#10;&#9;&#9;this.folder = folder;&#13;&#10;&#9;&#9;this.watcher = watcher;&#13;&#10;&#9;&#9;numberOfClients = 0;&#13;&#10;&#9;}&#13;&#10;&#13;&#10;&#9;public ClientThread createClient(Socket clientSocket ) {&#13;&#10;&#9;&#9;numberOfClients++;&#13;&#10;&#9;&#9;return new ClientThread(new ClientSocket(clientSocket), new ResponseFactory(folder, watcher, numberOfClients), watcher, numberOfClients);&#13;&#10;&#9;}&#13;&#10;&#13;&#10;}&#13;&#10;" Filename="ClientFactory.java" Intrnl_Id="29"/>
<SrcFile Content="package se.lnu.http;&#13;&#10;&#13;&#10;import java.io.IOException;&#13;&#10;import java.net.ServerSocket;&#13;&#10;import java.net.Socket;&#13;&#10;import java.net.SocketException;&#13;&#10;&#13;&#10;public class AcceptThread extends Thread{&#13;&#10;&#13;&#10;&#9;volatile ServerSocket socket;&#13;&#10;&#9;volatile private IServerWatcher observer;&#13;&#10;&#9;private ClientFactory cfactory;&#13;&#10;&#9;&#13;&#10;&#9;public AcceptThread(ServerSocket sock, &#13;&#10;&#9;&#9;&#9;&#9;&#9;&#9;IServerWatcher observer, &#13;&#10;&#9;&#9;&#9;&#9;&#9;&#9;ClientFactory cfactory) {&#13;&#10;&#9;&#9;socket = sock;&#13;&#10;&#9;&#9;this.observer = observer;&#13;&#10;&#9;&#9;this.cfactory = cfactory;&#13;&#10;&#9;}&#13;&#10;&#9;&#13;&#10;&#9;public void stopme() throws IOException {&#13;&#10;&#9;&#9;socket.close();&#13;&#10;&#9;}&#13;&#10;&#9;&#13;&#10;&#9;public void run() {&#13;&#10;        &#13;&#10;        &#9;&#13;&#10;        &#9;while (true) {&#13;&#10;        &#9;&#9;try {&#13;&#10;        &#9;&#9;&#9;acceptClient();&#13;&#10;        &#9;&#9;} catch (SocketException e) {&#13;&#10;        &#9;&#9;&#9;//when stopme is called we get a socket exception&#13;&#10;        &#9;&#9;&#9;break;&#13;&#10;                } catch (IOException e) {&#13;&#10;        &#9;&#9;&#9;e.printStackTrace();&#13;&#10;                }&#13;&#10;&#9;&#9;&#9;&#9;&#13;&#10;&#9;&#9;&#9;&#9;&#13;&#10;        &#9;}&#13;&#10;        &#9;&#13;&#10;        &#9;observer.closedAccept();&#13;&#10;        &#9;&#13;&#10;&#9;&#9;&#13;&#10;    }&#13;&#10;&#13;&#10;&#9;private void acceptClient() throws IOException {&#13;&#10;&#9;&#9;observer.waitForClient();&#13;&#10;&#9;&#9;Socket clientSocket = socket.accept();&#13;&#10;&#9;&#9;ClientThread client = cfactory.createClient(clientSocket);&#13;&#10;&#9;&#9;client.start();&#13;&#10;&#9;&#9;&#13;&#10;&#9;} &#13;&#10;&#9;&#13;&#10;}&#13;&#10;" Filename="AcceptThread.java" Intrnl_Id="30"/>
</SrcFileList>
<CritList>
<CritListEntry Name="org.codecover.model.utils.criteria.LoopCoverage" PluginName="org.codecover"/>
<CritListEntry Name="org.codecover.model.utils.criteria.BranchCoverage" PluginName="org.codecover"/>
<CritListEntry Name="org.codecover.model.utils.criteria.ConditionCoverage" PluginName="org.codecover"/>
<CritListEntry Name="org.codecover.model.utils.criteria.SynchronizedStatementCoverage" PluginName="org.codecover"/>
<CritListEntry Name="org.codecover.model.utils.criteria.QMOCoverage" PluginName="org.codecover"/>
<CritListEntry Name="org.codecover.model.utils.criteria.StatementCoverage" PluginName="org.codecover"/>
</CritList>
<BoolOpList>
<BoolOp Arity="2" Intrnl_Id="31" Name="conditional or (||)">
<BoolAssgnmntBoolMapList>
<MapEntry BoolAssgnmnt="01" Value="true"/>
<MapEntry BoolAssgnmnt="00" Value="false"/>
<MapEntry BoolAssgnmnt="12" Value="true"/>
</BoolAssgnmntBoolMapList>
</BoolOp>
</BoolOpList>
<HierarchyLvlTypeList>
<HierarchyLvlType EnglishName="enumeration" IntrnlName="enum" Intrnl_Id="32"/>
<HierarchyLvlType EnglishName="package" IntrnlName="package" Intrnl_Id="33"/>
<HierarchyLvlType EnglishName="class" IntrnlName="class" Intrnl_Id="34"/>
<HierarchyLvlType EnglishName="method" IntrnlName="method" Intrnl_Id="35"/>
<HierarchyLvlType EnglishName="default package" IntrnlName="default package" Intrnl_Id="36"/>
<HierarchyLvlType EnglishName="interface" IntrnlName="interface" Intrnl_Id="37"/>
</HierarchyLvlTypeList>
<MASTRoot>
<HierarchyLvl HierarchyLvlId="887" HierarchyLvlTypeId="36" Intrnl_Id="38" Name="default package">
<Header/>
<LocList/>
<HierarchyLvl HierarchyLvlId="886" HierarchyLvlTypeId="33" Intrnl_Id="39" Name="se">
<Header/>
<LocList/>
<HierarchyLvl HierarchyLvlId="885" HierarchyLvlTypeId="33" Intrnl_Id="40" Name="lnu">
<Header/>
<LocList/>
<HierarchyLvl HierarchyLvlId="884" HierarchyLvlTypeId="33" Intrnl_Id="41" Name="http">
<Header/>
<LocList/>
<HierarchyLvl HierarchyLvlId="880" HierarchyLvlTypeId="33" Intrnl_Id="42" Name="view">
<Header/>
<LocList/>
<HierarchyLvl HierarchyLvlId="776" HierarchyLvlTypeId="34" Intrnl_Id="43" Name="ConsoleView">
<Header>
<Loc EndOffset="437" SrcFileId="1" StartOffset="387"/>
</Header>
<LocList>
<Loc EndOffset="3450" SrcFileId="1" StartOffset="387"/>
</LocList>
<StmntSeq Intrnl_Id="44">
<LocList>
<Loc EndOffset="522" SrcFileId="1" StartOffset="442"/>
<Loc EndOffset="599" SrcFileId="1" StartOffset="525"/>
<Loc EndOffset="661" SrcFileId="1" StartOffset="602"/>
<Loc EndOffset="723" SrcFileId="1" StartOffset="664"/>
<Loc EndOffset="813" SrcFileId="1" StartOffset="726"/>
<Loc EndOffset="881" SrcFileId="1" StartOffset="816"/>
<Loc EndOffset="931" SrcFileId="1" StartOffset="884"/>
<Loc EndOffset="986" SrcFileId="1" StartOffset="934"/>
<Loc EndOffset="1043" SrcFileId="1" StartOffset="989"/>
<Loc EndOffset="1118" SrcFileId="1" StartOffset="1046"/>
</LocList>
<BasicStmnt CovItemId="S1" CovItemPrefix="se.lnu.http.view.ConsoleView.java" Intrnl_Id="45">
<LocList>
<Loc EndOffset="522" SrcFileId="1" StartOffset="442"/>
</LocList>
</BasicStmnt>
<BasicStmnt CovItemId="S2" CovItemPrefix="se.lnu.http.view.ConsoleView.java" Intrnl_Id="46">
<LocList>
<Loc EndOffset="599" SrcFileId="1" StartOffset="525"/>
</LocList>
</BasicStmnt>
<BasicStmnt CovItemId="S3" CovItemPrefix="se.lnu.http.view.ConsoleView.java" Intrnl_Id="47">
<LocList>
<Loc EndOffset="661" SrcFileId="1" StartOffset="602"/>
</LocList>
</BasicStmnt>
<BasicStmnt CovItemId="S4" CovItemPrefix="se.lnu.http.view.ConsoleView.java" Intrnl_Id="48">
<LocList>
<Loc EndOffset="723" SrcFileId="1" StartOffset="664"/>
</LocList>
</BasicStmnt>
<BasicStmnt CovItemId="S5" CovItemPrefix="se.lnu.http.view.ConsoleView.java" Intrnl_Id="49">
<LocList>
<Loc EndOffset="813" SrcFileId="1" StartOffset="726"/>
</LocList>
</BasicStmnt>
<BasicStmnt CovItemId="S6" CovItemPrefix="se.lnu.http.view.ConsoleView.java" Intrnl_Id="50">
<LocList>
<Loc EndOffset="881" SrcFileId="1" StartOffset="816"/>
</LocList>
</BasicStmnt>
<BasicStmnt CovItemId="S7" CovItemPrefix="se.lnu.http.view.ConsoleView.java" Intrnl_Id="51">
<LocList>
<Loc EndOffset="931" SrcFileId="1" StartOffset="884"/>
</LocList>
</BasicStmnt>
<BasicStmnt CovItemId="S8" CovItemPrefix="se.lnu.http.view.ConsoleView.java" Intrnl_Id="52">
<LocList>
<Loc EndOffset="986" SrcFileId="1" StartOffset="934"/>
</LocList>
</BasicStmnt>
<BasicStmnt CovItemId="S9" CovItemPrefix="se.lnu.http.view.ConsoleView.java" Intrnl_Id="53">
<LocList>
<Loc EndOffset="1043" SrcFileId="1" StartOffset="989"/>
</LocList>
</BasicStmnt>
<BasicStmnt CovItemId="S10" CovItemPrefix="se.lnu.http.view.ConsoleView.java" Intrnl_Id="54">
<LocList>
<Loc EndOffset="1118" SrcFileId="1" StartOffset="1046"/>
</LocList>
</BasicStmnt>
</StmntSeq>
<HierarchyLvl HierarchyLvlId="762" HierarchyLvlTypeId="35" Intrnl_Id="55" Name="ConsoleView">
<Header>
<Loc EndOffset="1233" SrcFileId="1" StartOffset="1161"/>
</Header>
<LocList>
<Loc EndOffset="1367" SrcFileId="1" StartOffset="1161"/>
</LocList>
<StmntSeq Intrnl_Id="56">
<LocList>
<Loc EndOffset="1334" SrcFileId="1" StartOffset="1239"/>
<Loc EndOffset="1359" SrcFileId="1" StartOffset="1342"/>
</LocList>
<CondStmnt CovItemId="S11" CovItemPrefix="se.lnu.http.view.ConsoleView.java" Intrnl_Id="57">
<Branch CovItemId="B1" CovItemPrefix="se.lnu.http.view.ConsoleView.java" Implct="false" Intrnl_Id="58">
<Cond/>
<LocList>
<Loc EndOffset="1334" SrcFileId="1" StartOffset="1279"/>
</LocList>
<StmntSeq Intrnl_Id="59">
<LocList>
<Loc EndOffset="1329" SrcFileId="1" StartOffset="1285"/>
</LocList>
<BasicStmnt CovItemId="S12" CovItemPrefix="se.lnu.http.view.ConsoleView.java" Intrnl_Id="60">
<LocList>
<Loc EndOffset="1329" SrcFileId="1" StartOffset="1285"/>
</LocList>
</BasicStmnt>
</StmntSeq>
</Branch>
<Branch CovItemId="B2" CovItemPrefix="se.lnu.http.view.ConsoleView.java" Implct="true" Intrnl_Id="61">
<Cond/>
<LocList/>
<StmntSeq Intrnl_Id="62">
<LocList/>
</StmntSeq>
</Branch>
<Keyword EndOffset="1241" SrcFileId="1" StartOffset="1239"/>
<LocList>
<Loc EndOffset="1334" SrcFileId="1" StartOffset="1239"/>
</LocList>
<RootTerm CovItemId="C1" CovItemPrefix="se.lnu.http.view.ConsoleView.java" Intrnl_Id="63">
<OpTerm BooleanOpId="31" Intrnl_Id="64">
<BasicBoolTerm Intrnl_Id="65">
<LocList>
<Loc EndOffset="1258" SrcFileId="1" StartOffset="1243"/>
</LocList>
</BasicBoolTerm>
<BasicBoolTerm Intrnl_Id="66">
<LocList>
<Loc EndOffset="1277" SrcFileId="1" StartOffset="1262"/>
</LocList>
</BasicBoolTerm>
<LocList>
<Loc EndOffset="1261" SrcFileId="1" StartOffset="1259"/>
</LocList>
</OpTerm>
</RootTerm>
</CondStmnt>
<BasicStmnt CovItemId="S13" CovItemPrefix="se.lnu.http.view.ConsoleView.java" Intrnl_Id="67">
<LocList>
<Loc EndOffset="1359" SrcFileId="1" StartOffset="1342"/>
</LocList>
</BasicStmnt>
</StmntSeq>
</HierarchyLvl>
<HierarchyLvl HierarchyLvlId="763" HierarchyLvlTypeId="35" Intrnl_Id="68" Name="getPort">
<Header>
<Loc EndOffset="1421" SrcFileId="1" StartOffset="1372"/>
</Header>
<LocList>
<Loc EndOffset="1627" SrcFileId="1" StartOffset="1372"/>
</LocList>
<StmntSeq Intrnl_Id="69">
<LocList>
<Loc EndOffset="1483" SrcFileId="1" StartOffset="1450"/>
<Loc EndOffset="1578" SrcFileId="1" StartOffset="1440"/>
<Loc EndOffset="1606" SrcFileId="1" StartOffset="1582"/>
<Loc EndOffset="1623" SrcFileId="1" StartOffset="1614"/>
</LocList>
<BasicStmnt CovItemId="S15" CovItemPrefix="se.lnu.http.view.ConsoleView.java" Intrnl_Id="70">
<LocList>
<Loc EndOffset="1483" SrcFileId="1" StartOffset="1450"/>
</LocList>
</BasicStmnt>
<CondStmnt CovItemId="S14" CovItemPrefix="se.lnu.http.view.ConsoleView.java" Intrnl_Id="71">
<Branch CovItemId="B3" CovItemPrefix="se.lnu.http.view.ConsoleView.java" Implct="true" Intrnl_Id="72">
<Cond/>
<LocList/>
<StmntSeq Intrnl_Id="73">
<LocList/>
</StmntSeq>
</Branch>
<Branch CovItemId="B4" CovItemPrefix="se.lnu.http.view.ConsoleView.java" Implct="false" Intrnl_Id="74">
<Cond>
<Loc EndOffset="1508" SrcFileId="1" StartOffset="1489"/>
</Cond>
<LocList>
<Loc EndOffset="1578" SrcFileId="1" StartOffset="1509"/>
</LocList>
<StmntSeq Intrnl_Id="75">
<LocList>
<Loc EndOffset="1573" SrcFileId="1" StartOffset="1515"/>
</LocList>
<BasicStmnt CovItemId="S16" CovItemPrefix="se.lnu.http.view.ConsoleView.java" Intrnl_Id="76">
<LocList>
<Loc EndOffset="1573" SrcFileId="1" StartOffset="1515"/>
</LocList>
</BasicStmnt>
</StmntSeq>
</Branch>
<Keyword EndOffset="1443" SrcFileId="1" StartOffset="1440"/>
<LocList>
<Loc EndOffset="1578" SrcFileId="1" StartOffset="1440"/>
</LocList>
</CondStmnt>
<BasicStmnt CovItemId="S17" CovItemPrefix="se.lnu.http.view.ConsoleView.java" Intrnl_Id="77">
<LocList>
<Loc EndOffset="1606" SrcFileId="1" StartOffset="1582"/>
</LocList>
</BasicStmnt>
<BasicStmnt CovItemId="S18" CovItemPrefix="se.lnu.http.view.ConsoleView.java" Intrnl_Id="78">
<LocList>
<Loc EndOffset="1623" SrcFileId="1" StartOffset="1614"/>
</LocList>
</BasicStmnt>
</StmntSeq>
</HierarchyLvl>
<HierarchyLvl HierarchyLvlId="764" HierarchyLvlTypeId="35" Intrnl_Id="79" Name="showhelp">
<Header>
<Loc EndOffset="1657" SrcFileId="1" StartOffset="1635"/>
</Header>
<LocList>
<Loc EndOffset="1699" SrcFileId="1" StartOffset="1635"/>
</LocList>
<StmntSeq Intrnl_Id="80">
<LocList>
<Loc EndOffset="1691" SrcFileId="1" StartOffset="1663"/>
</LocList>
<BasicStmnt CovItemId="S19" CovItemPrefix="se.lnu.http.view.ConsoleView.java" Intrnl_Id="81">
<LocList>
<Loc EndOffset="1691" SrcFileId="1" StartOffset="1663"/>
</LocList>
</BasicStmnt>
</StmntSeq>
</HierarchyLvl>
<HierarchyLvl HierarchyLvlId="765" HierarchyLvlTypeId="35" Intrnl_Id="82" Name="getDirectory">
<Header>
<Loc EndOffset="1766" SrcFileId="1" StartOffset="1710"/>
</Header>
<LocList>
<Loc EndOffset="2212" SrcFileId="1" StartOffset="1710"/>
</LocList>
<StmntSeq Intrnl_Id="83">
<LocList>
<Loc EndOffset="1831" SrcFileId="1" StartOffset="1801"/>
<Loc EndOffset="1986" SrcFileId="1" StartOffset="1878"/>
<Loc EndOffset="2101" SrcFileId="1" StartOffset="1991"/>
<Loc EndOffset="2179" SrcFileId="1" StartOffset="1791"/>
<Loc EndOffset="2208" SrcFileId="1" StartOffset="2191"/>
</LocList>
<BasicStmnt CovItemId="S21" CovItemPrefix="se.lnu.http.view.ConsoleView.java" Intrnl_Id="84">
<LocList>
<Loc EndOffset="1831" SrcFileId="1" StartOffset="1801"/>
</LocList>
</BasicStmnt>
<CondStmnt CovItemId="S22" CovItemPrefix="se.lnu.http.view.ConsoleView.java" Intrnl_Id="85">
<Branch CovItemId="B6" CovItemPrefix="se.lnu.http.view.ConsoleView.java" Implct="false" Intrnl_Id="86">
<Cond/>
<LocList>
<Loc EndOffset="1986" SrcFileId="1" StartOffset="1911"/>
</LocList>
<StmntSeq Intrnl_Id="87">
<LocList>
<Loc EndOffset="1980" SrcFileId="1" StartOffset="1918"/>
</LocList>
<BasicStmnt CovItemId="S23" CovItemPrefix="se.lnu.http.view.ConsoleView.java" Intrnl_Id="88">
<LocList>
<Loc EndOffset="1980" SrcFileId="1" StartOffset="1918"/>
</LocList>
</BasicStmnt>
</StmntSeq>
</Branch>
<Branch CovItemId="B7" CovItemPrefix="se.lnu.http.view.ConsoleView.java" Implct="true" Intrnl_Id="89">
<Cond/>
<LocList/>
<StmntSeq Intrnl_Id="90">
<LocList/>
</StmntSeq>
</Branch>
<Keyword EndOffset="1880" SrcFileId="1" StartOffset="1878"/>
<LocList>
<Loc EndOffset="1986" SrcFileId="1" StartOffset="1878"/>
</LocList>
<RootTerm CovItemId="C2" CovItemPrefix="se.lnu.http.view.ConsoleView.java" Intrnl_Id="91">
<BasicBoolTerm Intrnl_Id="92">
<LocList>
<Loc EndOffset="1909" SrcFileId="1" StartOffset="1882"/>
</LocList>
</BasicBoolTerm>
</RootTerm>
</CondStmnt>
<CondStmnt CovItemId="S24" CovItemPrefix="se.lnu.http.view.ConsoleView.java" Intrnl_Id="93">
<Branch CovItemId="B8" CovItemPrefix="se.lnu.http.view.ConsoleView.java" Implct="false" Intrnl_Id="94">
<Cond/>
<LocList>
<Loc EndOffset="2101" SrcFileId="1" StartOffset="2029"/>
</LocList>
<StmntSeq Intrnl_Id="95">
<LocList>
<Loc EndOffset="2095" SrcFileId="1" StartOffset="2036"/>
</LocList>
<BasicStmnt CovItemId="S25" CovItemPrefix="se.lnu.http.view.ConsoleView.java" Intrnl_Id="96">
<LocList>
<Loc EndOffset="2095" SrcFileId="1" StartOffset="2036"/>
</LocList>
</BasicStmnt>
</StmntSeq>
</Branch>
<Branch CovItemId="B9" CovItemPrefix="se.lnu.http.view.ConsoleView.java" Implct="true" Intrnl_Id="97">
<Cond/>
<LocList/>
<StmntSeq Intrnl_Id="98">
<LocList/>
</StmntSeq>
</Branch>
<Keyword EndOffset="1993" SrcFileId="1" StartOffset="1991"/>
<LocList>
<Loc EndOffset="2101" SrcFileId="1" StartOffset="1991"/>
</LocList>
<RootTerm CovItemId="C3" CovItemPrefix="se.lnu.http.view.ConsoleView.java" Intrnl_Id="99">
<BasicBoolTerm Intrnl_Id="100">
<LocList>
<Loc EndOffset="2027" SrcFileId="1" StartOffset="1995"/>
</LocList>
</BasicBoolTerm>
</RootTerm>
</CondStmnt>
<CondStmnt CovItemId="S20" CovItemPrefix="se.lnu.http.view.ConsoleView.java" Intrnl_Id="101">
<Branch CovItemId="B5" CovItemPrefix="se.lnu.http.view.ConsoleView.java" Implct="true" Intrnl_Id="102">
<Cond/>
<LocList/>
<StmntSeq Intrnl_Id="103">
<LocList/>
</StmntSeq>
</Branch>
<Branch CovItemId="B10" CovItemPrefix="se.lnu.http.view.ConsoleView.java" Implct="false" Intrnl_Id="104">
<Cond>
<Loc EndOffset="2131" SrcFileId="1" StartOffset="2112"/>
</Cond>
<LocList>
<Loc EndOffset="2179" SrcFileId="1" StartOffset="2132"/>
</LocList>
<StmntSeq Intrnl_Id="105">
<LocList>
<Loc EndOffset="2174" SrcFileId="1" StartOffset="2138"/>
</LocList>
<BasicStmnt CovItemId="S26" CovItemPrefix="se.lnu.http.view.ConsoleView.java" Intrnl_Id="106">
<LocList>
<Loc EndOffset="2174" SrcFileId="1" StartOffset="2138"/>
</LocList>
</BasicStmnt>
</StmntSeq>
</Branch>
<Keyword EndOffset="1794" SrcFileId="1" StartOffset="1791"/>
<LocList>
<Loc EndOffset="2179" SrcFileId="1" StartOffset="1791"/>
</LocList>
</CondStmnt>
<BasicStmnt CovItemId="S27" CovItemPrefix="se.lnu.http.view.ConsoleView.java" Intrnl_Id="107">
<LocList>
<Loc EndOffset="2208" SrcFileId="1" StartOffset="2191"/>
</LocList>
</BasicStmnt>
</StmntSeq>
</HierarchyLvl>
<HierarchyLvl HierarchyLvlId="766" HierarchyLvlTypeId="35" Intrnl_Id="108" Name="doStop">
<Header>
<Loc EndOffset="2259" SrcFileId="1" StartOffset="2217"/>
</Header>
<LocList>
<Loc EndOffset="2451" SrcFileId="1" StartOffset="2217"/>
</LocList>
<StmntSeq Intrnl_Id="109">
<LocList>
<Loc EndOffset="2338" SrcFileId="1" StartOffset="2265"/>
<Loc EndOffset="2374" SrcFileId="1" StartOffset="2346"/>
<Loc EndOffset="2426" SrcFileId="1" StartOffset="2378"/>
<Loc EndOffset="2447" SrcFileId="1" StartOffset="2434"/>
</LocList>
<BasicStmnt CovItemId="S28" CovItemPrefix="se.lnu.http.view.ConsoleView.java" Intrnl_Id="110">
<LocList>
<Loc EndOffset="2338" SrcFileId="1" StartOffset="2265"/>
</LocList>
</BasicStmnt>
<BasicStmnt CovItemId="S29" CovItemPrefix="se.lnu.http.view.ConsoleView.java" Intrnl_Id="111">
<LocList>
<Loc EndOffset="2374" SrcFileId="1" StartOffset="2346"/>
</LocList>
</BasicStmnt>
<CondStmnt CovItemId="S30" CovItemPrefix="se.lnu.http.view.ConsoleView.java" Intrnl_Id="112">
<Branch CovItemId="B11" CovItemPrefix="se.lnu.http.view.ConsoleView.java" Implct="false" Intrnl_Id="113">
<Cond/>
<LocList>
<Loc EndOffset="2426" SrcFileId="1" StartOffset="2403"/>
</LocList>
<StmntSeq Intrnl_Id="114">
<LocList>
<Loc EndOffset="2421" SrcFileId="1" StartOffset="2409"/>
</LocList>
<BasicStmnt CovItemId="S31" CovItemPrefix="se.lnu.http.view.ConsoleView.java" Intrnl_Id="115">
<LocList>
<Loc EndOffset="2421" SrcFileId="1" StartOffset="2409"/>
</LocList>
</BasicStmnt>
</StmntSeq>
</Branch>
<Branch CovItemId="B12" CovItemPrefix="se.lnu.http.view.ConsoleView.java" Implct="true" Intrnl_Id="116">
<Cond/>
<LocList/>
<StmntSeq Intrnl_Id="117">
<LocList/>
</StmntSeq>
</Branch>
<Keyword EndOffset="2380" SrcFileId="1" StartOffset="2378"/>
<LocList>
<Loc EndOffset="2426" SrcFileId="1" StartOffset="2378"/>
</LocList>
<RootTerm CovItemId="C4" CovItemPrefix="se.lnu.http.view.ConsoleView.java" Intrnl_Id="118">
<BasicBoolTerm Intrnl_Id="119">
<LocList>
<Loc EndOffset="2401" SrcFileId="1" StartOffset="2382"/>
</LocList>
</BasicBoolTerm>
</RootTerm>
</CondStmnt>
<BasicStmnt CovItemId="S32" CovItemPrefix="se.lnu.http.view.ConsoleView.java" Intrnl_Id="120">
<LocList>
<Loc EndOffset="2447" SrcFileId="1" StartOffset="2434"/>
</LocList>
</BasicStmnt>
</StmntSeq>
</HierarchyLvl>
<HierarchyLvl HierarchyLvlId="767" HierarchyLvlTypeId="35" Intrnl_Id="121" Name="serverConstructed">
<Header>
<Loc EndOffset="2500" SrcFileId="1" StartOffset="2457"/>
</Header>
<LocList>
<Loc EndOffset="2553" SrcFileId="1" StartOffset="2457"/>
</LocList>
<StmntSeq Intrnl_Id="122">
<LocList>
<Loc EndOffset="2545" SrcFileId="1" StartOffset="2506"/>
</LocList>
<BasicStmnt CovItemId="S33" CovItemPrefix="se.lnu.http.view.ConsoleView.java" Intrnl_Id="123">
<LocList>
<Loc EndOffset="2545" SrcFileId="1" StartOffset="2506"/>
</LocList>
</BasicStmnt>
</StmntSeq>
</HierarchyLvl>
<HierarchyLvl HierarchyLvlId="768" HierarchyLvlTypeId="35" Intrnl_Id="124" Name="serverStarted">
<Header>
<Loc EndOffset="2597" SrcFileId="1" StartOffset="2558"/>
</Header>
<LocList>
<Loc EndOffset="2646" SrcFileId="1" StartOffset="2558"/>
</LocList>
<StmntSeq Intrnl_Id="125">
<LocList>
<Loc EndOffset="2638" SrcFileId="1" StartOffset="2603"/>
</LocList>
<BasicStmnt CovItemId="S34" CovItemPrefix="se.lnu.http.view.ConsoleView.java" Intrnl_Id="126">
<LocList>
<Loc EndOffset="2638" SrcFileId="1" StartOffset="2603"/>
</LocList>
</BasicStmnt>
</StmntSeq>
</HierarchyLvl>
<HierarchyLvl HierarchyLvlId="769" HierarchyLvlTypeId="35" Intrnl_Id="127" Name="serverStopped">
<Header>
<Loc EndOffset="2690" SrcFileId="1" StartOffset="2651"/>
</Header>
<LocList>
<Loc EndOffset="2739" SrcFileId="1" StartOffset="2651"/>
</LocList>
<StmntSeq Intrnl_Id="128">
<LocList>
<Loc EndOffset="2731" SrcFileId="1" StartOffset="2696"/>
</LocList>
<BasicStmnt CovItemId="S35" CovItemPrefix="se.lnu.http.view.ConsoleView.java" Intrnl_Id="129">
<LocList>
<Loc EndOffset="2731" SrcFileId="1" StartOffset="2696"/>
</LocList>
</BasicStmnt>
</StmntSeq>
</HierarchyLvl>
<HierarchyLvl HierarchyLvlId="770" HierarchyLvlTypeId="35" Intrnl_Id="130" Name="closedAccept">
<Header>
<Loc EndOffset="2782" SrcFileId="1" StartOffset="2744"/>
</Header>
<LocList>
<Loc EndOffset="2845" SrcFileId="1" StartOffset="2744"/>
</LocList>
<StmntSeq Intrnl_Id="131">
<LocList>
<Loc EndOffset="2837" SrcFileId="1" StartOffset="2788"/>
</LocList>
<BasicStmnt CovItemId="S36" CovItemPrefix="se.lnu.http.view.ConsoleView.java" Intrnl_Id="132">
<LocList>
<Loc EndOffset="2837" SrcFileId="1" StartOffset="2788"/>
</LocList>
</BasicStmnt>
</StmntSeq>
</HierarchyLvl>
<HierarchyLvl HierarchyLvlId="771" HierarchyLvlTypeId="35" Intrnl_Id="133" Name="startedClient">
<Header>
<Loc EndOffset="2901" SrcFileId="1" StartOffset="2850"/>
</Header>
<LocList>
<Loc EndOffset="2961" SrcFileId="1" StartOffset="2850"/>
</LocList>
<StmntSeq Intrnl_Id="134">
<LocList>
<Loc EndOffset="2953" SrcFileId="1" StartOffset="2907"/>
</LocList>
<BasicStmnt CovItemId="S37" CovItemPrefix="se.lnu.http.view.ConsoleView.java" Intrnl_Id="135">
<LocList>
<Loc EndOffset="2953" SrcFileId="1" StartOffset="2907"/>
</LocList>
</BasicStmnt>
</StmntSeq>
</HierarchyLvl>
<HierarchyLvl HierarchyLvlId="772" HierarchyLvlTypeId="35" Intrnl_Id="136" Name="waitForClient">
<Header>
<Loc EndOffset="3005" SrcFileId="1" StartOffset="2966"/>
</Header>
<LocList>
<Loc EndOffset="3055" SrcFileId="1" StartOffset="2966"/>
</LocList>
<StmntSeq Intrnl_Id="137">
<LocList>
<Loc EndOffset="3047" SrcFileId="1" StartOffset="3011"/>
</LocList>
<BasicStmnt CovItemId="S38" CovItemPrefix="se.lnu.http.view.ConsoleView.java" Intrnl_Id="138">
<LocList>
<Loc EndOffset="3047" SrcFileId="1" StartOffset="3011"/>
</LocList>
</BasicStmnt>
</StmntSeq>
</HierarchyLvl>
<HierarchyLvl HierarchyLvlId="773" HierarchyLvlTypeId="35" Intrnl_Id="139" Name="showPortTaken">
<Header>
<Loc EndOffset="3087" SrcFileId="1" StartOffset="3060"/>
</Header>
<LocList>
<Loc EndOffset="3131" SrcFileId="1" StartOffset="3060"/>
</LocList>
<StmntSeq Intrnl_Id="140">
<LocList>
<Loc EndOffset="3127" SrcFileId="1" StartOffset="3093"/>
</LocList>
<BasicStmnt CovItemId="S39" CovItemPrefix="se.lnu.http.view.ConsoleView.java" Intrnl_Id="141">
<LocList>
<Loc EndOffset="3127" SrcFileId="1" StartOffset="3093"/>
</LocList>
</BasicStmnt>
</StmntSeq>
</HierarchyLvl>
<HierarchyLvl HierarchyLvlId="774" HierarchyLvlTypeId="35" Intrnl_Id="142" Name="clientGotFile">
<Header>
<Loc EndOffset="3212" SrcFileId="1" StartOffset="3136"/>
</Header>
<LocList>
<Loc EndOffset="3311" SrcFileId="1" StartOffset="3136"/>
</LocList>
<StmntSeq Intrnl_Id="143">
<LocList>
<Loc EndOffset="3303" SrcFileId="1" StartOffset="3218"/>
</LocList>
<BasicStmnt CovItemId="S40" CovItemPrefix="se.lnu.http.view.ConsoleView.java" Intrnl_Id="144">
<LocList>
<Loc EndOffset="3303" SrcFileId="1" StartOffset="3218"/>
</LocList>
</BasicStmnt>
</StmntSeq>
</HierarchyLvl>
<HierarchyLvl HierarchyLvlId="775" HierarchyLvlTypeId="35" Intrnl_Id="145" Name="connectionBroken">
<Header>
<Loc EndOffset="3370" SrcFileId="1" StartOffset="3316"/>
</Header>
<LocList>
<Loc EndOffset="3437" SrcFileId="1" StartOffset="3316"/>
</LocList>
<StmntSeq Intrnl_Id="146">
<LocList>
<Loc EndOffset="3429" SrcFileId="1" StartOffset="3376"/>
</LocList>
<BasicStmnt CovItemId="S41" CovItemPrefix="se.lnu.http.view.ConsoleView.java" Intrnl_Id="147">
<LocList>
<Loc EndOffset="3429" SrcFileId="1" StartOffset="3376"/>
</LocList>
</BasicStmnt>
</StmntSeq>
</HierarchyLvl>
</HierarchyLvl>
</HierarchyLvl>
<HierarchyLvl HierarchyLvlId="881" HierarchyLvlTypeId="33" Intrnl_Id="148" Name="response">
<Header/>
<LocList/>
<HierarchyLvl HierarchyLvlId="779" HierarchyLvlTypeId="34" Intrnl_Id="149" Name="HTTPResponse">
<Header>
<Loc EndOffset="134" SrcFileId="2" StartOffset="100"/>
</Header>
<LocList>
<Loc EndOffset="612" SrcFileId="2" StartOffset="100"/>
</LocList>
<HierarchyLvl HierarchyLvlId="777" HierarchyLvlTypeId="35" Intrnl_Id="150" Name="writeResponse">
<Header>
<Loc EndOffset="241" SrcFileId="2" StartOffset="141"/>
</Header>
<LocList>
<Loc EndOffset="242" SrcFileId="2" StartOffset="141"/>
</LocList>
</HierarchyLvl>
<HierarchyLvl HierarchyLvlId="778" HierarchyLvlTypeId="35" Intrnl_Id="151" Name="writeContentLengthAndEndHeader">
<Header>
<Loc EndOffset="346" SrcFileId="2" StartOffset="248"/>
</Header>
<LocList>
<Loc EndOffset="607" SrcFileId="2" StartOffset="248"/>
</LocList>
<StmntSeq Intrnl_Id="152">
<LocList>
<Loc EndOffset="368" SrcFileId="2" StartOffset="352"/>
<Loc EndOffset="425" SrcFileId="2" StartOffset="372"/>
<Loc EndOffset="475" SrcFileId="2" StartOffset="429"/>
<Loc EndOffset="552" SrcFileId="2" StartOffset="483"/>
<Loc EndOffset="580" SrcFileId="2" StartOffset="564"/>
<Loc EndOffset="603" SrcFileId="2" StartOffset="592"/>
</LocList>
<BasicStmnt CovItemId="S1" CovItemPrefix="se.lnu.http.response.HTTPResponse.java" Intrnl_Id="153">
<LocList>
<Loc EndOffset="368" SrcFileId="2" StartOffset="352"/>
</LocList>
</BasicStmnt>
<BasicStmnt CovItemId="S2" CovItemPrefix="se.lnu.http.response.HTTPResponse.java" Intrnl_Id="154">
<LocList>
<Loc EndOffset="425" SrcFileId="2" StartOffset="372"/>
</LocList>
</BasicStmnt>
<BasicStmnt CovItemId="S3" CovItemPrefix="se.lnu.http.response.HTTPResponse.java" Intrnl_Id="155">
<LocList>
<Loc EndOffset="475" SrcFileId="2" StartOffset="429"/>
</LocList>
</BasicStmnt>
<CondStmnt CovItemId="S4" CovItemPrefix="se.lnu.http.response.HTTPResponse.java" Intrnl_Id="156">
<Branch CovItemId="B1" CovItemPrefix="se.lnu.http.response.HTTPResponse.java" Implct="false" Intrnl_Id="157">
<Cond/>
<LocList>
<Loc EndOffset="552" SrcFileId="2" StartOffset="508"/>
</LocList>
<StmntSeq Intrnl_Id="158">
<LocList>
<Loc EndOffset="547" SrcFileId="2" StartOffset="514"/>
</LocList>
<BasicStmnt CovItemId="S5" CovItemPrefix="se.lnu.http.response.HTTPResponse.java" Intrnl_Id="159">
<LocList>
<Loc EndOffset="547" SrcFileId="2" StartOffset="514"/>
</LocList>
</BasicStmnt>
</StmntSeq>
</Branch>
<Branch CovItemId="B2" CovItemPrefix="se.lnu.http.response.HTTPResponse.java" Implct="true" Intrnl_Id="160">
<Cond/>
<LocList/>
<StmntSeq Intrnl_Id="161">
<LocList/>
</StmntSeq>
</Branch>
<Keyword EndOffset="485" SrcFileId="2" StartOffset="483"/>
<LocList>
<Loc EndOffset="552" SrcFileId="2" StartOffset="483"/>
</LocList>
<RootTerm CovItemId="C1" CovItemPrefix="se.lnu.http.response.HTTPResponse.java" Intrnl_Id="162">
<BasicBoolTerm Intrnl_Id="163">
<LocList>
<Loc EndOffset="506" SrcFileId="2" StartOffset="487"/>
</LocList>
</BasicBoolTerm>
</RootTerm>
</CondStmnt>
<BasicStmnt CovItemId="S6" CovItemPrefix="se.lnu.http.response.HTTPResponse.java" Intrnl_Id="164">
<LocList>
<Loc EndOffset="580" SrcFileId="2" StartOffset="564"/>
</LocList>
</BasicStmnt>
<BasicStmnt CovItemId="S7" CovItemPrefix="se.lnu.http.response.HTTPResponse.java" Intrnl_Id="165">
<LocList>
<Loc EndOffset="603" SrcFileId="2" StartOffset="592"/>
</LocList>
</BasicStmnt>
</StmntSeq>
</HierarchyLvl>
</HierarchyLvl>
<HierarchyLvl HierarchyLvlId="782" HierarchyLvlTypeId="34" Intrnl_Id="166" Name="HTTP405MethodNotSupportedResponse">
<Header>
<Loc EndOffset="207" SrcFileId="3" StartOffset="140"/>
</Header>
<LocList>
<Loc EndOffset="829" SrcFileId="3" StartOffset="140"/>
</LocList>
<HierarchyLvl HierarchyLvlId="780" HierarchyLvlTypeId="35" Intrnl_Id="167" Name="HTTP405MethodNotSupportedResponse">
<Header>
<Loc EndOffset="296" SrcFileId="3" StartOffset="241"/>
</Header>
<LocList>
<Loc EndOffset="327" SrcFileId="3" StartOffset="241"/>
</LocList>
<StmntSeq Intrnl_Id="168">
<LocList>
<Loc EndOffset="323" SrcFileId="3" StartOffset="302"/>
</LocList>
<BasicStmnt CovItemId="S1" CovItemPrefix="se.lnu.http.response.HTTP405MethodNotSupportedResponse.java" Intrnl_Id="169">
<LocList>
<Loc EndOffset="323" SrcFileId="3" StartOffset="302"/>
</LocList>
</BasicStmnt>
</StmntSeq>
</HierarchyLvl>
<HierarchyLvl HierarchyLvlId="781" HierarchyLvlTypeId="35" Intrnl_Id="170" Name="writeResponse">
<Header>
<Loc EndOffset="435" SrcFileId="3" StartOffset="332"/>
</Header>
<LocList>
<Loc EndOffset="824" SrcFileId="3" StartOffset="332"/>
</LocList>
<StmntSeq Intrnl_Id="171">
<LocList>
<Loc EndOffset="544" SrcFileId="3" StartOffset="441"/>
<Loc EndOffset="616" SrcFileId="3" StartOffset="556"/>
<Loc EndOffset="724" SrcFileId="3" StartOffset="620"/>
<Loc EndOffset="763" SrcFileId="3" StartOffset="728"/>
<Loc EndOffset="810" SrcFileId="3" StartOffset="767"/>
</LocList>
<BasicStmnt CovItemId="S2" CovItemPrefix="se.lnu.http.response.HTTP405MethodNotSupportedResponse.java" Intrnl_Id="172">
<LocList>
<Loc EndOffset="544" SrcFileId="3" StartOffset="441"/>
</LocList>
</BasicStmnt>
<BasicStmnt CovItemId="S3" CovItemPrefix="se.lnu.http.response.HTTP405MethodNotSupportedResponse.java" Intrnl_Id="173">
<LocList>
<Loc EndOffset="616" SrcFileId="3" StartOffset="556"/>
</LocList>
</BasicStmnt>
<BasicStmnt CovItemId="S4" CovItemPrefix="se.lnu.http.response.HTTP405MethodNotSupportedResponse.java" Intrnl_Id="174">
<LocList>
<Loc EndOffset="724" SrcFileId="3" StartOffset="620"/>
</LocList>
</BasicStmnt>
<BasicStmnt CovItemId="S5" CovItemPrefix="se.lnu.http.response.HTTP405MethodNotSupportedResponse.java" Intrnl_Id="175">
<LocList>
<Loc EndOffset="763" SrcFileId="3" StartOffset="728"/>
</LocList>
</BasicStmnt>
<BasicStmnt CovItemId="S6" CovItemPrefix="se.lnu.http.response.HTTP405MethodNotSupportedResponse.java" Intrnl_Id="176">
<LocList>
<Loc EndOffset="810" SrcFileId="3" StartOffset="767"/>
</LocList>
</BasicStmnt>
</StmntSeq>
</HierarchyLvl>
</HierarchyLvl>
<HierarchyLvl HierarchyLvlId="785" HierarchyLvlTypeId="34" Intrnl_Id="177" Name="HTTP404FileNotFoundResponse">
<Header>
<Loc EndOffset="161" SrcFileId="4" StartOffset="100"/>
</Header>
<LocList>
<Loc EndOffset="712" SrcFileId="4" StartOffset="100"/>
</LocList>
<HierarchyLvl HierarchyLvlId="783" HierarchyLvlTypeId="35" Intrnl_Id="178" Name="HTTP404FileNotFoundResponse">
<Header>
<Loc EndOffset="214" SrcFileId="4" StartOffset="168"/>
</Header>
<LocList>
<Loc EndOffset="263" SrcFileId="4" StartOffset="168"/>
</LocList>
</HierarchyLvl>
<HierarchyLvl HierarchyLvlId="784" HierarchyLvlTypeId="35" Intrnl_Id="179" Name="writeResponse">
<Header>
<Loc EndOffset="372" SrcFileId="4" StartOffset="269"/>
</Header>
<LocList>
<Loc EndOffset="707" SrcFileId="4" StartOffset="269"/>
</LocList>
<StmntSeq Intrnl_Id="180">
<LocList>
<Loc EndOffset="446" SrcFileId="4" StartOffset="378"/>
<Loc EndOffset="499" SrcFileId="4" StartOffset="450"/>
<Loc EndOffset="607" SrcFileId="4" StartOffset="503"/>
<Loc EndOffset="646" SrcFileId="4" StartOffset="611"/>
<Loc EndOffset="693" SrcFileId="4" StartOffset="650"/>
</LocList>
<BasicStmnt CovItemId="S1" CovItemPrefix="se.lnu.http.response.HTTP404FileNotFoundResponse.java" Intrnl_Id="181">
<LocList>
<Loc EndOffset="446" SrcFileId="4" StartOffset="378"/>
</LocList>
</BasicStmnt>
<BasicStmnt CovItemId="S2" CovItemPrefix="se.lnu.http.response.HTTP404FileNotFoundResponse.java" Intrnl_Id="182">
<LocList>
<Loc EndOffset="499" SrcFileId="4" StartOffset="450"/>
</LocList>
</BasicStmnt>
<BasicStmnt CovItemId="S3" CovItemPrefix="se.lnu.http.response.HTTP404FileNotFoundResponse.java" Intrnl_Id="183">
<LocList>
<Loc EndOffset="607" SrcFileId="4" StartOffset="503"/>
</LocList>
</BasicStmnt>
<BasicStmnt CovItemId="S4" CovItemPrefix="se.lnu.http.response.HTTP404FileNotFoundResponse.java" Intrnl_Id="184">
<LocList>
<Loc EndOffset="646" SrcFileId="4" StartOffset="611"/>
</LocList>
</BasicStmnt>
<BasicStmnt CovItemId="S5" CovItemPrefix="se.lnu.http.response.HTTP404FileNotFoundResponse.java" Intrnl_Id="185">
<LocList>
<Loc EndOffset="693" SrcFileId="4" StartOffset="650"/>
</LocList>
</BasicStmnt>
</StmntSeq>
</HierarchyLvl>
</HierarchyLvl>
<HierarchyLvl HierarchyLvlId="788" HierarchyLvlTypeId="34" Intrnl_Id="186" Name="HTTP403Forbidden">
<Header>
<Loc EndOffset="150" SrcFileId="5" StartOffset="100"/>
</Header>
<LocList>
<Loc EndOffset="644" SrcFileId="5" StartOffset="100"/>
</LocList>
<HierarchyLvl HierarchyLvlId="786" HierarchyLvlTypeId="35" Intrnl_Id="187" Name="HTTP403Forbidden">
<Header>
<Loc EndOffset="182" SrcFileId="5" StartOffset="157"/>
</Header>
<LocList>
<Loc EndOffset="188" SrcFileId="5" StartOffset="157"/>
</LocList>
</HierarchyLvl>
<HierarchyLvl HierarchyLvlId="787" HierarchyLvlTypeId="35" Intrnl_Id="188" Name="writeResponse">
<Header>
<Loc EndOffset="296" SrcFileId="5" StartOffset="193"/>
</Header>
<LocList>
<Loc EndOffset="639" SrcFileId="5" StartOffset="193"/>
</LocList>
<StmntSeq Intrnl_Id="189">
<LocList>
<Loc EndOffset="370" SrcFileId="5" StartOffset="302"/>
<Loc EndOffset="431" SrcFileId="5" StartOffset="382"/>
<Loc EndOffset="539" SrcFileId="5" StartOffset="435"/>
<Loc EndOffset="578" SrcFileId="5" StartOffset="543"/>
<Loc EndOffset="625" SrcFileId="5" StartOffset="582"/>
</LocList>
<BasicStmnt CovItemId="S1" CovItemPrefix="se.lnu.http.response.HTTP403Forbidden.java" Intrnl_Id="190">
<LocList>
<Loc EndOffset="370" SrcFileId="5" StartOffset="302"/>
</LocList>
</BasicStmnt>
<BasicStmnt CovItemId="S2" CovItemPrefix="se.lnu.http.response.HTTP403Forbidden.java" Intrnl_Id="191">
<LocList>
<Loc EndOffset="431" SrcFileId="5" StartOffset="382"/>
</LocList>
</BasicStmnt>
<BasicStmnt CovItemId="S3" CovItemPrefix="se.lnu.http.response.HTTP403Forbidden.java" Intrnl_Id="192">
<LocList>
<Loc EndOffset="539" SrcFileId="5" StartOffset="435"/>
</LocList>
</BasicStmnt>
<BasicStmnt CovItemId="S4" CovItemPrefix="se.lnu.http.response.HTTP403Forbidden.java" Intrnl_Id="193">
<LocList>
<Loc EndOffset="578" SrcFileId="5" StartOffset="543"/>
</LocList>
</BasicStmnt>
<BasicStmnt CovItemId="S5" CovItemPrefix="se.lnu.http.response.HTTP403Forbidden.java" Intrnl_Id="194">
<LocList>
<Loc EndOffset="625" SrcFileId="5" StartOffset="582"/>
</LocList>
</BasicStmnt>
</StmntSeq>
</HierarchyLvl>
</HierarchyLvl>
<HierarchyLvl HierarchyLvlId="790" HierarchyLvlTypeId="34" Intrnl_Id="195" Name="HTTP400BadRequest">
<Header>
<Loc EndOffset="151" SrcFileId="6" StartOffset="100"/>
</Header>
<LocList>
<Loc EndOffset="595" SrcFileId="6" StartOffset="100"/>
</LocList>
<HierarchyLvl HierarchyLvlId="789" HierarchyLvlTypeId="35" Intrnl_Id="196" Name="writeResponse">
<Header>
<Loc EndOffset="261" SrcFileId="6" StartOffset="158"/>
</Header>
<LocList>
<Loc EndOffset="590" SrcFileId="6" StartOffset="158"/>
</LocList>
<StmntSeq Intrnl_Id="197">
<LocList>
<Loc EndOffset="337" SrcFileId="6" StartOffset="267"/>
<Loc EndOffset="392" SrcFileId="6" StartOffset="341"/>
<Loc EndOffset="500" SrcFileId="6" StartOffset="396"/>
<Loc EndOffset="539" SrcFileId="6" StartOffset="504"/>
<Loc EndOffset="586" SrcFileId="6" StartOffset="543"/>
</LocList>
<BasicStmnt CovItemId="S1" CovItemPrefix="se.lnu.http.response.HTTP400BadRequest.java" Intrnl_Id="198">
<LocList>
<Loc EndOffset="337" SrcFileId="6" StartOffset="267"/>
</LocList>
</BasicStmnt>
<BasicStmnt CovItemId="S2" CovItemPrefix="se.lnu.http.response.HTTP400BadRequest.java" Intrnl_Id="199">
<LocList>
<Loc EndOffset="392" SrcFileId="6" StartOffset="341"/>
</LocList>
</BasicStmnt>
<BasicStmnt CovItemId="S3" CovItemPrefix="se.lnu.http.response.HTTP400BadRequest.java" Intrnl_Id="200">
<LocList>
<Loc EndOffset="500" SrcFileId="6" StartOffset="396"/>
</LocList>
</BasicStmnt>
<BasicStmnt CovItemId="S4" CovItemPrefix="se.lnu.http.response.HTTP400BadRequest.java" Intrnl_Id="201">
<LocList>
<Loc EndOffset="539" SrcFileId="6" StartOffset="504"/>
</LocList>
</BasicStmnt>
<BasicStmnt CovItemId="S5" CovItemPrefix="se.lnu.http.response.HTTP400BadRequest.java" Intrnl_Id="202">
<LocList>
<Loc EndOffset="586" SrcFileId="6" StartOffset="543"/>
</LocList>
</BasicStmnt>
</StmntSeq>
</HierarchyLvl>
</HierarchyLvl>
<HierarchyLvl HierarchyLvlId="793" HierarchyLvlTypeId="34" Intrnl_Id="203" Name="HTTP200OKFileResponse">
<Header>
<Loc EndOffset="271" SrcFileId="7" StartOffset="216"/>
</Header>
<LocList>
<Loc EndOffset="1157" SrcFileId="7" StartOffset="216"/>
</LocList>
<HierarchyLvl HierarchyLvlId="791" HierarchyLvlTypeId="35" Intrnl_Id="204" Name="HTTP200OKFileResponse">
<Header>
<Loc EndOffset="444" SrcFileId="7" StartOffset="363"/>
</Header>
<LocList>
<Loc EndOffset="535" SrcFileId="7" StartOffset="363"/>
</LocList>
<StmntSeq Intrnl_Id="205">
<LocList>
<Loc EndOffset="467" SrcFileId="7" StartOffset="450"/>
<Loc EndOffset="494" SrcFileId="7" StartOffset="471"/>
<Loc EndOffset="531" SrcFileId="7" StartOffset="498"/>
</LocList>
<BasicStmnt CovItemId="S1" CovItemPrefix="se.lnu.http.response.HTTP200OKFileResponse.java" Intrnl_Id="206">
<LocList>
<Loc EndOffset="467" SrcFileId="7" StartOffset="450"/>
</LocList>
</BasicStmnt>
<BasicStmnt CovItemId="S2" CovItemPrefix="se.lnu.http.response.HTTP200OKFileResponse.java" Intrnl_Id="207">
<LocList>
<Loc EndOffset="494" SrcFileId="7" StartOffset="471"/>
</LocList>
</BasicStmnt>
<BasicStmnt CovItemId="S3" CovItemPrefix="se.lnu.http.response.HTTP200OKFileResponse.java" Intrnl_Id="208">
<LocList>
<Loc EndOffset="531" SrcFileId="7" StartOffset="498"/>
</LocList>
</BasicStmnt>
</StmntSeq>
</HierarchyLvl>
<HierarchyLvl HierarchyLvlId="792" HierarchyLvlTypeId="35" Intrnl_Id="209" Name="writeResponse">
<Header>
<Loc EndOffset="643" SrcFileId="7" StartOffset="540"/>
</Header>
<LocList>
<Loc EndOffset="1152" SrcFileId="7" StartOffset="540"/>
</LocList>
<StmntSeq Intrnl_Id="210">
<LocList>
<Loc EndOffset="682" SrcFileId="7" StartOffset="649"/>
<Loc EndOffset="725" SrcFileId="7" StartOffset="686"/>
<Loc EndOffset="809" SrcFileId="7" StartOffset="737"/>
<Loc EndOffset="859" SrcFileId="7" StartOffset="817"/>
<Loc EndOffset="943" SrcFileId="7" StartOffset="867"/>
<Loc EndOffset="982" SrcFileId="7" StartOffset="947"/>
<Loc EndOffset="1059" SrcFileId="7" StartOffset="990"/>
<Loc EndOffset="1093" SrcFileId="7" StartOffset="1063"/>
<Loc EndOffset="1143" SrcFileId="7" StartOffset="1101"/>
</LocList>
<BasicStmnt CovItemId="S4" CovItemPrefix="se.lnu.http.response.HTTP200OKFileResponse.java" Intrnl_Id="211">
<LocList>
<Loc EndOffset="682" SrcFileId="7" StartOffset="649"/>
</LocList>
</BasicStmnt>
<BasicStmnt CovItemId="S5" CovItemPrefix="se.lnu.http.response.HTTP200OKFileResponse.java" Intrnl_Id="212">
<LocList>
<Loc EndOffset="725" SrcFileId="7" StartOffset="686"/>
</LocList>
</BasicStmnt>
<BasicStmnt CovItemId="S6" CovItemPrefix="se.lnu.http.response.HTTP200OKFileResponse.java" Intrnl_Id="213">
<LocList>
<Loc EndOffset="809" SrcFileId="7" StartOffset="737"/>
</LocList>
</BasicStmnt>
<BasicStmnt CovItemId="S7" CovItemPrefix="se.lnu.http.response.HTTP200OKFileResponse.java" Intrnl_Id="214">
<LocList>
<Loc EndOffset="859" SrcFileId="7" StartOffset="817"/>
</LocList>
</BasicStmnt>
<BasicStmnt CovItemId="S8" CovItemPrefix="se.lnu.http.response.HTTP200OKFileResponse.java" Intrnl_Id="215">
<LocList>
<Loc EndOffset="943" SrcFileId="7" StartOffset="867"/>
</LocList>
</BasicStmnt>
<BasicStmnt CovItemId="S9" CovItemPrefix="se.lnu.http.response.HTTP200OKFileResponse.java" Intrnl_Id="216">
<LocList>
<Loc EndOffset="982" SrcFileId="7" StartOffset="947"/>
</LocList>
</BasicStmnt>
<BasicStmnt CovItemId="S10" CovItemPrefix="se.lnu.http.response.HTTP200OKFileResponse.java" Intrnl_Id="217">
<LocList>
<Loc EndOffset="1059" SrcFileId="7" StartOffset="990"/>
</LocList>
</BasicStmnt>
<BasicStmnt CovItemId="S11" CovItemPrefix="se.lnu.http.response.HTTP200OKFileResponse.java" Intrnl_Id="218">
<LocList>
<Loc EndOffset="1093" SrcFileId="7" StartOffset="1063"/>
</LocList>
</BasicStmnt>
<BasicStmnt CovItemId="S12" CovItemPrefix="se.lnu.http.response.HTTP200OKFileResponse.java" Intrnl_Id="219">
<LocList>
<Loc EndOffset="1143" SrcFileId="7" StartOffset="1101"/>
</LocList>
</BasicStmnt>
</StmntSeq>
</HierarchyLvl>
</HierarchyLvl>
<HierarchyLvl HierarchyLvlId="797" HierarchyLvlTypeId="32" Intrnl_Id="220" Name="ContentType">
<Header>
<Loc EndOffset="56" SrcFileId="8" StartOffset="33"/>
</Header>
<LocList>
<Loc EndOffset="856" SrcFileId="8" StartOffset="33"/>
</LocList>
<HierarchyLvl HierarchyLvlId="794" HierarchyLvlTypeId="35" Intrnl_Id="221" Name="ContentType">
<Header>
<Loc EndOffset="446" SrcFileId="8" StartOffset="390"/>
</Header>
<LocList>
<Loc EndOffset="528" SrcFileId="8" StartOffset="390"/>
</LocList>
<StmntSeq Intrnl_Id="222">
<LocList>
<Loc EndOffset="477" SrcFileId="8" StartOffset="452"/>
<Loc EndOffset="524" SrcFileId="8" StartOffset="481"/>
</LocList>
<BasicStmnt CovItemId="S1" CovItemPrefix="se.lnu.http.response.ContentType.java" Intrnl_Id="223">
<LocList>
<Loc EndOffset="477" SrcFileId="8" StartOffset="452"/>
</LocList>
</BasicStmnt>
<BasicStmnt CovItemId="S2" CovItemPrefix="se.lnu.http.response.ContentType.java" Intrnl_Id="224">
<LocList>
<Loc EndOffset="524" SrcFileId="8" StartOffset="481"/>
</LocList>
</BasicStmnt>
</StmntSeq>
</HierarchyLvl>
<HierarchyLvl HierarchyLvlId="795" HierarchyLvlTypeId="35" Intrnl_Id="225" Name="toString">
<Header>
<Loc EndOffset="558" SrcFileId="8" StartOffset="534"/>
</Header>
<LocList>
<Loc EndOffset="583" SrcFileId="8" StartOffset="534"/>
</LocList>
<StmntSeq Intrnl_Id="226">
<LocList>
<Loc EndOffset="579" SrcFileId="8" StartOffset="563"/>
</LocList>
<BasicStmnt CovItemId="S3" CovItemPrefix="se.lnu.http.response.ContentType.java" Intrnl_Id="227">
<LocList>
<Loc EndOffset="579" SrcFileId="8" StartOffset="563"/>
</LocList>
</BasicStmnt>
</StmntSeq>
</HierarchyLvl>
<HierarchyLvl HierarchyLvlId="796" HierarchyLvlTypeId="35" Intrnl_Id="228" Name="getFromFileEnding">
<Header>
<Loc EndOffset="650" SrcFileId="8" StartOffset="588"/>
</Header>
<LocList>
<Loc EndOffset="853" SrcFileId="8" StartOffset="588"/>
</LocList>
<StmntSeq Intrnl_Id="229">
<LocList>
<Loc EndOffset="815" SrcFileId="8" StartOffset="660"/>
<Loc EndOffset="849" SrcFileId="8" StartOffset="823"/>
</LocList>
<LoopStmnt CovItemId="S4" CovItemPrefix="se.lnu.http.response.ContentType.java" Intrnl_Id="230" MltplExecId="L1-2" MltplExecPrefix="se.lnu.http.response.ContentType.java" NvrExecId="L1-0" NvrExecPrefix="se.lnu.http.response.ContentType.java" OnceExecutedId="L1-1" OnceExecutedPrefix="se.lnu.http.response.ContentType.java" OptBodyExec="true">
<StmntSeq Intrnl_Id="231">
<LocList>
<Loc EndOffset="810" SrcFileId="8" StartOffset="700"/>
</LocList>
<LoopStmnt CovItemId="S5" CovItemPrefix="se.lnu.http.response.ContentType.java" Intrnl_Id="232" MltplExecId="L2-2" MltplExecPrefix="se.lnu.http.response.ContentType.java" NvrExecId="L2-0" NvrExecPrefix="se.lnu.http.response.ContentType.java" OnceExecutedId="L2-1" OnceExecutedPrefix="se.lnu.http.response.ContentType.java" OptBodyExec="true">
<StmntSeq Intrnl_Id="233">
<LocList>
<Loc EndOffset="804" SrcFileId="8" StartOffset="746"/>
</LocList>
<CondStmnt CovItemId="S6" CovItemPrefix="se.lnu.http.response.ContentType.java" Intrnl_Id="234">
<Branch CovItemId="B1" CovItemPrefix="se.lnu.http.response.ContentType.java" Implct="false" Intrnl_Id="235">
<Cond/>
<LocList>
<Loc EndOffset="804" SrcFileId="8" StartOffset="777"/>
</LocList>
<StmntSeq Intrnl_Id="236">
<LocList>
<Loc EndOffset="797" SrcFileId="8" StartOffset="785"/>
</LocList>
<BasicStmnt CovItemId="S7" CovItemPrefix="se.lnu.http.response.ContentType.java" Intrnl_Id="237">
<LocList>
<Loc EndOffset="797" SrcFileId="8" StartOffset="785"/>
</LocList>
</BasicStmnt>
</StmntSeq>
</Branch>
<Branch CovItemId="B2" CovItemPrefix="se.lnu.http.response.ContentType.java" Implct="true" Intrnl_Id="238">
<Cond/>
<LocList/>
<StmntSeq Intrnl_Id="239">
<LocList/>
</StmntSeq>
</Branch>
<Keyword EndOffset="748" SrcFileId="8" StartOffset="746"/>
<LocList>
<Loc EndOffset="804" SrcFileId="8" StartOffset="746"/>
</LocList>
<RootTerm CovItemId="C1" CovItemPrefix="se.lnu.http.response.ContentType.java" Intrnl_Id="240">
<BasicBoolTerm Intrnl_Id="241">
<LocList>
<Loc EndOffset="775" SrcFileId="8" StartOffset="750"/>
</LocList>
</BasicBoolTerm>
</RootTerm>
</CondStmnt>
</StmntSeq>
<Keyword EndOffset="703" SrcFileId="8" StartOffset="700"/>
<LocList>
<Loc EndOffset="810" SrcFileId="8" StartOffset="700"/>
</LocList>
</LoopStmnt>
</StmntSeq>
<Keyword EndOffset="663" SrcFileId="8" StartOffset="660"/>
<LocList>
<Loc EndOffset="815" SrcFileId="8" StartOffset="660"/>
</LocList>
</LoopStmnt>
<BasicStmnt CovItemId="S8" CovItemPrefix="se.lnu.http.response.ContentType.java" Intrnl_Id="242">
<LocList>
<Loc EndOffset="849" SrcFileId="8" StartOffset="823"/>
</LocList>
</BasicStmnt>
</StmntSeq>
</HierarchyLvl>
</HierarchyLvl>
</HierarchyLvl>
<HierarchyLvl HierarchyLvlId="882" HierarchyLvlTypeId="33" Intrnl_Id="243" Name="exceptions">
<Header/>
<LocList/>
<HierarchyLvl HierarchyLvlId="799" HierarchyLvlTypeId="34" Intrnl_Id="244" Name="WrongNumberOfArgumentsException">
<Header>
<Loc EndOffset="97" SrcFileId="9" StartOffset="35"/>
</Header>
<LocList>
<Loc EndOffset="314" SrcFileId="9" StartOffset="35"/>
</LocList>
<StmntSeq Intrnl_Id="245">
<LocList>
<Loc EndOffset="189" SrcFileId="9" StartOffset="122"/>
</LocList>
<BasicStmnt CovItemId="S1" CovItemPrefix="se.lnu.http.exceptions.WrongNumberOfArgumentsException.java" Intrnl_Id="246">
<LocList>
<Loc EndOffset="189" SrcFileId="9" StartOffset="122"/>
</LocList>
</BasicStmnt>
</StmntSeq>
<HierarchyLvl HierarchyLvlId="798" HierarchyLvlTypeId="35" Intrnl_Id="247" Name="WrongNumberOfArgumentsException">
<Header>
<Loc EndOffset="234" SrcFileId="9" StartOffset="194"/>
</Header>
<LocList>
<Loc EndOffset="304" SrcFileId="9" StartOffset="194"/>
</LocList>
<StmntSeq Intrnl_Id="248">
<LocList>
<Loc EndOffset="300" SrcFileId="9" StartOffset="240"/>
</LocList>
<BasicStmnt CovItemId="S2" CovItemPrefix="se.lnu.http.exceptions.WrongNumberOfArgumentsException.java" Intrnl_Id="249">
<LocList>
<Loc EndOffset="300" SrcFileId="9" StartOffset="240"/>
</LocList>
</BasicStmnt>
</StmntSeq>
</HierarchyLvl>
</HierarchyLvl>
<HierarchyLvl HierarchyLvlId="800" HierarchyLvlTypeId="34" Intrnl_Id="250" Name="NotStartedException">
<Header>
<Loc EndOffset="85" SrcFileId="10" StartOffset="35"/>
</Header>
<LocList>
<Loc EndOffset="181" SrcFileId="10" StartOffset="35"/>
</LocList>
<StmntSeq Intrnl_Id="251">
<LocList>
<Loc EndOffset="176" SrcFileId="10" StartOffset="110"/>
</LocList>
<BasicStmnt CovItemId="S1" CovItemPrefix="se.lnu.http.exceptions.NotStartedException.java" Intrnl_Id="252">
<LocList>
<Loc EndOffset="176" SrcFileId="10" StartOffset="110"/>
</LocList>
</BasicStmnt>
</StmntSeq>
</HierarchyLvl>
<HierarchyLvl HierarchyLvlId="803" HierarchyLvlTypeId="34" Intrnl_Id="253" Name="NotADirectoryException">
<Header>
<Loc EndOffset="88" SrcFileId="11" StartOffset="35"/>
</Header>
<LocList>
<Loc EndOffset="324" SrcFileId="11" StartOffset="35"/>
</LocList>
<StmntSeq Intrnl_Id="254">
<LocList>
<Loc EndOffset="319" SrcFileId="11" StartOffset="252"/>
</LocList>
<BasicStmnt CovItemId="S3" CovItemPrefix="se.lnu.http.exceptions.NotADirectoryException.java" Intrnl_Id="255">
<LocList>
<Loc EndOffset="319" SrcFileId="11" StartOffset="252"/>
</LocList>
</BasicStmnt>
</StmntSeq>
<HierarchyLvl HierarchyLvlId="801" HierarchyLvlTypeId="35" Intrnl_Id="256" Name="NotADirectoryException">
<Header>
<Loc EndOffset="139" SrcFileId="11" StartOffset="95"/>
</Header>
<LocList>
<Loc EndOffset="163" SrcFileId="11" StartOffset="95"/>
</LocList>
<StmntSeq Intrnl_Id="257">
<LocList>
<Loc EndOffset="159" SrcFileId="11" StartOffset="145"/>
</LocList>
<BasicStmnt CovItemId="S1" CovItemPrefix="se.lnu.http.exceptions.NotADirectoryException.java" Intrnl_Id="258">
<LocList>
<Loc EndOffset="159" SrcFileId="11" StartOffset="145"/>
</LocList>
</BasicStmnt>
</StmntSeq>
</HierarchyLvl>
<HierarchyLvl HierarchyLvlId="802" HierarchyLvlTypeId="35" Intrnl_Id="259" Name="NotADirectoryException">
<Header>
<Loc EndOffset="210" SrcFileId="11" StartOffset="168"/>
</Header>
<LocList>
<Loc EndOffset="229" SrcFileId="11" StartOffset="168"/>
</LocList>
<StmntSeq Intrnl_Id="260">
<LocList>
<Loc EndOffset="225" SrcFileId="11" StartOffset="216"/>
</LocList>
<BasicStmnt CovItemId="S2" CovItemPrefix="se.lnu.http.exceptions.NotADirectoryException.java" Intrnl_Id="261">
<LocList>
<Loc EndOffset="225" SrcFileId="11" StartOffset="216"/>
</LocList>
</BasicStmnt>
</StmntSeq>
</HierarchyLvl>
</HierarchyLvl>
<HierarchyLvl HierarchyLvlId="805" HierarchyLvlTypeId="34" Intrnl_Id="262" Name="MalformedRequestException">
<Header>
<Loc EndOffset="91" SrcFileId="12" StartOffset="35"/>
</Header>
<LocList>
<Loc EndOffset="276" SrcFileId="12" StartOffset="35"/>
</LocList>
<StmntSeq Intrnl_Id="263">
<LocList>
<Loc EndOffset="271" SrcFileId="12" StartOffset="206"/>
</LocList>
<BasicStmnt CovItemId="S2" CovItemPrefix="se.lnu.http.exceptions.MalformedRequestException.java" Intrnl_Id="264">
<LocList>
<Loc EndOffset="271" SrcFileId="12" StartOffset="206"/>
</LocList>
</BasicStmnt>
</StmntSeq>
<HierarchyLvl HierarchyLvlId="804" HierarchyLvlTypeId="35" Intrnl_Id="265" Name="MalformedRequestException">
<Header>
<Loc EndOffset="152" SrcFileId="12" StartOffset="98"/>
</Header>
<LocList>
<Loc EndOffset="183" SrcFileId="12" StartOffset="98"/>
</LocList>
<StmntSeq Intrnl_Id="266">
<LocList>
<Loc EndOffset="179" SrcFileId="12" StartOffset="158"/>
</LocList>
<BasicStmnt CovItemId="S1" CovItemPrefix="se.lnu.http.exceptions.MalformedRequestException.java" Intrnl_Id="267">
<LocList>
<Loc EndOffset="179" SrcFileId="12" StartOffset="158"/>
</LocList>
</BasicStmnt>
</StmntSeq>
</HierarchyLvl>
</HierarchyLvl>
<HierarchyLvl HierarchyLvlId="807" HierarchyLvlTypeId="34" Intrnl_Id="268" Name="InvalidPortException">
<Header>
<Loc EndOffset="86" SrcFileId="13" StartOffset="35"/>
</Header>
<LocList>
<Loc EndOffset="255" SrcFileId="13" StartOffset="35"/>
</LocList>
<StmntSeq Intrnl_Id="269">
<LocList>
<Loc EndOffset="174" SrcFileId="13" StartOffset="111"/>
</LocList>
<BasicStmnt CovItemId="S1" CovItemPrefix="se.lnu.http.exceptions.InvalidPortException.java" Intrnl_Id="270">
<LocList>
<Loc EndOffset="174" SrcFileId="13" StartOffset="111"/>
</LocList>
</BasicStmnt>
</StmntSeq>
<HierarchyLvl HierarchyLvlId="806" HierarchyLvlTypeId="35" Intrnl_Id="271" Name="InvalidPortException">
<Header>
<Loc EndOffset="221" SrcFileId="13" StartOffset="179"/>
</Header>
<LocList>
<Loc EndOffset="245" SrcFileId="13" StartOffset="179"/>
</LocList>
<StmntSeq Intrnl_Id="272">
<LocList>
<Loc EndOffset="241" SrcFileId="13" StartOffset="227"/>
</LocList>
<BasicStmnt CovItemId="S2" CovItemPrefix="se.lnu.http.exceptions.InvalidPortException.java" Intrnl_Id="273">
<LocList>
<Loc EndOffset="241" SrcFileId="13" StartOffset="227"/>
</LocList>
</BasicStmnt>
</StmntSeq>
</HierarchyLvl>
</HierarchyLvl>
</HierarchyLvl>
<HierarchyLvl HierarchyLvlId="883" HierarchyLvlTypeId="33" Intrnl_Id="274" Name="client">
<Header/>
<LocList/>
<HierarchyLvl HierarchyLvlId="810" HierarchyLvlTypeId="34" Intrnl_Id="275" Name="SocketClient">
<Header>
<Loc EndOffset="285" SrcFileId="14" StartOffset="260"/>
</Header>
<LocList>
<Loc EndOffset="1080" SrcFileId="14" StartOffset="260"/>
</LocList>
<HierarchyLvl HierarchyLvlId="808" HierarchyLvlTypeId="35" Intrnl_Id="276" Name="SocketClient">
<Header>
<Loc EndOffset="415" SrcFileId="14" StartOffset="352"/>
</Header>
<LocList>
<Loc EndOffset="475" SrcFileId="14" StartOffset="352"/>
</LocList>
<StmntSeq Intrnl_Id="277">
<LocList>
<Loc EndOffset="446" SrcFileId="14" StartOffset="421"/>
<Loc EndOffset="471" SrcFileId="14" StartOffset="450"/>
</LocList>
<BasicStmnt CovItemId="S1" CovItemPrefix="se.lnu.http.client.SocketClient.java" Intrnl_Id="278">
<LocList>
<Loc EndOffset="446" SrcFileId="14" StartOffset="421"/>
</LocList>
</BasicStmnt>
<BasicStmnt CovItemId="S2" CovItemPrefix="se.lnu.http.client.SocketClient.java" Intrnl_Id="279">
<LocList>
<Loc EndOffset="471" SrcFileId="14" StartOffset="450"/>
</LocList>
</BasicStmnt>
</StmntSeq>
</HierarchyLvl>
<HierarchyLvl HierarchyLvlId="809" HierarchyLvlTypeId="35" Intrnl_Id="280" Name="get">
<Header>
<Loc EndOffset="562" SrcFileId="14" StartOffset="480"/>
</Header>
<LocList>
<Loc EndOffset="1077" SrcFileId="14" StartOffset="480"/>
</LocList>
<StmntSeq Intrnl_Id="281">
<LocList>
<Loc EndOffset="655" SrcFileId="14" StartOffset="582"/>
<Loc EndOffset="690" SrcFileId="14" StartOffset="660"/>
<Loc EndOffset="788" SrcFileId="14" StartOffset="695"/>
<Loc EndOffset="884" SrcFileId="14" StartOffset="793"/>
<Loc EndOffset="953" SrcFileId="14" StartOffset="894"/>
<Loc EndOffset="978" SrcFileId="14" StartOffset="963"/>
<Loc EndOffset="1000" SrcFileId="14" StartOffset="988"/>
<Loc EndOffset="1067" SrcFileId="14" StartOffset="572"/>
</LocList>
<BasicStmnt CovItemId="S4" CovItemPrefix="se.lnu.http.client.SocketClient.java" Intrnl_Id="282">
<LocList>
<Loc EndOffset="655" SrcFileId="14" StartOffset="582"/>
</LocList>
</BasicStmnt>
<BasicStmnt CovItemId="S5" CovItemPrefix="se.lnu.http.client.SocketClient.java" Intrnl_Id="283">
<LocList>
<Loc EndOffset="690" SrcFileId="14" StartOffset="660"/>
</LocList>
</BasicStmnt>
<BasicStmnt CovItemId="S6" CovItemPrefix="se.lnu.http.client.SocketClient.java" Intrnl_Id="284">
<LocList>
<Loc EndOffset="788" SrcFileId="14" StartOffset="695"/>
</LocList>
</BasicStmnt>
<BasicStmnt CovItemId="S7" CovItemPrefix="se.lnu.http.client.SocketClient.java" Intrnl_Id="285">
<LocList>
<Loc EndOffset="884" SrcFileId="14" StartOffset="793"/>
</LocList>
</BasicStmnt>
<BasicStmnt CovItemId="S8" CovItemPrefix="se.lnu.http.client.SocketClient.java" Intrnl_Id="286">
<LocList>
<Loc EndOffset="953" SrcFileId="14" StartOffset="894"/>
</LocList>
</BasicStmnt>
<BasicStmnt CovItemId="S9" CovItemPrefix="se.lnu.http.client.SocketClient.java" Intrnl_Id="287">
<LocList>
<Loc EndOffset="978" SrcFileId="14" StartOffset="963"/>
</LocList>
</BasicStmnt>
<BasicStmnt CovItemId="S10" CovItemPrefix="se.lnu.http.client.SocketClient.java" Intrnl_Id="288">
<LocList>
<Loc EndOffset="1000" SrcFileId="14" StartOffset="988"/>
</LocList>
</BasicStmnt>
<CondStmnt CovItemId="S3" CovItemPrefix="se.lnu.http.client.SocketClient.java" Intrnl_Id="289">
<Branch CovItemId="B1" CovItemPrefix="se.lnu.http.client.SocketClient.java" Implct="true" Intrnl_Id="290">
<Cond/>
<LocList/>
<StmntSeq Intrnl_Id="291">
<LocList/>
</StmntSeq>
</Branch>
<Branch CovItemId="B2" CovItemPrefix="se.lnu.http.client.SocketClient.java" Implct="false" Intrnl_Id="292">
<Cond>
<Loc EndOffset="1027" SrcFileId="14" StartOffset="1006"/>
</Cond>
<LocList>
<Loc EndOffset="1067" SrcFileId="14" StartOffset="1028"/>
</LocList>
<StmntSeq Intrnl_Id="293">
<LocList>
<Loc EndOffset="1049" SrcFileId="14" StartOffset="1034"/>
<Loc EndOffset="1062" SrcFileId="14" StartOffset="1054"/>
</LocList>
<BasicStmnt CovItemId="S11" CovItemPrefix="se.lnu.http.client.SocketClient.java" Intrnl_Id="294">
<LocList>
<Loc EndOffset="1049" SrcFileId="14" StartOffset="1034"/>
</LocList>
</BasicStmnt>
<BasicStmnt CovItemId="S12" CovItemPrefix="se.lnu.http.client.SocketClient.java" Intrnl_Id="295">
<LocList>
<Loc EndOffset="1062" SrcFileId="14" StartOffset="1054"/>
</LocList>
</BasicStmnt>
</StmntSeq>
</Branch>
<Keyword EndOffset="575" SrcFileId="14" StartOffset="572"/>
<LocList>
<Loc EndOffset="1067" SrcFileId="14" StartOffset="572"/>
</LocList>
</CondStmnt>
</StmntSeq>
</HierarchyLvl>
</HierarchyLvl>
<HierarchyLvl HierarchyLvlId="812" HierarchyLvlTypeId="34" Intrnl_Id="296" Name="HTTPGetProtocoll">
<Header>
<Loc EndOffset="189" SrcFileId="15" StartOffset="160"/>
</Header>
<LocList>
<Loc EndOffset="596" SrcFileId="15" StartOffset="160"/>
</LocList>
<HierarchyLvl HierarchyLvlId="811" HierarchyLvlTypeId="35" Intrnl_Id="297" Name="doGet">
<Header>
<Loc EndOffset="313" SrcFileId="15" StartOffset="199"/>
</Header>
<LocList>
<Loc EndOffset="588" SrcFileId="15" StartOffset="199"/>
</LocList>
<StmntSeq Intrnl_Id="298">
<LocList>
<Loc EndOffset="419" SrcFileId="15" StartOffset="319"/>
<Loc EndOffset="441" SrcFileId="15" StartOffset="423"/>
<Loc EndOffset="496" SrcFileId="15" StartOffset="449"/>
<Loc EndOffset="535" SrcFileId="15" StartOffset="500"/>
<Loc EndOffset="568" SrcFileId="15" StartOffset="539"/>
<Loc EndOffset="584" SrcFileId="15" StartOffset="572"/>
</LocList>
<BasicStmnt CovItemId="S1" CovItemPrefix="se.lnu.http.client.HTTPGetProtocoll.java" Intrnl_Id="299">
<LocList>
<Loc EndOffset="419" SrcFileId="15" StartOffset="319"/>
</LocList>
</BasicStmnt>
<BasicStmnt CovItemId="S2" CovItemPrefix="se.lnu.http.client.HTTPGetProtocoll.java" Intrnl_Id="300">
<LocList>
<Loc EndOffset="441" SrcFileId="15" StartOffset="423"/>
</LocList>
</BasicStmnt>
<BasicStmnt CovItemId="S3" CovItemPrefix="se.lnu.http.client.HTTPGetProtocoll.java" Intrnl_Id="301">
<LocList>
<Loc EndOffset="496" SrcFileId="15" StartOffset="449"/>
</LocList>
</BasicStmnt>
<BasicStmnt CovItemId="S4" CovItemPrefix="se.lnu.http.client.HTTPGetProtocoll.java" Intrnl_Id="302">
<LocList>
<Loc EndOffset="535" SrcFileId="15" StartOffset="500"/>
</LocList>
</BasicStmnt>
<BasicStmnt CovItemId="S5" CovItemPrefix="se.lnu.http.client.HTTPGetProtocoll.java" Intrnl_Id="303">
<LocList>
<Loc EndOffset="568" SrcFileId="15" StartOffset="539"/>
</LocList>
</BasicStmnt>
<BasicStmnt CovItemId="S6" CovItemPrefix="se.lnu.http.client.HTTPGetProtocoll.java" Intrnl_Id="304">
<LocList>
<Loc EndOffset="584" SrcFileId="15" StartOffset="572"/>
</LocList>
</BasicStmnt>
</StmntSeq>
</HierarchyLvl>
</HierarchyLvl>
</HierarchyLvl>
<HierarchyLvl HierarchyLvlId="815" HierarchyLvlTypeId="34" Intrnl_Id="305" Name="SharedFolder">
<Header>
<Loc EndOffset="141" SrcFileId="16" StartOffset="116"/>
</Header>
<LocList>
<Loc EndOffset="937" SrcFileId="16" StartOffset="116"/>
</LocList>
<HierarchyLvl HierarchyLvlId="813" HierarchyLvlTypeId="35" Intrnl_Id="306" Name="SharedFolder">
<Header>
<Loc EndOffset="235" SrcFileId="16" StartOffset="194"/>
</Header>
<LocList>
<Loc EndOffset="326" SrcFileId="16" StartOffset="194"/>
</LocList>
<StmntSeq Intrnl_Id="307">
<LocList>
<Loc EndOffset="322" SrcFileId="16" StartOffset="283"/>
</LocList>
<BasicStmnt CovItemId="S1" CovItemPrefix="se.lnu.http.SharedFolder.java" Intrnl_Id="308">
<LocList>
<Loc EndOffset="322" SrcFileId="16" StartOffset="283"/>
</LocList>
</BasicStmnt>
</StmntSeq>
</HierarchyLvl>
<HierarchyLvl HierarchyLvlId="814" HierarchyLvlTypeId="35" Intrnl_Id="309" Name="getURL">
<Header>
<Loc EndOffset="389" SrcFileId="16" StartOffset="331"/>
</Header>
<LocList>
<Loc EndOffset="932" SrcFileId="16" StartOffset="331"/>
</LocList>
<StmntSeq Intrnl_Id="310">
<LocList>
<Loc EndOffset="489" SrcFileId="16" StartOffset="417"/>
<Loc EndOffset="545" SrcFileId="16" StartOffset="493"/>
<Loc EndOffset="605" SrcFileId="16" StartOffset="553"/>
<Loc EndOffset="666" SrcFileId="16" StartOffset="609"/>
<Loc EndOffset="747" SrcFileId="16" StartOffset="670"/>
<Loc EndOffset="836" SrcFileId="16" StartOffset="751"/>
<Loc EndOffset="882" SrcFileId="16" StartOffset="840"/>
<Loc EndOffset="924" SrcFileId="16" StartOffset="890"/>
</LocList>
<CondStmnt CovItemId="S2" CovItemPrefix="se.lnu.http.SharedFolder.java" Intrnl_Id="311">
<Branch CovItemId="B1" CovItemPrefix="se.lnu.http.SharedFolder.java" Implct="false" Intrnl_Id="312">
<Cond/>
<LocList>
<Loc EndOffset="489" SrcFileId="16" StartOffset="449"/>
</LocList>
<StmntSeq Intrnl_Id="313">
<LocList>
<Loc EndOffset="484" SrcFileId="16" StartOffset="455"/>
</LocList>
<BasicStmnt CovItemId="S3" CovItemPrefix="se.lnu.http.SharedFolder.java" Intrnl_Id="314">
<LocList>
<Loc EndOffset="484" SrcFileId="16" StartOffset="455"/>
</LocList>
</BasicStmnt>
</StmntSeq>
</Branch>
<Branch CovItemId="B2" CovItemPrefix="se.lnu.http.SharedFolder.java" Implct="true" Intrnl_Id="315">
<Cond/>
<LocList/>
<StmntSeq Intrnl_Id="316">
<LocList/>
</StmntSeq>
</Branch>
<Keyword EndOffset="419" SrcFileId="16" StartOffset="417"/>
<LocList>
<Loc EndOffset="489" SrcFileId="16" StartOffset="417"/>
</LocList>
<RootTerm CovItemId="C1" CovItemPrefix="se.lnu.http.SharedFolder.java" Intrnl_Id="317">
<BasicBoolTerm Intrnl_Id="318">
<LocList>
<Loc EndOffset="447" SrcFileId="16" StartOffset="421"/>
</LocList>
</BasicBoolTerm>
</RootTerm>
</CondStmnt>
<BasicStmnt CovItemId="S4" CovItemPrefix="se.lnu.http.SharedFolder.java" Intrnl_Id="319">
<LocList>
<Loc EndOffset="545" SrcFileId="16" StartOffset="493"/>
</LocList>
</BasicStmnt>
<BasicStmnt CovItemId="S5" CovItemPrefix="se.lnu.http.SharedFolder.java" Intrnl_Id="320">
<LocList>
<Loc EndOffset="605" SrcFileId="16" StartOffset="553"/>
</LocList>
</BasicStmnt>
<BasicStmnt CovItemId="S6" CovItemPrefix="se.lnu.http.SharedFolder.java" Intrnl_Id="321">
<LocList>
<Loc EndOffset="666" SrcFileId="16" StartOffset="609"/>
</LocList>
</BasicStmnt>
<BasicStmnt CovItemId="S7" CovItemPrefix="se.lnu.http.SharedFolder.java" Intrnl_Id="322">
<LocList>
<Loc EndOffset="747" SrcFileId="16" StartOffset="670"/>
</LocList>
</BasicStmnt>
<CondStmnt CovItemId="S8" CovItemPrefix="se.lnu.http.SharedFolder.java" Intrnl_Id="323">
<Branch CovItemId="B3" CovItemPrefix="se.lnu.http.SharedFolder.java" Implct="false" Intrnl_Id="324">
<Cond/>
<LocList>
<Loc EndOffset="836" SrcFileId="16" StartOffset="794"/>
</LocList>
<StmntSeq Intrnl_Id="325">
<LocList>
<Loc EndOffset="830" SrcFileId="16" StartOffset="800"/>
</LocList>
<BasicStmnt CovItemId="S9" CovItemPrefix="se.lnu.http.SharedFolder.java" Intrnl_Id="326">
<LocList>
<Loc EndOffset="830" SrcFileId="16" StartOffset="800"/>
</LocList>
</BasicStmnt>
</StmntSeq>
</Branch>
<Branch CovItemId="B4" CovItemPrefix="se.lnu.http.SharedFolder.java" Implct="true" Intrnl_Id="327">
<Cond/>
<LocList/>
<StmntSeq Intrnl_Id="328">
<LocList/>
</StmntSeq>
</Branch>
<Keyword EndOffset="753" SrcFileId="16" StartOffset="751"/>
<LocList>
<Loc EndOffset="836" SrcFileId="16" StartOffset="751"/>
</LocList>
<RootTerm CovItemId="C2" CovItemPrefix="se.lnu.http.SharedFolder.java" Intrnl_Id="329">
<BasicBoolTerm Intrnl_Id="330">
<LocList>
<Loc EndOffset="792" SrcFileId="16" StartOffset="755"/>
</LocList>
</BasicBoolTerm>
</RootTerm>
</CondStmnt>
<CondStmnt CovItemId="S10" CovItemPrefix="se.lnu.http.SharedFolder.java" Intrnl_Id="331">
<Branch CovItemId="B5" CovItemPrefix="se.lnu.http.SharedFolder.java" Implct="false" Intrnl_Id="332">
<Cond/>
<LocList>
<Loc EndOffset="882" SrcFileId="16" StartOffset="859"/>
</LocList>
<StmntSeq Intrnl_Id="333">
<LocList>
<Loc EndOffset="877" SrcFileId="16" StartOffset="865"/>
</LocList>
<BasicStmnt CovItemId="S11" CovItemPrefix="se.lnu.http.SharedFolder.java" Intrnl_Id="334">
<LocList>
<Loc EndOffset="877" SrcFileId="16" StartOffset="865"/>
</LocList>
</BasicStmnt>
</StmntSeq>
</Branch>
<Branch CovItemId="B6" CovItemPrefix="se.lnu.http.SharedFolder.java" Implct="true" Intrnl_Id="335">
<Cond/>
<LocList/>
<StmntSeq Intrnl_Id="336">
<LocList/>
</StmntSeq>
</Branch>
<Keyword EndOffset="842" SrcFileId="16" StartOffset="840"/>
<LocList>
<Loc EndOffset="882" SrcFileId="16" StartOffset="840"/>
</LocList>
<RootTerm CovItemId="C3" CovItemPrefix="se.lnu.http.SharedFolder.java" Intrnl_Id="337">
<BasicBoolTerm Intrnl_Id="338">
<LocList>
<Loc EndOffset="857" SrcFileId="16" StartOffset="844"/>
</LocList>
</BasicBoolTerm>
</RootTerm>
</CondStmnt>
<BasicStmnt CovItemId="S12" CovItemPrefix="se.lnu.http.SharedFolder.java" Intrnl_Id="339">
<LocList>
<Loc EndOffset="924" SrcFileId="16" StartOffset="890"/>
</LocList>
</BasicStmnt>
</StmntSeq>
</HierarchyLvl>
</HierarchyLvl>
<HierarchyLvl HierarchyLvlId="817" HierarchyLvlTypeId="34" Intrnl_Id="340" Name="ServerFactory">
<Header>
<Loc EndOffset="74" SrcFileId="17" StartOffset="48"/>
</Header>
<LocList>
<Loc EndOffset="243" SrcFileId="17" StartOffset="48"/>
</LocList>
<HierarchyLvl HierarchyLvlId="816" HierarchyLvlTypeId="35" Intrnl_Id="341" Name="create">
<Header>
<Loc EndOffset="159" SrcFileId="17" StartOffset="81"/>
</Header>
<LocList>
<Loc EndOffset="238" SrcFileId="17" StartOffset="81"/>
</LocList>
<StmntSeq Intrnl_Id="342">
<LocList>
<Loc EndOffset="234" SrcFileId="17" StartOffset="165"/>
</LocList>
<BasicStmnt CovItemId="S1" CovItemPrefix="se.lnu.http.ServerFactory.java" Intrnl_Id="343">
<LocList>
<Loc EndOffset="234" SrcFileId="17" StartOffset="165"/>
</LocList>
</BasicStmnt>
</StmntSeq>
</HierarchyLvl>
</HierarchyLvl>
<HierarchyLvl HierarchyLvlId="821" HierarchyLvlTypeId="34" Intrnl_Id="344" Name="ResponseFactory">
<Header>
<Loc EndOffset="458" SrcFileId="18" StartOffset="430"/>
</Header>
<LocList>
<Loc EndOffset="1411" SrcFileId="18" StartOffset="430"/>
</LocList>
<HierarchyLvl HierarchyLvlId="818" HierarchyLvlTypeId="35" Intrnl_Id="345" Name="ResponseFactory">
<Header>
<Loc EndOffset="646" SrcFileId="18" StartOffset="561"/>
</Header>
<LocList>
<Loc EndOffset="741" SrcFileId="18" StartOffset="561"/>
</LocList>
<StmntSeq Intrnl_Id="346">
<LocList>
<Loc EndOffset="673" SrcFileId="18" StartOffset="652"/>
<Loc EndOffset="700" SrcFileId="18" StartOffset="677"/>
<Loc EndOffset="737" SrcFileId="18" StartOffset="704"/>
</LocList>
<BasicStmnt CovItemId="S1" CovItemPrefix="se.lnu.http.ResponseFactory.java" Intrnl_Id="347">
<LocList>
<Loc EndOffset="673" SrcFileId="18" StartOffset="652"/>
</LocList>
</BasicStmnt>
<BasicStmnt CovItemId="S2" CovItemPrefix="se.lnu.http.ResponseFactory.java" Intrnl_Id="348">
<LocList>
<Loc EndOffset="700" SrcFileId="18" StartOffset="677"/>
</LocList>
</BasicStmnt>
<BasicStmnt CovItemId="S3" CovItemPrefix="se.lnu.http.ResponseFactory.java" Intrnl_Id="349">
<LocList>
<Loc EndOffset="737" SrcFileId="18" StartOffset="704"/>
</LocList>
</BasicStmnt>
</StmntSeq>
</HierarchyLvl>
<HierarchyLvl HierarchyLvlId="819" HierarchyLvlTypeId="35" Intrnl_Id="350" Name="getResponse">
<Header>
<Loc EndOffset="817" SrcFileId="18" StartOffset="746"/>
</Header>
<LocList>
<Loc EndOffset="1313" SrcFileId="18" StartOffset="746"/>
</LocList>
<StmntSeq Intrnl_Id="351">
<LocList>
<Loc EndOffset="871" SrcFileId="18" StartOffset="823"/>
<Loc EndOffset="1234" SrcFileId="18" StartOffset="876"/>
<Loc EndOffset="1309" SrcFileId="18" StartOffset="1243"/>
</LocList>
<BasicStmnt CovItemId="S4" CovItemPrefix="se.lnu.http.ResponseFactory.java" Intrnl_Id="352">
<LocList>
<Loc EndOffset="871" SrcFileId="18" StartOffset="823"/>
</LocList>
</BasicStmnt>
<CondStmnt CovItemId="S5" CovItemPrefix="se.lnu.http.ResponseFactory.java" Intrnl_Id="353">
<Branch CovItemId="B1" CovItemPrefix="se.lnu.http.ResponseFactory.java" Implct="false" Intrnl_Id="354">
<Cond/>
<LocList>
<Loc EndOffset="1234" SrcFileId="18" StartOffset="914"/>
</LocList>
<StmntSeq Intrnl_Id="355">
<LocList>
<Loc EndOffset="975" SrcFileId="18" StartOffset="931"/>
<Loc EndOffset="1043" SrcFileId="18" StartOffset="981"/>
<Loc EndOffset="1224" SrcFileId="18" StartOffset="920"/>
</LocList>
<BasicStmnt CovItemId="S7" CovItemPrefix="se.lnu.http.ResponseFactory.java" Intrnl_Id="356">
<LocList>
<Loc EndOffset="975" SrcFileId="18" StartOffset="931"/>
</LocList>
</BasicStmnt>
<BasicStmnt CovItemId="S8" CovItemPrefix="se.lnu.http.ResponseFactory.java" Intrnl_Id="357">
<LocList>
<Loc EndOffset="1043" SrcFileId="18" StartOffset="981"/>
</LocList>
</BasicStmnt>
<CondStmnt CovItemId="S6" CovItemPrefix="se.lnu.http.ResponseFactory.java" Intrnl_Id="358">
<Branch CovItemId="B3" CovItemPrefix="se.lnu.http.ResponseFactory.java" Implct="true" Intrnl_Id="359">
<Cond/>
<LocList/>
<StmntSeq Intrnl_Id="360">
<LocList/>
</StmntSeq>
</Branch>
<Branch CovItemId="B4" CovItemPrefix="se.lnu.http.ResponseFactory.java" Implct="false" Intrnl_Id="361">
<Cond>
<Loc EndOffset="1081" SrcFileId="18" StartOffset="1050"/>
</Cond>
<LocList>
<Loc EndOffset="1152" SrcFileId="18" StartOffset="1082"/>
</LocList>
<StmntSeq Intrnl_Id="362">
<LocList>
<Loc EndOffset="1146" SrcFileId="18" StartOffset="1089"/>
</LocList>
<BasicStmnt CovItemId="S9" CovItemPrefix="se.lnu.http.ResponseFactory.java" Intrnl_Id="363">
<LocList>
<Loc EndOffset="1146" SrcFileId="18" StartOffset="1089"/>
</LocList>
</BasicStmnt>
</StmntSeq>
</Branch>
<Branch CovItemId="B5" CovItemPrefix="se.lnu.http.ResponseFactory.java" Implct="false" Intrnl_Id="364">
<Cond>
<Loc EndOffset="1180" SrcFileId="18" StartOffset="1153"/>
</Cond>
<LocList>
<Loc EndOffset="1224" SrcFileId="18" StartOffset="1181"/>
</LocList>
<StmntSeq Intrnl_Id="365">
<LocList>
<Loc EndOffset="1218" SrcFileId="18" StartOffset="1188"/>
</LocList>
<BasicStmnt CovItemId="S10" CovItemPrefix="se.lnu.http.ResponseFactory.java" Intrnl_Id="366">
<LocList>
<Loc EndOffset="1218" SrcFileId="18" StartOffset="1188"/>
</LocList>
</BasicStmnt>
</StmntSeq>
</Branch>
<Keyword EndOffset="923" SrcFileId="18" StartOffset="920"/>
<LocList>
<Loc EndOffset="1224" SrcFileId="18" StartOffset="920"/>
</LocList>
</CondStmnt>
</StmntSeq>
</Branch>
<Branch CovItemId="B2" CovItemPrefix="se.lnu.http.ResponseFactory.java" Implct="true" Intrnl_Id="367">
<Cond/>
<LocList/>
<StmntSeq Intrnl_Id="368">
<LocList/>
</StmntSeq>
</Branch>
<Keyword EndOffset="878" SrcFileId="18" StartOffset="876"/>
<LocList>
<Loc EndOffset="1234" SrcFileId="18" StartOffset="876"/>
</LocList>
<RootTerm CovItemId="C1" CovItemPrefix="se.lnu.http.ResponseFactory.java" Intrnl_Id="369">
<BasicBoolTerm Intrnl_Id="370">
<LocList>
<Loc EndOffset="912" SrcFileId="18" StartOffset="880"/>
</LocList>
</BasicBoolTerm>
</RootTerm>
</CondStmnt>
<BasicStmnt CovItemId="S11" CovItemPrefix="se.lnu.http.ResponseFactory.java" Intrnl_Id="371">
<LocList>
<Loc EndOffset="1309" SrcFileId="18" StartOffset="1243"/>
</LocList>
</BasicStmnt>
</StmntSeq>
</HierarchyLvl>
<HierarchyLvl HierarchyLvlId="820" HierarchyLvlTypeId="35" Intrnl_Id="372" Name="getBadResponse">
<Header>
<Loc EndOffset="1359" SrcFileId="18" StartOffset="1318"/>
</Header>
<LocList>
<Loc EndOffset="1400" SrcFileId="18" StartOffset="1318"/>
</LocList>
<StmntSeq Intrnl_Id="373">
<LocList>
<Loc EndOffset="1396" SrcFileId="18" StartOffset="1365"/>
</LocList>
<BasicStmnt CovItemId="S12" CovItemPrefix="se.lnu.http.ResponseFactory.java" Intrnl_Id="374">
<LocList>
<Loc EndOffset="1396" SrcFileId="18" StartOffset="1365"/>
</LocList>
</BasicStmnt>
</StmntSeq>
</HierarchyLvl>
</HierarchyLvl>
<HierarchyLvl HierarchyLvlId="824" HierarchyLvlTypeId="34" Intrnl_Id="375" Name="Port">
<Header>
<Loc EndOffset="96" SrcFileId="19" StartOffset="79"/>
</Header>
<LocList>
<Loc EndOffset="483" SrcFileId="19" StartOffset="79"/>
</LocList>
<HierarchyLvl HierarchyLvlId="822" HierarchyLvlTypeId="35" Intrnl_Id="376" Name="Port">
<Header>
<Loc EndOffset="186" SrcFileId="19" StartOffset="131"/>
</Header>
<LocList>
<Loc EndOffset="386" SrcFileId="19" StartOffset="131"/>
</LocList>
<StmntSeq Intrnl_Id="377">
<LocList>
<Loc EndOffset="341" SrcFileId="19" StartOffset="192"/>
<Loc EndOffset="378" SrcFileId="19" StartOffset="349"/>
</LocList>
<CondStmnt CovItemId="S1" CovItemPrefix="se.lnu.http.Port.java" Intrnl_Id="378">
<Branch CovItemId="B1" CovItemPrefix="se.lnu.http.Port.java" Implct="false" Intrnl_Id="379">
<Cond/>
<LocList>
<Loc EndOffset="341" SrcFileId="19" StartOffset="235"/>
</LocList>
<StmntSeq Intrnl_Id="380">
<LocList>
<Loc EndOffset="336" SrcFileId="19" StartOffset="241"/>
</LocList>
<BasicStmnt CovItemId="S2" CovItemPrefix="se.lnu.http.Port.java" Intrnl_Id="381">
<LocList>
<Loc EndOffset="336" SrcFileId="19" StartOffset="241"/>
</LocList>
</BasicStmnt>
</StmntSeq>
</Branch>
<Branch CovItemId="B2" CovItemPrefix="se.lnu.http.Port.java" Implct="true" Intrnl_Id="382">
<Cond/>
<LocList/>
<StmntSeq Intrnl_Id="383">
<LocList/>
</StmntSeq>
</Branch>
<Keyword EndOffset="194" SrcFileId="19" StartOffset="192"/>
<LocList>
<Loc EndOffset="341" SrcFileId="19" StartOffset="192"/>
</LocList>
<RootTerm CovItemId="C1" CovItemPrefix="se.lnu.http.Port.java" Intrnl_Id="384">
<OpTerm BooleanOpId="31" Intrnl_Id="385">
<BasicBoolTerm Intrnl_Id="386">
<LocList>
<Loc EndOffset="211" SrcFileId="19" StartOffset="196"/>
</LocList>
</BasicBoolTerm>
<BasicBoolTerm Intrnl_Id="387">
<LocList>
<Loc EndOffset="233" SrcFileId="19" StartOffset="215"/>
</LocList>
</BasicBoolTerm>
<LocList>
<Loc EndOffset="214" SrcFileId="19" StartOffset="212"/>
</LocList>
</OpTerm>
</RootTerm>
</CondStmnt>
<BasicStmnt CovItemId="S3" CovItemPrefix="se.lnu.http.Port.java" Intrnl_Id="388">
<LocList>
<Loc EndOffset="378" SrcFileId="19" StartOffset="349"/>
</LocList>
</BasicStmnt>
</StmntSeq>
</HierarchyLvl>
<HierarchyLvl HierarchyLvlId="823" HierarchyLvlTypeId="35" Intrnl_Id="389" Name="getPort">
<Header>
<Loc EndOffset="411" SrcFileId="19" StartOffset="391"/>
</Header>
<LocList>
<Loc EndOffset="477" SrcFileId="19" StartOffset="391"/>
</LocList>
<StmntSeq Intrnl_Id="390">
<LocList>
<Loc EndOffset="473" SrcFileId="19" StartOffset="455"/>
</LocList>
<BasicStmnt CovItemId="S4" CovItemPrefix="se.lnu.http.Port.java" Intrnl_Id="391">
<LocList>
<Loc EndOffset="473" SrcFileId="19" StartOffset="455"/>
</LocList>
</BasicStmnt>
</StmntSeq>
</HierarchyLvl>
</HierarchyLvl>
<HierarchyLvl HierarchyLvlId="833" HierarchyLvlTypeId="37" Intrnl_Id="392" Name="IServerWatcher">
<Header>
<Loc EndOffset="79" SrcFileId="20" StartOffset="48"/>
</Header>
<LocList>
<Loc EndOffset="347" SrcFileId="20" StartOffset="48"/>
</LocList>
<HierarchyLvl HierarchyLvlId="825" HierarchyLvlTypeId="35" Intrnl_Id="393" Name="serverConstructed">
<Header>
<Loc EndOffset="110" SrcFileId="20" StartOffset="86"/>
</Header>
<LocList>
<Loc EndOffset="111" SrcFileId="20" StartOffset="86"/>
</LocList>
</HierarchyLvl>
<HierarchyLvl HierarchyLvlId="826" HierarchyLvlTypeId="35" Intrnl_Id="394" Name="serverStarted">
<Header>
<Loc EndOffset="136" SrcFileId="20" StartOffset="116"/>
</Header>
<LocList>
<Loc EndOffset="137" SrcFileId="20" StartOffset="116"/>
</LocList>
</HierarchyLvl>
<HierarchyLvl HierarchyLvlId="827" HierarchyLvlTypeId="35" Intrnl_Id="395" Name="serverStopped">
<Header>
<Loc EndOffset="162" SrcFileId="20" StartOffset="142"/>
</Header>
<LocList>
<Loc EndOffset="163" SrcFileId="20" StartOffset="142"/>
</LocList>
</HierarchyLvl>
<HierarchyLvl HierarchyLvlId="828" HierarchyLvlTypeId="35" Intrnl_Id="396" Name="closedAccept">
<Header>
<Loc EndOffset="187" SrcFileId="20" StartOffset="168"/>
</Header>
<LocList>
<Loc EndOffset="188" SrcFileId="20" StartOffset="168"/>
</LocList>
</HierarchyLvl>
<HierarchyLvl HierarchyLvlId="829" HierarchyLvlTypeId="35" Intrnl_Id="397" Name="startedClient">
<Header>
<Loc EndOffset="225" SrcFileId="20" StartOffset="193"/>
</Header>
<LocList>
<Loc EndOffset="226" SrcFileId="20" StartOffset="193"/>
</LocList>
</HierarchyLvl>
<HierarchyLvl HierarchyLvlId="830" HierarchyLvlTypeId="35" Intrnl_Id="398" Name="waitForClient">
<Header>
<Loc EndOffset="251" SrcFileId="20" StartOffset="231"/>
</Header>
<LocList>
<Loc EndOffset="252" SrcFileId="20" StartOffset="231"/>
</LocList>
</HierarchyLvl>
<HierarchyLvl HierarchyLvlId="831" HierarchyLvlTypeId="35" Intrnl_Id="399" Name="clientGotFile">
<Header>
<Loc EndOffset="300" SrcFileId="20" StartOffset="257"/>
</Header>
<LocList>
<Loc EndOffset="301" SrcFileId="20" StartOffset="257"/>
</LocList>
</HierarchyLvl>
<HierarchyLvl HierarchyLvlId="832" HierarchyLvlTypeId="35" Intrnl_Id="400" Name="connectionBroken">
<Header>
<Loc EndOffset="341" SrcFileId="20" StartOffset="306"/>
</Header>
<LocList>
<Loc EndOffset="342" SrcFileId="20" StartOffset="306"/>
</LocList>
</HierarchyLvl>
</HierarchyLvl>
<HierarchyLvl HierarchyLvlId="840" HierarchyLvlTypeId="34" Intrnl_Id="401" Name="Header">
<Header>
<Loc EndOffset="144" SrcFileId="21" StartOffset="125"/>
</Header>
<LocList>
<Loc EndOffset="152" SrcFileId="21" StartOffset="125"/>
<Loc EndOffset="1440" SrcFileId="21" StartOffset="659"/>
</LocList>
<HierarchyLvl HierarchyLvlId="835" HierarchyLvlTypeId="32" Intrnl_Id="402" Name="HTTPHeader">
<Header>
<Loc EndOffset="174" SrcFileId="21" StartOffset="152"/>
</Header>
<LocList>
<Loc EndOffset="659" SrcFileId="21" StartOffset="152"/>
</LocList>
<HierarchyLvl HierarchyLvlId="834" HierarchyLvlTypeId="35" Intrnl_Id="403" Name="HTTPHeader">
<Header>
<Loc EndOffset="594" SrcFileId="21" StartOffset="557"/>
</Header>
<LocList>
<Loc EndOffset="641" SrcFileId="21" StartOffset="557"/>
</LocList>
<StmntSeq Intrnl_Id="404">
<LocList>
<Loc EndOffset="633" SrcFileId="21" StartOffset="604"/>
</LocList>
<BasicStmnt CovItemId="S1" CovItemPrefix="se.lnu.http.Header.java" Intrnl_Id="405">
<LocList>
<Loc EndOffset="633" SrcFileId="21" StartOffset="604"/>
</LocList>
</BasicStmnt>
</StmntSeq>
</HierarchyLvl>
</HierarchyLvl>
<HierarchyLvl HierarchyLvlId="836" HierarchyLvlTypeId="35" Intrnl_Id="406" Name="Header">
<Header>
<Loc EndOffset="762" SrcFileId="21" StartOffset="718"/>
</Header>
<LocList>
<Loc EndOffset="812" SrcFileId="21" StartOffset="718"/>
</LocList>
<StmntSeq Intrnl_Id="407">
<LocList>
<Loc EndOffset="787" SrcFileId="21" StartOffset="768"/>
<Loc EndOffset="808" SrcFileId="21" StartOffset="791"/>
</LocList>
<BasicStmnt CovItemId="S2" CovItemPrefix="se.lnu.http.Header.java" Intrnl_Id="408">
<LocList>
<Loc EndOffset="787" SrcFileId="21" StartOffset="768"/>
</LocList>
</BasicStmnt>
<BasicStmnt CovItemId="S3" CovItemPrefix="se.lnu.http.Header.java" Intrnl_Id="409">
<LocList>
<Loc EndOffset="808" SrcFileId="21" StartOffset="791"/>
</LocList>
</BasicStmnt>
</StmntSeq>
</HierarchyLvl>
<HierarchyLvl HierarchyLvlId="837" HierarchyLvlTypeId="35" Intrnl_Id="410" Name="getValue">
<Header>
<Loc EndOffset="842" SrcFileId="21" StartOffset="818"/>
</Header>
<LocList>
<Loc EndOffset="865" SrcFileId="21" StartOffset="818"/>
</LocList>
<StmntSeq Intrnl_Id="411">
<LocList>
<Loc EndOffset="861" SrcFileId="21" StartOffset="848"/>
</LocList>
<BasicStmnt CovItemId="S4" CovItemPrefix="se.lnu.http.Header.java" Intrnl_Id="412">
<LocList>
<Loc EndOffset="861" SrcFileId="21" StartOffset="848"/>
</LocList>
</BasicStmnt>
</StmntSeq>
</HierarchyLvl>
<HierarchyLvl HierarchyLvlId="838" HierarchyLvlTypeId="35" Intrnl_Id="413" Name="getType">
<Header>
<Loc EndOffset="897" SrcFileId="21" StartOffset="870"/>
</Header>
<LocList>
<Loc EndOffset="919" SrcFileId="21" StartOffset="870"/>
</LocList>
<StmntSeq Intrnl_Id="414">
<LocList>
<Loc EndOffset="915" SrcFileId="21" StartOffset="903"/>
</LocList>
<BasicStmnt CovItemId="S5" CovItemPrefix="se.lnu.http.Header.java" Intrnl_Id="415">
<LocList>
<Loc EndOffset="915" SrcFileId="21" StartOffset="903"/>
</LocList>
</BasicStmnt>
</StmntSeq>
</HierarchyLvl>
<HierarchyLvl HierarchyLvlId="839" HierarchyLvlTypeId="35" Intrnl_Id="416" Name="fromString">
<Header>
<Loc EndOffset="1002" SrcFileId="21" StartOffset="924"/>
</Header>
<LocList>
<Loc EndOffset="1429" SrcFileId="21" StartOffset="924"/>
</LocList>
<StmntSeq Intrnl_Id="417">
<LocList>
<Loc EndOffset="1050" SrcFileId="21" StartOffset="1008"/>
<Loc EndOffset="1180" SrcFileId="21" StartOffset="1057"/>
<Loc EndOffset="1338" SrcFileId="21" StartOffset="1188"/>
<Loc EndOffset="1422" SrcFileId="21" StartOffset="1368"/>
</LocList>
<BasicStmnt CovItemId="S6" CovItemPrefix="se.lnu.http.Header.java" Intrnl_Id="418">
<LocList>
<Loc EndOffset="1050" SrcFileId="21" StartOffset="1008"/>
</LocList>
</BasicStmnt>
<CondStmnt CovItemId="S7" CovItemPrefix="se.lnu.http.Header.java" Intrnl_Id="419">
<Branch CovItemId="B1" CovItemPrefix="se.lnu.http.Header.java" Implct="false" Intrnl_Id="420">
<Cond/>
<LocList>
<Loc EndOffset="1180" SrcFileId="21" StartOffset="1080"/>
</LocList>
<StmntSeq Intrnl_Id="421">
<LocList>
<Loc EndOffset="1172" SrcFileId="21" StartOffset="1089"/>
</LocList>
<BasicStmnt CovItemId="S8" CovItemPrefix="se.lnu.http.Header.java" Intrnl_Id="422">
<LocList>
<Loc EndOffset="1172" SrcFileId="21" StartOffset="1089"/>
</LocList>
</BasicStmnt>
</StmntSeq>
</Branch>
<Branch CovItemId="B2" CovItemPrefix="se.lnu.http.Header.java" Implct="true" Intrnl_Id="423">
<Cond/>
<LocList/>
<StmntSeq Intrnl_Id="424">
<LocList/>
</StmntSeq>
</Branch>
<Keyword EndOffset="1059" SrcFileId="21" StartOffset="1057"/>
<LocList>
<Loc EndOffset="1180" SrcFileId="21" StartOffset="1057"/>
</LocList>
<RootTerm CovItemId="C1" CovItemPrefix="se.lnu.http.Header.java" Intrnl_Id="425">
<BasicBoolTerm Intrnl_Id="426">
<LocList>
<Loc EndOffset="1078" SrcFileId="21" StartOffset="1061"/>
</LocList>
</BasicBoolTerm>
</RootTerm>
</CondStmnt>
<LoopStmnt CovItemId="S9" CovItemPrefix="se.lnu.http.Header.java" Intrnl_Id="427" MltplExecId="L1-2" MltplExecPrefix="se.lnu.http.Header.java" NvrExecId="L1-0" NvrExecPrefix="se.lnu.http.Header.java" OnceExecutedId="L1-1" OnceExecutedPrefix="se.lnu.http.Header.java" OptBodyExec="true">
<StmntSeq Intrnl_Id="428">
<LocList>
<Loc EndOffset="1330" SrcFileId="21" StartOffset="1237"/>
</LocList>
<CondStmnt CovItemId="S10" CovItemPrefix="se.lnu.http.Header.java" Intrnl_Id="429">
<Branch CovItemId="B3" CovItemPrefix="se.lnu.http.Header.java" Implct="false" Intrnl_Id="430">
<Cond/>
<LocList>
<Loc EndOffset="1330" SrcFileId="21" StartOffset="1280"/>
</LocList>
<StmntSeq Intrnl_Id="431">
<LocList>
<Loc EndOffset="1321" SrcFileId="21" StartOffset="1290"/>
</LocList>
<BasicStmnt CovItemId="S11" CovItemPrefix="se.lnu.http.Header.java" Intrnl_Id="432">
<LocList>
<Loc EndOffset="1321" SrcFileId="21" StartOffset="1290"/>
</LocList>
</BasicStmnt>
</StmntSeq>
</Branch>
<Branch CovItemId="B4" CovItemPrefix="se.lnu.http.Header.java" Implct="true" Intrnl_Id="433">
<Cond/>
<LocList/>
<StmntSeq Intrnl_Id="434">
<LocList/>
</StmntSeq>
</Branch>
<Keyword EndOffset="1239" SrcFileId="21" StartOffset="1237"/>
<LocList>
<Loc EndOffset="1330" SrcFileId="21" StartOffset="1237"/>
</LocList>
<RootTerm CovItemId="C2" CovItemPrefix="se.lnu.http.Header.java" Intrnl_Id="435">
<BasicBoolTerm Intrnl_Id="436">
<LocList>
<Loc EndOffset="1278" SrcFileId="21" StartOffset="1241"/>
</LocList>
</BasicBoolTerm>
</RootTerm>
</CondStmnt>
</StmntSeq>
<Keyword EndOffset="1191" SrcFileId="21" StartOffset="1188"/>
<LocList>
<Loc EndOffset="1338" SrcFileId="21" StartOffset="1188"/>
</LocList>
</LoopStmnt>
<BasicStmnt CovItemId="S12" CovItemPrefix="se.lnu.http.Header.java" Intrnl_Id="437">
<LocList>
<Loc EndOffset="1422" SrcFileId="21" StartOffset="1368"/>
</LocList>
</BasicStmnt>
</StmntSeq>
</HierarchyLvl>
</HierarchyLvl>
<HierarchyLvl HierarchyLvlId="844" HierarchyLvlTypeId="34" Intrnl_Id="438" Name="HTTPServerConsole">
<Header>
<Loc EndOffset="205" SrcFileId="22" StartOffset="175"/>
</Header>
<LocList>
<Loc EndOffset="1168" SrcFileId="22" StartOffset="175"/>
</LocList>
<HierarchyLvl HierarchyLvlId="841" HierarchyLvlTypeId="35" Intrnl_Id="439" Name="HTTPServerConsole">
<Header>
<Loc EndOffset="339" SrcFileId="22" StartOffset="273"/>
</Header>
<LocList>
<Loc EndOffset="393" SrcFileId="22" StartOffset="273"/>
</LocList>
<StmntSeq Intrnl_Id="440">
<LocList>
<Loc EndOffset="362" SrcFileId="22" StartOffset="345"/>
<Loc EndOffset="389" SrcFileId="22" StartOffset="366"/>
</LocList>
<BasicStmnt CovItemId="S1" CovItemPrefix="se.lnu.http.HTTPServerConsole.java" Intrnl_Id="441">
<LocList>
<Loc EndOffset="362" SrcFileId="22" StartOffset="345"/>
</LocList>
</BasicStmnt>
<BasicStmnt CovItemId="S2" CovItemPrefix="se.lnu.http.HTTPServerConsole.java" Intrnl_Id="442">
<LocList>
<Loc EndOffset="389" SrcFileId="22" StartOffset="366"/>
</LocList>
</BasicStmnt>
</StmntSeq>
</HierarchyLvl>
<HierarchyLvl HierarchyLvlId="842" HierarchyLvlTypeId="35" Intrnl_Id="443" Name="main">
<Header>
<Loc EndOffset="506" SrcFileId="22" StartOffset="451"/>
</Header>
<LocList>
<Loc EndOffset="705" SrcFileId="22" StartOffset="451"/>
</LocList>
<StmntSeq Intrnl_Id="444">
<LocList>
<Loc EndOffset="553" SrcFileId="22" StartOffset="512"/>
<Loc EndOffset="601" SrcFileId="22" StartOffset="557"/>
<Loc EndOffset="669" SrcFileId="22" StartOffset="605"/>
<Loc EndOffset="693" SrcFileId="22" StartOffset="673"/>
</LocList>
<BasicStmnt CovItemId="S3" CovItemPrefix="se.lnu.http.HTTPServerConsole.java" Intrnl_Id="445">
<LocList>
<Loc EndOffset="553" SrcFileId="22" StartOffset="512"/>
</LocList>
</BasicStmnt>
<BasicStmnt CovItemId="S4" CovItemPrefix="se.lnu.http.HTTPServerConsole.java" Intrnl_Id="446">
<LocList>
<Loc EndOffset="601" SrcFileId="22" StartOffset="557"/>
</LocList>
</BasicStmnt>
<BasicStmnt CovItemId="S5" CovItemPrefix="se.lnu.http.HTTPServerConsole.java" Intrnl_Id="447">
<LocList>
<Loc EndOffset="669" SrcFileId="22" StartOffset="605"/>
</LocList>
</BasicStmnt>
<BasicStmnt CovItemId="S6" CovItemPrefix="se.lnu.http.HTTPServerConsole.java" Intrnl_Id="448">
<LocList>
<Loc EndOffset="693" SrcFileId="22" StartOffset="673"/>
</LocList>
</BasicStmnt>
</StmntSeq>
</HierarchyLvl>
<HierarchyLvl HierarchyLvlId="843" HierarchyLvlTypeId="35" Intrnl_Id="449" Name="runConsole">
<Header>
<Loc EndOffset="744" SrcFileId="22" StartOffset="710"/>
</Header>
<LocList>
<Loc EndOffset="1163" SrcFileId="22" StartOffset="710"/>
</LocList>
<StmntSeq Intrnl_Id="450">
<LocList>
<Loc EndOffset="791" SrcFileId="22" StartOffset="764"/>
<Loc EndOffset="839" SrcFileId="22" StartOffset="796"/>
<Loc EndOffset="908" SrcFileId="22" StartOffset="844"/>
<Loc EndOffset="933" SrcFileId="22" StartOffset="918"/>
<Loc EndOffset="1029" SrcFileId="22" StartOffset="943"/>
<Loc EndOffset="1155" SrcFileId="22" StartOffset="754"/>
</LocList>
<BasicStmnt CovItemId="S8" CovItemPrefix="se.lnu.http.HTTPServerConsole.java" Intrnl_Id="451">
<LocList>
<Loc EndOffset="791" SrcFileId="22" StartOffset="764"/>
</LocList>
</BasicStmnt>
<BasicStmnt CovItemId="S9" CovItemPrefix="se.lnu.http.HTTPServerConsole.java" Intrnl_Id="452">
<LocList>
<Loc EndOffset="839" SrcFileId="22" StartOffset="796"/>
</LocList>
</BasicStmnt>
<BasicStmnt CovItemId="S10" CovItemPrefix="se.lnu.http.HTTPServerConsole.java" Intrnl_Id="453">
<LocList>
<Loc EndOffset="908" SrcFileId="22" StartOffset="844"/>
</LocList>
</BasicStmnt>
<BasicStmnt CovItemId="S11" CovItemPrefix="se.lnu.http.HTTPServerConsole.java" Intrnl_Id="454">
<LocList>
<Loc EndOffset="933" SrcFileId="22" StartOffset="918"/>
</LocList>
</BasicStmnt>
<LoopStmnt CovItemId="S12" CovItemPrefix="se.lnu.http.HTTPServerConsole.java" Intrnl_Id="455" MltplExecId="L1-2" MltplExecPrefix="se.lnu.http.HTTPServerConsole.java" NvrExecId="L1-0" NvrExecPrefix="se.lnu.http.HTTPServerConsole.java" OnceExecutedId="L1-1" OnceExecutedPrefix="se.lnu.http.HTTPServerConsole.java" OptBodyExec="true">
<StmntSeq Intrnl_Id="456">
<LocList>
<Loc EndOffset="1023" SrcFileId="22" StartOffset="962"/>
</LocList>
<CondStmnt CovItemId="S13" CovItemPrefix="se.lnu.http.HTTPServerConsole.java" Intrnl_Id="457">
<Branch CovItemId="B2" CovItemPrefix="se.lnu.http.HTTPServerConsole.java" Implct="false" Intrnl_Id="458">
<Cond/>
<LocList>
<Loc EndOffset="1023" SrcFileId="22" StartOffset="981"/>
</LocList>
<StmntSeq Intrnl_Id="459">
<LocList>
<Loc EndOffset="1003" SrcFileId="22" StartOffset="989"/>
<Loc EndOffset="1016" SrcFileId="22" StartOffset="1010"/>
</LocList>
<BasicStmnt CovItemId="S14" CovItemPrefix="se.lnu.http.HTTPServerConsole.java" Intrnl_Id="460">
<LocList>
<Loc EndOffset="1003" SrcFileId="22" StartOffset="989"/>
</LocList>
</BasicStmnt>
<BasicStmnt CovItemId="S15" CovItemPrefix="se.lnu.http.HTTPServerConsole.java" Intrnl_Id="461">
<LocList>
<Loc EndOffset="1016" SrcFileId="22" StartOffset="1010"/>
</LocList>
</BasicStmnt>
</StmntSeq>
</Branch>
<Branch CovItemId="B3" CovItemPrefix="se.lnu.http.HTTPServerConsole.java" Implct="true" Intrnl_Id="462">
<Cond/>
<LocList/>
<StmntSeq Intrnl_Id="463">
<LocList/>
</StmntSeq>
</Branch>
<Keyword EndOffset="964" SrcFileId="22" StartOffset="962"/>
<LocList>
<Loc EndOffset="1023" SrcFileId="22" StartOffset="962"/>
</LocList>
<RootTerm CovItemId="C2" CovItemPrefix="se.lnu.http.HTTPServerConsole.java" Intrnl_Id="464">
<BasicBoolTerm Intrnl_Id="465">
<LocList>
<Loc EndOffset="979" SrcFileId="22" StartOffset="966"/>
</LocList>
</BasicBoolTerm>
</RootTerm>
</CondStmnt>
</StmntSeq>
<Keyword EndOffset="948" SrcFileId="22" StartOffset="943"/>
<LocList>
<Loc EndOffset="1029" SrcFileId="22" StartOffset="943"/>
</LocList>
</LoopStmnt>
<CondStmnt CovItemId="S7" CovItemPrefix="se.lnu.http.HTTPServerConsole.java" Intrnl_Id="466">
<Branch CovItemId="B1" CovItemPrefix="se.lnu.http.HTTPServerConsole.java" Implct="true" Intrnl_Id="467">
<Cond/>
<LocList/>
<StmntSeq Intrnl_Id="468">
<LocList/>
</StmntSeq>
</Branch>
<Branch CovItemId="B4" CovItemPrefix="se.lnu.http.HTTPServerConsole.java" Implct="false" Intrnl_Id="469">
<Cond>
<Loc EndOffset="1070" SrcFileId="22" StartOffset="1040"/>
</Cond>
<LocList>
<Loc EndOffset="1098" SrcFileId="22" StartOffset="1071"/>
</LocList>
<StmntSeq Intrnl_Id="470">
<LocList>
<Loc EndOffset="1093" SrcFileId="22" StartOffset="1077"/>
</LocList>
<BasicStmnt CovItemId="S16" CovItemPrefix="se.lnu.http.HTTPServerConsole.java" Intrnl_Id="471">
<LocList>
<Loc EndOffset="1093" SrcFileId="22" StartOffset="1077"/>
</LocList>
</BasicStmnt>
</StmntSeq>
</Branch>
<Branch CovItemId="B5" CovItemPrefix="se.lnu.http.HTTPServerConsole.java" Implct="false" Intrnl_Id="472">
<Cond>
<Loc EndOffset="1122" SrcFileId="22" StartOffset="1099"/>
</Cond>
<LocList>
<Loc EndOffset="1155" SrcFileId="22" StartOffset="1123"/>
</LocList>
<StmntSeq Intrnl_Id="473">
<LocList>
<Loc EndOffset="1150" SrcFileId="22" StartOffset="1129"/>
</LocList>
<BasicStmnt CovItemId="S17" CovItemPrefix="se.lnu.http.HTTPServerConsole.java" Intrnl_Id="474">
<LocList>
<Loc EndOffset="1150" SrcFileId="22" StartOffset="1129"/>
</LocList>
</BasicStmnt>
</StmntSeq>
</Branch>
<Keyword EndOffset="757" SrcFileId="22" StartOffset="754"/>
<LocList>
<Loc EndOffset="1155" SrcFileId="22" StartOffset="754"/>
</LocList>
</CondStmnt>
</StmntSeq>
</HierarchyLvl>
</HierarchyLvl>
<HierarchyLvl HierarchyLvlId="848" HierarchyLvlTypeId="34" Intrnl_Id="475" Name="HTTPServer">
<Header>
<Loc EndOffset="165" SrcFileId="23" StartOffset="142"/>
</Header>
<LocList>
<Loc EndOffset="1156" SrcFileId="23" StartOffset="142"/>
</LocList>
<HierarchyLvl HierarchyLvlId="845" HierarchyLvlTypeId="35" Intrnl_Id="476" Name="HTTPServer">
<Header>
<Loc EndOffset="396" SrcFileId="23" StartOffset="314"/>
</Header>
<LocList>
<Loc EndOffset="525" SrcFileId="23" StartOffset="314"/>
</LocList>
<StmntSeq Intrnl_Id="477">
<LocList>
<Loc EndOffset="425" SrcFileId="23" StartOffset="402"/>
<Loc EndOffset="457" SrcFileId="23" StartOffset="429"/>
<Loc EndOffset="478" SrcFileId="23" StartOffset="461"/>
<Loc EndOffset="521" SrcFileId="23" StartOffset="482"/>
</LocList>
<BasicStmnt CovItemId="S1" CovItemPrefix="se.lnu.http.HTTPServer.java" Intrnl_Id="478">
<LocList>
<Loc EndOffset="425" SrcFileId="23" StartOffset="402"/>
</LocList>
</BasicStmnt>
<BasicStmnt CovItemId="S2" CovItemPrefix="se.lnu.http.HTTPServer.java" Intrnl_Id="479">
<LocList>
<Loc EndOffset="457" SrcFileId="23" StartOffset="429"/>
</LocList>
</BasicStmnt>
<BasicStmnt CovItemId="S3" CovItemPrefix="se.lnu.http.HTTPServer.java" Intrnl_Id="480">
<LocList>
<Loc EndOffset="478" SrcFileId="23" StartOffset="461"/>
</LocList>
</BasicStmnt>
<BasicStmnt CovItemId="S4" CovItemPrefix="se.lnu.http.HTTPServer.java" Intrnl_Id="481">
<LocList>
<Loc EndOffset="521" SrcFileId="23" StartOffset="482"/>
</LocList>
</BasicStmnt>
</StmntSeq>
</HierarchyLvl>
<HierarchyLvl HierarchyLvlId="846" HierarchyLvlTypeId="35" Intrnl_Id="482" Name="start">
<Header>
<Loc EndOffset="568" SrcFileId="23" StartOffset="530"/>
</Header>
<LocList>
<Loc EndOffset="833" SrcFileId="23" StartOffset="530"/>
</LocList>
<StmntSeq Intrnl_Id="483">
<LocList>
<Loc EndOffset="629" SrcFileId="23" StartOffset="574"/>
<Loc EndOffset="706" SrcFileId="23" StartOffset="633"/>
<Loc EndOffset="768" SrcFileId="23" StartOffset="710"/>
<Loc EndOffset="797" SrcFileId="23" StartOffset="776"/>
<Loc EndOffset="829" SrcFileId="23" StartOffset="805"/>
</LocList>
<BasicStmnt CovItemId="S5" CovItemPrefix="se.lnu.http.HTTPServer.java" Intrnl_Id="484">
<LocList>
<Loc EndOffset="629" SrcFileId="23" StartOffset="574"/>
</LocList>
</BasicStmnt>
<BasicStmnt CovItemId="S6" CovItemPrefix="se.lnu.http.HTTPServer.java" Intrnl_Id="485">
<LocList>
<Loc EndOffset="706" SrcFileId="23" StartOffset="633"/>
</LocList>
</BasicStmnt>
<BasicStmnt CovItemId="S7" CovItemPrefix="se.lnu.http.HTTPServer.java" Intrnl_Id="486">
<LocList>
<Loc EndOffset="768" SrcFileId="23" StartOffset="710"/>
</LocList>
</BasicStmnt>
<BasicStmnt CovItemId="S8" CovItemPrefix="se.lnu.http.HTTPServer.java" Intrnl_Id="487">
<LocList>
<Loc EndOffset="797" SrcFileId="23" StartOffset="776"/>
</LocList>
</BasicStmnt>
<BasicStmnt CovItemId="S9" CovItemPrefix="se.lnu.http.HTTPServer.java" Intrnl_Id="488">
<LocList>
<Loc EndOffset="829" SrcFileId="23" StartOffset="805"/>
</LocList>
</BasicStmnt>
</StmntSeq>
</HierarchyLvl>
<HierarchyLvl HierarchyLvlId="847" HierarchyLvlTypeId="35" Intrnl_Id="489" Name="stop">
<Header>
<Loc EndOffset="918" SrcFileId="23" StartOffset="838"/>
</Header>
<LocList>
<Loc EndOffset="1151" SrcFileId="23" StartOffset="838"/>
</LocList>
<StmntSeq Intrnl_Id="490">
<LocList>
<Loc EndOffset="986" SrcFileId="23" StartOffset="924"/>
<Loc EndOffset="1016" SrcFileId="23" StartOffset="994"/>
<Loc EndOffset="1083" SrcFileId="23" StartOffset="1024"/>
<Loc EndOffset="1119" SrcFileId="23" StartOffset="1095"/>
<Loc EndOffset="1147" SrcFileId="23" StartOffset="1127"/>
</LocList>
<CondStmnt CovItemId="S10" CovItemPrefix="se.lnu.http.HTTPServer.java" Intrnl_Id="491">
<Branch CovItemId="B1" CovItemPrefix="se.lnu.http.HTTPServer.java" Implct="false" Intrnl_Id="492">
<Cond/>
<LocList>
<Loc EndOffset="986" SrcFileId="23" StartOffset="954"/>
</LocList>
<StmntSeq Intrnl_Id="493">
<LocList>
<Loc EndOffset="986" SrcFileId="23" StartOffset="954"/>
</LocList>
<BasicStmnt CovItemId="S11" CovItemPrefix="se.lnu.http.HTTPServer.java" Intrnl_Id="494">
<LocList>
<Loc EndOffset="986" SrcFileId="23" StartOffset="954"/>
</LocList>
</BasicStmnt>
</StmntSeq>
</Branch>
<Branch CovItemId="B2" CovItemPrefix="se.lnu.http.HTTPServer.java" Implct="true" Intrnl_Id="495">
<Cond/>
<LocList/>
<StmntSeq Intrnl_Id="496">
<LocList/>
</StmntSeq>
</Branch>
<Keyword EndOffset="926" SrcFileId="23" StartOffset="924"/>
<LocList>
<Loc EndOffset="986" SrcFileId="23" StartOffset="924"/>
</LocList>
<RootTerm CovItemId="C1" CovItemPrefix="se.lnu.http.HTTPServer.java" Intrnl_Id="497">
<BasicBoolTerm Intrnl_Id="498">
<LocList>
<Loc EndOffset="948" SrcFileId="23" StartOffset="928"/>
</LocList>
</BasicBoolTerm>
</RootTerm>
</CondStmnt>
<BasicStmnt CovItemId="S12" CovItemPrefix="se.lnu.http.HTTPServer.java" Intrnl_Id="499">
<LocList>
<Loc EndOffset="1016" SrcFileId="23" StartOffset="994"/>
</LocList>
</BasicStmnt>
<LoopStmnt CovItemId="S13" CovItemPrefix="se.lnu.http.HTTPServer.java" Intrnl_Id="500" MltplExecId="L1-2" MltplExecPrefix="se.lnu.http.HTTPServer.java" NvrExecId="L1-0" NvrExecPrefix="se.lnu.http.HTTPServer.java" OnceExecutedId="L1-1" OnceExecutedPrefix="se.lnu.http.HTTPServer.java" OptBodyExec="true">
<StmntSeq Intrnl_Id="501">
<LocList>
<Loc EndOffset="1078" SrcFileId="23" StartOffset="1060"/>
</LocList>
<BasicStmnt CovItemId="S14" CovItemPrefix="se.lnu.http.HTTPServer.java" Intrnl_Id="502">
<LocList>
<Loc EndOffset="1078" SrcFileId="23" StartOffset="1060"/>
</LocList>
</BasicStmnt>
</StmntSeq>
<Keyword EndOffset="1029" SrcFileId="23" StartOffset="1024"/>
<LocList>
<Loc EndOffset="1083" SrcFileId="23" StartOffset="1024"/>
</LocList>
<RootTerm CovItemId="C2" CovItemPrefix="se.lnu.http.HTTPServer.java" Intrnl_Id="503">
<BasicBoolTerm Intrnl_Id="504">
<LocList>
<Loc EndOffset="1052" SrcFileId="23" StartOffset="1030"/>
</LocList>
</BasicBoolTerm>
</RootTerm>
</LoopStmnt>
<BasicStmnt CovItemId="S15" CovItemPrefix="se.lnu.http.HTTPServer.java" Intrnl_Id="505">
<LocList>
<Loc EndOffset="1119" SrcFileId="23" StartOffset="1095"/>
</LocList>
</BasicStmnt>
<BasicStmnt CovItemId="S16" CovItemPrefix="se.lnu.http.HTTPServer.java" Intrnl_Id="506">
<LocList>
<Loc EndOffset="1147" SrcFileId="23" StartOffset="1127"/>
</LocList>
</BasicStmnt>
</StmntSeq>
</HierarchyLvl>
</HierarchyLvl>
<HierarchyLvl HierarchyLvlId="850" HierarchyLvlTypeId="34" Intrnl_Id="507" Name="HTTPRequestParser">
<Header>
<Loc EndOffset="219" SrcFileId="24" StartOffset="189"/>
</Header>
<LocList>
<Loc EndOffset="926" SrcFileId="24" StartOffset="189"/>
</LocList>
<HierarchyLvl HierarchyLvlId="849" HierarchyLvlTypeId="35" Intrnl_Id="508" Name="parseRequest">
<Header>
<Loc EndOffset="319" SrcFileId="24" StartOffset="226"/>
</Header>
<LocList>
<Loc EndOffset="919" SrcFileId="24" StartOffset="226"/>
</LocList>
<StmntSeq Intrnl_Id="509">
<LocList>
<Loc EndOffset="374" SrcFileId="24" StartOffset="329"/>
<Loc EndOffset="410" SrcFileId="24" StartOffset="382"/>
<Loc EndOffset="458" SrcFileId="24" StartOffset="414"/>
<Loc EndOffset="553" SrcFileId="24" StartOffset="462"/>
<Loc EndOffset="635" SrcFileId="24" StartOffset="561"/>
<Loc EndOffset="723" SrcFileId="24" StartOffset="643"/>
<Loc EndOffset="851" SrcFileId="24" StartOffset="727"/>
<Loc EndOffset="915" SrcFileId="24" StartOffset="859"/>
</LocList>
<BasicStmnt CovItemId="S1" CovItemPrefix="se.lnu.http.HTTPRequestParser.java" Intrnl_Id="510">
<LocList>
<Loc EndOffset="374" SrcFileId="24" StartOffset="329"/>
</LocList>
</BasicStmnt>
<BasicStmnt CovItemId="S2" CovItemPrefix="se.lnu.http.HTTPRequestParser.java" Intrnl_Id="511">
<LocList>
<Loc EndOffset="410" SrcFileId="24" StartOffset="382"/>
</LocList>
</BasicStmnt>
<BasicStmnt CovItemId="S3" CovItemPrefix="se.lnu.http.HTTPRequestParser.java" Intrnl_Id="512">
<LocList>
<Loc EndOffset="458" SrcFileId="24" StartOffset="414"/>
</LocList>
</BasicStmnt>
<CondStmnt CovItemId="S4" CovItemPrefix="se.lnu.http.HTTPRequestParser.java" Intrnl_Id="513">
<Branch CovItemId="B1" CovItemPrefix="se.lnu.http.HTTPRequestParser.java" Implct="false" Intrnl_Id="514">
<Cond/>
<LocList>
<Loc EndOffset="553" SrcFileId="24" StartOffset="491"/>
</LocList>
<StmntSeq Intrnl_Id="515">
<LocList>
<Loc EndOffset="548" SrcFileId="24" StartOffset="497"/>
</LocList>
<BasicStmnt CovItemId="S5" CovItemPrefix="se.lnu.http.HTTPRequestParser.java" Intrnl_Id="516">
<LocList>
<Loc EndOffset="548" SrcFileId="24" StartOffset="497"/>
</LocList>
</BasicStmnt>
</StmntSeq>
</Branch>
<Branch CovItemId="B2" CovItemPrefix="se.lnu.http.HTTPRequestParser.java" Implct="true" Intrnl_Id="517">
<Cond/>
<LocList/>
<StmntSeq Intrnl_Id="518">
<LocList/>
</StmntSeq>
</Branch>
<Keyword EndOffset="464" SrcFileId="24" StartOffset="462"/>
<LocList>
<Loc EndOffset="553" SrcFileId="24" StartOffset="462"/>
</LocList>
<RootTerm CovItemId="C1" CovItemPrefix="se.lnu.http.HTTPRequestParser.java" Intrnl_Id="519">
<BasicBoolTerm Intrnl_Id="520">
<LocList>
<Loc EndOffset="489" SrcFileId="24" StartOffset="466"/>
</LocList>
</BasicBoolTerm>
</RootTerm>
</CondStmnt>
<BasicStmnt CovItemId="S6" CovItemPrefix="se.lnu.http.HTTPRequestParser.java" Intrnl_Id="521">
<LocList>
<Loc EndOffset="635" SrcFileId="24" StartOffset="561"/>
</LocList>
</BasicStmnt>
<BasicStmnt CovItemId="S7" CovItemPrefix="se.lnu.http.HTTPRequestParser.java" Intrnl_Id="522">
<LocList>
<Loc EndOffset="723" SrcFileId="24" StartOffset="643"/>
</LocList>
</BasicStmnt>
<LoopStmnt CovItemId="S8" CovItemPrefix="se.lnu.http.HTTPRequestParser.java" Intrnl_Id="523" MltplExecId="L1-2" MltplExecPrefix="se.lnu.http.HTTPRequestParser.java" NvrExecId="L1-0" NvrExecPrefix="se.lnu.http.HTTPRequestParser.java" OnceExecutedId="L1-1" OnceExecutedPrefix="se.lnu.http.HTTPRequestParser.java" OptBodyExec="true">
<StmntSeq Intrnl_Id="524">
<LocList>
<Loc EndOffset="813" SrcFileId="24" StartOffset="772"/>
<Loc EndOffset="846" SrcFileId="24" StartOffset="818"/>
</LocList>
<BasicStmnt CovItemId="S9" CovItemPrefix="se.lnu.http.HTTPRequestParser.java" Intrnl_Id="525">
<LocList>
<Loc EndOffset="813" SrcFileId="24" StartOffset="772"/>
</LocList>
</BasicStmnt>
<BasicStmnt CovItemId="S10" CovItemPrefix="se.lnu.http.HTTPRequestParser.java" Intrnl_Id="526">
<LocList>
<Loc EndOffset="846" SrcFileId="24" StartOffset="818"/>
</LocList>
</BasicStmnt>
</StmntSeq>
<Keyword EndOffset="730" SrcFileId="24" StartOffset="727"/>
<LocList>
<Loc EndOffset="851" SrcFileId="24" StartOffset="727"/>
</LocList>
<RootTerm CovItemId="C2" CovItemPrefix="se.lnu.http.HTTPRequestParser.java" Intrnl_Id="527">
<BasicBoolTerm Intrnl_Id="528">
<LocList>
<Loc EndOffset="759" SrcFileId="24" StartOffset="743"/>
</LocList>
</BasicBoolTerm>
</RootTerm>
</LoopStmnt>
<BasicStmnt CovItemId="S11" CovItemPrefix="se.lnu.http.HTTPRequestParser.java" Intrnl_Id="529">
<LocList>
<Loc EndOffset="915" SrcFileId="24" StartOffset="859"/>
</LocList>
</BasicStmnt>
</StmntSeq>
</HierarchyLvl>
</HierarchyLvl>
<HierarchyLvl HierarchyLvlId="857" HierarchyLvlTypeId="34" Intrnl_Id="530" Name="HTTPRequest">
<Header>
<Loc EndOffset="109" SrcFileId="25" StartOffset="85"/>
</Header>
<LocList>
<Loc EndOffset="175" SrcFileId="25" StartOffset="85"/>
<Loc EndOffset="1414" SrcFileId="25" StartOffset="582"/>
</LocList>
<HierarchyLvl HierarchyLvlId="852" HierarchyLvlTypeId="32" Intrnl_Id="531" Name="Method">
<Header>
<Loc EndOffset="193" SrcFileId="25" StartOffset="175"/>
</Header>
<LocList>
<Loc EndOffset="582" SrcFileId="25" StartOffset="175"/>
</LocList>
<HierarchyLvl HierarchyLvlId="851" HierarchyLvlTypeId="35" Intrnl_Id="532" Name="fromString">
<Header>
<Loc EndOffset="355" SrcFileId="25" StartOffset="277"/>
</Header>
<LocList>
<Loc EndOffset="578" SrcFileId="25" StartOffset="277"/>
</LocList>
<StmntSeq Intrnl_Id="533">
<LocList>
<Loc EndOffset="481" SrcFileId="25" StartOffset="365"/>
<Loc EndOffset="562" SrcFileId="25" StartOffset="489"/>
</LocList>
<LoopStmnt CovItemId="S1" CovItemPrefix="se.lnu.http.HTTPRequest.java" Intrnl_Id="534" MltplExecId="L1-2" MltplExecPrefix="se.lnu.http.HTTPRequest.java" NvrExecId="L1-0" NvrExecPrefix="se.lnu.http.HTTPRequest.java" OnceExecutedId="L1-1" OnceExecutedPrefix="se.lnu.http.HTTPRequest.java" OptBodyExec="true">
<StmntSeq Intrnl_Id="535">
<LocList>
<Loc EndOffset="472" SrcFileId="25" StartOffset="407"/>
</LocList>
<CondStmnt CovItemId="S2" CovItemPrefix="se.lnu.http.HTTPRequest.java" Intrnl_Id="536">
<Branch CovItemId="B1" CovItemPrefix="se.lnu.http.HTTPRequest.java" Implct="false" Intrnl_Id="537">
<Cond/>
<LocList>
<Loc EndOffset="472" SrcFileId="25" StartOffset="442"/>
</LocList>
<StmntSeq Intrnl_Id="538">
<LocList>
<Loc EndOffset="462" SrcFileId="25" StartOffset="453"/>
</LocList>
<BasicStmnt CovItemId="S3" CovItemPrefix="se.lnu.http.HTTPRequest.java" Intrnl_Id="539">
<LocList>
<Loc EndOffset="462" SrcFileId="25" StartOffset="453"/>
</LocList>
</BasicStmnt>
</StmntSeq>
</Branch>
<Branch CovItemId="B2" CovItemPrefix="se.lnu.http.HTTPRequest.java" Implct="true" Intrnl_Id="540">
<Cond/>
<LocList/>
<StmntSeq Intrnl_Id="541">
<LocList/>
</StmntSeq>
</Branch>
<Keyword EndOffset="409" SrcFileId="25" StartOffset="407"/>
<LocList>
<Loc EndOffset="472" SrcFileId="25" StartOffset="407"/>
</LocList>
<RootTerm CovItemId="C1" CovItemPrefix="se.lnu.http.HTTPRequest.java" Intrnl_Id="542">
<BasicBoolTerm Intrnl_Id="543">
<LocList>
<Loc EndOffset="440" SrcFileId="25" StartOffset="411"/>
</LocList>
</BasicBoolTerm>
</RootTerm>
</CondStmnt>
</StmntSeq>
<Keyword EndOffset="368" SrcFileId="25" StartOffset="365"/>
<LocList>
<Loc EndOffset="481" SrcFileId="25" StartOffset="365"/>
</LocList>
</LoopStmnt>
<BasicStmnt CovItemId="S4" CovItemPrefix="se.lnu.http.HTTPRequest.java" Intrnl_Id="544">
<LocList>
<Loc EndOffset="562" SrcFileId="25" StartOffset="489"/>
</LocList>
</BasicStmnt>
</StmntSeq>
</HierarchyLvl>
</HierarchyLvl>
<HierarchyLvl HierarchyLvlId="853" HierarchyLvlTypeId="35" Intrnl_Id="545" Name="HTTPRequest">
<Header>
<Loc EndOffset="832" SrcFileId="25" StartOffset="709"/>
</Header>
<LocList>
<Loc EndOffset="1055" SrcFileId="25" StartOffset="709"/>
</LocList>
<StmntSeq Intrnl_Id="546">
<LocList>
<Loc EndOffset="853" SrcFileId="25" StartOffset="838"/>
<Loc EndOffset="888" SrcFileId="25" StartOffset="857"/>
<Loc EndOffset="915" SrcFileId="25" StartOffset="892"/>
<Loc EndOffset="1051" SrcFileId="25" StartOffset="927"/>
</LocList>
<BasicStmnt CovItemId="S5" CovItemPrefix="se.lnu.http.HTTPRequest.java" Intrnl_Id="547">
<LocList>
<Loc EndOffset="853" SrcFileId="25" StartOffset="838"/>
</LocList>
</BasicStmnt>
<BasicStmnt CovItemId="S6" CovItemPrefix="se.lnu.http.HTTPRequest.java" Intrnl_Id="548">
<LocList>
<Loc EndOffset="888" SrcFileId="25" StartOffset="857"/>
</LocList>
</BasicStmnt>
<BasicStmnt CovItemId="S7" CovItemPrefix="se.lnu.http.HTTPRequest.java" Intrnl_Id="549">
<LocList>
<Loc EndOffset="915" SrcFileId="25" StartOffset="892"/>
</LocList>
</BasicStmnt>
<CondStmnt CovItemId="S8" CovItemPrefix="se.lnu.http.HTTPRequest.java" Intrnl_Id="550">
<Branch CovItemId="B3" CovItemPrefix="se.lnu.http.HTTPRequest.java" Implct="false" Intrnl_Id="551">
<Cond/>
<LocList>
<Loc EndOffset="1051" SrcFileId="25" StartOffset="985"/>
</LocList>
<StmntSeq Intrnl_Id="552">
<LocList>
<Loc EndOffset="1046" SrcFileId="25" StartOffset="991"/>
</LocList>
<BasicStmnt CovItemId="S9" CovItemPrefix="se.lnu.http.HTTPRequest.java" Intrnl_Id="553">
<LocList>
<Loc EndOffset="1046" SrcFileId="25" StartOffset="991"/>
</LocList>
</BasicStmnt>
</StmntSeq>
</Branch>
<Branch CovItemId="B4" CovItemPrefix="se.lnu.http.HTTPRequest.java" Implct="true" Intrnl_Id="554">
<Cond/>
<LocList/>
<StmntSeq Intrnl_Id="555">
<LocList/>
</StmntSeq>
</Branch>
<Keyword EndOffset="929" SrcFileId="25" StartOffset="927"/>
<LocList>
<Loc EndOffset="1051" SrcFileId="25" StartOffset="927"/>
</LocList>
<RootTerm CovItemId="C2" CovItemPrefix="se.lnu.http.HTTPRequest.java" Intrnl_Id="556">
<BasicBoolTerm Intrnl_Id="557">
<LocList>
<Loc EndOffset="983" SrcFileId="25" StartOffset="931"/>
</LocList>
</BasicBoolTerm>
</RootTerm>
</CondStmnt>
</StmntSeq>
</HierarchyLvl>
<HierarchyLvl HierarchyLvlId="854" HierarchyLvlTypeId="35" Intrnl_Id="558" Name="getURL">
<Header>
<Loc EndOffset="1082" SrcFileId="25" StartOffset="1060"/>
</Header>
<LocList>
<Loc EndOffset="1108" SrcFileId="25" StartOffset="1060"/>
</LocList>
<StmntSeq Intrnl_Id="559">
<LocList>
<Loc EndOffset="1104" SrcFileId="25" StartOffset="1088"/>
</LocList>
<BasicStmnt CovItemId="S10" CovItemPrefix="se.lnu.http.HTTPRequest.java" Intrnl_Id="560">
<LocList>
<Loc EndOffset="1104" SrcFileId="25" StartOffset="1088"/>
</LocList>
</BasicStmnt>
</StmntSeq>
</HierarchyLvl>
<HierarchyLvl HierarchyLvlId="855" HierarchyLvlTypeId="35" Intrnl_Id="561" Name="getMethod">
<Header>
<Loc EndOffset="1138" SrcFileId="25" StartOffset="1113"/>
</Header>
<LocList>
<Loc EndOffset="1167" SrcFileId="25" StartOffset="1113"/>
</LocList>
<StmntSeq Intrnl_Id="562">
<LocList>
<Loc EndOffset="1163" SrcFileId="25" StartOffset="1144"/>
</LocList>
<BasicStmnt CovItemId="S11" CovItemPrefix="se.lnu.http.HTTPRequest.java" Intrnl_Id="563">
<LocList>
<Loc EndOffset="1163" SrcFileId="25" StartOffset="1144"/>
</LocList>
</BasicStmnt>
</StmntSeq>
</HierarchyLvl>
<HierarchyLvl HierarchyLvlId="856" HierarchyLvlTypeId="35" Intrnl_Id="564" Name="doCloseAfterResponse">
<Header>
<Loc EndOffset="1209" SrcFileId="25" StartOffset="1172"/>
</Header>
<LocList>
<Loc EndOffset="1409" SrcFileId="25" StartOffset="1172"/>
</LocList>
<StmntSeq Intrnl_Id="565">
<LocList>
<Loc EndOffset="1388" SrcFileId="25" StartOffset="1219"/>
<Loc EndOffset="1405" SrcFileId="25" StartOffset="1392"/>
</LocList>
<CondStmnt CovItemId="S12" CovItemPrefix="se.lnu.http.HTTPRequest.java" Intrnl_Id="566">
<Branch CovItemId="B5" CovItemPrefix="se.lnu.http.HTTPRequest.java" Implct="false" Intrnl_Id="567">
<Cond/>
<LocList>
<Loc EndOffset="1388" SrcFileId="25" StartOffset="1276"/>
</LocList>
<StmntSeq Intrnl_Id="568">
<LocList>
<Loc EndOffset="1383" SrcFileId="25" StartOffset="1282"/>
</LocList>
<CondStmnt CovItemId="S13" CovItemPrefix="se.lnu.http.HTTPRequest.java" Intrnl_Id="569">
<Branch CovItemId="B7" CovItemPrefix="se.lnu.http.HTTPRequest.java" Implct="false" Intrnl_Id="570">
<Cond/>
<LocList>
<Loc EndOffset="1383" SrcFileId="25" StartOffset="1358"/>
</LocList>
<StmntSeq Intrnl_Id="571">
<LocList>
<Loc EndOffset="1377" SrcFileId="25" StartOffset="1365"/>
</LocList>
<BasicStmnt CovItemId="S14" CovItemPrefix="se.lnu.http.HTTPRequest.java" Intrnl_Id="572">
<LocList>
<Loc EndOffset="1377" SrcFileId="25" StartOffset="1365"/>
</LocList>
</BasicStmnt>
</StmntSeq>
</Branch>
<Branch CovItemId="B8" CovItemPrefix="se.lnu.http.HTTPRequest.java" Implct="true" Intrnl_Id="573">
<Cond/>
<LocList/>
<StmntSeq Intrnl_Id="574">
<LocList/>
</StmntSeq>
</Branch>
<Keyword EndOffset="1284" SrcFileId="25" StartOffset="1282"/>
<LocList>
<Loc EndOffset="1383" SrcFileId="25" StartOffset="1282"/>
</LocList>
<RootTerm CovItemId="C4" CovItemPrefix="se.lnu.http.HTTPRequest.java" Intrnl_Id="575">
<BasicBoolTerm Intrnl_Id="576">
<LocList>
<Loc EndOffset="1356" SrcFileId="25" StartOffset="1286"/>
</LocList>
</BasicBoolTerm>
</RootTerm>
</CondStmnt>
</StmntSeq>
</Branch>
<Branch CovItemId="B6" CovItemPrefix="se.lnu.http.HTTPRequest.java" Implct="true" Intrnl_Id="577">
<Cond/>
<LocList/>
<StmntSeq Intrnl_Id="578">
<LocList/>
</StmntSeq>
</Branch>
<Keyword EndOffset="1221" SrcFileId="25" StartOffset="1219"/>
<LocList>
<Loc EndOffset="1388" SrcFileId="25" StartOffset="1219"/>
</LocList>
<RootTerm CovItemId="C3" CovItemPrefix="se.lnu.http.HTTPRequest.java" Intrnl_Id="579">
<BasicBoolTerm Intrnl_Id="580">
<LocList>
<Loc EndOffset="1273" SrcFileId="25" StartOffset="1224"/>
</LocList>
</BasicBoolTerm>
</RootTerm>
</CondStmnt>
<BasicStmnt CovItemId="S15" CovItemPrefix="se.lnu.http.HTTPRequest.java" Intrnl_Id="581">
<LocList>
<Loc EndOffset="1405" SrcFileId="25" StartOffset="1392"/>
</LocList>
</BasicStmnt>
</StmntSeq>
</HierarchyLvl>
</HierarchyLvl>
<HierarchyLvl HierarchyLvlId="861" HierarchyLvlTypeId="34" Intrnl_Id="582" Name="HTTPReader">
<Header>
<Loc EndOffset="110" SrcFileId="26" StartOffset="87"/>
</Header>
<LocList>
<Loc EndOffset="1145" SrcFileId="26" StartOffset="87"/>
</LocList>
<StmntSeq Intrnl_Id="583">
<LocList>
<Loc EndOffset="145" SrcFileId="26" StartOffset="115"/>
</LocList>
<BasicStmnt CovItemId="S1" CovItemPrefix="se.lnu.http.HTTPReader.java" Intrnl_Id="584">
<LocList>
<Loc EndOffset="145" SrcFileId="26" StartOffset="115"/>
</LocList>
</BasicStmnt>
</StmntSeq>
<HierarchyLvl HierarchyLvlId="858" HierarchyLvlTypeId="35" Intrnl_Id="585" Name="HTTPReader">
<Header>
<Loc EndOffset="219" SrcFileId="26" StartOffset="179"/>
</Header>
<LocList>
<Loc EndOffset="250" SrcFileId="26" StartOffset="179"/>
</LocList>
<StmntSeq Intrnl_Id="586">
<LocList>
<Loc EndOffset="246" SrcFileId="26" StartOffset="225"/>
</LocList>
<BasicStmnt CovItemId="S2" CovItemPrefix="se.lnu.http.HTTPReader.java" Intrnl_Id="587">
<LocList>
<Loc EndOffset="246" SrcFileId="26" StartOffset="225"/>
</LocList>
</BasicStmnt>
</StmntSeq>
</HierarchyLvl>
<HierarchyLvl HierarchyLvlId="859" HierarchyLvlTypeId="35" Intrnl_Id="588" Name="readBody">
<Header>
<Loc EndOffset="299" SrcFileId="26" StartOffset="255"/>
</Header>
<LocList>
<Loc EndOffset="469" SrcFileId="26" StartOffset="255"/>
</LocList>
<StmntSeq Intrnl_Id="589">
<LocList>
<Loc EndOffset="346" SrcFileId="26" StartOffset="305"/>
<Loc EndOffset="434" SrcFileId="26" StartOffset="350"/>
<Loc EndOffset="465" SrcFileId="26" StartOffset="442"/>
</LocList>
<BasicStmnt CovItemId="S3" CovItemPrefix="se.lnu.http.HTTPReader.java" Intrnl_Id="590">
<LocList>
<Loc EndOffset="346" SrcFileId="26" StartOffset="305"/>
</LocList>
</BasicStmnt>
<LoopStmnt CovItemId="S4" CovItemPrefix="se.lnu.http.HTTPReader.java" Intrnl_Id="591" MltplExecId="L1-2" MltplExecPrefix="se.lnu.http.HTTPReader.java" NvrExecId="L1-0" NvrExecPrefix="se.lnu.http.HTTPReader.java" OnceExecutedId="L1-1" OnceExecutedPrefix="se.lnu.http.HTTPReader.java" OptBodyExec="true">
<StmntSeq Intrnl_Id="592">
<LocList>
<Loc EndOffset="429" SrcFileId="26" StartOffset="396"/>
</LocList>
<BasicStmnt CovItemId="S5" CovItemPrefix="se.lnu.http.HTTPReader.java" Intrnl_Id="593">
<LocList>
<Loc EndOffset="429" SrcFileId="26" StartOffset="396"/>
</LocList>
</BasicStmnt>
</StmntSeq>
<Keyword EndOffset="353" SrcFileId="26" StartOffset="350"/>
<LocList>
<Loc EndOffset="434" SrcFileId="26" StartOffset="350"/>
</LocList>
<RootTerm CovItemId="C1" CovItemPrefix="se.lnu.http.HTTPReader.java" Intrnl_Id="594">
<BasicBoolTerm Intrnl_Id="595">
<LocList>
<Loc EndOffset="383" SrcFileId="26" StartOffset="366"/>
</LocList>
</BasicBoolTerm>
</RootTerm>
</LoopStmnt>
<BasicStmnt CovItemId="S6" CovItemPrefix="se.lnu.http.HTTPReader.java" Intrnl_Id="596">
<LocList>
<Loc EndOffset="465" SrcFileId="26" StartOffset="442"/>
</LocList>
</BasicStmnt>
</StmntSeq>
</HierarchyLvl>
<HierarchyLvl HierarchyLvlId="860" HierarchyLvlTypeId="35" Intrnl_Id="597" Name="readAll">
<Header>
<Loc EndOffset="516" SrcFileId="26" StartOffset="474"/>
</Header>
<LocList>
<Loc EndOffset="1142" SrcFileId="26" StartOffset="474"/>
</LocList>
<StmntSeq Intrnl_Id="598">
<LocList>
<Loc EndOffset="563" SrcFileId="26" StartOffset="522"/>
<Loc EndOffset="1094" SrcFileId="26" StartOffset="573"/>
<Loc EndOffset="1138" SrcFileId="26" StartOffset="1102"/>
</LocList>
<BasicStmnt CovItemId="S7" CovItemPrefix="se.lnu.http.HTTPReader.java" Intrnl_Id="599">
<LocList>
<Loc EndOffset="563" SrcFileId="26" StartOffset="522"/>
</LocList>
</BasicStmnt>
<LoopStmnt CovItemId="S8" CovItemPrefix="se.lnu.http.HTTPReader.java" Intrnl_Id="600" MltplExecId="L2-2" MltplExecPrefix="se.lnu.http.HTTPReader.java" NvrExecId="L2-0" NvrExecPrefix="se.lnu.http.HTTPReader.java" OnceExecutedId="L2-1" OnceExecutedPrefix="se.lnu.http.HTTPReader.java" OptBodyExec="true">
<StmntSeq Intrnl_Id="601">
<LocList>
<Loc EndOffset="628" SrcFileId="26" StartOffset="592"/>
<Loc EndOffset="781" SrcFileId="26" StartOffset="638"/>
<Loc EndOffset="813" SrcFileId="26" StartOffset="791"/>
<Loc EndOffset="838" SrcFileId="26" StartOffset="818"/>
<Loc EndOffset="934" SrcFileId="26" StartOffset="843"/>
<Loc EndOffset="1084" SrcFileId="26" StartOffset="939"/>
</LocList>
<BasicStmnt CovItemId="S9" CovItemPrefix="se.lnu.http.HTTPReader.java" Intrnl_Id="602">
<LocList>
<Loc EndOffset="628" SrcFileId="26" StartOffset="592"/>
</LocList>
</BasicStmnt>
<CondStmnt CovItemId="S10" CovItemPrefix="se.lnu.http.HTTPReader.java" Intrnl_Id="603">
<Branch CovItemId="B1" CovItemPrefix="se.lnu.http.HTTPReader.java" Implct="false" Intrnl_Id="604">
<Cond/>
<LocList>
<Loc EndOffset="781" SrcFileId="26" StartOffset="660"/>
</LocList>
<StmntSeq Intrnl_Id="605">
<LocList>
<Loc EndOffset="775" SrcFileId="26" StartOffset="746"/>
</LocList>
<BasicStmnt CovItemId="S11" CovItemPrefix="se.lnu.http.HTTPReader.java" Intrnl_Id="606">
<LocList>
<Loc EndOffset="775" SrcFileId="26" StartOffset="746"/>
</LocList>
</BasicStmnt>
</StmntSeq>
</Branch>
<Branch CovItemId="B2" CovItemPrefix="se.lnu.http.HTTPReader.java" Implct="true" Intrnl_Id="607">
<Cond/>
<LocList/>
<StmntSeq Intrnl_Id="608">
<LocList/>
</StmntSeq>
</Branch>
<Keyword EndOffset="640" SrcFileId="26" StartOffset="638"/>
<LocList>
<Loc EndOffset="781" SrcFileId="26" StartOffset="638"/>
</LocList>
<RootTerm CovItemId="C3" CovItemPrefix="se.lnu.http.HTTPReader.java" Intrnl_Id="609">
<BasicBoolTerm Intrnl_Id="610">
<LocList>
<Loc EndOffset="658" SrcFileId="26" StartOffset="642"/>
</LocList>
</BasicBoolTerm>
</RootTerm>
</CondStmnt>
<BasicStmnt CovItemId="S12" CovItemPrefix="se.lnu.http.HTTPReader.java" Intrnl_Id="611">
<LocList>
<Loc EndOffset="813" SrcFileId="26" StartOffset="791"/>
</LocList>
</BasicStmnt>
<BasicStmnt CovItemId="S13" CovItemPrefix="se.lnu.http.HTTPReader.java" Intrnl_Id="612">
<LocList>
<Loc EndOffset="838" SrcFileId="26" StartOffset="818"/>
</LocList>
</BasicStmnt>
<CondStmnt CovItemId="S14" CovItemPrefix="se.lnu.http.HTTPReader.java" Intrnl_Id="613">
<Branch CovItemId="B3" CovItemPrefix="se.lnu.http.HTTPReader.java" Implct="false" Intrnl_Id="614">
<Cond/>
<LocList>
<Loc EndOffset="934" SrcFileId="26" StartOffset="915"/>
</LocList>
<StmntSeq Intrnl_Id="615">
<LocList>
<Loc EndOffset="928" SrcFileId="26" StartOffset="922"/>
</LocList>
<BasicStmnt CovItemId="S15" CovItemPrefix="se.lnu.http.HTTPReader.java" Intrnl_Id="616">
<LocList>
<Loc EndOffset="928" SrcFileId="26" StartOffset="922"/>
</LocList>
</BasicStmnt>
</StmntSeq>
</Branch>
<Branch CovItemId="B4" CovItemPrefix="se.lnu.http.HTTPReader.java" Implct="true" Intrnl_Id="617">
<Cond/>
<LocList/>
<StmntSeq Intrnl_Id="618">
<LocList/>
</StmntSeq>
</Branch>
<Keyword EndOffset="845" SrcFileId="26" StartOffset="843"/>
<LocList>
<Loc EndOffset="934" SrcFileId="26" StartOffset="843"/>
</LocList>
<RootTerm CovItemId="C4" CovItemPrefix="se.lnu.http.HTTPReader.java" Intrnl_Id="619">
<OpTerm BooleanOpId="31" Intrnl_Id="620">
<OpTerm BooleanOpId="31" Intrnl_Id="621">
<BasicBoolTerm Intrnl_Id="622">
<LocList>
<Loc EndOffset="863" SrcFileId="26" StartOffset="847"/>
</LocList>
</BasicBoolTerm>
<BasicBoolTerm Intrnl_Id="623">
<LocList>
<Loc EndOffset="890" SrcFileId="26" StartOffset="867"/>
</LocList>
</BasicBoolTerm>
<LocList>
<Loc EndOffset="866" SrcFileId="26" StartOffset="864"/>
</LocList>
</OpTerm>
<BasicBoolTerm Intrnl_Id="624">
<LocList>
<Loc EndOffset="913" SrcFileId="26" StartOffset="894"/>
</LocList>
</BasicBoolTerm>
<LocList>
<Loc EndOffset="893" SrcFileId="26" StartOffset="891"/>
</LocList>
</OpTerm>
</RootTerm>
</CondStmnt>
<CondStmnt CovItemId="S16" CovItemPrefix="se.lnu.http.HTTPReader.java" Intrnl_Id="625">
<Branch CovItemId="B5" CovItemPrefix="se.lnu.http.HTTPReader.java" Implct="false" Intrnl_Id="626">
<Cond/>
<LocList>
<Loc EndOffset="1084" SrcFileId="26" StartOffset="983"/>
</LocList>
<StmntSeq Intrnl_Id="627">
<LocList>
<Loc EndOffset="1029" SrcFileId="26" StartOffset="990"/>
<Loc EndOffset="1077" SrcFileId="26" StartOffset="1035"/>
</LocList>
<BasicStmnt CovItemId="S17" CovItemPrefix="se.lnu.http.HTTPReader.java" Intrnl_Id="628">
<LocList>
<Loc EndOffset="1029" SrcFileId="26" StartOffset="990"/>
</LocList>
</BasicStmnt>
<BasicStmnt CovItemId="S18" CovItemPrefix="se.lnu.http.HTTPReader.java" Intrnl_Id="629">
<LocList>
<Loc EndOffset="1077" SrcFileId="26" StartOffset="1035"/>
</LocList>
</BasicStmnt>
</StmntSeq>
</Branch>
<Branch CovItemId="B6" CovItemPrefix="se.lnu.http.HTTPReader.java" Implct="true" Intrnl_Id="630">
<Cond/>
<LocList/>
<StmntSeq Intrnl_Id="631">
<LocList/>
</StmntSeq>
</Branch>
<Keyword EndOffset="941" SrcFileId="26" StartOffset="939"/>
<LocList>
<Loc EndOffset="1084" SrcFileId="26" StartOffset="939"/>
</LocList>
<RootTerm CovItemId="C5" CovItemPrefix="se.lnu.http.HTTPReader.java" Intrnl_Id="632">
<BasicBoolTerm Intrnl_Id="633">
<LocList>
<Loc EndOffset="981" SrcFileId="26" StartOffset="943"/>
</LocList>
</BasicBoolTerm>
</RootTerm>
</CondStmnt>
</StmntSeq>
<Keyword EndOffset="578" SrcFileId="26" StartOffset="573"/>
<LocList>
<Loc EndOffset="1094" SrcFileId="26" StartOffset="573"/>
</LocList>
</LoopStmnt>
<BasicStmnt CovItemId="S19" CovItemPrefix="se.lnu.http.HTTPReader.java" Intrnl_Id="634">
<LocList>
<Loc EndOffset="1138" SrcFileId="26" StartOffset="1102"/>
</LocList>
</BasicStmnt>
</StmntSeq>
</HierarchyLvl>
</HierarchyLvl>
<HierarchyLvl HierarchyLvlId="865" HierarchyLvlTypeId="34" Intrnl_Id="635" Name="ClientThread">
<Header>
<Loc EndOffset="198" SrcFileId="27" StartOffset="158"/>
</Header>
<LocList>
<Loc EndOffset="1577" SrcFileId="27" StartOffset="158"/>
</LocList>
<StmntSeq Intrnl_Id="636">
<LocList>
<Loc EndOffset="386" SrcFileId="27" StartOffset="340"/>
</LocList>
<BasicStmnt CovItemId="S1" CovItemPrefix="se.lnu.http.ClientThread.java" Intrnl_Id="637">
<LocList>
<Loc EndOffset="386" SrcFileId="27" StartOffset="340"/>
</LocList>
</BasicStmnt>
</StmntSeq>
<HierarchyLvl HierarchyLvlId="862" HierarchyLvlTypeId="35" Intrnl_Id="638" Name="ClientThread">
<Header>
<Loc EndOffset="517" SrcFileId="27" StartOffset="391"/>
</Header>
<LocList>
<Loc EndOffset="651" SrcFileId="27" StartOffset="391"/>
</LocList>
<StmntSeq Intrnl_Id="639">
<LocList>
<Loc EndOffset="556" SrcFileId="27" StartOffset="523"/>
<Loc EndOffset="587" SrcFileId="27" StartOffset="564"/>
<Loc EndOffset="614" SrcFileId="27" StartOffset="591"/>
<Loc EndOffset="647" SrcFileId="27" StartOffset="618"/>
</LocList>
<BasicStmnt CovItemId="S2" CovItemPrefix="se.lnu.http.ClientThread.java" Intrnl_Id="640">
<LocList>
<Loc EndOffset="556" SrcFileId="27" StartOffset="523"/>
</LocList>
</BasicStmnt>
<BasicStmnt CovItemId="S3" CovItemPrefix="se.lnu.http.ClientThread.java" Intrnl_Id="641">
<LocList>
<Loc EndOffset="587" SrcFileId="27" StartOffset="564"/>
</LocList>
</BasicStmnt>
<BasicStmnt CovItemId="S4" CovItemPrefix="se.lnu.http.ClientThread.java" Intrnl_Id="642">
<LocList>
<Loc EndOffset="614" SrcFileId="27" StartOffset="591"/>
</LocList>
</BasicStmnt>
<BasicStmnt CovItemId="S5" CovItemPrefix="se.lnu.http.ClientThread.java" Intrnl_Id="643">
<LocList>
<Loc EndOffset="647" SrcFileId="27" StartOffset="618"/>
</LocList>
</BasicStmnt>
</StmntSeq>
</HierarchyLvl>
<HierarchyLvl HierarchyLvlId="863" HierarchyLvlTypeId="35" Intrnl_Id="644" Name="run">
<Header>
<Loc EndOffset="674" SrcFileId="27" StartOffset="657"/>
</Header>
<LocList>
<Loc EndOffset="975" SrcFileId="27" StartOffset="657"/>
</LocList>
<StmntSeq Intrnl_Id="645">
<LocList>
<Loc EndOffset="719" SrcFileId="27" StartOffset="685"/>
<Loc EndOffset="756" SrcFileId="27" StartOffset="733"/>
<Loc EndOffset="824" SrcFileId="27" StartOffset="723"/>
<Loc EndOffset="863" SrcFileId="27" StartOffset="842"/>
<Loc EndOffset="922" SrcFileId="27" StartOffset="832"/>
<Loc EndOffset="967" SrcFileId="27" StartOffset="930"/>
</LocList>
<BasicStmnt CovItemId="S6" CovItemPrefix="se.lnu.http.ClientThread.java" Intrnl_Id="646">
<LocList>
<Loc EndOffset="719" SrcFileId="27" StartOffset="685"/>
</LocList>
</BasicStmnt>
<LoopStmnt CovItemId="S8" CovItemPrefix="se.lnu.http.ClientThread.java" Intrnl_Id="647" MltplExecId="L1-2" MltplExecPrefix="se.lnu.http.ClientThread.java" NvrExecId="L1-0" NvrExecPrefix="se.lnu.http.ClientThread.java" OnceExecutedId="L1-1" OnceExecutedPrefix="se.lnu.http.ClientThread.java" OptBodyExec="true">
<StmntSeq Intrnl_Id="648">
<LocList>
<Loc EndOffset="756" SrcFileId="27" StartOffset="755"/>
</LocList>
<BasicStmnt CovItemId="S9" CovItemPrefix="se.lnu.http.ClientThread.java" Intrnl_Id="649">
<LocList>
<Loc EndOffset="756" SrcFileId="27" StartOffset="755"/>
</LocList>
</BasicStmnt>
</StmntSeq>
<Keyword EndOffset="738" SrcFileId="27" StartOffset="733"/>
<LocList>
<Loc EndOffset="756" SrcFileId="27" StartOffset="733"/>
</LocList>
<RootTerm CovItemId="C1" CovItemPrefix="se.lnu.http.ClientThread.java" Intrnl_Id="650">
<BasicBoolTerm Intrnl_Id="651">
<LocList>
<Loc EndOffset="754" SrcFileId="27" StartOffset="739"/>
</LocList>
</BasicBoolTerm>
</RootTerm>
</LoopStmnt>
<CondStmnt CovItemId="S7" CovItemPrefix="se.lnu.http.ClientThread.java" Intrnl_Id="652">
<Branch CovItemId="B1" CovItemPrefix="se.lnu.http.ClientThread.java" Implct="true" Intrnl_Id="653">
<Cond/>
<LocList/>
<StmntSeq Intrnl_Id="654">
<LocList/>
</StmntSeq>
</Branch>
<Branch CovItemId="B2" CovItemPrefix="se.lnu.http.ClientThread.java" Implct="false" Intrnl_Id="655">
<Cond>
<Loc EndOffset="788" SrcFileId="27" StartOffset="767"/>
</Cond>
<LocList>
<Loc EndOffset="824" SrcFileId="27" StartOffset="789"/>
</LocList>
<StmntSeq Intrnl_Id="656">
<LocList/>
</StmntSeq>
</Branch>
<Keyword EndOffset="726" SrcFileId="27" StartOffset="723"/>
<LocList>
<Loc EndOffset="824" SrcFileId="27" StartOffset="723"/>
</LocList>
</CondStmnt>
<BasicStmnt CovItemId="S11" CovItemPrefix="se.lnu.http.ClientThread.java" Intrnl_Id="657">
<LocList>
<Loc EndOffset="863" SrcFileId="27" StartOffset="842"/>
</LocList>
</BasicStmnt>
<CondStmnt CovItemId="S10" CovItemPrefix="se.lnu.http.ClientThread.java" Intrnl_Id="658">
<Branch CovItemId="B3" CovItemPrefix="se.lnu.http.ClientThread.java" Implct="true" Intrnl_Id="659">
<Cond/>
<LocList/>
<StmntSeq Intrnl_Id="660">
<LocList/>
</StmntSeq>
</Branch>
<Branch CovItemId="B4" CovItemPrefix="se.lnu.http.ClientThread.java" Implct="false" Intrnl_Id="661">
<Cond>
<Loc EndOffset="890" SrcFileId="27" StartOffset="869"/>
</Cond>
<LocList>
<Loc EndOffset="922" SrcFileId="27" StartOffset="891"/>
</LocList>
<StmntSeq Intrnl_Id="662">
<LocList>
<Loc EndOffset="917" SrcFileId="27" StartOffset="897"/>
</LocList>
<BasicStmnt CovItemId="S12" CovItemPrefix="se.lnu.http.ClientThread.java" Intrnl_Id="663">
<LocList>
<Loc EndOffset="917" SrcFileId="27" StartOffset="897"/>
</LocList>
</BasicStmnt>
</StmntSeq>
</Branch>
<Keyword EndOffset="835" SrcFileId="27" StartOffset="832"/>
<LocList>
<Loc EndOffset="922" SrcFileId="27" StartOffset="832"/>
</LocList>
</CondStmnt>
<BasicStmnt CovItemId="S13" CovItemPrefix="se.lnu.http.ClientThread.java" Intrnl_Id="664">
<LocList>
<Loc EndOffset="967" SrcFileId="27" StartOffset="930"/>
</LocList>
</BasicStmnt>
</StmntSeq>
</HierarchyLvl>
<HierarchyLvl HierarchyLvlId="864" HierarchyLvlTypeId="35" Intrnl_Id="665" Name="singleRequest">
<Header>
<Loc EndOffset="1030" SrcFileId="27" StartOffset="980"/>
</Header>
<LocList>
<Loc EndOffset="1574" SrcFileId="27" StartOffset="980"/>
</LocList>
<StmntSeq Intrnl_Id="666">
<LocList>
<Loc EndOffset="1062" SrcFileId="27" StartOffset="1036"/>
<Loc EndOffset="1134" SrcFileId="27" StartOffset="1066"/>
<Loc EndOffset="1242" SrcFileId="27" StartOffset="1174"/>
<Loc EndOffset="1325" SrcFileId="27" StartOffset="1257"/>
<Loc EndOffset="1375" SrcFileId="27" StartOffset="1335"/>
<Loc EndOffset="1488" SrcFileId="27" StartOffset="1164"/>
<Loc EndOffset="1544" SrcFileId="27" StartOffset="1495"/>
<Loc EndOffset="1570" SrcFileId="27" StartOffset="1552"/>
</LocList>
<BasicStmnt CovItemId="S14" CovItemPrefix="se.lnu.http.ClientThread.java" Intrnl_Id="667">
<LocList>
<Loc EndOffset="1062" SrcFileId="27" StartOffset="1036"/>
</LocList>
</BasicStmnt>
<BasicStmnt CovItemId="S15" CovItemPrefix="se.lnu.http.ClientThread.java" Intrnl_Id="668">
<LocList>
<Loc EndOffset="1134" SrcFileId="27" StartOffset="1066"/>
</LocList>
</BasicStmnt>
<BasicStmnt CovItemId="S17" CovItemPrefix="se.lnu.http.ClientThread.java" Intrnl_Id="669">
<LocList>
<Loc EndOffset="1242" SrcFileId="27" StartOffset="1174"/>
</LocList>
</BasicStmnt>
<CondStmnt CovItemId="S18" CovItemPrefix="se.lnu.http.ClientThread.java" Intrnl_Id="670">
<Branch CovItemId="B6" CovItemPrefix="se.lnu.http.ClientThread.java" Implct="false" Intrnl_Id="671">
<Cond/>
<LocList>
<Loc EndOffset="1325" SrcFileId="27" StartOffset="1293"/>
</LocList>
<StmntSeq Intrnl_Id="672">
<LocList>
<Loc EndOffset="1319" SrcFileId="27" StartOffset="1300"/>
</LocList>
<BasicStmnt CovItemId="S19" CovItemPrefix="se.lnu.http.ClientThread.java" Intrnl_Id="673">
<LocList>
<Loc EndOffset="1319" SrcFileId="27" StartOffset="1300"/>
</LocList>
</BasicStmnt>
</StmntSeq>
</Branch>
<Branch CovItemId="B7" CovItemPrefix="se.lnu.http.ClientThread.java" Implct="true" Intrnl_Id="674">
<Cond/>
<LocList/>
<StmntSeq Intrnl_Id="675">
<LocList/>
</StmntSeq>
</Branch>
<Keyword EndOffset="1259" SrcFileId="27" StartOffset="1257"/>
<LocList>
<Loc EndOffset="1325" SrcFileId="27" StartOffset="1257"/>
</LocList>
<RootTerm CovItemId="C2" CovItemPrefix="se.lnu.http.ClientThread.java" Intrnl_Id="676">
<BasicBoolTerm Intrnl_Id="677">
<LocList>
<Loc EndOffset="1291" SrcFileId="27" StartOffset="1261"/>
</LocList>
</BasicBoolTerm>
</RootTerm>
</CondStmnt>
<BasicStmnt CovItemId="S20" CovItemPrefix="se.lnu.http.ClientThread.java" Intrnl_Id="678">
<LocList>
<Loc EndOffset="1375" SrcFileId="27" StartOffset="1335"/>
</LocList>
</BasicStmnt>
<CondStmnt CovItemId="S16" CovItemPrefix="se.lnu.http.ClientThread.java" Intrnl_Id="679">
<Branch CovItemId="B5" CovItemPrefix="se.lnu.http.ClientThread.java" Implct="true" Intrnl_Id="680">
<Cond/>
<LocList/>
<StmntSeq Intrnl_Id="681">
<LocList/>
</StmntSeq>
</Branch>
<Branch CovItemId="B8" CovItemPrefix="se.lnu.http.ClientThread.java" Implct="false" Intrnl_Id="682">
<Cond>
<Loc EndOffset="1416" SrcFileId="27" StartOffset="1381"/>
</Cond>
<LocList>
<Loc EndOffset="1488" SrcFileId="27" StartOffset="1417"/>
</LocList>
<StmntSeq Intrnl_Id="683">
<LocList>
<Loc EndOffset="1459" SrcFileId="27" StartOffset="1423"/>
<Loc EndOffset="1483" SrcFileId="27" StartOffset="1464"/>
</LocList>
<BasicStmnt CovItemId="S21" CovItemPrefix="se.lnu.http.ClientThread.java" Intrnl_Id="684">
<LocList>
<Loc EndOffset="1459" SrcFileId="27" StartOffset="1423"/>
</LocList>
</BasicStmnt>
<BasicStmnt CovItemId="S22" CovItemPrefix="se.lnu.http.ClientThread.java" Intrnl_Id="685">
<LocList>
<Loc EndOffset="1483" SrcFileId="27" StartOffset="1464"/>
</LocList>
</BasicStmnt>
</StmntSeq>
</Branch>
<Keyword EndOffset="1167" SrcFileId="27" StartOffset="1164"/>
<LocList>
<Loc EndOffset="1488" SrcFileId="27" StartOffset="1164"/>
</LocList>
</CondStmnt>
<BasicStmnt CovItemId="S23" CovItemPrefix="se.lnu.http.ClientThread.java" Intrnl_Id="686">
<LocList>
<Loc EndOffset="1544" SrcFileId="27" StartOffset="1495"/>
</LocList>
</BasicStmnt>
<BasicStmnt CovItemId="S24" CovItemPrefix="se.lnu.http.ClientThread.java" Intrnl_Id="687">
<LocList>
<Loc EndOffset="1570" SrcFileId="27" StartOffset="1552"/>
</LocList>
</BasicStmnt>
</StmntSeq>
</HierarchyLvl>
</HierarchyLvl>
<HierarchyLvl HierarchyLvlId="871" HierarchyLvlTypeId="34" Intrnl_Id="688" Name="ClientSocket">
<Header>
<Loc EndOffset="201" SrcFileId="28" StartOffset="176"/>
</Header>
<LocList>
<Loc EndOffset="1001" SrcFileId="28" StartOffset="176"/>
</LocList>
<HierarchyLvl HierarchyLvlId="866" HierarchyLvlTypeId="35" Intrnl_Id="689" Name="ClientSocket">
<Header>
<Loc EndOffset="266" SrcFileId="28" StartOffset="234"/>
</Header>
<LocList>
<Loc EndOffset="297" SrcFileId="28" StartOffset="234"/>
</LocList>
<StmntSeq Intrnl_Id="690">
<LocList>
<Loc EndOffset="289" SrcFileId="28" StartOffset="272"/>
</LocList>
<BasicStmnt CovItemId="S1" CovItemPrefix="se.lnu.http.ClientSocket.java" Intrnl_Id="691">
<LocList>
<Loc EndOffset="289" SrcFileId="28" StartOffset="272"/>
</LocList>
</BasicStmnt>
</StmntSeq>
</HierarchyLvl>
<HierarchyLvl HierarchyLvlId="867" HierarchyLvlTypeId="35" Intrnl_Id="692" Name="getRequest">
<Header>
<Loc EndOffset="370" SrcFileId="28" StartOffset="302"/>
</Header>
<LocList>
<Loc EndOffset="632" SrcFileId="28" StartOffset="302"/>
</LocList>
<StmntSeq Intrnl_Id="693">
<LocList>
<Loc EndOffset="419" SrcFileId="28" StartOffset="380"/>
<Loc EndOffset="508" SrcFileId="28" StartOffset="423"/>
<Loc EndOffset="555" SrcFileId="28" StartOffset="512"/>
<Loc EndOffset="603" SrcFileId="28" StartOffset="559"/>
<Loc EndOffset="628" SrcFileId="28" StartOffset="607"/>
</LocList>
<BasicStmnt CovItemId="S2" CovItemPrefix="se.lnu.http.ClientSocket.java" Intrnl_Id="694">
<LocList>
<Loc EndOffset="419" SrcFileId="28" StartOffset="380"/>
</LocList>
</BasicStmnt>
<BasicStmnt CovItemId="S3" CovItemPrefix="se.lnu.http.ClientSocket.java" Intrnl_Id="695">
<LocList>
<Loc EndOffset="508" SrcFileId="28" StartOffset="423"/>
</LocList>
</BasicStmnt>
<BasicStmnt CovItemId="S4" CovItemPrefix="se.lnu.http.ClientSocket.java" Intrnl_Id="696">
<LocList>
<Loc EndOffset="555" SrcFileId="28" StartOffset="512"/>
</LocList>
</BasicStmnt>
<BasicStmnt CovItemId="S5" CovItemPrefix="se.lnu.http.ClientSocket.java" Intrnl_Id="697">
<LocList>
<Loc EndOffset="603" SrcFileId="28" StartOffset="559"/>
</LocList>
</BasicStmnt>
<BasicStmnt CovItemId="S6" CovItemPrefix="se.lnu.http.ClientSocket.java" Intrnl_Id="698">
<LocList>
<Loc EndOffset="628" SrcFileId="28" StartOffset="607"/>
</LocList>
</BasicStmnt>
</StmntSeq>
</HierarchyLvl>
<HierarchyLvl HierarchyLvlId="868" HierarchyLvlTypeId="35" Intrnl_Id="699" Name="writeHeader">
<Header>
<Loc EndOffset="696" SrcFileId="28" StartOffset="637"/>
</Header>
<LocList>
<Loc EndOffset="821" SrcFileId="28" StartOffset="637"/>
</LocList>
<StmntSeq Intrnl_Id="700">
<LocList>
<Loc EndOffset="766" SrcFileId="28" StartOffset="702"/>
<Loc EndOffset="801" SrcFileId="28" StartOffset="770"/>
<Loc EndOffset="817" SrcFileId="28" StartOffset="805"/>
</LocList>
<BasicStmnt CovItemId="S7" CovItemPrefix="se.lnu.http.ClientSocket.java" Intrnl_Id="701">
<LocList>
<Loc EndOffset="766" SrcFileId="28" StartOffset="702"/>
</LocList>
</BasicStmnt>
<BasicStmnt CovItemId="S8" CovItemPrefix="se.lnu.http.ClientSocket.java" Intrnl_Id="702">
<LocList>
<Loc EndOffset="801" SrcFileId="28" StartOffset="770"/>
</LocList>
</BasicStmnt>
<BasicStmnt CovItemId="S9" CovItemPrefix="se.lnu.http.ClientSocket.java" Intrnl_Id="703">
<LocList>
<Loc EndOffset="817" SrcFileId="28" StartOffset="805"/>
</LocList>
</BasicStmnt>
</StmntSeq>
</HierarchyLvl>
<HierarchyLvl HierarchyLvlId="869" HierarchyLvlTypeId="35" Intrnl_Id="704" Name="close">
<Header>
<Loc EndOffset="864" SrcFileId="28" StartOffset="826"/>
</Header>
<LocList>
<Loc EndOffset="891" SrcFileId="28" StartOffset="826"/>
</LocList>
<StmntSeq Intrnl_Id="705">
<LocList>
<Loc EndOffset="883" SrcFileId="28" StartOffset="870"/>
</LocList>
<BasicStmnt CovItemId="S10" CovItemPrefix="se.lnu.http.ClientSocket.java" Intrnl_Id="706">
<LocList>
<Loc EndOffset="883" SrcFileId="28" StartOffset="870"/>
</LocList>
</BasicStmnt>
</StmntSeq>
</HierarchyLvl>
<HierarchyLvl HierarchyLvlId="870" HierarchyLvlTypeId="35" Intrnl_Id="707" Name="writeBody">
<Header>
<Loc EndOffset="950" SrcFileId="28" StartOffset="896"/>
</Header>
<LocList>
<Loc EndOffset="996" SrcFileId="28" StartOffset="896"/>
</LocList>
<StmntSeq Intrnl_Id="708">
<LocList>
<Loc EndOffset="992" SrcFileId="28" StartOffset="956"/>
</LocList>
<BasicStmnt CovItemId="S11" CovItemPrefix="se.lnu.http.ClientSocket.java" Intrnl_Id="709">
<LocList>
<Loc EndOffset="992" SrcFileId="28" StartOffset="956"/>
</LocList>
</BasicStmnt>
</StmntSeq>
</HierarchyLvl>
</HierarchyLvl>
<HierarchyLvl HierarchyLvlId="874" HierarchyLvlTypeId="34" Intrnl_Id="710" Name="ClientFactory">
<Header>
<Loc EndOffset="77" SrcFileId="29" StartOffset="51"/>
</Header>
<LocList>
<Loc EndOffset="556" SrcFileId="29" StartOffset="51"/>
</LocList>
<HierarchyLvl HierarchyLvlId="872" HierarchyLvlTypeId="35" Intrnl_Id="711" Name="ClientFactory">
<Header>
<Loc EndOffset="241" SrcFileId="29" StartOffset="183"/>
</Header>
<LocList>
<Loc EndOffset="323" SrcFileId="29" StartOffset="183"/>
</LocList>
<StmntSeq Intrnl_Id="712">
<LocList>
<Loc EndOffset="268" SrcFileId="29" StartOffset="247"/>
<Loc EndOffset="295" SrcFileId="29" StartOffset="272"/>
<Loc EndOffset="319" SrcFileId="29" StartOffset="299"/>
</LocList>
<BasicStmnt CovItemId="S1" CovItemPrefix="se.lnu.http.ClientFactory.java" Intrnl_Id="713">
<LocList>
<Loc EndOffset="268" SrcFileId="29" StartOffset="247"/>
</LocList>
</BasicStmnt>
<BasicStmnt CovItemId="S2" CovItemPrefix="se.lnu.http.ClientFactory.java" Intrnl_Id="714">
<LocList>
<Loc EndOffset="295" SrcFileId="29" StartOffset="272"/>
</LocList>
</BasicStmnt>
<BasicStmnt CovItemId="S3" CovItemPrefix="se.lnu.http.ClientFactory.java" Intrnl_Id="715">
<LocList>
<Loc EndOffset="319" SrcFileId="29" StartOffset="299"/>
</LocList>
</BasicStmnt>
</StmntSeq>
</HierarchyLvl>
<HierarchyLvl HierarchyLvlId="873" HierarchyLvlTypeId="35" Intrnl_Id="716" Name="createClient">
<Header>
<Loc EndOffset="382" SrcFileId="29" StartOffset="328"/>
</Header>
<LocList>
<Loc EndOffset="551" SrcFileId="29" StartOffset="328"/>
</LocList>
<StmntSeq Intrnl_Id="717">
<LocList>
<Loc EndOffset="406" SrcFileId="29" StartOffset="388"/>
<Loc EndOffset="547" SrcFileId="29" StartOffset="410"/>
</LocList>
<BasicStmnt CovItemId="S4" CovItemPrefix="se.lnu.http.ClientFactory.java" Intrnl_Id="718">
<LocList>
<Loc EndOffset="406" SrcFileId="29" StartOffset="388"/>
</LocList>
</BasicStmnt>
<BasicStmnt CovItemId="S5" CovItemPrefix="se.lnu.http.ClientFactory.java" Intrnl_Id="719">
<LocList>
<Loc EndOffset="547" SrcFileId="29" StartOffset="410"/>
</LocList>
</BasicStmnt>
</StmntSeq>
</HierarchyLvl>
</HierarchyLvl>
<HierarchyLvl HierarchyLvlId="879" HierarchyLvlTypeId="34" Intrnl_Id="720" Name="AcceptThread">
<Header>
<Loc EndOffset="185" SrcFileId="30" StartOffset="145"/>
</Header>
<LocList>
<Loc EndOffset="1204" SrcFileId="30" StartOffset="145"/>
</LocList>
<HierarchyLvl HierarchyLvlId="875" HierarchyLvlTypeId="35" Intrnl_Id="721" Name="AcceptThread">
<Header>
<Loc EndOffset="407" SrcFileId="30" StartOffset="304"/>
</Header>
<LocList>
<Loc EndOffset="489" SrcFileId="30" StartOffset="304"/>
</LocList>
<StmntSeq Intrnl_Id="722">
<LocList>
<Loc EndOffset="427" SrcFileId="30" StartOffset="413"/>
<Loc EndOffset="456" SrcFileId="30" StartOffset="431"/>
<Loc EndOffset="485" SrcFileId="30" StartOffset="460"/>
</LocList>
<BasicStmnt CovItemId="S1" CovItemPrefix="se.lnu.http.AcceptThread.java" Intrnl_Id="723">
<LocList>
<Loc EndOffset="427" SrcFileId="30" StartOffset="413"/>
</LocList>
</BasicStmnt>
<BasicStmnt CovItemId="S2" CovItemPrefix="se.lnu.http.AcceptThread.java" Intrnl_Id="724">
<LocList>
<Loc EndOffset="456" SrcFileId="30" StartOffset="431"/>
</LocList>
</BasicStmnt>
<BasicStmnt CovItemId="S3" CovItemPrefix="se.lnu.http.AcceptThread.java" Intrnl_Id="725">
<LocList>
<Loc EndOffset="485" SrcFileId="30" StartOffset="460"/>
</LocList>
</BasicStmnt>
</StmntSeq>
</HierarchyLvl>
<HierarchyLvl HierarchyLvlId="876" HierarchyLvlTypeId="35" Intrnl_Id="726" Name="stopme">
<Header>
<Loc EndOffset="534" SrcFileId="30" StartOffset="495"/>
</Header>
<LocList>
<Loc EndOffset="559" SrcFileId="30" StartOffset="495"/>
</LocList>
<StmntSeq Intrnl_Id="727">
<LocList>
<Loc EndOffset="555" SrcFileId="30" StartOffset="540"/>
</LocList>
<BasicStmnt CovItemId="S4" CovItemPrefix="se.lnu.http.AcceptThread.java" Intrnl_Id="728">
<LocList>
<Loc EndOffset="555" SrcFileId="30" StartOffset="540"/>
</LocList>
</BasicStmnt>
</StmntSeq>
</HierarchyLvl>
<HierarchyLvl HierarchyLvlId="877" HierarchyLvlTypeId="35" Intrnl_Id="729" Name="run">
<Header>
<Loc EndOffset="582" SrcFileId="30" StartOffset="565"/>
</Header>
<LocList>
<Loc EndOffset="984" SrcFileId="30" StartOffset="565"/>
</LocList>
<StmntSeq Intrnl_Id="730">
<LocList>
<Loc EndOffset="916" SrcFileId="30" StartOffset="616"/>
<Loc EndOffset="962" SrcFileId="30" StartOffset="938"/>
</LocList>
<LoopStmnt CovItemId="S5" CovItemPrefix="se.lnu.http.AcceptThread.java" Intrnl_Id="731" MltplExecId="L1-2" MltplExecPrefix="se.lnu.http.AcceptThread.java" NvrExecId="L1-0" NvrExecPrefix="se.lnu.http.AcceptThread.java" OnceExecutedId="L1-1" OnceExecutedPrefix="se.lnu.http.AcceptThread.java" OptBodyExec="true">
<StmntSeq Intrnl_Id="732">
<LocList>
<Loc EndOffset="675" SrcFileId="30" StartOffset="660"/>
<Loc EndOffset="892" SrcFileId="30" StartOffset="642"/>
</LocList>
<BasicStmnt CovItemId="S7" CovItemPrefix="se.lnu.http.AcceptThread.java" Intrnl_Id="733">
<LocList>
<Loc EndOffset="675" SrcFileId="30" StartOffset="660"/>
</LocList>
</BasicStmnt>
<CondStmnt CovItemId="S6" CovItemPrefix="se.lnu.http.AcceptThread.java" Intrnl_Id="734">
<Branch CovItemId="B1" CovItemPrefix="se.lnu.http.AcceptThread.java" Implct="true" Intrnl_Id="735">
<Cond/>
<LocList/>
<StmntSeq Intrnl_Id="736">
<LocList/>
</StmntSeq>
</Branch>
<Branch CovItemId="B2" CovItemPrefix="se.lnu.http.AcceptThread.java" Implct="false" Intrnl_Id="737">
<Cond>
<Loc EndOffset="714" SrcFileId="30" StartOffset="689"/>
</Cond>
<LocList>
<Loc EndOffset="816" SrcFileId="30" StartOffset="715"/>
</LocList>
<StmntSeq Intrnl_Id="738">
<LocList>
<Loc EndOffset="797" SrcFileId="30" StartOffset="791"/>
</LocList>
<BasicStmnt CovItemId="S8" CovItemPrefix="se.lnu.http.AcceptThread.java" Intrnl_Id="739">
<LocList>
<Loc EndOffset="797" SrcFileId="30" StartOffset="791"/>
</LocList>
</BasicStmnt>
</StmntSeq>
</Branch>
<Branch CovItemId="B3" CovItemPrefix="se.lnu.http.AcceptThread.java" Implct="false" Intrnl_Id="740">
<Cond>
<Loc EndOffset="838" SrcFileId="30" StartOffset="817"/>
</Cond>
<LocList>
<Loc EndOffset="892" SrcFileId="30" StartOffset="839"/>
</LocList>
<StmntSeq Intrnl_Id="741">
<LocList>
<Loc EndOffset="873" SrcFileId="30" StartOffset="853"/>
</LocList>
<BasicStmnt CovItemId="S9" CovItemPrefix="se.lnu.http.AcceptThread.java" Intrnl_Id="742">
<LocList>
<Loc EndOffset="873" SrcFileId="30" StartOffset="853"/>
</LocList>
</BasicStmnt>
</StmntSeq>
</Branch>
<Keyword EndOffset="645" SrcFileId="30" StartOffset="642"/>
<LocList>
<Loc EndOffset="892" SrcFileId="30" StartOffset="642"/>
</LocList>
</CondStmnt>
</StmntSeq>
<Keyword EndOffset="621" SrcFileId="30" StartOffset="616"/>
<LocList>
<Loc EndOffset="916" SrcFileId="30" StartOffset="616"/>
</LocList>
</LoopStmnt>
<BasicStmnt CovItemId="S10" CovItemPrefix="se.lnu.http.AcceptThread.java" Intrnl_Id="743">
<LocList>
<Loc EndOffset="962" SrcFileId="30" StartOffset="938"/>
</LocList>
</BasicStmnt>
</StmntSeq>
</HierarchyLvl>
<HierarchyLvl HierarchyLvlId="878" HierarchyLvlTypeId="35" Intrnl_Id="744" Name="acceptClient">
<Header>
<Loc EndOffset="1035" SrcFileId="30" StartOffset="989"/>
</Header>
<LocList>
<Loc EndOffset="1197" SrcFileId="30" StartOffset="989"/>
</LocList>
<StmntSeq Intrnl_Id="745">
<LocList>
<Loc EndOffset="1066" SrcFileId="30" StartOffset="1041"/>
<Loc EndOffset="1108" SrcFileId="30" StartOffset="1070"/>
<Loc EndOffset="1170" SrcFileId="30" StartOffset="1112"/>
<Loc EndOffset="1189" SrcFileId="30" StartOffset="1174"/>
</LocList>
<BasicStmnt CovItemId="S11" CovItemPrefix="se.lnu.http.AcceptThread.java" Intrnl_Id="746">
<LocList>
<Loc EndOffset="1066" SrcFileId="30" StartOffset="1041"/>
</LocList>
</BasicStmnt>
<BasicStmnt CovItemId="S12" CovItemPrefix="se.lnu.http.AcceptThread.java" Intrnl_Id="747">
<LocList>
<Loc EndOffset="1108" SrcFileId="30" StartOffset="1070"/>
</LocList>
</BasicStmnt>
<BasicStmnt CovItemId="S13" CovItemPrefix="se.lnu.http.AcceptThread.java" Intrnl_Id="748">
<LocList>
<Loc EndOffset="1170" SrcFileId="30" StartOffset="1112"/>
</LocList>
</BasicStmnt>
<BasicStmnt CovItemId="S14" CovItemPrefix="se.lnu.http.AcceptThread.java" Intrnl_Id="749">
<LocList>
<Loc EndOffset="1189" SrcFileId="30" StartOffset="1174"/>
</LocList>
</BasicStmnt>
</StmntSeq>
</HierarchyLvl>
</HierarchyLvl>
</HierarchyLvl>
</HierarchyLvl>
</HierarchyLvl>
</HierarchyLvl>
</MASTRoot>
<TestSession Comment="" Date="1385474966883" Name="Nov 26, 2013 3:09:26 PM">
<TestCase Comment="" Date="1385474964642" Name="se.lnu.http.HTTPRequestTest:testGetURL">
<CovList>
<CovPrefix CovItemPrefix="se.lnu.http.HTTPRequest.java">
<Cov CovItemId="B2" Value="9"/>
<Cov CovItemId="L1-2" Value="1"/>
<Cov CovItemId="S1" Value="1"/>
<Cov CovItemId="S2" Value="9"/>
<Cov CovItemId="S4" Value="1"/>
</CovPrefix>
<CovPrefix CovItemPrefix="se.lnu.http.exceptions.MalformedRequestException.java">
<Cov CovItemId="S1" Value="1"/>
<Cov CovItemId="S2" Value="1"/>
</CovPrefix>
</CovList>
<AssgnmntList>
<AssgnmntPrefix RootTermCovItemPrefix="se.lnu.http.HTTPRequest.java">
<AssgnmntListEntry Length="1" RootTermCovItemId="C1">
<MapEntry BoolAssgnmnt="0" Value="9"/>
</AssgnmntListEntry>
</AssgnmntPrefix>
</AssgnmntList>
<ObjMetaDataList/>
<MetaDataList/>
</TestCase>
<TestCase Comment="" Date="1385474964665" Name="se.lnu.http.ClientThreadTest:testRun">
<CovList>
<CovPrefix CovItemPrefix="se.lnu.http.ClientThread.java">
<Cov CovItemId="B1" Value="1"/>
<Cov CovItemId="B3" Value="1"/>
<Cov CovItemId="B5" Value="1"/>
<Cov CovItemId="B6" Value="1"/>
<Cov CovItemId="L1-0" Value="1"/>
<Cov CovItemId="S1" Value="1"/>
<Cov CovItemId="S10" Value="1"/>
<Cov CovItemId="S11" Value="1"/>
<Cov CovItemId="S13" Value="1"/>
<Cov CovItemId="S14" Value="1"/>
<Cov CovItemId="S15" Value="1"/>
<Cov CovItemId="S16" Value="1"/>
<Cov CovItemId="S17" Value="1"/>
<Cov CovItemId="S18" Value="1"/>
<Cov CovItemId="S19" Value="1"/>
<Cov CovItemId="S2" Value="1"/>
<Cov CovItemId="S20" Value="1"/>
<Cov CovItemId="S23" Value="1"/>
<Cov CovItemId="S24" Value="1"/>
<Cov CovItemId="S3" Value="1"/>
<Cov CovItemId="S4" Value="1"/>
<Cov CovItemId="S5" Value="1"/>
<Cov CovItemId="S6" Value="1"/>
<Cov CovItemId="S7" Value="1"/>
<Cov CovItemId="S8" Value="1"/>
</CovPrefix>
<CovPrefix CovItemPrefix="se.lnu.http.HTTPRequest.java">
<Cov CovItemId="B1" Value="1"/>
<Cov CovItemId="B4" Value="1"/>
<Cov CovItemId="B5" Value="1"/>
<Cov CovItemId="B7" Value="1"/>
<Cov CovItemId="L1-1" Value="1"/>
<Cov CovItemId="S1" Value="1"/>
<Cov CovItemId="S12" Value="1"/>
<Cov CovItemId="S13" Value="1"/>
<Cov CovItemId="S14" Value="1"/>
<Cov CovItemId="S2" Value="1"/>
<Cov CovItemId="S3" Value="1"/>
<Cov CovItemId="S5" Value="1"/>
<Cov CovItemId="S6" Value="1"/>
<Cov CovItemId="S7" Value="1"/>
<Cov CovItemId="S8" Value="1"/>
</CovPrefix>
<CovPrefix CovItemPrefix="se.lnu.http.HTTPRequestParser.java">
<Cov CovItemId="B2" Value="1"/>
<Cov CovItemId="L1-2" Value="1"/>
<Cov CovItemId="S1" Value="1"/>
<Cov CovItemId="S10" Value="2"/>
<Cov CovItemId="S11" Value="1"/>
<Cov CovItemId="S2" Value="1"/>
<Cov CovItemId="S3" Value="1"/>
<Cov CovItemId="S4" Value="1"/>
<Cov CovItemId="S6" Value="1"/>
<Cov CovItemId="S7" Value="1"/>
<Cov CovItemId="S8" Value="1"/>
<Cov CovItemId="S9" Value="2"/>
</CovPrefix>
<CovPrefix CovItemPrefix="se.lnu.http.Header.java">
<Cov CovItemId="B2" Value="2"/>
<Cov CovItemId="B3" Value="2"/>
<Cov CovItemId="B4" Value="3"/>
<Cov CovItemId="L1-1" Value="1"/>
<Cov CovItemId="L1-2" Value="1"/>
<Cov CovItemId="S1" Value="10"/>
<Cov CovItemId="S10" Value="5"/>
<Cov CovItemId="S11" Value="2"/>
<Cov CovItemId="S2" Value="2"/>
<Cov CovItemId="S3" Value="2"/>
<Cov CovItemId="S4" Value="1"/>
<Cov CovItemId="S5" Value="2"/>
<Cov CovItemId="S6" Value="2"/>
<Cov CovItemId="S7" Value="2"/>
<Cov CovItemId="S9" Value="2"/>
</CovPrefix>
</CovList>
<AssgnmntList>
<AssgnmntPrefix RootTermCovItemPrefix="se.lnu.http.ClientThread.java">
<AssgnmntListEntry Length="1" RootTermCovItemId="C1">
<MapEntry BoolAssgnmnt="0" Value="1"/>
</AssgnmntListEntry>
<AssgnmntListEntry Length="1" RootTermCovItemId="C2">
<MapEntry BoolAssgnmnt="1" Value="1"/>
</AssgnmntListEntry>
</AssgnmntPrefix>
<AssgnmntPrefix RootTermCovItemPrefix="se.lnu.http.HTTPRequest.java">
<AssgnmntListEntry Length="1" RootTermCovItemId="C1">
<MapEntry BoolAssgnmnt="1" Value="1"/>
</AssgnmntListEntry>
<AssgnmntListEntry Length="1" RootTermCovItemId="C2">
<MapEntry BoolAssgnmnt="0" Value="1"/>
</AssgnmntListEntry>
<AssgnmntListEntry Length="1" RootTermCovItemId="C3">
<MapEntry BoolAssgnmnt="1" Value="1"/>
</AssgnmntListEntry>
<AssgnmntListEntry Length="1" RootTermCovItemId="C4">
<MapEntry BoolAssgnmnt="1" Value="1"/>
</AssgnmntListEntry>
</AssgnmntPrefix>
<AssgnmntPrefix RootTermCovItemPrefix="se.lnu.http.HTTPRequestParser.java">
<AssgnmntListEntry Length="1" RootTermCovItemId="C1">
<MapEntry BoolAssgnmnt="0" Value="1"/>
</AssgnmntListEntry>
<AssgnmntListEntry Length="1" RootTermCovItemId="C2">
<MapEntry BoolAssgnmnt="0" Value="1"/>
<MapEntry BoolAssgnmnt="1" Value="2"/>
</AssgnmntListEntry>
</AssgnmntPrefix>
<AssgnmntPrefix RootTermCovItemPrefix="se.lnu.http.Header.java">
<AssgnmntListEntry Length="1" RootTermCovItemId="C1">
<MapEntry BoolAssgnmnt="0" Value="2"/>
</AssgnmntListEntry>
<AssgnmntListEntry Length="1" RootTermCovItemId="C2">
<MapEntry BoolAssgnmnt="0" Value="3"/>
<MapEntry BoolAssgnmnt="1" Value="2"/>
</AssgnmntListEntry>
</AssgnmntPrefix>
</AssgnmntList>
<ObjMetaDataList/>
<MetaDataList/>
</TestCase>
<TestCase Comment="" Date="1385474965833" Name="se.lnu.http.ClientThreadTest:testMalformed">
<CovList>
<CovPrefix CovItemPrefix="se.lnu.http.ClientThread.java">
<Cov CovItemId="B1" Value="1"/>
<Cov CovItemId="B3" Value="1"/>
<Cov CovItemId="B8" Value="1"/>
<Cov CovItemId="L1-0" Value="1"/>
<Cov CovItemId="S10" Value="1"/>
<Cov CovItemId="S11" Value="1"/>
<Cov CovItemId="S13" Value="1"/>
<Cov CovItemId="S14" Value="1"/>
<Cov CovItemId="S15" Value="1"/>
<Cov CovItemId="S16" Value="1"/>
<Cov CovItemId="S17" Value="1"/>
<Cov CovItemId="S2" Value="1"/>
<Cov CovItemId="S21" Value="1"/>
<Cov CovItemId="S22" Value="1"/>
<Cov CovItemId="S23" Value="1"/>
<Cov CovItemId="S24" Value="1"/>
<Cov CovItemId="S3" Value="1"/>
<Cov CovItemId="S4" Value="1"/>
<Cov CovItemId="S5" Value="1"/>
<Cov CovItemId="S6" Value="1"/>
<Cov CovItemId="S7" Value="1"/>
<Cov CovItemId="S8" Value="1"/>
</CovPrefix>
<CovPrefix CovItemPrefix="se.lnu.http.HTTPRequestParser.java">
<Cov CovItemId="B1" Value="1"/>
<Cov CovItemId="S1" Value="1"/>
<Cov CovItemId="S2" Value="1"/>
<Cov CovItemId="S3" Value="1"/>
<Cov CovItemId="S4" Value="1"/>
<Cov CovItemId="S5" Value="1"/>
</CovPrefix>
<CovPrefix CovItemPrefix="se.lnu.http.exceptions.MalformedRequestException.java">
<Cov CovItemId="S1" Value="1"/>
</CovPrefix>
</CovList>
<AssgnmntList>
<AssgnmntPrefix RootTermCovItemPrefix="se.lnu.http.ClientThread.java">
<AssgnmntListEntry Length="1" RootTermCovItemId="C1">
<MapEntry BoolAssgnmnt="0" Value="1"/>
</AssgnmntListEntry>
</AssgnmntPrefix>
<AssgnmntPrefix RootTermCovItemPrefix="se.lnu.http.HTTPRequestParser.java">
<AssgnmntListEntry Length="1" RootTermCovItemId="C1">
<MapEntry BoolAssgnmnt="1" Value="1"/>
</AssgnmntListEntry>
</AssgnmntPrefix>
</AssgnmntList>
<ObjMetaDataList/>
<MetaDataList/>
</TestCase>
<TestCase Comment="" Date="1385474965851" Name="se.lnu.http.ClientThreadTest:testMultipleConnections">
<CovList>
<CovPrefix CovItemPrefix="se.lnu.http.ClientThread.java">
<Cov CovItemId="B1" Value="1"/>
<Cov CovItemId="B3" Value="1"/>
<Cov CovItemId="B5" Value="2"/>
<Cov CovItemId="B6" Value="1"/>
<Cov CovItemId="B7" Value="1"/>
<Cov CovItemId="L1-1" Value="1"/>
<Cov CovItemId="S10" Value="1"/>
<Cov CovItemId="S11" Value="1"/>
<Cov CovItemId="S13" Value="1"/>
<Cov CovItemId="S14" Value="2"/>
<Cov CovItemId="S15" Value="2"/>
<Cov CovItemId="S16" Value="2"/>
<Cov CovItemId="S17" Value="2"/>
<Cov CovItemId="S18" Value="2"/>
<Cov CovItemId="S19" Value="1"/>
<Cov CovItemId="S2" Value="1"/>
<Cov CovItemId="S20" Value="2"/>
<Cov CovItemId="S23" Value="2"/>
<Cov CovItemId="S24" Value="2"/>
<Cov CovItemId="S3" Value="1"/>
<Cov CovItemId="S4" Value="1"/>
<Cov CovItemId="S5" Value="1"/>
<Cov CovItemId="S6" Value="1"/>
<Cov CovItemId="S7" Value="1"/>
<Cov CovItemId="S8" Value="1"/>
<Cov CovItemId="S9" Value="1"/>
</CovPrefix>
<CovPrefix CovItemPrefix="se.lnu.http.HTTPRequest.java">
<Cov CovItemId="B1" Value="2"/>
<Cov CovItemId="B4" Value="2"/>
<Cov CovItemId="B5" Value="1"/>
<Cov CovItemId="B6" Value="1"/>
<Cov CovItemId="B7" Value="1"/>
<Cov CovItemId="L1-1" Value="2"/>
<Cov CovItemId="S1" Value="2"/>
<Cov CovItemId="S12" Value="2"/>
<Cov CovItemId="S13" Value="1"/>
<Cov CovItemId="S14" Value="1"/>
<Cov CovItemId="S15" Value="1"/>
<Cov CovItemId="S2" Value="2"/>
<Cov CovItemId="S3" Value="2"/>
<Cov CovItemId="S5" Value="2"/>
<Cov CovItemId="S6" Value="2"/>
<Cov CovItemId="S7" Value="2"/>
<Cov CovItemId="S8" Value="2"/>
</CovPrefix>
<CovPrefix CovItemPrefix="se.lnu.http.HTTPRequestParser.java">
<Cov CovItemId="B2" Value="2"/>
<Cov CovItemId="L1-1" Value="1"/>
<Cov CovItemId="L1-2" Value="1"/>
<Cov CovItemId="S1" Value="2"/>
<Cov CovItemId="S10" Value="3"/>
<Cov CovItemId="S11" Value="2"/>
<Cov CovItemId="S2" Value="2"/>
<Cov CovItemId="S3" Value="2"/>
<Cov CovItemId="S4" Value="2"/>
<Cov CovItemId="S6" Value="2"/>
<Cov CovItemId="S7" Value="2"/>
<Cov CovItemId="S8" Value="2"/>
<Cov CovItemId="S9" Value="3"/>
</CovPrefix>
<CovPrefix CovItemPrefix="se.lnu.http.Header.java">
<Cov CovItemId="B2" Value="3"/>
<Cov CovItemId="B3" Value="3"/>
<Cov CovItemId="B4" Value="3"/>
<Cov CovItemId="L1-1" Value="2"/>
<Cov CovItemId="L1-2" Value="1"/>
<Cov CovItemId="S10" Value="6"/>
<Cov CovItemId="S11" Value="3"/>
<Cov CovItemId="S2" Value="3"/>
<Cov CovItemId="S3" Value="3"/>
<Cov CovItemId="S4" Value="1"/>
<Cov CovItemId="S5" Value="3"/>
<Cov CovItemId="S6" Value="3"/>
<Cov CovItemId="S7" Value="3"/>
<Cov CovItemId="S9" Value="3"/>
</CovPrefix>
</CovList>
<AssgnmntList>
<AssgnmntPrefix RootTermCovItemPrefix="se.lnu.http.ClientThread.java">
<AssgnmntListEntry Length="1" RootTermCovItemId="C1">
<MapEntry BoolAssgnmnt="0" Value="1"/>
<MapEntry BoolAssgnmnt="1" Value="1"/>
</AssgnmntListEntry>
<AssgnmntListEntry Length="1" RootTermCovItemId="C2">
<MapEntry BoolAssgnmnt="0" Value="1"/>
<MapEntry BoolAssgnmnt="1" Value="1"/>
</AssgnmntListEntry>
</AssgnmntPrefix>
<AssgnmntPrefix RootTermCovItemPrefix="se.lnu.http.HTTPRequest.java">
<AssgnmntListEntry Length="1" RootTermCovItemId="C1">
<MapEntry BoolAssgnmnt="1" Value="2"/>
</AssgnmntListEntry>
<AssgnmntListEntry Length="1" RootTermCovItemId="C2">
<MapEntry BoolAssgnmnt="0" Value="2"/>
</AssgnmntListEntry>
<AssgnmntListEntry Length="1" RootTermCovItemId="C3">
<MapEntry BoolAssgnmnt="0" Value="1"/>
<MapEntry BoolAssgnmnt="1" Value="1"/>
</AssgnmntListEntry>
<AssgnmntListEntry Length="1" RootTermCovItemId="C4">
<MapEntry BoolAssgnmnt="1" Value="1"/>
</AssgnmntListEntry>
</AssgnmntPrefix>
<AssgnmntPrefix RootTermCovItemPrefix="se.lnu.http.HTTPRequestParser.java">
<AssgnmntListEntry Length="1" RootTermCovItemId="C1">
<MapEntry BoolAssgnmnt="0" Value="2"/>
</AssgnmntListEntry>
<AssgnmntListEntry Length="1" RootTermCovItemId="C2">
<MapEntry BoolAssgnmnt="0" Value="2"/>
<MapEntry BoolAssgnmnt="1" Value="3"/>
</AssgnmntListEntry>
</AssgnmntPrefix>
<AssgnmntPrefix RootTermCovItemPrefix="se.lnu.http.Header.java">
<AssgnmntListEntry Length="1" RootTermCovItemId="C1">
<MapEntry BoolAssgnmnt="0" Value="3"/>
</AssgnmntListEntry>
<AssgnmntListEntry Length="1" RootTermCovItemId="C2">
<MapEntry BoolAssgnmnt="0" Value="3"/>
<MapEntry BoolAssgnmnt="1" Value="3"/>
</AssgnmntListEntry>
</AssgnmntPrefix>
</AssgnmntList>
<ObjMetaDataList/>
<MetaDataList/>
</TestCase>
<TestCase Comment="" Date="1385474965857" Name="se.lnu.http.response.ErrorResponses:test400">
<CovList>
<CovPrefix CovItemPrefix="se.lnu.http.response.ContentType.java">
<Cov CovItemId="S1" Value="7"/>
<Cov CovItemId="S2" Value="7"/>
<Cov CovItemId="S3" Value="4"/>
</CovPrefix>
<CovPrefix CovItemPrefix="se.lnu.http.response.HTTP400BadRequest.java">
<Cov CovItemId="S1" Value="1"/>
<Cov CovItemId="S2" Value="1"/>
<Cov CovItemId="S3" Value="1"/>
<Cov CovItemId="S4" Value="1"/>
<Cov CovItemId="S5" Value="1"/>
</CovPrefix>
<CovPrefix CovItemPrefix="se.lnu.http.response.HTTP403Forbidden.java">
<Cov CovItemId="S1" Value="1"/>
<Cov CovItemId="S2" Value="1"/>
<Cov CovItemId="S3" Value="1"/>
<Cov CovItemId="S4" Value="1"/>
<Cov CovItemId="S5" Value="1"/>
</CovPrefix>
<CovPrefix CovItemPrefix="se.lnu.http.response.HTTP404FileNotFoundResponse.java">
<Cov CovItemId="S1" Value="1"/>
<Cov CovItemId="S2" Value="1"/>
<Cov CovItemId="S3" Value="1"/>
<Cov CovItemId="S4" Value="1"/>
<Cov CovItemId="S5" Value="1"/>
</CovPrefix>
<CovPrefix CovItemPrefix="se.lnu.http.response.HTTP405MethodNotSupportedResponse.java">
<Cov CovItemId="S1" Value="1"/>
<Cov CovItemId="S2" Value="1"/>
<Cov CovItemId="S3" Value="1"/>
<Cov CovItemId="S4" Value="1"/>
<Cov CovItemId="S5" Value="1"/>
<Cov CovItemId="S6" Value="1"/>
</CovPrefix>
<CovPrefix CovItemPrefix="se.lnu.http.response.HTTPResponse.java">
<Cov CovItemId="B1" Value="4"/>
<Cov CovItemId="S1" Value="4"/>
<Cov CovItemId="S2" Value="4"/>
<Cov CovItemId="S3" Value="4"/>
<Cov CovItemId="S4" Value="4"/>
<Cov CovItemId="S5" Value="4"/>
<Cov CovItemId="S6" Value="4"/>
<Cov CovItemId="S7" Value="4"/>
</CovPrefix>
</CovList>
<AssgnmntList>
<AssgnmntPrefix RootTermCovItemPrefix="se.lnu.http.response.HTTPResponse.java">
<AssgnmntListEntry Length="1" RootTermCovItemId="C1">
<MapEntry BoolAssgnmnt="1" Value="4"/>
</AssgnmntListEntry>
</AssgnmntPrefix>
</AssgnmntList>
<ObjMetaDataList/>
<MetaDataList/>
</TestCase>
<TestCase Comment="" Date="1385474965884" Name="se.lnu.http.ClientSocketTest:testGetRequest">
<CovList>
<CovPrefix CovItemPrefix="se.lnu.http.ClientSocket.java">
<Cov CovItemId="S1" Value="1"/>
<Cov CovItemId="S2" Value="1"/>
<Cov CovItemId="S3" Value="1"/>
<Cov CovItemId="S4" Value="1"/>
<Cov CovItemId="S5" Value="1"/>
<Cov CovItemId="S6" Value="1"/>
</CovPrefix>
<CovPrefix CovItemPrefix="se.lnu.http.HTTPReader.java">
<Cov CovItemId="B2" Value="3"/>
<Cov CovItemId="B3" Value="1"/>
<Cov CovItemId="B4" Value="2"/>
<Cov CovItemId="B6" Value="2"/>
<Cov CovItemId="L1-0" Value="1"/>
<Cov CovItemId="L2-2" Value="1"/>
<Cov CovItemId="S1" Value="1"/>
<Cov CovItemId="S10" Value="3"/>
<Cov CovItemId="S12" Value="3"/>
<Cov CovItemId="S13" Value="3"/>
<Cov CovItemId="S14" Value="3"/>
<Cov CovItemId="S15" Value="1"/>
<Cov CovItemId="S16" Value="2"/>
<Cov CovItemId="S19" Value="1"/>
<Cov CovItemId="S2" Value="1"/>
<Cov CovItemId="S3" Value="1"/>
<Cov CovItemId="S4" Value="1"/>
<Cov CovItemId="S6" Value="1"/>
<Cov CovItemId="S7" Value="1"/>
<Cov CovItemId="S8" Value="1"/>
<Cov CovItemId="S9" Value="3"/>
</CovPrefix>
</CovList>
<AssgnmntList>
<AssgnmntPrefix RootTermCovItemPrefix="se.lnu.http.HTTPReader.java">
<AssgnmntListEntry Length="1" RootTermCovItemId="C1">
<MapEntry BoolAssgnmnt="0" Value="1"/>
</AssgnmntListEntry>
<AssgnmntListEntry Length="1" RootTermCovItemId="C3">
<MapEntry BoolAssgnmnt="0" Value="3"/>
</AssgnmntListEntry>
<AssgnmntListEntry Length="3" RootTermCovItemId="C4">
<MapEntry BoolAssgnmnt="000" Value="2"/>
<MapEntry BoolAssgnmnt="001" Value="1"/>
</AssgnmntListEntry>
<AssgnmntListEntry Length="1" RootTermCovItemId="C5">
<MapEntry BoolAssgnmnt="0" Value="2"/>
</AssgnmntListEntry>
</AssgnmntPrefix>
</AssgnmntList>
<ObjMetaDataList/>
<MetaDataList/>
</TestCase>
<TestCase Comment="" Date="1385474965919" Name="se.lnu.http.ClientSocketTest:testWriteResponseHeader">
<CovList>
<CovPrefix CovItemPrefix="se.lnu.http.ClientSocket.java">
<Cov CovItemId="S1" Value="1"/>
<Cov CovItemId="S7" Value="1"/>
<Cov CovItemId="S8" Value="1"/>
<Cov CovItemId="S9" Value="1"/>
</CovPrefix>
</CovList>
<AssgnmntList/>
<ObjMetaDataList/>
<MetaDataList/>
</TestCase>
<TestCase Comment="" Date="1385474965921" Name="se.lnu.http.ClientSocketTest:testWriteResponseBody">
<CovList>
<CovPrefix CovItemPrefix="se.lnu.http.ClientSocket.java">
<Cov CovItemId="S1" Value="1"/>
<Cov CovItemId="S11" Value="1"/>
</CovPrefix>
</CovList>
<AssgnmntList/>
<ObjMetaDataList/>
<MetaDataList/>
</TestCase>
<TestCase Comment="" Date="1385474965924" Name="se.lnu.http.ServerFactoryTest:testCreate">
<CovList>
<CovPrefix CovItemPrefix="se.lnu.http.HTTPServer.java">
<Cov CovItemId="S1" Value="1"/>
<Cov CovItemId="S2" Value="1"/>
<Cov CovItemId="S3" Value="1"/>
<Cov CovItemId="S4" Value="1"/>
</CovPrefix>
<CovPrefix CovItemPrefix="se.lnu.http.Port.java">
<Cov CovItemId="B2" Value="1"/>
<Cov CovItemId="S1" Value="1"/>
<Cov CovItemId="S3" Value="1"/>
</CovPrefix>
<CovPrefix CovItemPrefix="se.lnu.http.ServerFactory.java">
<Cov CovItemId="S1" Value="1"/>
</CovPrefix>
<CovPrefix CovItemPrefix="se.lnu.http.SharedFolder.java">
<Cov CovItemId="S1" Value="1"/>
</CovPrefix>
</CovList>
<AssgnmntList>
<AssgnmntPrefix RootTermCovItemPrefix="se.lnu.http.Port.java">
<AssgnmntListEntry Length="2" RootTermCovItemId="C1">
<MapEntry BoolAssgnmnt="00" Value="1"/>
</AssgnmntListEntry>
</AssgnmntPrefix>
</AssgnmntList>
<ObjMetaDataList/>
<MetaDataList/>
</TestCase>
<TestCase Comment="" Date="1385474965944" Name="se.lnu.http.ResponseFactoryTest:testGetResponseUnexistingFile">
<CovList>
<CovPrefix CovItemPrefix="se.lnu.http.ResponseFactory.java">
<Cov CovItemId="B1" Value="1"/>
<Cov CovItemId="B4" Value="1"/>
<Cov CovItemId="S1" Value="1"/>
<Cov CovItemId="S2" Value="1"/>
<Cov CovItemId="S3" Value="1"/>
<Cov CovItemId="S4" Value="1"/>
<Cov CovItemId="S5" Value="1"/>
<Cov CovItemId="S6" Value="1"/>
<Cov CovItemId="S7" Value="1"/>
<Cov CovItemId="S9" Value="1"/>
</CovPrefix>
</CovList>
<AssgnmntList>
<AssgnmntPrefix RootTermCovItemPrefix="se.lnu.http.ResponseFactory.java">
<AssgnmntListEntry Length="1" RootTermCovItemId="C1">
<MapEntry BoolAssgnmnt="1" Value="1"/>
</AssgnmntListEntry>
</AssgnmntPrefix>
</AssgnmntList>
<ObjMetaDataList/>
<MetaDataList/>
</TestCase>
<TestCase Comment="" Date="1385474965954" Name="se.lnu.http.ResponseFactoryTest:testUnknownMethod">
<CovList>
<CovPrefix CovItemPrefix="se.lnu.http.ResponseFactory.java">
<Cov CovItemId="B2" Value="1"/>
<Cov CovItemId="S1" Value="1"/>
<Cov CovItemId="S11" Value="1"/>
<Cov CovItemId="S2" Value="1"/>
<Cov CovItemId="S3" Value="1"/>
<Cov CovItemId="S4" Value="1"/>
<Cov CovItemId="S5" Value="1"/>
</CovPrefix>
<CovPrefix CovItemPrefix="se.lnu.http.response.HTTP405MethodNotSupportedResponse.java">
<Cov CovItemId="S1" Value="1"/>
</CovPrefix>
</CovList>
<AssgnmntList>
<AssgnmntPrefix RootTermCovItemPrefix="se.lnu.http.ResponseFactory.java">
<AssgnmntListEntry Length="1" RootTermCovItemId="C1">
<MapEntry BoolAssgnmnt="0" Value="1"/>
</AssgnmntListEntry>
</AssgnmntPrefix>
</AssgnmntList>
<ObjMetaDataList/>
<MetaDataList/>
</TestCase>
<TestCase Comment="" Date="1385474965956" Name="se.lnu.http.ResponseFactoryTest:testIllegalFile">
<CovList>
<CovPrefix CovItemPrefix="se.lnu.http.ResponseFactory.java">
<Cov CovItemId="B1" Value="1"/>
<Cov CovItemId="B5" Value="1"/>
<Cov CovItemId="S1" Value="1"/>
<Cov CovItemId="S10" Value="1"/>
<Cov CovItemId="S2" Value="1"/>
<Cov CovItemId="S3" Value="1"/>
<Cov CovItemId="S4" Value="1"/>
<Cov CovItemId="S5" Value="1"/>
<Cov CovItemId="S6" Value="1"/>
<Cov CovItemId="S7" Value="1"/>
</CovPrefix>
</CovList>
<AssgnmntList>
<AssgnmntPrefix RootTermCovItemPrefix="se.lnu.http.ResponseFactory.java">
<AssgnmntListEntry Length="1" RootTermCovItemId="C1">
<MapEntry BoolAssgnmnt="1" Value="1"/>
</AssgnmntListEntry>
</AssgnmntPrefix>
</AssgnmntList>
<ObjMetaDataList/>
<MetaDataList/>
</TestCase>
<TestCase Comment="" Date="1385474965958" Name="se.lnu.http.ResponseFactoryTest:getBad">
<CovList>
<CovPrefix CovItemPrefix="se.lnu.http.ResponseFactory.java">
<Cov CovItemId="S1" Value="1"/>
<Cov CovItemId="S12" Value="1"/>
<Cov CovItemId="S2" Value="1"/>
<Cov CovItemId="S3" Value="1"/>
</CovPrefix>
</CovList>
<AssgnmntList/>
<ObjMetaDataList/>
<MetaDataList/>
</TestCase>
<TestCase Comment="" Date="1385474965959" Name="se.lnu.http.ResponseFactoryTest:testGetResponseGETRoot">
<CovList>
<CovPrefix CovItemPrefix="se.lnu.http.ResponseFactory.java">
<Cov CovItemId="B1" Value="1"/>
<Cov CovItemId="B3" Value="1"/>
<Cov CovItemId="S1" Value="1"/>
<Cov CovItemId="S2" Value="1"/>
<Cov CovItemId="S3" Value="1"/>
<Cov CovItemId="S4" Value="1"/>
<Cov CovItemId="S5" Value="1"/>
<Cov CovItemId="S6" Value="1"/>
<Cov CovItemId="S7" Value="1"/>
<Cov CovItemId="S8" Value="1"/>
</CovPrefix>
<CovPrefix CovItemPrefix="se.lnu.http.response.HTTP200OKFileResponse.java">
<Cov CovItemId="S1" Value="1"/>
<Cov CovItemId="S2" Value="1"/>
<Cov CovItemId="S3" Value="1"/>
</CovPrefix>
</CovList>
<AssgnmntList>
<AssgnmntPrefix RootTermCovItemPrefix="se.lnu.http.ResponseFactory.java">
<AssgnmntListEntry Length="1" RootTermCovItemId="C1">
<MapEntry BoolAssgnmnt="1" Value="1"/>
</AssgnmntListEntry>
</AssgnmntPrefix>
</AssgnmntList>
<ObjMetaDataList/>
<MetaDataList/>
</TestCase>
<TestCase Comment="" Date="1385474965964" Name="se.lnu.http.PortTest:testPortTooLarge">
<CovList>
<CovPrefix CovItemPrefix="se.lnu.http.Port.java">
<Cov CovItemId="B1" Value="1"/>
<Cov CovItemId="S1" Value="1"/>
<Cov CovItemId="S2" Value="1"/>
</CovPrefix>
<CovPrefix CovItemPrefix="se.lnu.http.exceptions.InvalidPortException.java">
<Cov CovItemId="S1" Value="1"/>
<Cov CovItemId="S2" Value="1"/>
</CovPrefix>
</CovList>
<AssgnmntList>
<AssgnmntPrefix RootTermCovItemPrefix="se.lnu.http.Port.java">
<AssgnmntListEntry Length="2" RootTermCovItemId="C1">
<MapEntry BoolAssgnmnt="01" Value="1"/>
</AssgnmntListEntry>
</AssgnmntPrefix>
</AssgnmntList>
<ObjMetaDataList/>
<MetaDataList/>
</TestCase>
<TestCase Comment="" Date="1385474965977" Name="se.lnu.http.PortTest:testPort0">
<CovList>
<CovPrefix CovItemPrefix="se.lnu.http.Port.java">
<Cov CovItemId="B1" Value="1"/>
<Cov CovItemId="S1" Value="1"/>
<Cov CovItemId="S2" Value="1"/>
</CovPrefix>
<CovPrefix CovItemPrefix="se.lnu.http.exceptions.InvalidPortException.java">
<Cov CovItemId="S2" Value="1"/>
</CovPrefix>
</CovList>
<AssgnmntList>
<AssgnmntPrefix RootTermCovItemPrefix="se.lnu.http.Port.java">
<AssgnmntListEntry Length="2" RootTermCovItemId="C1">
<MapEntry BoolAssgnmnt="12" Value="1"/>
</AssgnmntListEntry>
</AssgnmntPrefix>
</AssgnmntList>
<ObjMetaDataList/>
<MetaDataList/>
</TestCase>
<TestCase Comment="" Date="1385474965979" Name="se.lnu.http.PortTest:testPortOk">
<CovList>
<CovPrefix CovItemPrefix="se.lnu.http.Port.java">
<Cov CovItemId="B2" Value="1"/>
<Cov CovItemId="S1" Value="1"/>
<Cov CovItemId="S3" Value="1"/>
</CovPrefix>
</CovList>
<AssgnmntList>
<AssgnmntPrefix RootTermCovItemPrefix="se.lnu.http.Port.java">
<AssgnmntListEntry Length="2" RootTermCovItemId="C1">
<MapEntry BoolAssgnmnt="00" Value="1"/>
</AssgnmntListEntry>
</AssgnmntPrefix>
</AssgnmntList>
<ObjMetaDataList/>
<MetaDataList/>
</TestCase>
<TestCase Comment="" Date="1385474965980" Name="se.lnu.http.response.ContentTypeTest:testGetFromFileEnding">
<CovList>
<CovPrefix CovItemPrefix="se.lnu.http.response.ContentType.java">
<Cov CovItemId="B1" Value="3"/>
<Cov CovItemId="B2" Value="14"/>
<Cov CovItemId="L1-1" Value="2"/>
<Cov CovItemId="L1-2" Value="2"/>
<Cov CovItemId="L2-1" Value="9"/>
<Cov CovItemId="L2-2" Value="4"/>
<Cov CovItemId="S3" Value="1"/>
<Cov CovItemId="S4" Value="4"/>
<Cov CovItemId="S5" Value="13"/>
<Cov CovItemId="S6" Value="17"/>
<Cov CovItemId="S7" Value="3"/>
<Cov CovItemId="S8" Value="1"/>
</CovPrefix>
</CovList>
<AssgnmntList>
<AssgnmntPrefix RootTermCovItemPrefix="se.lnu.http.response.ContentType.java">
<AssgnmntListEntry Length="1" RootTermCovItemId="C1">
<MapEntry BoolAssgnmnt="0" Value="14"/>
<MapEntry BoolAssgnmnt="1" Value="3"/>
</AssgnmntListEntry>
</AssgnmntPrefix>
</AssgnmntList>
<ObjMetaDataList/>
<MetaDataList/>
</TestCase>
<TestCase Comment="" Date="1385474965983" Name="se.lnu.http.view.ConsoleViewTest:testNoArguments">
<CovList>
<CovPrefix CovItemPrefix="se.lnu.http.exceptions.WrongNumberOfArgumentsException.java">
<Cov CovItemId="S1" Value="1"/>
<Cov CovItemId="S2" Value="1"/>
</CovPrefix>
<CovPrefix CovItemPrefix="se.lnu.http.view.ConsoleView.java">
<Cov CovItemId="B1" Value="1"/>
<Cov CovItemId="S1" Value="1"/>
<Cov CovItemId="S10" Value="1"/>
<Cov CovItemId="S11" Value="1"/>
<Cov CovItemId="S12" Value="1"/>
<Cov CovItemId="S2" Value="1"/>
<Cov CovItemId="S3" Value="1"/>
<Cov CovItemId="S4" Value="1"/>
<Cov CovItemId="S5" Value="1"/>
<Cov CovItemId="S6" Value="1"/>
<Cov CovItemId="S7" Value="1"/>
<Cov CovItemId="S8" Value="1"/>
<Cov CovItemId="S9" Value="1"/>
</CovPrefix>
</CovList>
<AssgnmntList>
<AssgnmntPrefix RootTermCovItemPrefix="se.lnu.http.view.ConsoleView.java">
<AssgnmntListEntry Length="2" RootTermCovItemId="C1">
<MapEntry BoolAssgnmnt="01" Value="1"/>
</AssgnmntListEntry>
</AssgnmntPrefix>
</AssgnmntList>
<ObjMetaDataList/>
<MetaDataList/>
</TestCase>
<TestCase Comment="" Date="1385474965992" Name="se.lnu.http.view.ConsoleViewTest:testCrapArgument1">
<CovList>
<CovPrefix CovItemPrefix="se.lnu.http.exceptions.InvalidPortException.java">
<Cov CovItemId="S2" Value="1"/>
</CovPrefix>
<CovPrefix CovItemPrefix="se.lnu.http.view.ConsoleView.java">
<Cov CovItemId="B2" Value="1"/>
<Cov CovItemId="B4" Value="1"/>
<Cov CovItemId="S11" Value="1"/>
<Cov CovItemId="S13" Value="1"/>
<Cov CovItemId="S14" Value="1"/>
<Cov CovItemId="S15" Value="1"/>
<Cov CovItemId="S16" Value="1"/>
</CovPrefix>
</CovList>
<AssgnmntList>
<AssgnmntPrefix RootTermCovItemPrefix="se.lnu.http.view.ConsoleView.java">
<AssgnmntListEntry Length="2" RootTermCovItemId="C1">
<MapEntry BoolAssgnmnt="00" Value="1"/>
</AssgnmntListEntry>
</AssgnmntPrefix>
</AssgnmntList>
<ObjMetaDataList/>
<MetaDataList/>
</TestCase>
<TestCase Comment="" Date="1385474965993" Name="se.lnu.http.view.ConsoleViewTest:testNotADirectory1">
<CovList>
<CovPrefix CovItemPrefix="se.lnu.http.exceptions.NotADirectoryException.java">
<Cov CovItemId="S1" Value="1"/>
<Cov CovItemId="S2" Value="1"/>
<Cov CovItemId="S3" Value="1"/>
</CovPrefix>
<CovPrefix CovItemPrefix="se.lnu.http.view.ConsoleView.java">
<Cov CovItemId="B10" Value="1"/>
<Cov CovItemId="B2" Value="1"/>
<Cov CovItemId="B7" Value="1"/>
<Cov CovItemId="B8" Value="1"/>
<Cov CovItemId="S11" Value="1"/>
<Cov CovItemId="S13" Value="1"/>
<Cov CovItemId="S20" Value="1"/>
<Cov CovItemId="S21" Value="1"/>
<Cov CovItemId="S22" Value="1"/>
<Cov CovItemId="S24" Value="1"/>
<Cov CovItemId="S25" Value="1"/>
<Cov CovItemId="S26" Value="1"/>
</CovPrefix>
</CovList>
<AssgnmntList>
<AssgnmntPrefix RootTermCovItemPrefix="se.lnu.http.view.ConsoleView.java">
<AssgnmntListEntry Length="2" RootTermCovItemId="C1">
<MapEntry BoolAssgnmnt="00" Value="1"/>
</AssgnmntListEntry>
<AssgnmntListEntry Length="1" RootTermCovItemId="C2">
<MapEntry BoolAssgnmnt="0" Value="1"/>
</AssgnmntListEntry>
<AssgnmntListEntry Length="1" RootTermCovItemId="C3">
<MapEntry BoolAssgnmnt="1" Value="1"/>
</AssgnmntListEntry>
</AssgnmntPrefix>
</AssgnmntList>
<ObjMetaDataList/>
<MetaDataList/>
</TestCase>
<TestCase Comment="" Date="1385474966027" Name="se.lnu.http.view.ConsoleViewTest:testCrapArgument2">
<CovList>
<CovPrefix CovItemPrefix="se.lnu.http.exceptions.NotADirectoryException.java">
<Cov CovItemId="S1" Value="1"/>
<Cov CovItemId="S2" Value="1"/>
</CovPrefix>
<CovPrefix CovItemPrefix="se.lnu.http.view.ConsoleView.java">
<Cov CovItemId="B10" Value="1"/>
<Cov CovItemId="B2" Value="1"/>
<Cov CovItemId="B6" Value="1"/>
<Cov CovItemId="S11" Value="1"/>
<Cov CovItemId="S13" Value="1"/>
<Cov CovItemId="S20" Value="1"/>
<Cov CovItemId="S21" Value="1"/>
<Cov CovItemId="S22" Value="1"/>
<Cov CovItemId="S23" Value="1"/>
<Cov CovItemId="S26" Value="1"/>
</CovPrefix>
</CovList>
<AssgnmntList>
<AssgnmntPrefix RootTermCovItemPrefix="se.lnu.http.view.ConsoleView.java">
<AssgnmntListEntry Length="2" RootTermCovItemId="C1">
<MapEntry BoolAssgnmnt="00" Value="1"/>
</AssgnmntListEntry>
<AssgnmntListEntry Length="1" RootTermCovItemId="C2">
<MapEntry BoolAssgnmnt="1" Value="1"/>
</AssgnmntListEntry>
</AssgnmntPrefix>
</AssgnmntList>
<ObjMetaDataList/>
<MetaDataList/>
</TestCase>
<TestCase Comment="" Date="1385474966029" Name="se.lnu.http.view.ConsoleViewTest:testOkDirectory">
<CovList>
<CovPrefix CovItemPrefix="se.lnu.http.view.ConsoleView.java">
<Cov CovItemId="B2" Value="1"/>
<Cov CovItemId="B5" Value="1"/>
<Cov CovItemId="B7" Value="1"/>
<Cov CovItemId="B9" Value="1"/>
<Cov CovItemId="S11" Value="1"/>
<Cov CovItemId="S13" Value="1"/>
<Cov CovItemId="S20" Value="1"/>
<Cov CovItemId="S21" Value="1"/>
<Cov CovItemId="S22" Value="1"/>
<Cov CovItemId="S24" Value="1"/>
<Cov CovItemId="S27" Value="1"/>
</CovPrefix>
</CovList>
<AssgnmntList>
<AssgnmntPrefix RootTermCovItemPrefix="se.lnu.http.view.ConsoleView.java">
<AssgnmntListEntry Length="2" RootTermCovItemId="C1">
<MapEntry BoolAssgnmnt="00" Value="1"/>
</AssgnmntListEntry>
<AssgnmntListEntry Length="1" RootTermCovItemId="C2">
<MapEntry BoolAssgnmnt="0" Value="1"/>
</AssgnmntListEntry>
<AssgnmntListEntry Length="1" RootTermCovItemId="C3">
<MapEntry BoolAssgnmnt="0" Value="1"/>
</AssgnmntListEntry>
</AssgnmntPrefix>
</AssgnmntList>
<ObjMetaDataList/>
<MetaDataList/>
</TestCase>
<TestCase Comment="" Date="1385474966034" Name="se.lnu.http.view.ConsoleViewTest:testDoNotStop">
<CovList>
<CovPrefix CovItemPrefix="se.lnu.http.view.ConsoleView.java">
<Cov CovItemId="B12" Value="1"/>
<Cov CovItemId="B2" Value="1"/>
<Cov CovItemId="S11" Value="1"/>
<Cov CovItemId="S13" Value="1"/>
<Cov CovItemId="S28" Value="1"/>
<Cov CovItemId="S29" Value="1"/>
<Cov CovItemId="S30" Value="1"/>
<Cov CovItemId="S32" Value="1"/>
</CovPrefix>
</CovList>
<AssgnmntList>
<AssgnmntPrefix RootTermCovItemPrefix="se.lnu.http.view.ConsoleView.java">
<AssgnmntListEntry Length="2" RootTermCovItemId="C1">
<MapEntry BoolAssgnmnt="00" Value="1"/>
</AssgnmntListEntry>
<AssgnmntListEntry Length="1" RootTermCovItemId="C4">
<MapEntry BoolAssgnmnt="0" Value="1"/>
</AssgnmntListEntry>
</AssgnmntPrefix>
</AssgnmntList>
<ObjMetaDataList/>
<MetaDataList/>
</TestCase>
<TestCase Comment="" Date="1385474966035" Name="se.lnu.http.view.ConsoleViewTest:testOkPort">
<CovList>
<CovPrefix CovItemPrefix="se.lnu.http.Port.java">
<Cov CovItemId="B2" Value="1"/>
<Cov CovItemId="S1" Value="1"/>
<Cov CovItemId="S3" Value="1"/>
<Cov CovItemId="S4" Value="1"/>
</CovPrefix>
<CovPrefix CovItemPrefix="se.lnu.http.view.ConsoleView.java">
<Cov CovItemId="B2" Value="1"/>
<Cov CovItemId="B3" Value="1"/>
<Cov CovItemId="S11" Value="1"/>
<Cov CovItemId="S13" Value="1"/>
<Cov CovItemId="S14" Value="1"/>
<Cov CovItemId="S15" Value="1"/>
<Cov CovItemId="S17" Value="1"/>
<Cov CovItemId="S18" Value="1"/>
</CovPrefix>
</CovList>
<AssgnmntList>
<AssgnmntPrefix RootTermCovItemPrefix="se.lnu.http.Port.java">
<AssgnmntListEntry Length="2" RootTermCovItemId="C1">
<MapEntry BoolAssgnmnt="00" Value="1"/>
</AssgnmntListEntry>
</AssgnmntPrefix>
<AssgnmntPrefix RootTermCovItemPrefix="se.lnu.http.view.ConsoleView.java">
<AssgnmntListEntry Length="2" RootTermCovItemId="C1">
<MapEntry BoolAssgnmnt="00" Value="1"/>
</AssgnmntListEntry>
</AssgnmntPrefix>
</AssgnmntList>
<ObjMetaDataList/>
<MetaDataList/>
</TestCase>
<TestCase Comment="" Date="1385474966037" Name="se.lnu.http.view.ConsoleViewTest:testShowhelp">
<CovList>
<CovPrefix CovItemPrefix="se.lnu.http.view.ConsoleView.java">
<Cov CovItemId="B2" Value="1"/>
<Cov CovItemId="S11" Value="1"/>
<Cov CovItemId="S13" Value="1"/>
<Cov CovItemId="S19" Value="1"/>
</CovPrefix>
</CovList>
<AssgnmntList>
<AssgnmntPrefix RootTermCovItemPrefix="se.lnu.http.view.ConsoleView.java">
<AssgnmntListEntry Length="2" RootTermCovItemId="C1">
<MapEntry BoolAssgnmnt="00" Value="1"/>
</AssgnmntListEntry>
</AssgnmntPrefix>
</AssgnmntList>
<ObjMetaDataList/>
<MetaDataList/>
</TestCase>
<TestCase Comment="" Date="1385474966038" Name="se.lnu.http.view.ConsoleViewTest:testDoStop">
<CovList>
<CovPrefix CovItemPrefix="se.lnu.http.view.ConsoleView.java">
<Cov CovItemId="B11" Value="1"/>
<Cov CovItemId="B2" Value="1"/>
<Cov CovItemId="S11" Value="1"/>
<Cov CovItemId="S13" Value="1"/>
<Cov CovItemId="S28" Value="1"/>
<Cov CovItemId="S29" Value="1"/>
<Cov CovItemId="S30" Value="1"/>
<Cov CovItemId="S31" Value="1"/>
</CovPrefix>
</CovList>
<AssgnmntList>
<AssgnmntPrefix RootTermCovItemPrefix="se.lnu.http.view.ConsoleView.java">
<AssgnmntListEntry Length="2" RootTermCovItemId="C1">
<MapEntry BoolAssgnmnt="00" Value="1"/>
</AssgnmntListEntry>
<AssgnmntListEntry Length="1" RootTermCovItemId="C4">
<MapEntry BoolAssgnmnt="1" Value="1"/>
</AssgnmntListEntry>
</AssgnmntPrefix>
</AssgnmntList>
<ObjMetaDataList/>
<MetaDataList/>
</TestCase>
<TestCase Comment="" Date="1385474966039" Name="se.lnu.http.response.HTMLFileResponseTest:testWriteResponse">
<CovList>
<CovPrefix CovItemPrefix="se.lnu.http.response.ContentType.java">
<Cov CovItemId="B1" Value="1"/>
<Cov CovItemId="L1-1" Value="1"/>
<Cov CovItemId="L2-1" Value="1"/>
<Cov CovItemId="S3" Value="1"/>
<Cov CovItemId="S4" Value="1"/>
<Cov CovItemId="S5" Value="1"/>
<Cov CovItemId="S6" Value="1"/>
<Cov CovItemId="S7" Value="1"/>
</CovPrefix>
<CovPrefix CovItemPrefix="se.lnu.http.response.HTTP200OKFileResponse.java">
<Cov CovItemId="S1" Value="1"/>
<Cov CovItemId="S10" Value="1"/>
<Cov CovItemId="S11" Value="1"/>
<Cov CovItemId="S12" Value="1"/>
<Cov CovItemId="S2" Value="1"/>
<Cov CovItemId="S3" Value="1"/>
<Cov CovItemId="S4" Value="1"/>
<Cov CovItemId="S5" Value="1"/>
<Cov CovItemId="S6" Value="1"/>
<Cov CovItemId="S7" Value="1"/>
<Cov CovItemId="S8" Value="1"/>
<Cov CovItemId="S9" Value="1"/>
</CovPrefix>
<CovPrefix CovItemPrefix="se.lnu.http.response.HTTPResponse.java">
<Cov CovItemId="B1" Value="1"/>
<Cov CovItemId="S1" Value="1"/>
<Cov CovItemId="S2" Value="1"/>
<Cov CovItemId="S3" Value="1"/>
<Cov CovItemId="S4" Value="1"/>
<Cov CovItemId="S5" Value="1"/>
<Cov CovItemId="S6" Value="1"/>
<Cov CovItemId="S7" Value="1"/>
</CovPrefix>
</CovList>
<AssgnmntList>
<AssgnmntPrefix RootTermCovItemPrefix="se.lnu.http.response.ContentType.java">
<AssgnmntListEntry Length="1" RootTermCovItemId="C1">
<MapEntry BoolAssgnmnt="1" Value="1"/>
</AssgnmntListEntry>
</AssgnmntPrefix>
<AssgnmntPrefix RootTermCovItemPrefix="se.lnu.http.response.HTTPResponse.java">
<AssgnmntListEntry Length="1" RootTermCovItemId="C1">
<MapEntry BoolAssgnmnt="1" Value="1"/>
</AssgnmntListEntry>
</AssgnmntPrefix>
</AssgnmntList>
<ObjMetaDataList/>
<MetaDataList/>
</TestCase>
<TestCase Comment="" Date="1385474966055" Name="se.lnu.http.SharedFolderTest:testGetRootURL">
<CovList>
<CovPrefix CovItemPrefix="se.lnu.http.SharedFolder.java">
<Cov CovItemId="B1" Value="1"/>
<Cov CovItemId="B4" Value="1"/>
<Cov CovItemId="B5" Value="1"/>
<Cov CovItemId="S1" Value="1"/>
<Cov CovItemId="S10" Value="1"/>
<Cov CovItemId="S11" Value="1"/>
<Cov CovItemId="S2" Value="1"/>
<Cov CovItemId="S3" Value="1"/>
<Cov CovItemId="S4" Value="1"/>
<Cov CovItemId="S5" Value="1"/>
<Cov CovItemId="S6" Value="1"/>
<Cov CovItemId="S7" Value="1"/>
<Cov CovItemId="S8" Value="1"/>
</CovPrefix>
</CovList>
<AssgnmntList>
<AssgnmntPrefix RootTermCovItemPrefix="se.lnu.http.SharedFolder.java">
<AssgnmntListEntry Length="1" RootTermCovItemId="C1">
<MapEntry BoolAssgnmnt="1" Value="1"/>
</AssgnmntListEntry>
<AssgnmntListEntry Length="1" RootTermCovItemId="C2">
<MapEntry BoolAssgnmnt="0" Value="1"/>
</AssgnmntListEntry>
<AssgnmntListEntry Length="1" RootTermCovItemId="C3">
<MapEntry BoolAssgnmnt="1" Value="1"/>
</AssgnmntListEntry>
</AssgnmntPrefix>
</AssgnmntList>
<ObjMetaDataList/>
<MetaDataList/>
</TestCase>
<TestCase Comment="" Date="1385474966063" Name="se.lnu.http.SharedFolderTest:testGetIllegalFile">
<CovList>
<CovPrefix CovItemPrefix="se.lnu.http.SharedFolder.java">
<Cov CovItemId="B2" Value="1"/>
<Cov CovItemId="B3" Value="1"/>
<Cov CovItemId="S1" Value="1"/>
<Cov CovItemId="S2" Value="1"/>
<Cov CovItemId="S4" Value="1"/>
<Cov CovItemId="S5" Value="1"/>
<Cov CovItemId="S6" Value="1"/>
<Cov CovItemId="S7" Value="1"/>
<Cov CovItemId="S8" Value="1"/>
<Cov CovItemId="S9" Value="1"/>
</CovPrefix>
</CovList>
<AssgnmntList>
<AssgnmntPrefix RootTermCovItemPrefix="se.lnu.http.SharedFolder.java">
<AssgnmntListEntry Length="1" RootTermCovItemId="C1">
<MapEntry BoolAssgnmnt="0" Value="1"/>
</AssgnmntListEntry>
<AssgnmntListEntry Length="1" RootTermCovItemId="C2">
<MapEntry BoolAssgnmnt="1" Value="1"/>
</AssgnmntListEntry>
</AssgnmntPrefix>
</AssgnmntList>
<ObjMetaDataList/>
<MetaDataList/>
</TestCase>
<TestCase Comment="" Date="1385474966067" Name="se.lnu.http.SharedFolderTest:testGetNonExistantFile">
<CovList>
<CovPrefix CovItemPrefix="se.lnu.http.SharedFolder.java">
<Cov CovItemId="B2" Value="1"/>
<Cov CovItemId="B4" Value="1"/>
<Cov CovItemId="B6" Value="1"/>
<Cov CovItemId="S1" Value="1"/>
<Cov CovItemId="S10" Value="1"/>
<Cov CovItemId="S12" Value="1"/>
<Cov CovItemId="S2" Value="1"/>
<Cov CovItemId="S4" Value="1"/>
<Cov CovItemId="S5" Value="1"/>
<Cov CovItemId="S6" Value="1"/>
<Cov CovItemId="S7" Value="1"/>
<Cov CovItemId="S8" Value="1"/>
</CovPrefix>
</CovList>
<AssgnmntList>
<AssgnmntPrefix RootTermCovItemPrefix="se.lnu.http.SharedFolder.java">
<AssgnmntListEntry Length="1" RootTermCovItemId="C1">
<MapEntry BoolAssgnmnt="0" Value="1"/>
</AssgnmntListEntry>
<AssgnmntListEntry Length="1" RootTermCovItemId="C2">
<MapEntry BoolAssgnmnt="0" Value="1"/>
</AssgnmntListEntry>
<AssgnmntListEntry Length="1" RootTermCovItemId="C3">
<MapEntry BoolAssgnmnt="0" Value="1"/>
</AssgnmntListEntry>
</AssgnmntPrefix>
</AssgnmntList>
<ObjMetaDataList/>
<MetaDataList/>
</TestCase>
<TestCase Comment="" Date="1385474966072" Name="se.lnu.http.HTTPServerConsoleTest:testrunConsoleNoPort">
<CovList>
<CovPrefix CovItemPrefix="se.lnu.http.HTTPServerConsole.java">
<Cov CovItemId="B4" Value="1"/>
<Cov CovItemId="S1" Value="1"/>
<Cov CovItemId="S16" Value="1"/>
<Cov CovItemId="S2" Value="1"/>
<Cov CovItemId="S7" Value="1"/>
<Cov CovItemId="S8" Value="1"/>
</CovPrefix>
<CovPrefix CovItemPrefix="se.lnu.http.Port.java">
<Cov CovItemId="B2" Value="1"/>
<Cov CovItemId="S1" Value="1"/>
<Cov CovItemId="S3" Value="1"/>
</CovPrefix>
<CovPrefix CovItemPrefix="se.lnu.http.exceptions.InvalidPortException.java">
<Cov CovItemId="S2" Value="1"/>
</CovPrefix>
</CovList>
<AssgnmntList>
<AssgnmntPrefix RootTermCovItemPrefix="se.lnu.http.Port.java">
<AssgnmntListEntry Length="2" RootTermCovItemId="C1">
<MapEntry BoolAssgnmnt="00" Value="1"/>
</AssgnmntListEntry>
</AssgnmntPrefix>
</AssgnmntList>
<ObjMetaDataList/>
<MetaDataList/>
</TestCase>
<TestCase Comment="" Date="1385474966087" Name="se.lnu.http.HTTPServerConsoleTest:testrunConsolePort80">
<CovList>
<CovPrefix CovItemPrefix="se.lnu.http.HTTPServerConsole.java">
<Cov CovItemId="B1" Value="1"/>
<Cov CovItemId="B2" Value="1"/>
<Cov CovItemId="L1-1" Value="1"/>
<Cov CovItemId="S1" Value="1"/>
<Cov CovItemId="S10" Value="1"/>
<Cov CovItemId="S11" Value="1"/>
<Cov CovItemId="S12" Value="1"/>
<Cov CovItemId="S13" Value="1"/>
<Cov CovItemId="S14" Value="1"/>
<Cov CovItemId="S15" Value="1"/>
<Cov CovItemId="S2" Value="1"/>
<Cov CovItemId="S7" Value="1"/>
<Cov CovItemId="S8" Value="1"/>
<Cov CovItemId="S9" Value="1"/>
</CovPrefix>
<CovPrefix CovItemPrefix="se.lnu.http.Port.java">
<Cov CovItemId="B2" Value="1"/>
<Cov CovItemId="S1" Value="1"/>
<Cov CovItemId="S3" Value="1"/>
</CovPrefix>
</CovList>
<AssgnmntList>
<AssgnmntPrefix RootTermCovItemPrefix="se.lnu.http.HTTPServerConsole.java">
<AssgnmntListEntry Length="1" RootTermCovItemId="C2">
<MapEntry BoolAssgnmnt="1" Value="1"/>
</AssgnmntListEntry>
</AssgnmntPrefix>
<AssgnmntPrefix RootTermCovItemPrefix="se.lnu.http.Port.java">
<AssgnmntListEntry Length="2" RootTermCovItemId="C1">
<MapEntry BoolAssgnmnt="00" Value="1"/>
</AssgnmntListEntry>
</AssgnmntPrefix>
</AssgnmntList>
<ObjMetaDataList/>
<MetaDataList/>
</TestCase>
<TestCase Comment="" Date="1385474966088" Name="se.lnu.http.HTTPServerConsoleTest:runOnTakenPort">
<CovList>
<CovPrefix CovItemPrefix="se.lnu.http.HTTPServerConsole.java">
<Cov CovItemId="B5" Value="1"/>
<Cov CovItemId="S1" Value="1"/>
<Cov CovItemId="S10" Value="1"/>
<Cov CovItemId="S11" Value="1"/>
<Cov CovItemId="S17" Value="1"/>
<Cov CovItemId="S2" Value="1"/>
<Cov CovItemId="S7" Value="1"/>
<Cov CovItemId="S8" Value="1"/>
<Cov CovItemId="S9" Value="1"/>
</CovPrefix>
<CovPrefix CovItemPrefix="se.lnu.http.Port.java">
<Cov CovItemId="B2" Value="1"/>
<Cov CovItemId="S1" Value="1"/>
<Cov CovItemId="S3" Value="1"/>
</CovPrefix>
</CovList>
<AssgnmntList>
<AssgnmntPrefix RootTermCovItemPrefix="se.lnu.http.Port.java">
<AssgnmntListEntry Length="2" RootTermCovItemId="C1">
<MapEntry BoolAssgnmnt="00" Value="1"/>
</AssgnmntListEntry>
</AssgnmntPrefix>
</AssgnmntList>
<ObjMetaDataList/>
<MetaDataList/>
</TestCase>
<TestCase Comment="" Date="1385474966095" Name="se.lnu.http.integration.HTTPServerTest:testHTTPServer">
<CovList>
<CovPrefix CovItemPrefix="se.lnu.http.HTTPServer.java">
<Cov CovItemId="B1" Value="1"/>
<Cov CovItemId="S1" Value="1"/>
<Cov CovItemId="S10" Value="1"/>
<Cov CovItemId="S11" Value="1"/>
<Cov CovItemId="S2" Value="1"/>
<Cov CovItemId="S3" Value="1"/>
<Cov CovItemId="S4" Value="1"/>
</CovPrefix>
<CovPrefix CovItemPrefix="se.lnu.http.Port.java">
<Cov CovItemId="B2" Value="1"/>
<Cov CovItemId="S1" Value="1"/>
<Cov CovItemId="S3" Value="1"/>
</CovPrefix>
<CovPrefix CovItemPrefix="se.lnu.http.SharedFolder.java">
<Cov CovItemId="S1" Value="1"/>
</CovPrefix>
<CovPrefix CovItemPrefix="se.lnu.http.exceptions.NotStartedException.java">
<Cov CovItemId="S1" Value="1"/>
</CovPrefix>
</CovList>
<AssgnmntList>
<AssgnmntPrefix RootTermCovItemPrefix="se.lnu.http.HTTPServer.java">
<AssgnmntListEntry Length="1" RootTermCovItemId="C1">
<MapEntry BoolAssgnmnt="1" Value="1"/>
</AssgnmntListEntry>
</AssgnmntPrefix>
<AssgnmntPrefix RootTermCovItemPrefix="se.lnu.http.Port.java">
<AssgnmntListEntry Length="2" RootTermCovItemId="C1">
<MapEntry BoolAssgnmnt="00" Value="1"/>
</AssgnmntListEntry>
</AssgnmntPrefix>
</AssgnmntList>
<ObjMetaDataList/>
<MetaDataList/>
</TestCase>
<TestCase Comment="" Date="1385474966099" Name="se.lnu.http.integration.HTTPServerTest:testStart">
<CovList>
<CovPrefix CovItemPrefix="se.lnu.http.AcceptThread.java">
<Cov CovItemId="B2" Value="1"/>
<Cov CovItemId="L1-1" Value="1"/>
<Cov CovItemId="S1" Value="1"/>
<Cov CovItemId="S10" Value="1"/>
<Cov CovItemId="S11" Value="1"/>
<Cov CovItemId="S12" Value="1"/>
<Cov CovItemId="S2" Value="1"/>
<Cov CovItemId="S3" Value="1"/>
<Cov CovItemId="S4" Value="1"/>
<Cov CovItemId="S5" Value="1"/>
<Cov CovItemId="S6" Value="1"/>
<Cov CovItemId="S7" Value="1"/>
<Cov CovItemId="S8" Value="1"/>
</CovPrefix>
<CovPrefix CovItemPrefix="se.lnu.http.ClientFactory.java">
<Cov CovItemId="S1" Value="1"/>
<Cov CovItemId="S2" Value="1"/>
<Cov CovItemId="S3" Value="1"/>
</CovPrefix>
<CovPrefix CovItemPrefix="se.lnu.http.HTTPServer.java">
<Cov CovItemId="B1" Value="1"/>
<Cov CovItemId="B2" Value="1"/>
<Cov CovItemId="L1-1" Value="1"/>
<Cov CovItemId="S1" Value="1"/>
<Cov CovItemId="S10" Value="2"/>
<Cov CovItemId="S11" Value="1"/>
<Cov CovItemId="S12" Value="1"/>
<Cov CovItemId="S13" Value="1"/>
<Cov CovItemId="S14" Value="1"/>
<Cov CovItemId="S15" Value="1"/>
<Cov CovItemId="S16" Value="1"/>
<Cov CovItemId="S2" Value="1"/>
<Cov CovItemId="S3" Value="1"/>
<Cov CovItemId="S4" Value="1"/>
<Cov CovItemId="S5" Value="1"/>
<Cov CovItemId="S6" Value="1"/>
<Cov CovItemId="S7" Value="1"/>
<Cov CovItemId="S8" Value="1"/>
<Cov CovItemId="S9" Value="1"/>
</CovPrefix>
<CovPrefix CovItemPrefix="se.lnu.http.Port.java">
<Cov CovItemId="B2" Value="1"/>
<Cov CovItemId="S1" Value="1"/>
<Cov CovItemId="S3" Value="1"/>
<Cov CovItemId="S4" Value="1"/>
</CovPrefix>
<CovPrefix CovItemPrefix="se.lnu.http.SharedFolder.java">
<Cov CovItemId="S1" Value="1"/>
</CovPrefix>
</CovList>
<AssgnmntList>
<AssgnmntPrefix RootTermCovItemPrefix="se.lnu.http.HTTPServer.java">
<AssgnmntListEntry Length="1" RootTermCovItemId="C1">
<MapEntry BoolAssgnmnt="0" Value="1"/>
<MapEntry BoolAssgnmnt="1" Value="1"/>
</AssgnmntListEntry>
<AssgnmntListEntry Length="1" RootTermCovItemId="C2">
<MapEntry BoolAssgnmnt="0" Value="1"/>
<MapEntry BoolAssgnmnt="1" Value="1"/>
</AssgnmntListEntry>
</AssgnmntPrefix>
<AssgnmntPrefix RootTermCovItemPrefix="se.lnu.http.Port.java">
<AssgnmntListEntry Length="2" RootTermCovItemId="C1">
<MapEntry BoolAssgnmnt="00" Value="1"/>
</AssgnmntListEntry>
</AssgnmntPrefix>
</AssgnmntList>
<ObjMetaDataList/>
<MetaDataList/>
</TestCase>
<TestCase Comment="Failure&#10;java.lang.AssertionError: &#13;&#10;&#9;at org.junit.Assert.fail(Assert.java:91)&#13;&#10;&#9;at org.junit.Assert.assertTrue(Assert.java:43)&#13;&#10;&#9;at org.junit.Assert.assertTrue(Assert.java:54)&#13;&#10;&#9;at se.lnu.http.integration.HTTPServerTest.testStop(HTTPServerTest.java:68)&#13;&#10;&#9;at sun.reflect.NativeMethodAccessorImpl.invoke0(Native Method)&#13;&#10;&#9;at sun.reflect.NativeMethodAccessorImpl.invoke(Unknown Source)&#13;&#10;&#9;at sun.reflect.DelegatingMethodAccessorImpl.invoke(Unknown Source)&#13;&#10;&#9;at java.lang.reflect.Method.invoke(Unknown Source)&#13;&#10;&#9;at org.junit.runners.model.FrameworkMethod$1.runReflectiveCall(FrameworkMethod.java:44)&#13;&#10;&#9;at org.junit.internal.runners.model.ReflectiveCallable.run(ReflectiveCallable.java:15)&#13;&#10;&#9;at org.junit.runners.model.FrameworkMethod.invokeExplosively(FrameworkMethod.java:41)&#13;&#10;&#9;at org.junit.internal.runners.statements.InvokeMethod.evaluate(InvokeMethod.java:20)&#13;&#10;&#9;at org.junit.internal.runners.statements.RunBefores.evaluate(RunBefores.java:28)&#13;&#10;&#9;at org.junit.internal.runners.statements.RunAfters.evaluate(RunAfters.java:31)&#13;&#10;&#9;at org.junit.runners.BlockJUnit4ClassRunner.runChild(BlockJUnit4ClassRunner.java:76)&#13;&#10;&#9;at org.junit.runners.BlockJUnit4ClassRunner.runChild(BlockJUnit4ClassRunner.java:50)&#13;&#10;&#9;at org.junit.runners.ParentRunner$3.run(ParentRunner.java:193)&#13;&#10;&#9;at org.junit.runners.ParentRunner$1.schedule(ParentRunner.java:52)&#13;&#10;&#9;at org.junit.runners.ParentRunner.runChildren(ParentRunner.java:191)&#13;&#10;&#9;at org.junit.runners.ParentRunner.access$000(ParentRunner.java:42)&#13;&#10;&#9;at org.junit.runners.ParentRunner$2.evaluate(ParentRunner.java:184)&#13;&#10;&#9;at org.junit.runners.ParentRunner.run(ParentRunner.java:236)&#13;&#10;&#9;at org.eclipse.jdt.internal.junit4.runner.JUnit4TestReference.run(JUnit4TestReference.java:49)&#13;&#10;&#9;at org.eclipse.jdt.internal.junit.runner.TestExecution.run(TestExecution.java:38)&#13;&#10;&#9;at org.eclipse.jdt.internal.junit.runner.RemoteTestRunner.runTests(RemoteTestRunner.java:467)&#13;&#10;&#9;at org.eclipse.jdt.internal.junit.runner.RemoteTestRunner.runTests(RemoteTestRunner.java:683)&#13;&#10;&#9;at org.eclipse.jdt.internal.junit.runner.RemoteTestRunner.run(RemoteTestRunner.java:390)&#13;&#10;&#9;at org.codecover.juniteclipse.runner.EclipseTestRunner.main(EclipseTestRunner.java:40)" Date="1385474966208" Name="se.lnu.http.integration.HTTPServerTest:testStop">
<CovList>
<CovPrefix CovItemPrefix="se.lnu.http.AcceptThread.java">
<Cov CovItemId="B1" Value="1"/>
<Cov CovItemId="B2" Value="1"/>
<Cov CovItemId="L1-2" Value="1"/>
<Cov CovItemId="S1" Value="1"/>
<Cov CovItemId="S10" Value="1"/>
<Cov CovItemId="S11" Value="2"/>
<Cov CovItemId="S12" Value="2"/>
<Cov CovItemId="S13" Value="1"/>
<Cov CovItemId="S14" Value="1"/>
<Cov CovItemId="S2" Value="1"/>
<Cov CovItemId="S3" Value="1"/>
<Cov CovItemId="S4" Value="1"/>
<Cov CovItemId="S5" Value="1"/>
<Cov CovItemId="S6" Value="2"/>
<Cov CovItemId="S7" Value="2"/>
<Cov CovItemId="S8" Value="1"/>
</CovPrefix>
<CovPrefix CovItemPrefix="se.lnu.http.ClientFactory.java">
<Cov CovItemId="S1" Value="1"/>
<Cov CovItemId="S2" Value="1"/>
<Cov CovItemId="S3" Value="1"/>
<Cov CovItemId="S4" Value="1"/>
<Cov CovItemId="S5" Value="1"/>
</CovPrefix>
<CovPrefix CovItemPrefix="se.lnu.http.ClientSocket.java">
<Cov CovItemId="S1" Value="1"/>
<Cov CovItemId="S10" Value="1"/>
<Cov CovItemId="S11" Value="1"/>
<Cov CovItemId="S2" Value="1"/>
<Cov CovItemId="S3" Value="1"/>
<Cov CovItemId="S4" Value="1"/>
<Cov CovItemId="S5" Value="1"/>
<Cov CovItemId="S6" Value="1"/>
<Cov CovItemId="S7" Value="1"/>
<Cov CovItemId="S8" Value="1"/>
<Cov CovItemId="S9" Value="1"/>
</CovPrefix>
<CovPrefix CovItemPrefix="se.lnu.http.ClientThread.java">
<Cov CovItemId="B1" Value="1"/>
<Cov CovItemId="B3" Value="1"/>
<Cov CovItemId="B5" Value="1"/>
<Cov CovItemId="B6" Value="1"/>
<Cov CovItemId="L1-0" Value="1"/>
<Cov CovItemId="S10" Value="1"/>
<Cov CovItemId="S11" Value="1"/>
<Cov CovItemId="S13" Value="1"/>
<Cov CovItemId="S14" Value="1"/>
<Cov CovItemId="S15" Value="1"/>
<Cov CovItemId="S16" Value="1"/>
<Cov CovItemId="S17" Value="1"/>
<Cov CovItemId="S18" Value="1"/>
<Cov CovItemId="S19" Value="1"/>
<Cov CovItemId="S2" Value="1"/>
<Cov CovItemId="S20" Value="1"/>
<Cov CovItemId="S23" Value="1"/>
<Cov CovItemId="S24" Value="1"/>
<Cov CovItemId="S3" Value="1"/>
<Cov CovItemId="S4" Value="1"/>
<Cov CovItemId="S5" Value="1"/>
<Cov CovItemId="S6" Value="1"/>
<Cov CovItemId="S7" Value="1"/>
<Cov CovItemId="S8" Value="1"/>
</CovPrefix>
<CovPrefix CovItemPrefix="se.lnu.http.HTTPReader.java">
<Cov CovItemId="B1" Value="1"/>
<Cov CovItemId="B2" Value="9"/>
<Cov CovItemId="B3" Value="2"/>
<Cov CovItemId="B4" Value="7"/>
<Cov CovItemId="B5" Value="1"/>
<Cov CovItemId="B6" Value="6"/>
<Cov CovItemId="L1-0" Value="1"/>
<Cov CovItemId="L1-2" Value="1"/>
<Cov CovItemId="L2-1" Value="1"/>
<Cov CovItemId="L2-2" Value="2"/>
<Cov CovItemId="S1" Value="2"/>
<Cov CovItemId="S10" Value="10"/>
<Cov CovItemId="S11" Value="1"/>
<Cov CovItemId="S12" Value="9"/>
<Cov CovItemId="S13" Value="9"/>
<Cov CovItemId="S14" Value="9"/>
<Cov CovItemId="S15" Value="2"/>
<Cov CovItemId="S16" Value="7"/>
<Cov CovItemId="S17" Value="1"/>
<Cov CovItemId="S18" Value="1"/>
<Cov CovItemId="S19" Value="2"/>
<Cov CovItemId="S2" Value="2"/>
<Cov CovItemId="S3" Value="2"/>
<Cov CovItemId="S4" Value="2"/>
<Cov CovItemId="S5" Value="48"/>
<Cov CovItemId="S6" Value="2"/>
<Cov CovItemId="S7" Value="3"/>
<Cov CovItemId="S8" Value="3"/>
<Cov CovItemId="S9" Value="10"/>
</CovPrefix>
<CovPrefix CovItemPrefix="se.lnu.http.HTTPRequest.java">
<Cov CovItemId="B1" Value="1"/>
<Cov CovItemId="B4" Value="1"/>
<Cov CovItemId="B5" Value="1"/>
<Cov CovItemId="B7" Value="1"/>
<Cov CovItemId="L1-1" Value="1"/>
<Cov CovItemId="S1" Value="1"/>
<Cov CovItemId="S10" Value="2"/>
<Cov CovItemId="S11" Value="1"/>
<Cov CovItemId="S12" Value="1"/>
<Cov CovItemId="S13" Value="1"/>
<Cov CovItemId="S14" Value="1"/>
<Cov CovItemId="S2" Value="1"/>
<Cov CovItemId="S3" Value="1"/>
<Cov CovItemId="S5" Value="1"/>
<Cov CovItemId="S6" Value="1"/>
<Cov CovItemId="S7" Value="1"/>
<Cov CovItemId="S8" Value="1"/>
</CovPrefix>
<CovPrefix CovItemPrefix="se.lnu.http.HTTPRequestParser.java">
<Cov CovItemId="B2" Value="1"/>
<Cov CovItemId="L1-2" Value="1"/>
<Cov CovItemId="S1" Value="1"/>
<Cov CovItemId="S10" Value="2"/>
<Cov CovItemId="S11" Value="1"/>
<Cov CovItemId="S2" Value="1"/>
<Cov CovItemId="S3" Value="1"/>
<Cov CovItemId="S4" Value="1"/>
<Cov CovItemId="S6" Value="1"/>
<Cov CovItemId="S7" Value="1"/>
<Cov CovItemId="S8" Value="1"/>
<Cov CovItemId="S9" Value="2"/>
</CovPrefix>
<CovPrefix CovItemPrefix="se.lnu.http.HTTPServer.java">
<Cov CovItemId="B2" Value="1"/>
<Cov CovItemId="L1-1" Value="1"/>
<Cov CovItemId="S1" Value="1"/>
<Cov CovItemId="S10" Value="1"/>
<Cov CovItemId="S12" Value="1"/>
<Cov CovItemId="S13" Value="1"/>
<Cov CovItemId="S14" Value="1"/>
<Cov CovItemId="S15" Value="1"/>
<Cov CovItemId="S16" Value="1"/>
<Cov CovItemId="S2" Value="1"/>
<Cov CovItemId="S3" Value="1"/>
<Cov CovItemId="S4" Value="1"/>
<Cov CovItemId="S5" Value="1"/>
<Cov CovItemId="S6" Value="1"/>
<Cov CovItemId="S7" Value="1"/>
<Cov CovItemId="S8" Value="1"/>
<Cov CovItemId="S9" Value="1"/>
</CovPrefix>
<CovPrefix CovItemPrefix="se.lnu.http.Header.java">
<Cov CovItemId="B2" Value="2"/>
<Cov CovItemId="B3" Value="2"/>
<Cov CovItemId="B4" Value="3"/>
<Cov CovItemId="L1-1" Value="1"/>
<Cov CovItemId="L1-2" Value="1"/>
<Cov CovItemId="S10" Value="5"/>
<Cov CovItemId="S11" Value="2"/>
<Cov CovItemId="S2" Value="2"/>
<Cov CovItemId="S3" Value="2"/>
<Cov CovItemId="S4" Value="1"/>
<Cov CovItemId="S5" Value="2"/>
<Cov CovItemId="S6" Value="2"/>
<Cov CovItemId="S7" Value="2"/>
<Cov CovItemId="S9" Value="2"/>
</CovPrefix>
<CovPrefix CovItemPrefix="se.lnu.http.Port.java">
<Cov CovItemId="B2" Value="1"/>
<Cov CovItemId="S1" Value="1"/>
<Cov CovItemId="S3" Value="1"/>
<Cov CovItemId="S4" Value="1"/>
</CovPrefix>
<CovPrefix CovItemPrefix="se.lnu.http.ResponseFactory.java">
<Cov CovItemId="B1" Value="1"/>
<Cov CovItemId="B4" Value="1"/>
<Cov CovItemId="S1" Value="1"/>
<Cov CovItemId="S2" Value="1"/>
<Cov CovItemId="S3" Value="1"/>
<Cov CovItemId="S4" Value="1"/>
<Cov CovItemId="S5" Value="1"/>
<Cov CovItemId="S6" Value="1"/>
<Cov CovItemId="S7" Value="1"/>
<Cov CovItemId="S9" Value="1"/>
</CovPrefix>
<CovPrefix CovItemPrefix="se.lnu.http.SharedFolder.java">
<Cov CovItemId="B2" Value="1"/>
<Cov CovItemId="B4" Value="1"/>
<Cov CovItemId="B6" Value="1"/>
<Cov CovItemId="S1" Value="1"/>
<Cov CovItemId="S10" Value="1"/>
<Cov CovItemId="S12" Value="1"/>
<Cov CovItemId="S2" Value="1"/>
<Cov CovItemId="S4" Value="1"/>
<Cov CovItemId="S5" Value="1"/>
<Cov CovItemId="S6" Value="1"/>
<Cov CovItemId="S7" Value="1"/>
<Cov CovItemId="S8" Value="1"/>
</CovPrefix>
<CovPrefix CovItemPrefix="se.lnu.http.client.HTTPGetProtocoll.java">
<Cov CovItemId="S1" Value="1"/>
<Cov CovItemId="S2" Value="1"/>
<Cov CovItemId="S3" Value="1"/>
<Cov CovItemId="S4" Value="1"/>
<Cov CovItemId="S5" Value="1"/>
</CovPrefix>
<CovPrefix CovItemPrefix="se.lnu.http.client.SocketClient.java">
<Cov CovItemId="B2" Value="2"/>
<Cov CovItemId="S1" Value="2"/>
<Cov CovItemId="S11" Value="2"/>
<Cov CovItemId="S12" Value="2"/>
<Cov CovItemId="S2" Value="2"/>
<Cov CovItemId="S3" Value="2"/>
<Cov CovItemId="S4" Value="2"/>
<Cov CovItemId="S5" Value="2"/>
<Cov CovItemId="S6" Value="1"/>
<Cov CovItemId="S7" Value="1"/>
<Cov CovItemId="S8" Value="1"/>
</CovPrefix>
<CovPrefix CovItemPrefix="se.lnu.http.response.ContentType.java">
<Cov CovItemId="S3" Value="1"/>
</CovPrefix>
<CovPrefix CovItemPrefix="se.lnu.http.response.HTTP404FileNotFoundResponse.java">
<Cov CovItemId="S1" Value="1"/>
<Cov CovItemId="S2" Value="1"/>
<Cov CovItemId="S3" Value="1"/>
<Cov CovItemId="S4" Value="1"/>
<Cov CovItemId="S5" Value="1"/>
</CovPrefix>
<CovPrefix CovItemPrefix="se.lnu.http.response.HTTPResponse.java">
<Cov CovItemId="B1" Value="1"/>
<Cov CovItemId="S1" Value="1"/>
<Cov CovItemId="S2" Value="1"/>
<Cov CovItemId="S3" Value="1"/>
<Cov CovItemId="S4" Value="1"/>
<Cov CovItemId="S5" Value="1"/>
<Cov CovItemId="S6" Value="1"/>
<Cov CovItemId="S7" Value="1"/>
</CovPrefix>
</CovList>
<AssgnmntList>
<AssgnmntPrefix RootTermCovItemPrefix="se.lnu.http.ClientThread.java">
<AssgnmntListEntry Length="1" RootTermCovItemId="C1">
<MapEntry BoolAssgnmnt="0" Value="1"/>
</AssgnmntListEntry>
<AssgnmntListEntry Length="1" RootTermCovItemId="C2">
<MapEntry BoolAssgnmnt="1" Value="1"/>
</AssgnmntListEntry>
</AssgnmntPrefix>
<AssgnmntPrefix RootTermCovItemPrefix="se.lnu.http.HTTPReader.java">
<AssgnmntListEntry Length="1" RootTermCovItemId="C1">
<MapEntry BoolAssgnmnt="0" Value="2"/>
<MapEntry BoolAssgnmnt="1" Value="48"/>
</AssgnmntListEntry>
<AssgnmntListEntry Length="1" RootTermCovItemId="C3">
<MapEntry BoolAssgnmnt="0" Value="9"/>
<MapEntry BoolAssgnmnt="1" Value="1"/>
</AssgnmntListEntry>
<AssgnmntListEntry Length="3" RootTermCovItemId="C4">
<MapEntry BoolAssgnmnt="000" Value="7"/>
<MapEntry BoolAssgnmnt="001" Value="2"/>
</AssgnmntListEntry>
<AssgnmntListEntry Length="1" RootTermCovItemId="C5">
<MapEntry BoolAssgnmnt="0" Value="6"/>
<MapEntry BoolAssgnmnt="1" Value="1"/>
</AssgnmntListEntry>
</AssgnmntPrefix>
<AssgnmntPrefix RootTermCovItemPrefix="se.lnu.http.HTTPRequest.java">
<AssgnmntListEntry Length="1" RootTermCovItemId="C1">
<MapEntry BoolAssgnmnt="1" Value="1"/>
</AssgnmntListEntry>
<AssgnmntListEntry Length="1" RootTermCovItemId="C2">
<MapEntry BoolAssgnmnt="0" Value="1"/>
</AssgnmntListEntry>
<AssgnmntListEntry Length="1" RootTermCovItemId="C3">
<MapEntry BoolAssgnmnt="1" Value="1"/>
</AssgnmntListEntry>
<AssgnmntListEntry Length="1" RootTermCovItemId="C4">
<MapEntry BoolAssgnmnt="1" Value="1"/>
</AssgnmntListEntry>
</AssgnmntPrefix>
<AssgnmntPrefix RootTermCovItemPrefix="se.lnu.http.HTTPRequestParser.java">
<AssgnmntListEntry Length="1" RootTermCovItemId="C1">
<MapEntry BoolAssgnmnt="0" Value="1"/>
</AssgnmntListEntry>
<AssgnmntListEntry Length="1" RootTermCovItemId="C2">
<MapEntry BoolAssgnmnt="0" Value="1"/>
<MapEntry BoolAssgnmnt="1" Value="2"/>
</AssgnmntListEntry>
</AssgnmntPrefix>
<AssgnmntPrefix RootTermCovItemPrefix="se.lnu.http.HTTPServer.java">
<AssgnmntListEntry Length="1" RootTermCovItemId="C1">
<MapEntry BoolAssgnmnt="0" Value="1"/>
</AssgnmntListEntry>
<AssgnmntListEntry Length="1" RootTermCovItemId="C2">
<MapEntry BoolAssgnmnt="0" Value="1"/>
<MapEntry BoolAssgnmnt="1" Value="1"/>
</AssgnmntListEntry>
</AssgnmntPrefix>
<AssgnmntPrefix RootTermCovItemPrefix="se.lnu.http.Header.java">
<AssgnmntListEntry Length="1" RootTermCovItemId="C1">
<MapEntry BoolAssgnmnt="0" Value="2"/>
</AssgnmntListEntry>
<AssgnmntListEntry Length="1" RootTermCovItemId="C2">
<MapEntry BoolAssgnmnt="0" Value="3"/>
<MapEntry BoolAssgnmnt="1" Value="2"/>
</AssgnmntListEntry>
</AssgnmntPrefix>
<AssgnmntPrefix RootTermCovItemPrefix="se.lnu.http.Port.java">
<AssgnmntListEntry Length="2" RootTermCovItemId="C1">
<MapEntry BoolAssgnmnt="00" Value="1"/>
</AssgnmntListEntry>
</AssgnmntPrefix>
<AssgnmntPrefix RootTermCovItemPrefix="se.lnu.http.ResponseFactory.java">
<AssgnmntListEntry Length="1" RootTermCovItemId="C1">
<MapEntry BoolAssgnmnt="1" Value="1"/>
</AssgnmntListEntry>
</AssgnmntPrefix>
<AssgnmntPrefix RootTermCovItemPrefix="se.lnu.http.SharedFolder.java">
<AssgnmntListEntry Length="1" RootTermCovItemId="C1">
<MapEntry BoolAssgnmnt="0" Value="1"/>
</AssgnmntListEntry>
<AssgnmntListEntry Length="1" RootTermCovItemId="C2">
<MapEntry BoolAssgnmnt="0" Value="1"/>
</AssgnmntListEntry>
<AssgnmntListEntry Length="1" RootTermCovItemId="C3">
<MapEntry BoolAssgnmnt="0" Value="1"/>
</AssgnmntListEntry>
</AssgnmntPrefix>
<AssgnmntPrefix RootTermCovItemPrefix="se.lnu.http.response.HTTPResponse.java">
<AssgnmntListEntry Length="1" RootTermCovItemId="C1">
<MapEntry BoolAssgnmnt="1" Value="1"/>
</AssgnmntListEntry>
</AssgnmntPrefix>
</AssgnmntList>
<ObjMetaDataList/>
<MetaDataList/>
</TestCase>
<TestCase Comment="" Date="1385474966478" Name="se.lnu.http.integration.HTTPServerTest:testStopWhenNotStarted">
<CovList>
<CovPrefix CovItemPrefix="se.lnu.http.HTTPServer.java">
<Cov CovItemId="B1" Value="2"/>
<Cov CovItemId="S1" Value="1"/>
<Cov CovItemId="S10" Value="2"/>
<Cov CovItemId="S11" Value="2"/>
<Cov CovItemId="S2" Value="1"/>
<Cov CovItemId="S3" Value="1"/>
<Cov CovItemId="S4" Value="1"/>
</CovPrefix>
<CovPrefix CovItemPrefix="se.lnu.http.Port.java">
<Cov CovItemId="B2" Value="1"/>
<Cov CovItemId="S1" Value="1"/>
<Cov CovItemId="S3" Value="1"/>
</CovPrefix>
<CovPrefix CovItemPrefix="se.lnu.http.SharedFolder.java">
<Cov CovItemId="S1" Value="1"/>
</CovPrefix>
</CovList>
<AssgnmntList>
<AssgnmntPrefix RootTermCovItemPrefix="se.lnu.http.HTTPServer.java">
<AssgnmntListEntry Length="1" RootTermCovItemId="C1">
<MapEntry BoolAssgnmnt="1" Value="2"/>
</AssgnmntListEntry>
</AssgnmntPrefix>
<AssgnmntPrefix RootTermCovItemPrefix="se.lnu.http.Port.java">
<AssgnmntListEntry Length="2" RootTermCovItemId="C1">
<MapEntry BoolAssgnmnt="00" Value="1"/>
</AssgnmntListEntry>
</AssgnmntPrefix>
</AssgnmntList>
<ObjMetaDataList/>
<MetaDataList/>
</TestCase>
<TestCase Comment="Error&#10;java.io.IOException: eof&#13;&#10;&#9;at se.lnu.http.HTTPReader.readAll(HTTPReader.java:83)&#13;&#10;&#9;at se.lnu.http.client.HTTPGetProtocoll.doGet(HTTPGetProtocoll.java:28)&#13;&#10;&#9;at se.lnu.http.client.SocketClient.get(SocketClient.java:43)&#13;&#10;&#9;at se.lnu.http.integration.SocketClientTest.testGetFromOnlineServer(SocketClientTest.java:22)&#13;&#10;&#9;at sun.reflect.NativeMethodAccessorImpl.invoke0(Native Method)&#13;&#10;&#9;at sun.reflect.NativeMethodAccessorImpl.invoke(Unknown Source)&#13;&#10;&#9;at sun.reflect.DelegatingMethodAccessorImpl.invoke(Unknown Source)&#13;&#10;&#9;at java.lang.reflect.Method.invoke(Unknown Source)&#13;&#10;&#9;at org.junit.runners.model.FrameworkMethod$1.runReflectiveCall(FrameworkMethod.java:44)&#13;&#10;&#9;at org.junit.internal.runners.model.ReflectiveCallable.run(ReflectiveCallable.java:15)&#13;&#10;&#9;at org.junit.runners.model.FrameworkMethod.invokeExplosively(FrameworkMethod.java:41)&#13;&#10;&#9;at org.junit.internal.runners.statements.InvokeMethod.evaluate(InvokeMethod.java:20)&#13;&#10;&#9;at org.junit.runners.BlockJUnit4ClassRunner.runChild(BlockJUnit4ClassRunner.java:76)&#13;&#10;&#9;at org.junit.runners.BlockJUnit4ClassRunner.runChild(BlockJUnit4ClassRunner.java:50)&#13;&#10;&#9;at org.junit.runners.ParentRunner$3.run(ParentRunner.java:193)&#13;&#10;&#9;at org.junit.runners.ParentRunner$1.schedule(ParentRunner.java:52)&#13;&#10;&#9;at org.junit.runners.ParentRunner.runChildren(ParentRunner.java:191)&#13;&#10;&#9;at org.junit.runners.ParentRunner.access$000(ParentRunner.java:42)&#13;&#10;&#9;at org.junit.runners.ParentRunner$2.evaluate(ParentRunner.java:184)&#13;&#10;&#9;at org.junit.runners.ParentRunner.run(ParentRunner.java:236)&#13;&#10;&#9;at org.eclipse.jdt.internal.junit4.runner.JUnit4TestReference.run(JUnit4TestReference.java:49)&#13;&#10;&#9;at org.eclipse.jdt.internal.junit.runner.TestExecution.run(TestExecution.java:38)&#13;&#10;&#9;at org.eclipse.jdt.internal.junit.runner.RemoteTestRunner.runTests(RemoteTestRunner.java:467)&#13;&#10;&#9;at org.eclipse.jdt.internal.junit.runner.RemoteTestRunner.runTests(RemoteTestRunner.java:683)&#13;&#10;&#9;at org.eclipse.jdt.internal.junit.runner.RemoteTestRunner.run(RemoteTestRunner.java:390)&#13;&#10;&#9;at org.codecover.juniteclipse.runner.EclipseTestRunner.main(EclipseTestRunner.java:40)" Date="1385474966481" Name="se.lnu.http.integration.SocketClientTest:testGetFromOnlineServer">
<CovList>
<CovPrefix CovItemPrefix="se.lnu.http.HTTPReader.java">
<Cov CovItemId="B1" Value="1"/>
<Cov CovItemId="B2" Value="10"/>
<Cov CovItemId="B3" Value="1"/>
<Cov CovItemId="B4" Value="9"/>
<Cov CovItemId="B5" Value="1"/>
<Cov CovItemId="B6" Value="8"/>
<Cov CovItemId="L1-2" Value="1"/>
<Cov CovItemId="L2-1" Value="1"/>
<Cov CovItemId="L2-2" Value="1"/>
<Cov CovItemId="S1" Value="1"/>
<Cov CovItemId="S10" Value="11"/>
<Cov CovItemId="S11" Value="1"/>
<Cov CovItemId="S12" Value="10"/>
<Cov CovItemId="S13" Value="10"/>
<Cov CovItemId="S14" Value="10"/>
<Cov CovItemId="S15" Value="1"/>
<Cov CovItemId="S16" Value="9"/>
<Cov CovItemId="S17" Value="1"/>
<Cov CovItemId="S18" Value="1"/>
<Cov CovItemId="S19" Value="1"/>
<Cov CovItemId="S2" Value="1"/>
<Cov CovItemId="S3" Value="1"/>
<Cov CovItemId="S4" Value="1"/>
<Cov CovItemId="S5" Value="44"/>
<Cov CovItemId="S6" Value="1"/>
<Cov CovItemId="S7" Value="2"/>
<Cov CovItemId="S8" Value="2"/>
<Cov CovItemId="S9" Value="11"/>
</CovPrefix>
<CovPrefix CovItemPrefix="se.lnu.http.client.HTTPGetProtocoll.java">
<Cov CovItemId="S1" Value="1"/>
<Cov CovItemId="S2" Value="1"/>
<Cov CovItemId="S3" Value="1"/>
<Cov CovItemId="S4" Value="1"/>
<Cov CovItemId="S5" Value="1"/>
</CovPrefix>
<CovPrefix CovItemPrefix="se.lnu.http.client.SocketClient.java">
<Cov CovItemId="B2" Value="1"/>
<Cov CovItemId="S1" Value="1"/>
<Cov CovItemId="S11" Value="1"/>
<Cov CovItemId="S12" Value="1"/>
<Cov CovItemId="S2" Value="1"/>
<Cov CovItemId="S3" Value="1"/>
<Cov CovItemId="S4" Value="1"/>
<Cov CovItemId="S5" Value="1"/>
<Cov CovItemId="S6" Value="1"/>
<Cov CovItemId="S7" Value="1"/>
<Cov CovItemId="S8" Value="1"/>
</CovPrefix>
</CovList>
<AssgnmntList>
<AssgnmntPrefix RootTermCovItemPrefix="se.lnu.http.HTTPReader.java">
<AssgnmntListEntry Length="1" RootTermCovItemId="C1">
<MapEntry BoolAssgnmnt="0" Value="1"/>
<MapEntry BoolAssgnmnt="1" Value="44"/>
</AssgnmntListEntry>
<AssgnmntListEntry Length="1" RootTermCovItemId="C3">
<MapEntry BoolAssgnmnt="0" Value="10"/>
<MapEntry BoolAssgnmnt="1" Value="1"/>
</AssgnmntListEntry>
<AssgnmntListEntry Length="3" RootTermCovItemId="C4">
<MapEntry BoolAssgnmnt="000" Value="9"/>
<MapEntry BoolAssgnmnt="001" Value="1"/>
</AssgnmntListEntry>
<AssgnmntListEntry Length="1" RootTermCovItemId="C5">
<MapEntry BoolAssgnmnt="0" Value="8"/>
<MapEntry BoolAssgnmnt="1" Value="1"/>
</AssgnmntListEntry>
</AssgnmntPrefix>
</AssgnmntList>
<ObjMetaDataList/>
<MetaDataList/>
</TestCase>
<TestCase Comment="" Date="1385474966563" Name="se.lnu.http.HeaderTest:testFromString">
<CovList>
<CovPrefix CovItemPrefix="se.lnu.http.Header.java">
<Cov CovItemId="B1" Value="1"/>
<Cov CovItemId="S6" Value="1"/>
<Cov CovItemId="S7" Value="1"/>
<Cov CovItemId="S8" Value="1"/>
</CovPrefix>
<CovPrefix CovItemPrefix="se.lnu.http.exceptions.MalformedRequestException.java">
<Cov CovItemId="S1" Value="1"/>
</CovPrefix>
</CovList>
<AssgnmntList>
<AssgnmntPrefix RootTermCovItemPrefix="se.lnu.http.Header.java">
<AssgnmntListEntry Length="1" RootTermCovItemId="C1">
<MapEntry BoolAssgnmnt="1" Value="1"/>
</AssgnmntListEntry>
</AssgnmntPrefix>
</AssgnmntList>
<ObjMetaDataList/>
<MetaDataList/>
</TestCase>
<TestCase Comment="" Date="1385474966566" Name="se.lnu.http.HeaderTest:testFromString2">
<CovList>
<CovPrefix CovItemPrefix="se.lnu.http.Header.java">
<Cov CovItemId="B1" Value="1"/>
<Cov CovItemId="S6" Value="1"/>
<Cov CovItemId="S7" Value="1"/>
<Cov CovItemId="S8" Value="1"/>
</CovPrefix>
<CovPrefix CovItemPrefix="se.lnu.http.exceptions.MalformedRequestException.java">
<Cov CovItemId="S1" Value="1"/>
</CovPrefix>
</CovList>
<AssgnmntList>
<AssgnmntPrefix RootTermCovItemPrefix="se.lnu.http.Header.java">
<AssgnmntListEntry Length="1" RootTermCovItemId="C1">
<MapEntry BoolAssgnmnt="1" Value="1"/>
</AssgnmntListEntry>
</AssgnmntPrefix>
</AssgnmntList>
<ObjMetaDataList/>
<MetaDataList/>
</TestCase>
<TestCase Comment="" Date="1385474966568" Name="se.lnu.http.HeaderTest:testFromString3">
<CovList>
<CovPrefix CovItemPrefix="se.lnu.http.Header.java">
<Cov CovItemId="B2" Value="1"/>
<Cov CovItemId="B4" Value="10"/>
<Cov CovItemId="L1-2" Value="1"/>
<Cov CovItemId="S10" Value="10"/>
<Cov CovItemId="S12" Value="1"/>
<Cov CovItemId="S2" Value="1"/>
<Cov CovItemId="S3" Value="1"/>
<Cov CovItemId="S4" Value="1"/>
<Cov CovItemId="S5" Value="1"/>
<Cov CovItemId="S6" Value="1"/>
<Cov CovItemId="S7" Value="1"/>
<Cov CovItemId="S9" Value="1"/>
</CovPrefix>
</CovList>
<AssgnmntList>
<AssgnmntPrefix RootTermCovItemPrefix="se.lnu.http.Header.java">
<AssgnmntListEntry Length="1" RootTermCovItemId="C1">
<MapEntry BoolAssgnmnt="0" Value="1"/>
</AssgnmntListEntry>
<AssgnmntListEntry Length="1" RootTermCovItemId="C2">
<MapEntry BoolAssgnmnt="0" Value="10"/>
</AssgnmntListEntry>
</AssgnmntPrefix>
</AssgnmntList>
<ObjMetaDataList/>
<MetaDataList/>
</TestCase>
<TestCase Comment="" Date="1385474966570" Name="se.lnu.http.HeaderTest:testFromString4">
<CovList>
<CovPrefix CovItemPrefix="se.lnu.http.Header.java">
<Cov CovItemId="B2" Value="1"/>
<Cov CovItemId="B3" Value="1"/>
<Cov CovItemId="B4" Value="3"/>
<Cov CovItemId="L1-2" Value="1"/>
<Cov CovItemId="S10" Value="4"/>
<Cov CovItemId="S11" Value="1"/>
<Cov CovItemId="S2" Value="1"/>
<Cov CovItemId="S3" Value="1"/>
<Cov CovItemId="S4" Value="1"/>
<Cov CovItemId="S5" Value="1"/>
<Cov CovItemId="S6" Value="1"/>
<Cov CovItemId="S7" Value="1"/>
<Cov CovItemId="S9" Value="1"/>
</CovPrefix>
</CovList>
<AssgnmntList>
<AssgnmntPrefix RootTermCovItemPrefix="se.lnu.http.Header.java">
<AssgnmntListEntry Length="1" RootTermCovItemId="C1">
<MapEntry BoolAssgnmnt="0" Value="1"/>
</AssgnmntListEntry>
<AssgnmntListEntry Length="1" RootTermCovItemId="C2">
<MapEntry BoolAssgnmnt="0" Value="3"/>
<MapEntry BoolAssgnmnt="1" Value="1"/>
</AssgnmntListEntry>
</AssgnmntPrefix>
</AssgnmntList>
<ObjMetaDataList/>
<MetaDataList/>
</TestCase>
<TestCase Comment="" Date="1385474966574" Name="se.lnu.http.HTTPReaderTest:testReadOk">
<CovList>
<CovPrefix CovItemPrefix="se.lnu.http.HTTPReader.java">
<Cov CovItemId="B2" Value="3"/>
<Cov CovItemId="B3" Value="1"/>
<Cov CovItemId="B4" Value="2"/>
<Cov CovItemId="B6" Value="2"/>
<Cov CovItemId="L1-0" Value="1"/>
<Cov CovItemId="L2-2" Value="1"/>
<Cov CovItemId="S1" Value="1"/>
<Cov CovItemId="S10" Value="3"/>
<Cov CovItemId="S12" Value="3"/>
<Cov CovItemId="S13" Value="3"/>
<Cov CovItemId="S14" Value="3"/>
<Cov CovItemId="S15" Value="1"/>
<Cov CovItemId="S16" Value="2"/>
<Cov CovItemId="S19" Value="1"/>
<Cov CovItemId="S2" Value="1"/>
<Cov CovItemId="S3" Value="1"/>
<Cov CovItemId="S4" Value="1"/>
<Cov CovItemId="S6" Value="1"/>
<Cov CovItemId="S7" Value="1"/>
<Cov CovItemId="S8" Value="1"/>
<Cov CovItemId="S9" Value="3"/>
</CovPrefix>
</CovList>
<AssgnmntList>
<AssgnmntPrefix RootTermCovItemPrefix="se.lnu.http.HTTPReader.java">
<AssgnmntListEntry Length="1" RootTermCovItemId="C1">
<MapEntry BoolAssgnmnt="0" Value="1"/>
</AssgnmntListEntry>
<AssgnmntListEntry Length="1" RootTermCovItemId="C3">
<MapEntry BoolAssgnmnt="0" Value="3"/>
</AssgnmntListEntry>
<AssgnmntListEntry Length="3" RootTermCovItemId="C4">
<MapEntry BoolAssgnmnt="000" Value="2"/>
<MapEntry BoolAssgnmnt="001" Value="1"/>
</AssgnmntListEntry>
<AssgnmntListEntry Length="1" RootTermCovItemId="C5">
<MapEntry BoolAssgnmnt="0" Value="2"/>
</AssgnmntListEntry>
</AssgnmntPrefix>
</AssgnmntList>
<ObjMetaDataList/>
<MetaDataList/>
</TestCase>
<TestCase Comment="" Date="1385474966584" Name="se.lnu.http.HTTPReaderTest:testReadBody">
<CovList>
<CovPrefix CovItemPrefix="se.lnu.http.HTTPReader.java">
<Cov CovItemId="B2" Value="3"/>
<Cov CovItemId="B3" Value="1"/>
<Cov CovItemId="B4" Value="2"/>
<Cov CovItemId="B5" Value="1"/>
<Cov CovItemId="B6" Value="1"/>
<Cov CovItemId="L1-2" Value="1"/>
<Cov CovItemId="L2-2" Value="1"/>
<Cov CovItemId="S1" Value="1"/>
<Cov CovItemId="S10" Value="3"/>
<Cov CovItemId="S12" Value="3"/>
<Cov CovItemId="S13" Value="3"/>
<Cov CovItemId="S14" Value="3"/>
<Cov CovItemId="S15" Value="1"/>
<Cov CovItemId="S16" Value="2"/>
<Cov CovItemId="S17" Value="1"/>
<Cov CovItemId="S18" Value="1"/>
<Cov CovItemId="S19" Value="1"/>
<Cov CovItemId="S2" Value="1"/>
<Cov CovItemId="S3" Value="1"/>
<Cov CovItemId="S4" Value="1"/>
<Cov CovItemId="S5" Value="3"/>
<Cov CovItemId="S6" Value="1"/>
<Cov CovItemId="S7" Value="1"/>
<Cov CovItemId="S8" Value="1"/>
<Cov CovItemId="S9" Value="3"/>
</CovPrefix>
</CovList>
<AssgnmntList>
<AssgnmntPrefix RootTermCovItemPrefix="se.lnu.http.HTTPReader.java">
<AssgnmntListEntry Length="1" RootTermCovItemId="C1">
<MapEntry BoolAssgnmnt="0" Value="1"/>
<MapEntry BoolAssgnmnt="1" Value="3"/>
</AssgnmntListEntry>
<AssgnmntListEntry Length="1" RootTermCovItemId="C3">
<MapEntry BoolAssgnmnt="0" Value="3"/>
</AssgnmntListEntry>
<AssgnmntListEntry Length="3" RootTermCovItemId="C4">
<MapEntry BoolAssgnmnt="000" Value="2"/>
<MapEntry BoolAssgnmnt="001" Value="1"/>
</AssgnmntListEntry>
<AssgnmntListEntry Length="1" RootTermCovItemId="C5">
<MapEntry BoolAssgnmnt="0" Value="1"/>
<MapEntry BoolAssgnmnt="1" Value="1"/>
</AssgnmntListEntry>
</AssgnmntPrefix>
</AssgnmntList>
<ObjMetaDataList/>
<MetaDataList/>
</TestCase>
<TestCase Comment="" Date="1385474966585" Name="se.lnu.http.HTTPReaderTest:testbroken">
<CovList>
<CovPrefix CovItemPrefix="se.lnu.http.HTTPReader.java">
<Cov CovItemId="L2-1" Value="1"/>
<Cov CovItemId="S1" Value="1"/>
<Cov CovItemId="S2" Value="1"/>
<Cov CovItemId="S7" Value="1"/>
<Cov CovItemId="S8" Value="1"/>
<Cov CovItemId="S9" Value="1"/>
</CovPrefix>
</CovList>
<AssgnmntList/>
<ObjMetaDataList/>
<MetaDataList/>
</TestCase>
<TestCase Comment="" Date="1385474966587" Name="se.lnu.http.HTTPReaderTest:testbroken2">
<CovList>
<CovPrefix CovItemPrefix="se.lnu.http.HTTPReader.java">
<Cov CovItemId="B2" Value="3"/>
<Cov CovItemId="B3" Value="1"/>
<Cov CovItemId="B4" Value="2"/>
<Cov CovItemId="B5" Value="1"/>
<Cov CovItemId="B6" Value="1"/>
<Cov CovItemId="L1-1" Value="1"/>
<Cov CovItemId="L2-2" Value="1"/>
<Cov CovItemId="S1" Value="1"/>
<Cov CovItemId="S10" Value="3"/>
<Cov CovItemId="S12" Value="3"/>
<Cov CovItemId="S13" Value="3"/>
<Cov CovItemId="S14" Value="3"/>
<Cov CovItemId="S15" Value="1"/>
<Cov CovItemId="S16" Value="2"/>
<Cov CovItemId="S17" Value="1"/>
<Cov CovItemId="S18" Value="1"/>
<Cov CovItemId="S19" Value="1"/>
<Cov CovItemId="S2" Value="1"/>
<Cov CovItemId="S3" Value="1"/>
<Cov CovItemId="S4" Value="1"/>
<Cov CovItemId="S5" Value="1"/>
<Cov CovItemId="S7" Value="1"/>
<Cov CovItemId="S8" Value="1"/>
<Cov CovItemId="S9" Value="3"/>
</CovPrefix>
</CovList>
<AssgnmntList>
<AssgnmntPrefix RootTermCovItemPrefix="se.lnu.http.HTTPReader.java">
<AssgnmntListEntry Length="1" RootTermCovItemId="C1">
<MapEntry BoolAssgnmnt="1" Value="1"/>
</AssgnmntListEntry>
<AssgnmntListEntry Length="1" RootTermCovItemId="C3">
<MapEntry BoolAssgnmnt="0" Value="3"/>
</AssgnmntListEntry>
<AssgnmntListEntry Length="3" RootTermCovItemId="C4">
<MapEntry BoolAssgnmnt="000" Value="2"/>
<MapEntry BoolAssgnmnt="001" Value="1"/>
</AssgnmntListEntry>
<AssgnmntListEntry Length="1" RootTermCovItemId="C5">
<MapEntry BoolAssgnmnt="0" Value="1"/>
<MapEntry BoolAssgnmnt="1" Value="1"/>
</AssgnmntListEntry>
</AssgnmntPrefix>
</AssgnmntList>
<ObjMetaDataList/>
<MetaDataList/>
</TestCase>
<TestCase Comment="" Date="1385474966589" Name="se.lnu.http.AcceptThreadTest:testStopmeNotRunning">
<CovList>
<CovPrefix CovItemPrefix="se.lnu.http.AcceptThread.java">
<Cov CovItemId="S1" Value="1"/>
<Cov CovItemId="S2" Value="1"/>
<Cov CovItemId="S3" Value="1"/>
<Cov CovItemId="S4" Value="1"/>
</CovPrefix>
</CovList>
<AssgnmntList/>
<ObjMetaDataList/>
<MetaDataList/>
</TestCase>
<TestCase Comment="" Date="1385474966600" Name="se.lnu.http.AcceptThreadTest:testsocketfailed">
<CovList>
<CovPrefix CovItemPrefix="se.lnu.http.AcceptThread.java">
<Cov CovItemId="B2" Value="1"/>
<Cov CovItemId="B3" Value="1"/>
<Cov CovItemId="L1-2" Value="1"/>
<Cov CovItemId="S1" Value="1"/>
<Cov CovItemId="S10" Value="1"/>
<Cov CovItemId="S11" Value="2"/>
<Cov CovItemId="S12" Value="2"/>
<Cov CovItemId="S2" Value="1"/>
<Cov CovItemId="S3" Value="1"/>
<Cov CovItemId="S5" Value="1"/>
<Cov CovItemId="S6" Value="2"/>
<Cov CovItemId="S7" Value="2"/>
<Cov CovItemId="S8" Value="1"/>
<Cov CovItemId="S9" Value="1"/>
</CovPrefix>
</CovList>
<AssgnmntList/>
<ObjMetaDataList/>
<MetaDataList/>
</TestCase>
<TestCase Comment="" Date="1385474966606" Name="se.lnu.http.AcceptThreadTest:testrun">
<CovList>
<CovPrefix CovItemPrefix="se.lnu.http.AcceptThread.java">
<Cov CovItemId="B1" Value="1"/>
<Cov CovItemId="B2" Value="1"/>
<Cov CovItemId="L1-2" Value="1"/>
<Cov CovItemId="S1" Value="1"/>
<Cov CovItemId="S10" Value="1"/>
<Cov CovItemId="S11" Value="2"/>
<Cov CovItemId="S12" Value="2"/>
<Cov CovItemId="S13" Value="1"/>
<Cov CovItemId="S14" Value="1"/>
<Cov CovItemId="S2" Value="1"/>
<Cov CovItemId="S3" Value="1"/>
<Cov CovItemId="S5" Value="1"/>
<Cov CovItemId="S6" Value="2"/>
<Cov CovItemId="S7" Value="2"/>
<Cov CovItemId="S8" Value="1"/>
</CovPrefix>
</CovList>
<AssgnmntList/>
<ObjMetaDataList/>
<MetaDataList/>
</TestCase>
<TestCase Comment="" Date="1385474966609" Name="se.lnu.http.HTTPRequestParserTest:testMalformedRequestEmpty">
<CovList>
<CovPrefix CovItemPrefix="se.lnu.http.HTTPRequestParser.java">
<Cov CovItemId="B1" Value="1"/>
<Cov CovItemId="S1" Value="1"/>
<Cov CovItemId="S2" Value="1"/>
<Cov CovItemId="S3" Value="1"/>
<Cov CovItemId="S4" Value="1"/>
<Cov CovItemId="S5" Value="1"/>
</CovPrefix>
<CovPrefix CovItemPrefix="se.lnu.http.exceptions.MalformedRequestException.java">
<Cov CovItemId="S1" Value="1"/>
</CovPrefix>
</CovList>
<AssgnmntList>
<AssgnmntPrefix RootTermCovItemPrefix="se.lnu.http.HTTPRequestParser.java">
<AssgnmntListEntry Length="1" RootTermCovItemId="C1">
<MapEntry BoolAssgnmnt="1" Value="1"/>
</AssgnmntListEntry>
</AssgnmntPrefix>
</AssgnmntList>
<ObjMetaDataList/>
<MetaDataList/>
</TestCase>
<TestCase Comment="" Date="1385474966610" Name="se.lnu.http.HTTPRequestParserTest:testMalformedRequestNoHost">
<CovList>
<CovPrefix CovItemPrefix="se.lnu.http.HTTPRequest.java">
<Cov CovItemId="B1" Value="1"/>
<Cov CovItemId="B3" Value="1"/>
<Cov CovItemId="L1-1" Value="1"/>
<Cov CovItemId="S1" Value="1"/>
<Cov CovItemId="S2" Value="1"/>
<Cov CovItemId="S3" Value="1"/>
<Cov CovItemId="S5" Value="1"/>
<Cov CovItemId="S6" Value="1"/>
<Cov CovItemId="S7" Value="1"/>
<Cov CovItemId="S8" Value="1"/>
<Cov CovItemId="S9" Value="1"/>
</CovPrefix>
<CovPrefix CovItemPrefix="se.lnu.http.HTTPRequestParser.java">
<Cov CovItemId="B2" Value="1"/>
<Cov CovItemId="L1-1" Value="1"/>
<Cov CovItemId="S1" Value="1"/>
<Cov CovItemId="S10" Value="1"/>
<Cov CovItemId="S11" Value="1"/>
<Cov CovItemId="S2" Value="1"/>
<Cov CovItemId="S3" Value="1"/>
<Cov CovItemId="S4" Value="1"/>
<Cov CovItemId="S6" Value="1"/>
<Cov CovItemId="S7" Value="1"/>
<Cov CovItemId="S8" Value="1"/>
<Cov CovItemId="S9" Value="1"/>
</CovPrefix>
<CovPrefix CovItemPrefix="se.lnu.http.Header.java">
<Cov CovItemId="B2" Value="1"/>
<Cov CovItemId="B3" Value="1"/>
<Cov CovItemId="B4" Value="3"/>
<Cov CovItemId="L1-2" Value="1"/>
<Cov CovItemId="S10" Value="4"/>
<Cov CovItemId="S11" Value="1"/>
<Cov CovItemId="S2" Value="1"/>
<Cov CovItemId="S3" Value="1"/>
<Cov CovItemId="S5" Value="1"/>
<Cov CovItemId="S6" Value="1"/>
<Cov CovItemId="S7" Value="1"/>
<Cov CovItemId="S9" Value="1"/>
</CovPrefix>
<CovPrefix CovItemPrefix="se.lnu.http.exceptions.MalformedRequestException.java">
<Cov CovItemId="S1" Value="1"/>
</CovPrefix>
</CovList>
<AssgnmntList>
<AssgnmntPrefix RootTermCovItemPrefix="se.lnu.http.HTTPRequest.java">
<AssgnmntListEntry Length="1" RootTermCovItemId="C1">
<MapEntry BoolAssgnmnt="1" Value="1"/>
</AssgnmntListEntry>
<AssgnmntListEntry Length="1" RootTermCovItemId="C2">
<MapEntry BoolAssgnmnt="1" Value="1"/>
</AssgnmntListEntry>
</AssgnmntPrefix>
<AssgnmntPrefix RootTermCovItemPrefix="se.lnu.http.HTTPRequestParser.java">
<AssgnmntListEntry Length="1" RootTermCovItemId="C1">
<MapEntry BoolAssgnmnt="0" Value="1"/>
</AssgnmntListEntry>
<AssgnmntListEntry Length="1" RootTermCovItemId="C2">
<MapEntry BoolAssgnmnt="0" Value="1"/>
<MapEntry BoolAssgnmnt="1" Value="1"/>
</AssgnmntListEntry>
</AssgnmntPrefix>
<AssgnmntPrefix RootTermCovItemPrefix="se.lnu.http.Header.java">
<AssgnmntListEntry Length="1" RootTermCovItemId="C1">
<MapEntry BoolAssgnmnt="0" Value="1"/>
</AssgnmntListEntry>
<AssgnmntListEntry Length="1" RootTermCovItemId="C2">
<MapEntry BoolAssgnmnt="0" Value="3"/>
<MapEntry BoolAssgnmnt="1" Value="1"/>
</AssgnmntListEntry>
</AssgnmntPrefix>
</AssgnmntList>
<ObjMetaDataList/>
<MetaDataList/>
</TestCase>
<TestCase Comment="" Date="1385474966611" Name="se.lnu.http.HTTPRequestParserTest:testMalformedRequest2">
<CovList>
<CovPrefix CovItemPrefix="se.lnu.http.HTTPRequestParser.java">
<Cov CovItemId="B1" Value="1"/>
<Cov CovItemId="S1" Value="1"/>
<Cov CovItemId="S2" Value="1"/>
<Cov CovItemId="S3" Value="1"/>
<Cov CovItemId="S4" Value="1"/>
<Cov CovItemId="S5" Value="1"/>
</CovPrefix>
<CovPrefix CovItemPrefix="se.lnu.http.exceptions.MalformedRequestException.java">
<Cov CovItemId="S1" Value="1"/>
</CovPrefix>
</CovList>
<AssgnmntList>
<AssgnmntPrefix RootTermCovItemPrefix="se.lnu.http.HTTPRequestParser.java">
<AssgnmntListEntry Length="1" RootTermCovItemId="C1">
<MapEntry BoolAssgnmnt="1" Value="1"/>
</AssgnmntListEntry>
</AssgnmntPrefix>
</AssgnmntList>
<ObjMetaDataList/>
<MetaDataList/>
</TestCase>
<TestCase Comment="" Date="1385474966612" Name="se.lnu.http.HTTPRequestParserTest:testParseRequest">
<CovList>
<CovPrefix CovItemPrefix="se.lnu.http.HTTPRequest.java">
<Cov CovItemId="B1" Value="1"/>
<Cov CovItemId="B4" Value="1"/>
<Cov CovItemId="L1-1" Value="1"/>
<Cov CovItemId="S1" Value="1"/>
<Cov CovItemId="S10" Value="1"/>
<Cov CovItemId="S2" Value="1"/>
<Cov CovItemId="S3" Value="1"/>
<Cov CovItemId="S5" Value="1"/>
<Cov CovItemId="S6" Value="1"/>
<Cov CovItemId="S7" Value="1"/>
<Cov CovItemId="S8" Value="1"/>
</CovPrefix>
<CovPrefix CovItemPrefix="se.lnu.http.HTTPRequestParser.java">
<Cov CovItemId="B2" Value="1"/>
<Cov CovItemId="L1-2" Value="1"/>
<Cov CovItemId="S1" Value="1"/>
<Cov CovItemId="S10" Value="7"/>
<Cov CovItemId="S11" Value="1"/>
<Cov CovItemId="S2" Value="1"/>
<Cov CovItemId="S3" Value="1"/>
<Cov CovItemId="S4" Value="1"/>
<Cov CovItemId="S6" Value="1"/>
<Cov CovItemId="S7" Value="1"/>
<Cov CovItemId="S8" Value="1"/>
<Cov CovItemId="S9" Value="7"/>
</CovPrefix>
<CovPrefix CovItemPrefix="se.lnu.http.Header.java">
<Cov CovItemId="B2" Value="7"/>
<Cov CovItemId="B3" Value="7"/>
<Cov CovItemId="B4" Value="28"/>
<Cov CovItemId="L1-1" Value="1"/>
<Cov CovItemId="L1-2" Value="6"/>
<Cov CovItemId="S10" Value="35"/>
<Cov CovItemId="S11" Value="7"/>
<Cov CovItemId="S2" Value="7"/>
<Cov CovItemId="S3" Value="7"/>
<Cov CovItemId="S5" Value="7"/>
<Cov CovItemId="S6" Value="7"/>
<Cov CovItemId="S7" Value="7"/>
<Cov CovItemId="S9" Value="7"/>
</CovPrefix>
</CovList>
<AssgnmntList>
<AssgnmntPrefix RootTermCovItemPrefix="se.lnu.http.HTTPRequest.java">
<AssgnmntListEntry Length="1" RootTermCovItemId="C1">
<MapEntry BoolAssgnmnt="1" Value="1"/>
</AssgnmntListEntry>
<AssgnmntListEntry Length="1" RootTermCovItemId="C2">
<MapEntry BoolAssgnmnt="0" Value="1"/>
</AssgnmntListEntry>
</AssgnmntPrefix>
<AssgnmntPrefix RootTermCovItemPrefix="se.lnu.http.HTTPRequestParser.java">
<AssgnmntListEntry Length="1" RootTermCovItemId="C1">
<MapEntry BoolAssgnmnt="0" Value="1"/>
</AssgnmntListEntry>
<AssgnmntListEntry Length="1" RootTermCovItemId="C2">
<MapEntry BoolAssgnmnt="0" Value="1"/>
<MapEntry BoolAssgnmnt="1" Value="7"/>
</AssgnmntListEntry>
</AssgnmntPrefix>
<AssgnmntPrefix RootTermCovItemPrefix="se.lnu.http.Header.java">
<AssgnmntListEntry Length="1" RootTermCovItemId="C1">
<MapEntry BoolAssgnmnt="0" Value="7"/>
</AssgnmntListEntry>
<AssgnmntListEntry Length="1" RootTermCovItemId="C2">
<MapEntry BoolAssgnmnt="0" Value="28"/>
<MapEntry BoolAssgnmnt="1" Value="7"/>
</AssgnmntListEntry>
</AssgnmntPrefix>
</AssgnmntList>
<ObjMetaDataList/>
<MetaDataList/>
</TestCase>
<TestCase Comment="" Date="1385474966613" Name="se.lnu.http.HTTPRequestParserTest:testMalformedRequest">
<CovList>
<CovPrefix CovItemPrefix="se.lnu.http.HTTPRequestParser.java">
<Cov CovItemId="B1" Value="1"/>
<Cov CovItemId="S1" Value="1"/>
<Cov CovItemId="S2" Value="1"/>
<Cov CovItemId="S3" Value="1"/>
<Cov CovItemId="S4" Value="1"/>
<Cov CovItemId="S5" Value="1"/>
</CovPrefix>
<CovPrefix CovItemPrefix="se.lnu.http.exceptions.MalformedRequestException.java">
<Cov CovItemId="S1" Value="1"/>
</CovPrefix>
</CovList>
<AssgnmntList>
<AssgnmntPrefix RootTermCovItemPrefix="se.lnu.http.HTTPRequestParser.java">
<AssgnmntListEntry Length="1" RootTermCovItemId="C1">
<MapEntry BoolAssgnmnt="1" Value="1"/>
</AssgnmntListEntry>
</AssgnmntPrefix>
</AssgnmntList>
<ObjMetaDataList/>
<MetaDataList/>
</TestCase>
<MetaDataList/>
</TestSession>
<TestSession Comment="" Date="1385475050194" Name="Nov 26, 2013 3:10:50 PM">
<TestCase Comment="Error&#10;java.io.IOException: eof&#13;&#10;&#9;at se.lnu.http.HTTPReader.readAll(HTTPReader.java:83)&#13;&#10;&#9;at se.lnu.http.client.HTTPGetProtocoll.doGet(HTTPGetProtocoll.java:28)&#13;&#10;&#9;at se.lnu.http.client.SocketClient.get(SocketClient.java:43)&#13;&#10;&#9;at se.lnu.http.integration.SocketClientTest.testGetFromOnlineServer(SocketClientTest.java:22)&#13;&#10;&#9;at sun.reflect.NativeMethodAccessorImpl.invoke0(Native Method)&#13;&#10;&#9;at sun.reflect.NativeMethodAccessorImpl.invoke(Unknown Source)&#13;&#10;&#9;at sun.reflect.DelegatingMethodAccessorImpl.invoke(Unknown Source)&#13;&#10;&#9;at java.lang.reflect.Method.invoke(Unknown Source)&#13;&#10;&#9;at org.junit.runners.model.FrameworkMethod$1.runReflectiveCall(FrameworkMethod.java:44)&#13;&#10;&#9;at org.junit.internal.runners.model.ReflectiveCallable.run(ReflectiveCallable.java:15)&#13;&#10;&#9;at org.junit.runners.model.FrameworkMethod.invokeExplosively(FrameworkMethod.java:41)&#13;&#10;&#9;at org.junit.internal.runners.statements.InvokeMethod.evaluate(InvokeMethod.java:20)&#13;&#10;&#9;at org.junit.runners.BlockJUnit4ClassRunner.runChild(BlockJUnit4ClassRunner.java:76)&#13;&#10;&#9;at org.junit.runners.BlockJUnit4ClassRunner.runChild(BlockJUnit4ClassRunner.java:50)&#13;&#10;&#9;at org.junit.runners.ParentRunner$3.run(ParentRunner.java:193)&#13;&#10;&#9;at org.junit.runners.ParentRunner$1.schedule(ParentRunner.java:52)&#13;&#10;&#9;at org.junit.runners.ParentRunner.runChildren(ParentRunner.java:191)&#13;&#10;&#9;at org.junit.runners.ParentRunner.access$000(ParentRunner.java:42)&#13;&#10;&#9;at org.junit.runners.ParentRunner$2.evaluate(ParentRunner.java:184)&#13;&#10;&#9;at org.junit.runners.ParentRunner.run(ParentRunner.java:236)&#13;&#10;&#9;at org.eclipse.jdt.internal.junit4.runner.JUnit4TestReference.run(JUnit4TestReference.java:49)&#13;&#10;&#9;at org.eclipse.jdt.internal.junit.runner.TestExecution.run(TestExecution.java:38)&#13;&#10;&#9;at org.eclipse.jdt.internal.junit.runner.RemoteTestRunner.runTests(RemoteTestRunner.java:467)&#13;&#10;&#9;at org.eclipse.jdt.internal.junit.runner.RemoteTestRunner.runTests(RemoteTestRunner.java:683)&#13;&#10;&#9;at org.eclipse.jdt.internal.junit.runner.RemoteTestRunner.run(RemoteTestRunner.java:390)&#13;&#10;&#9;at org.codecover.juniteclipse.runner.EclipseTestRunner.main(EclipseTestRunner.java:40)" Date="1385475050034" Name="se.lnu.http.integration.SocketClientTest:testGetFromOnlineServer">
<CovList>
<CovPrefix CovItemPrefix="se.lnu.http.HTTPReader.java">
<Cov CovItemId="B1" Value="1"/>
<Cov CovItemId="B2" Value="10"/>
<Cov CovItemId="B3" Value="1"/>
<Cov CovItemId="B4" Value="9"/>
<Cov CovItemId="B5" Value="1"/>
<Cov CovItemId="B6" Value="8"/>
<Cov CovItemId="L1-2" Value="1"/>
<Cov CovItemId="L2-1" Value="1"/>
<Cov CovItemId="L2-2" Value="1"/>
<Cov CovItemId="S1" Value="1"/>
<Cov CovItemId="S10" Value="11"/>
<Cov CovItemId="S11" Value="1"/>
<Cov CovItemId="S12" Value="10"/>
<Cov CovItemId="S13" Value="10"/>
<Cov CovItemId="S14" Value="10"/>
<Cov CovItemId="S15" Value="1"/>
<Cov CovItemId="S16" Value="9"/>
<Cov CovItemId="S17" Value="1"/>
<Cov CovItemId="S18" Value="1"/>
<Cov CovItemId="S19" Value="1"/>
<Cov CovItemId="S2" Value="1"/>
<Cov CovItemId="S3" Value="1"/>
<Cov CovItemId="S4" Value="1"/>
<Cov CovItemId="S5" Value="44"/>
<Cov CovItemId="S6" Value="1"/>
<Cov CovItemId="S7" Value="2"/>
<Cov CovItemId="S8" Value="2"/>
<Cov CovItemId="S9" Value="11"/>
</CovPrefix>
<CovPrefix CovItemPrefix="se.lnu.http.client.HTTPGetProtocoll.java">
<Cov CovItemId="S1" Value="1"/>
<Cov CovItemId="S2" Value="1"/>
<Cov CovItemId="S3" Value="1"/>
<Cov CovItemId="S4" Value="1"/>
<Cov CovItemId="S5" Value="1"/>
</CovPrefix>
<CovPrefix CovItemPrefix="se.lnu.http.client.SocketClient.java">
<Cov CovItemId="B2" Value="1"/>
<Cov CovItemId="S1" Value="1"/>
<Cov CovItemId="S11" Value="1"/>
<Cov CovItemId="S12" Value="1"/>
<Cov CovItemId="S2" Value="1"/>
<Cov CovItemId="S3" Value="1"/>
<Cov CovItemId="S4" Value="1"/>
<Cov CovItemId="S5" Value="1"/>
<Cov CovItemId="S6" Value="1"/>
<Cov CovItemId="S7" Value="1"/>
<Cov CovItemId="S8" Value="1"/>
</CovPrefix>
</CovList>
<AssgnmntList>
<AssgnmntPrefix RootTermCovItemPrefix="se.lnu.http.HTTPReader.java">
<AssgnmntListEntry Length="1" RootTermCovItemId="C1">
<MapEntry BoolAssgnmnt="0" Value="1"/>
<MapEntry BoolAssgnmnt="1" Value="44"/>
</AssgnmntListEntry>
<AssgnmntListEntry Length="1" RootTermCovItemId="C3">
<MapEntry BoolAssgnmnt="0" Value="10"/>
<MapEntry BoolAssgnmnt="1" Value="1"/>
</AssgnmntListEntry>
<AssgnmntListEntry Length="3" RootTermCovItemId="C4">
<MapEntry BoolAssgnmnt="000" Value="9"/>
<MapEntry BoolAssgnmnt="001" Value="1"/>
</AssgnmntListEntry>
<AssgnmntListEntry Length="1" RootTermCovItemId="C5">
<MapEntry BoolAssgnmnt="0" Value="8"/>
<MapEntry BoolAssgnmnt="1" Value="1"/>
</AssgnmntListEntry>
</AssgnmntPrefix>
</AssgnmntList>
<ObjMetaDataList/>
<MetaDataList/>
</TestCase>
<MetaDataList/>
</TestSession>
</TestSessionContainer>
