<?xml version="1.0" encoding="UTF-8"?><TestSessionContainer xmlns="http://www.codecover.org/xml/testsession-container" Date="1385286573927" TestSessionContainerId="1e310d65-8f17-40c9-b985-c31d3ebc3eef" version="1.0">
<SrcFileList>
<SrcFile Content="package se.lnu.http.view;&#10;&#10;import java.io.BufferedReader;&#10;import java.io.File;&#10;import java.io.IOException;&#10;import java.io.InputStreamReader;&#10;&#10;import se.lnu.http.HTTPServerObserver;&#10;import se.lnu.http.Port;&#10;import se.lnu.http.exceptions.InvalidPortException;&#10;import se.lnu.http.exceptions.NotADirectoryException;&#10;import se.lnu.http.exceptions.WrongNumberOfArgumentsException;&#10;&#10;&#10;public class ConsoleView implements HTTPServerObserver {&#10;&#9;static final String HELP_TEXT = &quot;Enter a valid port 1-65535 and a optional URL&quot;;&#10;&#9;static final String SERVER_CONSTRUCTED = &quot;HTTP Server object constructed&quot;;&#10;&#9;static final String SERVER_STARTED = &quot;HTTP Server started&quot;;&#10;&#9;static final String SERVER_STOPPED = &quot;HTTP Server stopped&quot;;&#10;&#9;static final String SERVER_ACCEPT_THREAD_STOPPED = &quot;HTTP Server Accept thread stopped&quot;;&#10;&#9;static final String STARTED_CLIENT = &quot;Started Client&quot;;&#10;&#9;static final String WAIT_FOR_ACCEPT = &quot;Accept&quot;;&#10;&#9;&#10;&#9;private String[] args;&#10;&#9;&#10;&#9;&#10;&#9;&#10;&#9;public ConsoleView(String[] args) throws WrongNumberOfArgumentsException {&#10;&#9;&#9;if (args.length &gt; 2 || args.length &lt; 1) {&#10;&#9;&#9;&#9;throw new WrongNumberOfArgumentsException();&#10;&#9;&#9;}&#10;&#9;&#9;&#10;&#9;&#9;this.args = args;&#10;&#9;&#9;&#10;&#9;}&#10;&#10;&#9;public Port getPort() throws InvalidPortException {&#10;&#9;&#9;int port;&#10;&#9;&#9;try {&#10;&#9;&#9;&#9;port = Integer.parseInt(args[0]);&#10;&#9;&#9;} catch (Exception e) {&#10;&#9;&#9;&#9;throw new InvalidPortException(&quot;not an integer argument&quot;);&#10;&#9;&#9;}&#10;&#9;&#9;Port p = new Port(port);&#10;&#9;&#9;&#10;&#9;&#9;return p;&#10;&#9;}&#10;&#10;&#9;&#10;&#9;public void showhelp() {&#10;&#9;&#9;System.out.print(HELP_TEXT);&#10;&#9;&#9;&#10;&#9;}&#10;&#9;&#10;&#9;&#10;&#10;&#9;public File getDirectory() throws NotADirectoryException {&#10;&#9;&#9;File directory;&#10;&#9;&#9;try {&#10;&#9;&#9;&#9;directory = new File(args[1]);//may throw nullpointerexception&#10;&#9;&#9;&#9;&#10;&#9;&#9;&#9;&#10;&#9;&#9;&#9;if (directory.exists() == false) {&#10;&#9;&#9;&#9;&#9;throw new NotADirectoryException(&quot;directory does not exists&quot;);&#10;&#9;&#9;&#9;}&#10;&#9;&#9;&#9;if (directory.isDirectory() == false) {&#10;&#9;&#9;&#9;&#9;throw new NotADirectoryException(&quot;url is not a directory&quot;);&#10;&#9;&#9;&#9;}&#10;&#9;&#9;&#9;&#10;&#9;&#9;} catch (Exception e) {&#10;&#9;&#9;&#9;throw new NotADirectoryException(e);&#10;&#9;&#9;}&#10;&#9;&#9;&#10;&#9;&#9;&#10;&#9;&#9;return directory;&#10;&#9;}&#10;&#10;&#9;public boolean doStop() throws IOException {&#10;&#9;&#9;BufferedReader br = new BufferedReader(new InputStreamReader(System.in));&#10;&#9;&#9;&#10;&#9;&#9;String line = br.readLine();&#10;&#9;&#9;if (line.equals(&quot;stop&quot;)) {&#10;&#9;&#9;&#9;return true;&#10;&#9;&#9;}&#10;&#9;&#9;&#10;&#9;&#9;return false;&#10;&#9;}&#10;&#9;&#10;&#9;@Override&#10;&#9;public void serverConstructed() {&#10;&#9;&#9;System.out.println(SERVER_CONSTRUCTED);&#10;&#9;&#9;&#10;&#9;}&#10;&#10;&#9;@Override&#10;&#9;public void serverStarted() {&#10;&#9;&#9;System.out.println(SERVER_STARTED);&#10;&#9;&#9;&#10;&#9;}&#10;&#10;&#9;@Override&#10;&#9;public void serverStopped() {&#10;&#9;&#9;System.out.println(SERVER_STOPPED);&#10;&#9;&#9;&#10;&#9;}&#10;&#10;&#9;@Override&#10;&#9;public void closedAccept() {&#10;&#9;&#9;System.out.println(SERVER_ACCEPT_THREAD_STOPPED);&#10;&#9;&#9;&#10;&#9;}&#10;&#10;&#9;@Override&#10;&#9;public void startedClient() {&#10;&#9;&#9;System.out.println(STARTED_CLIENT);&#10;&#9;&#9;&#10;&#9;}&#10;&#10;&#9;@Override&#10;&#9;public void waitForClient() {&#10;&#9;&#9;System.out.println(WAIT_FOR_ACCEPT);&#10;&#9;&#9;&#10;&#9;}&#10;&#10;&#9;&#10;&#10;&#9;&#10;}&#10;" Filename="ConsoleView.java" Intrnl_Id="1"/>
<SrcFile Content="package se.lnu.http.response;&#10;&#10;import java.io.IOException;&#10;&#10;import se.lnu.http.ClientSocket;&#10;&#10;public abstract class HTTPResponse {&#10;&#10;&#9;public abstract void writeResponse(ClientSocket clientSocket) throws IOException;&#10;&#9;&#10;&#9;protected String writeContentLengthAndEndHeader(byte[] bs) {&#10;&#9;&#9;String ret = &quot;&quot;;&#10;&#9;&#9;ret += (&quot;Content-Type: text/html\r\n&quot;);&#10;&#9;&#9;ret += (&quot;Content-Length: &quot; + bs.length + &quot;\r\n&quot;);&#10;&#9;&#9;ret += (&quot;Connection: close\r\n&quot;);&#10;&#9;&#9;&#10;&#9;&#9;&#10;&#9;&#9;ret += (&quot;\r\n&quot;);&#10;&#9;&#9;&#10;&#9;&#9;&#10;&#9;&#9;return ret;&#10;&#9;}&#10;/*public HTTPResponse createResponse( HTTPRequest request) {&#10;&#9;&#10;&#9;&#10;&#9;/*String content = &quot;&quot;;&#10;&#9;if (request.getProtocoll().equals(&quot;GET&quot;)) {&#10;&#9;&#9;if (request.getURL().equals(&quot;/&quot;)) {&#10;&#9;&#9;&#9;content = &quot;&lt;html&gt;&lt;body&gt;&lt;h1&gt;200 OK&lt;/h1&gt;&lt;img src='img.jpg'/&gt;&lt;/body&gt;&lt;/html&gt;&quot;;&#10;&#9;&#9;&#9;out.write(&quot;HTTP/1.1 200 OK\r\n&quot;);&#9;&#10;&#9;&#9;} else {&#10;&#9;&#9;&#9;content = &quot;&lt;html&gt;&lt;body&gt;&lt;h1&gt;404 Not found&lt;/h1&gt;&lt;/body&gt;&lt;/html&gt;&quot;;&#10;&#9;&#9;&#9;out.write(&quot;HTTP/1.1 404 Not Found\r\n&quot;);&#10;&#9;&#9;}&#10;&#9;&#9;System.out.println(request.getURL());&#10;&#9;&#9;&#10;&#9;} else {&#10;&#9;&#10;&#9;&#9;content = &quot;&lt;html&gt;&lt;body&gt;&lt;h1&gt;404&lt;/h1&gt;&lt;/body&gt;&lt;/html&gt;&quot;;&#10;&#9;&#9;out.write(&quot;HTTP/1.1 404 Not Found\r\n&quot;);&#10;&#9;}&#10;&#9;out.write(&quot;Content-Type: text/html\r\n&quot;);&#10;&#9;out.write(&quot;Content-Length: &quot; + content.length() + &quot;\r\n&quot;);&#10;&#9;out.write(&quot;Connection: close\r\n&quot;);&#10;&#9;&#10;&#9;&#10;&#9;out.write(&quot;\r\n&quot;);&#10;&#9;out.write(content);&#10;&#9;&#10;&#9;return ret;&#10;}*/&#10;}&#10;" Filename="HTTPResponse.java" Intrnl_Id="2"/>
<SrcFile Content="package se.lnu.http.response;&#10;&#10;import java.io.IOException;&#10;&#10;import se.lnu.http.ClientSocket;&#10;import se.lnu.http.HTTPRequest.Method;&#10;&#10;public class HTTP405MethodNotSupportedResponse extends HTTPResponse {&#10;&#10;&#9;private Method method;&#10;&#10;&#9;public HTTP405MethodNotSupportedResponse(Method method) {&#10;&#9;&#9;this.method = method;&#10;&#9;}&#10;&#10;&#9;@Override&#10;&#9;public void writeResponse(ClientSocket clientSocket) throws IOException {&#10;&#9;&#9;String content = &quot;&lt;html&gt;&lt;body&gt;&lt;h1&gt;405 Method &quot; +method.toString()+ &quot; not supported&lt;/h1&gt;&lt;/body&gt;&lt;/html&gt;&quot;;&#10;&#9;&#9;&#10;&#9;&#9;&#10;&#9;&#9;String response = (&quot;HTTP/1.1 405 Method not supported\r\n&quot;);&#10;&#9;&#9;response += writeContentLengthAndEndHeader(content.getBytes());&#10;&#9;&#9;clientSocket.writeHeader(response);&#10;&#9;&#9;clientSocket.writeBody(content.getBytes());&#10;&#9;&#9;&#9;&#10;&#9;&#9; &#10;&#9;}&#10;&#10;}&#10;" Filename="HTTP405MethodNotSupportedResponse.java" Intrnl_Id="3"/>
<SrcFile Content="package se.lnu.http.response;&#10;&#10;import java.io.IOException;&#10;&#10;import se.lnu.http.ClientSocket;&#10;&#10;public class HTTP404FileNotFoundResponse extends HTTPResponse {&#10;&#10;&#9;public HTTP404FileNotFoundResponse(String url) {&#10;&#9;&#9;// TODO Auto-generated constructor stub&#10;&#9;}&#10;&#9;&#10;&#9;@Override&#10;&#9;public void writeResponse(ClientSocket clientSocket) throws IOException {&#10;&#9;&#9;String content = &quot;&lt;html&gt;&lt;body&gt;&lt;h1&gt;404 Not found&lt;/h1&gt;&lt;/body&gt;&lt;/html&gt;&quot;;&#10;&#9;&#9;&#10;&#9;&#9;&#10;&#9;&#9;String response = (&quot;HTTP/1.1 404 Not Found\r\n&quot;);&#10;&#9;&#9;response += writeContentLengthAndEndHeader(content.getBytes());&#10;&#9;&#9;clientSocket.writeHeader(response);&#10;&#9;&#9;clientSocket.writeBody(content.getBytes());&#10;&#9;&#9;&#9;&#10;&#9;&#9; &#10;&#9;}&#10;&#10;}&#10;" Filename="HTTP404FileNotFoundResponse.java" Intrnl_Id="4"/>
<SrcFile Content="package se.lnu.http.response;&#10;&#10;import java.io.IOException;&#10;&#10;import se.lnu.http.ClientSocket;&#10;&#10;public class HTTP403Forbidden extends HTTPResponse {&#10;&#10;&#9;private String url;&#10;&#10;&#9;public HTTP403Forbidden(String url) {&#10;&#9;&#9;this.url = url;&#10;&#9;}&#10;&#10;&#9;@Override&#10;&#9;public void writeResponse(ClientSocket clientSocket) throws IOException {&#10;&#9;&#9;String content = &quot;&lt;html&gt;&lt;body&gt;&lt;h1&gt;403 Forbidden&lt;/h1&gt;&lt;/body&gt;&lt;/html&gt;&quot;;&#10;&#9;&#9;&#10;&#9;&#9;&#10;&#9;&#9;String response = (&quot;HTTP/1.1 403 Forbidden\r\n&quot;);&#10;&#9;&#9;response += writeContentLengthAndEndHeader(content.getBytes());&#10;&#9;&#9;clientSocket.writeHeader(response);&#10;&#9;&#9;clientSocket.writeBody(content.getBytes());&#10;&#9;&#9;&#9;&#10;&#9;&#9; &#10;&#9;}&#10;&#10;}&#10;" Filename="HTTP403Forbidden.java" Intrnl_Id="5"/>
<SrcFile Content="package se.lnu.http.response;&#10;&#10;import java.io.File;&#10;import java.io.IOException;&#10;import java.nio.file.Files;&#10;import java.nio.file.Paths;&#10;&#10;import se.lnu.http.ClientSocket;&#10;&#10;public class HTMLFileResponse extends HTTPResponse {&#10;&#10;&#9;private File file;&#10;&#10;&#9;public HTMLFileResponse(File file) {&#10;&#9;&#9;this.file = file;&#10;&#9;}&#10;&#10;&#9;@Override&#10;&#9;public void writeResponse(ClientSocket clientSocket) throws IOException {&#10;&#9;&#9;//String content = &quot;&lt;html&gt;&lt;body&gt;&lt;h1&gt;200 OK&lt;/h1&gt;&lt;img src='img.jpg'/&gt;&lt;/body&gt;&lt;/html&gt;&quot;;&#10;&#9;&#9;&#10;&#9;&#9;byte[] bytes = Files.readAllBytes(Paths.get(file.getAbsolutePath()));&#10;&#9;&#9;String response = (&quot;HTTP/1.1 200 OK\r\n&quot;);&#10;&#9;&#9;response += writeContentLengthAndEndHeader(bytes);&#10;&#9;&#9;clientSocket.writeHeader(response);&#10;&#9;&#9;&#10;&#9;&#9;&#10;&#9;&#9;clientSocket.writeBody(bytes);&#10;&#9;&#9;&#9;&#10;&#9;&#9; &#10;&#9;}&#10;&#10;}&#10;" Filename="HTMLFileResponse.java" Intrnl_Id="6"/>
<SrcFile Content="package se.lnu.http.exceptions;&#10;&#10;public class WrongNumberOfArgumentsException extends Exception {&#10;&#10;&#9;/**&#10;&#9; * &#10;&#9; */&#10;&#9;private static final long serialVersionUID = -7327975009047813601L;&#10;&#10;&#9;public WrongNumberOfArgumentsException() {&#10;&#9;&#9;super(&quot;This program should only have one or two arguments&quot;);&#10;&#9;}&#10;&#10;&#9;&#10;&#10;}&#10;" Filename="WrongNumberOfArgumentsException.java" Intrnl_Id="7"/>
<SrcFile Content="package se.lnu.http.exceptions;&#10;&#10;public class NotStartedException extends Exception {&#10;&#10;&#9;/**&#10;&#9; * &#10;&#9; */&#10;&#9;private static final long serialVersionUID = 6733868884526050283L;&#10;&#10;}&#10;" Filename="NotStartedException.java" Intrnl_Id="8"/>
<SrcFile Content="package se.lnu.http.exceptions;&#10;&#10;public class NotADirectoryException extends Exception {&#10;&#10;&#9;public NotADirectoryException(String string) {&#10;&#9;&#9;super(string);&#10;&#9;}&#10;&#10;&#9;public NotADirectoryException(Exception e) {&#10;&#9;&#9;super(e);&#10;&#9;}&#10;&#10;&#9;/**&#10;&#9; * &#10;&#9; */&#10;&#9;private static final long serialVersionUID = -6619732026622856729L;&#10;&#10;}&#10;" Filename="NotADirectoryException.java" Intrnl_Id="9"/>
<SrcFile Content="package se.lnu.http.exceptions;&#10;&#10;public class MalformedRequestException extends Exception {&#10;&#10;&#9;public MalformedRequestException(String requestString) {&#10;&#9;&#9;super(requestString);&#10;&#9;}&#10;&#10;&#9;/**&#10;&#9; * &#10;&#9; */&#10;&#9;private static final long serialVersionUID = 347832735672941517L;&#10;&#10;}&#10;" Filename="MalformedRequestException.java" Intrnl_Id="10"/>
<SrcFile Content="package se.lnu.http.exceptions;&#10;&#10;public class InvalidPortException extends Exception {&#10;&#10;&#9;/**&#10;&#9; * &#10;&#9; */&#10;&#9;private static final long serialVersionUID = 3615635556121136L;&#10;&#10;&#9;public InvalidPortException(String string) {&#10;&#9;&#9;super(string);&#10;&#9;}&#10;&#10;&#9;&#10;&#10;}&#10;" Filename="InvalidPortException.java" Intrnl_Id="11"/>
<SrcFile Content="package se.lnu.http.client;&#10;&#10;import java.io.BufferedReader;&#10;import java.io.BufferedWriter;&#10;import java.io.IOException;&#10;import java.io.InputStreamReader;&#10;import java.io.OutputStreamWriter;&#10;import java.net.InetSocketAddress;&#10;import java.net.Socket;&#10;&#10;&#10;public class SocketClient {&#10;&#9;private HTTPGetProtocoll client;&#10;&#9;private Socket socket;&#10;&#10;&#9;public SocketClient(Socket echoSocket, HTTPGetProtocoll client) {&#10;&#9;&#9;this.socket = echoSocket;&#10;&#9;&#9;this.client = client;&#10;&#9;}&#10;&#10;&#9;public String get(String hostName, int portNumber, String file) throws IOException {&#10;&#9;&#9;&#10;&#9;&#9;try {&#10;&#9;&#9;&#9;InetSocketAddress endpoint = new InetSocketAddress(hostName, portNumber);&#10;&#9;&#9;&#9;socket.connect(endpoint, 100);&#10;&#9;&#9;&#9;BufferedWriter writer = new BufferedWriter(new OutputStreamWriter(socket.getOutputStream()));&#10;&#9;&#9;&#9;BufferedReader reader = new BufferedReader(new InputStreamReader(socket.getInputStream()));&#10;&#9;&#9;&#9;&#10;&#9;&#9;&#9;String data = client.doGet(hostName, file, writer, reader);&#10;&#9;&#9;&#9;&#10;&#9;&#9;&#9;socket.close();&#10;&#9;&#9;&#9;&#10;&#9;&#9;&#9;return data;&#10;&#9;&#9;} catch (IOException e) {&#10;&#9;&#9;&#9;socket.close();&#10;&#9;&#9;&#9;throw e;&#10;&#9;&#9;}&#9;&#9;&#10;&#9;&#9;&#10;&#9;}&#10;}&#10;" Filename="SocketClient.java" Intrnl_Id="12"/>
<SrcFile Content="package se.lnu.http.client;&#10;&#10;import java.io.BufferedReader;&#10;import java.io.BufferedWriter;&#10;import java.io.IOException;&#10;&#10;import se.lnu.http.HTTPReader;&#10;&#10;public class HTTPGetProtocoll {&#10;&#9;&#10;&#10;&#9;String doGet(String hostName, String file,&#10;&#9;&#9;&#9;BufferedWriter outWriter, BufferedReader reader) throws IOException {&#10;&#9;&#9;outWriter.write(&quot;GET &quot; + file + &quot; HTTP/1.1\r\nHost: &quot; + hostName + &quot;\r\n\r\n&quot;);&#10;&#9;&#9;outWriter.flush();&#10;&#9;&#9;&#10;&#9;&#9;HTTPReader httpReader = new HTTPReader(reader);&#10;&#9;&#9;String data = httpReader.readHeader();&#10;&#9;&#9;data += httpReader.readBody();&#10;&#9;&#9;return data;&#10;&#9;}&#10;&#10;&#9;&#10;}" Filename="HTTPGetProtocoll.java" Intrnl_Id="13"/>
<SrcFile Content="package se.lnu.http;&#10;&#10;import java.io.File;&#10;import java.io.FileNotFoundException;&#10;import java.io.IOException;&#10;&#10;public class SharedFolder {&#10;&#10;&#9;volatile private File sharedDirectory;&#10;&#9;&#10;&#10;&#9;public SharedFolder(File sharedDirectory) {&#10;&#9;&#9;assert(sharedDirectory.isDirectory());&#10;&#9;&#9;this.sharedDirectory = sharedDirectory;&#10;&#9;}&#10;&#10;&#9;public File getURL(String relativePath) throws IOException {&#10;&#9;&#9;&#10;&#9;&#9;//default file&#10;&#9;&#9;if (relativePath.endsWith(&quot;/&quot;)) {&#10;&#9;&#9;&#9;relativePath += &quot;index.html&quot;;&#10;&#9;&#9;}&#10;&#9;&#9;File file = new File(sharedDirectory, relativePath);&#10;&#9;&#9;&#10;&#9;&#9;String absolute = sharedDirectory.getAbsolutePath();&#10;&#9;&#9;String sharedFileCanonicalPath = file.getCanonicalPath();&#10;&#9;&#9;String startOfFile = sharedFileCanonicalPath.substring(0, absolute.length());&#10;&#9;&#9;if (startOfFile.equals(absolute) == false) {&#10;&#9;&#9;&#9;throw new SecurityException();&#9;&#10;&#9;&#9;}&#10;&#9;&#9;if (file.exists()) {&#10;&#9;&#9;&#9;return file;&#10;&#9;&#9;}&#10;&#9;&#9;&#10;&#9;&#9;throw new FileNotFoundException();&#10;&#9;&#9;&#10;&#9;}&#10;&#10;}&#10;" Filename="SharedFolder.java" Intrnl_Id="14"/>
<SrcFile Content="package se.lnu.http;&#10;&#10;import java.io.File;&#10;&#10;public class ServerFactory {&#10;&#10;&#9;public HTTPServer create(Port port, File sharedDirectory, HTTPServerObserver view) {&#10;&#9;&#9;return new HTTPServer(port, new SharedFolder(sharedDirectory), view);&#10;&#9;}&#10;&#10;}&#10;" Filename="ServerFactory.java" Intrnl_Id="15"/>
<SrcFile Content="package se.lnu.http;&#10;&#10;import java.io.File;&#10;import java.io.FileNotFoundException;&#10;import java.io.IOException;&#10;&#10;import javax.swing.plaf.metal.MetalIconFactory.FolderIcon16;&#10;&#10;import se.lnu.http.response.HTMLFileResponse;&#10;import se.lnu.http.response.HTTP403Forbidden;&#10;import se.lnu.http.response.HTTP404FileNotFoundResponse;&#10;import se.lnu.http.response.HTTP405MethodNotSupportedResponse;&#10;import se.lnu.http.response.HTTPResponse;&#10;&#10;public class ResponseFactory {&#10;&#9;&#10;&#9;private SharedFolder folder;&#10;&#10;&#9;public ResponseFactory(SharedFolder folder) {&#10;&#9;&#9;this.folder = folder;&#10;&#9;}&#10;&#10;&#9;public HTTPResponse getResponse(HTTPRequest request) throws IOException {&#10;&#9;&#9;HTTPRequest.Method method = request.getMethod(); &#10;&#9;&#9;if (method == HTTPRequest.Method.GET) {&#10;&#9;&#9;&#9;try {&#10;&#9;&#9;&#9;&#9;File file = folder.getURL(request.getURL());&#10;&#9;&#9;&#9;&#9;return new HTMLFileResponse(file);&#10;&#9;&#9;&#9;} catch (FileNotFoundException e) {&#10;&#9;&#9;&#9;&#9;return new HTTP404FileNotFoundResponse(request.getURL());&#10;&#9;&#9;&#9;} catch (SecurityException e) {&#10;&#9;&#9;&#9;&#9;return new HTTP403Forbidden(request.getURL());&#10;&#9;&#9;&#9;}&#10;&#9;&#9;&#9;&#10;&#9;&#9;} &#10;&#9;&#9;&#10;&#9;&#9;return new HTTP405MethodNotSupportedResponse(request.getMethod());&#10;&#9;}&#10;&#9;&#10;&#9;&#10;&#10;}&#10;" Filename="ResponseFactory.java" Intrnl_Id="16"/>
<SrcFile Content="package se.lnu.http;&#10;&#10;import se.lnu.http.exceptions.InvalidPortException;&#10;&#10;public class Port {&#10;&#10;&#9;private int portNumber;&#10;&#10;&#9;public Port(int portNumber) throws InvalidPortException {&#10;&#9;&#9;if (portNumber &lt;= 0 || portNumber &gt; 65535) {&#10;&#9;&#9;&#9;throw new InvalidPortException(&quot;invalid port number please choose a port between 1 and 65535&quot;);&#10;&#9;&#9;}&#10;&#9;&#9;&#10;&#9;&#9;this.portNumber = portNumber;&#10;&#9;&#9;&#10;&#9;}&#10;&#10;&#9;public int getPort() {&#10;&#9;&#9;// TODO Auto-generated method stub&#10;&#9;&#9;return portNumber;&#10;&#9;}&#10;&#9;&#10;}&#10;" Filename="Port.java" Intrnl_Id="17"/>
<SrcFile Content="package se.lnu.http;&#10;&#10;public interface HTTPServerObserver {&#10;&#10;&#9;void serverConstructed();&#10;&#10;&#9;void serverStarted();&#10;&#10;&#9;void serverStopped();&#10;&#10;&#9;void closedAccept();&#10;&#10;&#9;void startedClient();&#10;&#10;&#9;void waitForClient();&#10;&#10;}&#10;" Filename="HTTPServerObserver.java" Intrnl_Id="18"/>
<SrcFile Content="package se.lnu.http;&#10;&#10;import java.io.File;&#10;&#10;import se.lnu.http.exceptions.InvalidPortException;&#10;import se.lnu.http.view.ConsoleView;&#10;&#10;&#10;public class HTTPServerConsole {&#10;&#9;private ConsoleView view;&#10;&#9;private ServerFactory factory;&#10;&#10;&#9;public HTTPServerConsole(ConsoleView view, ServerFactory factory ) {&#10;&#9;&#9;this.view = view;&#10;&#9;&#9;this.factory = factory;&#10;&#9;}&#10;&#10;&#9;/**&#10;&#9; * @param args&#10;&#9; * @throws Exception &#10;&#9; */&#10;&#9;public static void main(String[] args) throws Exception {&#10;&#9;&#9;ConsoleView view = new ConsoleView(args);&#10;&#9;&#9;ServerFactory factory = new ServerFactory();&#10;&#9;&#9;HTTPServerConsole server = new HTTPServerConsole(view, factory);&#10;&#9;&#9;server.runConsole();&#10;&#9;&#9;&#10;&#9;&#9;&#10;&#9;}&#10;&#10;&#9;void runConsole() throws Exception {&#10;&#9;&#9;&#10;&#9;&#9;try {&#10;&#9;&#9;&#9;Port port = view.getPort();&#10;&#9;&#9;&#9;File sharedDirectory = view.getDirectory();&#10;&#9;&#9;&#9;HTTPServer server = factory.create(port, sharedDirectory, view);&#10;&#9;&#9;&#9;&#10;&#9;&#9;&#9;server.start();&#10;&#9;&#9;&#9;&#10;&#9;&#9;&#9;while(true) {&#10;&#9;&#9;&#9;&#9;if (view.doStop()) {&#10;&#9;&#9;&#9;&#9;&#9;server.stop();&#10;&#9;&#9;&#9;&#9;&#9;break;&#10;&#9;&#9;&#9;&#9;}&#10;&#9;&#9;&#9;}&#10;&#9;&#9;&#9;&#10;&#9;&#9;} catch (InvalidPortException e) {&#10;&#9;&#9;&#9;view.showhelp();&#10;&#9;&#9;}&#10;&#9;}&#10;&#10;}&#10;" Filename="HTTPServerConsole.java" Intrnl_Id="19"/>
<SrcFile Content="package se.lnu.http;&#10;&#10;import java.io.File;&#10;import java.io.IOException;&#10;import java.net.ServerSocket;&#10;&#10;import se.lnu.http.exceptions.NotStartedException;&#10;&#10;&#10;public class HTTPServer {&#10;&#10;&#9;&#10;&#9;private HTTPServerObserver view;&#10;&#9;&#10;&#9;private Port port;&#10;&#9;private AcceptThread acceptThread;&#10;&#10;&#9;private SharedFolder sharedDirectory;&#10;&#10;&#9;public HTTPServer(Port port, SharedFolder sharedDirectory, HTTPServerObserver view) {&#10;&#9;&#9;this.view = view;&#10;&#9;&#9;view.serverConstructed();&#10;&#9;&#9;this.port = port;&#10;&#9;&#9;this.sharedDirectory = sharedDirectory;&#10;&#9;}&#10;&#10;&#9;public void start() throws IOException {&#10;&#9;&#9;ServerSocket socket = new ServerSocket(port.getPort());&#10;&#9;&#9;ClientFactory factory = new ClientFactory(this.sharedDirectory);&#10;&#9;&#9;acceptThread = new AcceptThread(socket, view, factory);&#10;&#9;&#9;&#10;&#9;&#9;acceptThread.start();&#10;&#9;&#9;&#10;&#9;&#9;view.serverStarted();&#10;&#9;}&#10;&#10;&#9;public void stop() throws NotStartedException, InterruptedException, IOException {&#10;&#9;&#9;if (acceptThread == null)&#10;&#9;&#9;&#9;throw new NotStartedException();&#10;&#9;&#9;&#10;&#9;&#9;acceptThread.stopme();&#10;&#9;&#9;&#10;&#9;&#9;while(acceptThread.isAlive()) {&#10;&#9;&#9;&#9;Thread.sleep(100);&#10;&#9;&#9;}&#10;&#9;&#9;&#10;&#9;&#9;&#10;&#9;&#9;view.serverStopped();&#10;&#9;&#9;&#10;&#9;&#9;acceptThread = null;&#10;&#9;}&#10;&#10;}&#10;" Filename="HTTPServer.java" Intrnl_Id="20"/>
<SrcFile Content="package se.lnu.http;&#10;&#10;import se.lnu.http.exceptions.MalformedRequestException;&#10;&#10;public class HTTPRequestParser {&#10;&#10;&#9;public static HTTPRequest parseRequest(String requestString) throws MalformedRequestException {&#10;&#9;&#9;&#10;&#9;&#9;String[] parts = requestString.split(&quot;\r\n&quot;);&#10;&#9;&#9;if (parts.length &lt; 1) {&#10;&#9;&#9;&#9;throw new MalformedRequestException(requestString);&#10;&#9;&#9;}&#10;&#9;&#9;&#10;&#9;&#9;String[] requestType = parts[0].split(&quot; &quot;);&#10;&#9;&#9;if (requestType.length != 3) {&#10;&#9;&#9;&#9;throw new MalformedRequestException(requestString);&#10;&#9;&#9;}&#10;&#9;&#9;&#10;&#9;&#9;HTTPRequest.Method method = HTTPRequest.Method.fromString(requestType[0]);&#10;&#9;&#9;&#10;&#9;&#9;&#10;&#9;&#9;return new HTTPRequest(method, requestType[1]);&#10;&#9;}&#10;&#10;&#10;}&#10;" Filename="HTTPRequestParser.java" Intrnl_Id="21"/>
<SrcFile Content="package se.lnu.http;&#10;&#10;import se.lnu.http.exceptions.*;&#10;&#10;public class HTTPRequest {&#10;&#9;//http://en.wikipedia.org/wiki/Hypertext_Transfer_Protocol&#10;&#9;public enum Method {&#10;&#9;    GET, POST, HEAD, PUT, DELETE, TRACE, OPTIONS, CONNECT, PATCH;&#10;&#9;    &#10;&#9;    static Method fromString(String stringMethod) throws MalformedRequestException {&#10;&#9;    &#9;for(Method m : Method.values()) {&#10;&#9;    &#9;&#9;if (stringMethod.equals(m.name())) {&#10;&#9;    &#9;&#9;&#9;return m;&#10;&#9;    &#9;&#9;}&#10;&#9;    &#9;}&#10;&#9;    &#9;throw new MalformedRequestException(&quot;unknown method [&quot;+stringMethod+&quot;]&quot;);&#10;&#9;    &#9;&#10;&#9;    }&#10;&#9;}&#10;&#9;&#10;&#9;private String url;&#10;&#9;private Method requestType;&#10;&#10;&#9;public HTTPRequest(Method requestType, String url) {&#10;&#9;&#9;this.url = url;&#10;&#9;&#9;this.requestType = requestType;&#10;&#9;}&#10;&#10;&#9;public String getURL() {&#10;&#9;&#9;&#10;&#9;&#9;return this.url;&#10;&#9;}&#10;&#10;&#9;public Method getMethod() {&#10;&#9;&#9;return requestType;&#10;&#9;}&#10;&#10;}&#10;" Filename="HTTPRequest.java" Intrnl_Id="22"/>
<SrcFile Content="package se.lnu.http;&#10;&#10;import java.io.BufferedReader;&#10;import java.io.IOException;&#10;&#10;public class HTTPReader {&#10;&#9;private int contentlength = 0;&#10;&#9;&#10;&#9;BufferedReader reader;&#10;&#9;&#10;&#9;public HTTPReader(BufferedReader reader) {&#10;&#9;&#9;this.reader = reader;&#10;&#9;}&#10;&#10;&#9;public String readBody() throws IOException {&#10;&#9;&#9;StringBuilder data = new StringBuilder();&#10;&#9;&#9;for (int i = 0; i &lt; contentlength; i++) {&#10;&#9;&#9;&#9;data.append((char)reader.read());&#10;&#9;&#9;}&#10;&#9;&#9;&#10;&#9;&#9;return data.toString();&#10;&#9;}&#10;&#10;&#9;public String readHeader()&#10;&#9;&#9;&#9;throws IOException {&#10;&#9;&#9;StringBuilder data = new StringBuilder();&#10;&#9;&#9;/*String statusLine = reader.readLine();&#10;&#9;&#9;&#10;&#9;&#9;if (statusLine == null) { //eof http://docs.oracle.com/javase/1.4.2/docs/api/java/io/BufferedReader.html&#10;&#9;&#9;&#9;throw new IOException(&quot;eof&quot;);&#10;&#9;&#9;}&#10;&#9;&#9;data.append(statusLine);&#10;&#9;&#9;data.append(&quot;\r\n&quot;);*/&#10;&#9;&#9;&#10;&#9;&#9;//read header lines&#10;&#9;&#9;&#10;&#9;&#9;while (true) {&#10;&#9;&#9;&#9;String lineRead = reader.readLine();&#10;&#9;&#9;&#9;&#10;&#9;&#9;&#9;if (lineRead == null) { //eof http://docs.oracle.com/javase/1.4.2/docs/api/java/io/BufferedReader.html&#10;&#9;&#9;&#9;&#9;throw new IOException(&quot;eof&quot;);&#10;&#9;&#9;&#9;}&#10;&#9;&#9;&#9;&#10;&#9;&#9;&#9;data.append(lineRead);&#10;&#9;&#9;&#9;data.append(&quot;\r\n&quot;);&#10;&#9;&#9;&#9;if (lineRead == null || lineRead.equals(&quot;\r\n&quot;) || lineRead.equals(&quot;&quot;)) {&#10;&#9;&#9;&#9;&#9;break;&#10;&#9;&#9;&#9;}&#10;&#9;&#9;&#9;if (lineRead.startsWith(&quot;Content-Length:&quot;)) {&#10;&#9;&#9;&#9;&#9;String number = lineRead.substring(16);&#10;&#9;&#9;&#9;&#9;contentlength  = Integer.parseInt(number); &#10;&#9;&#9;&#9;}&#10;&#9;&#9;&#9;&#10;&#9;&#9;}&#10;&#9;&#9;&#10;&#9;&#9;return data.toString() + readBody();&#10;&#9;}&#10;}&#10;" Filename="HTTPReader.java" Intrnl_Id="23"/>
<SrcFile Content="package se.lnu.http;&#10;&#10;import java.io.IOException;&#10;import se.lnu.http.exceptions.MalformedRequestException;&#10;import se.lnu.http.response.HTTPResponse;&#10;&#10;&#10;public class ClientThread extends Thread{&#10;&#9;&#10;&#9;&#10;&#9;private ClientSocket clientSocket;&#10;&#9;private ResponseFactory factory;&#10;&#10;&#9;public ClientThread(ClientSocket clientSocket,&#10;&#9;&#9;&#9;&#9;&#9;&#9;ResponseFactory factory) {&#10;&#9;&#9;this.clientSocket = clientSocket;&#10;&#9;&#9;&#10;&#9;&#9;this.factory = factory;&#10;&#9;}&#10;&#9;&#10;&#9;public void run() {&#10;&#9;&#9; &#10;&#9;&#9;try {&#10;&#9;&#9;&#9;&#10;&#9;&#9;&#9;&#10;&#9;&#9;&#9;String requestString = clientSocket.getRequest();&#10;&#9;&#9;&#9;&#10;&#9;&#9;&#9;HTTPRequest request = HTTPRequestParser.parseRequest(requestString);&#10;&#9;&#9;&#9;HTTPResponse response = factory.getResponse(request);&#10;&#9;&#9;&#9;&#10;&#9;&#9;&#9;response.writeResponse(clientSocket);&#10;&#9;&#9;&#9;&#10;&#9;&#9;} catch (IOException e) {&#10;&#9;&#9;&#9;e.printStackTrace();&#10;&#9;&#9;} catch (MalformedRequestException e) {&#10;&#9;&#9;&#9;// TODO Auto-generated catch block&#10;&#9;&#9;&#9;e.printStackTrace();&#10;&#9;&#9;}&#10;&#9;&#9;&#10;&#9;&#9;try {&#10;&#9;&#9;&#9;clientSocket.close();&#10;&#9;&#9;} catch (IOException e) {&#10;&#9;&#9;&#9;// TODO Auto-generated catch block&#10;&#9;&#9;&#9;e.printStackTrace();&#10;&#9;&#9;}&#10;&#9;&#9;System.out.println(&quot;client ended&quot;);&#10;&#9;}&#10;&#10;&#9;&#10;&#10;&#9;&#10;&#10;}&#10;" Filename="ClientThread.java" Intrnl_Id="24"/>
<SrcFile Content="package se.lnu.http;&#10;&#10;import java.io.BufferedReader;&#10;import java.io.IOException;&#10;import java.io.InputStreamReader;&#10;import java.io.PrintWriter;&#10;import java.net.Socket;&#10;&#10;public class ClientSocket {&#10;&#9;&#10;&#9;private Socket sock;&#10;&#10;&#9;public ClientSocket(Socket sock) {&#10;&#9;&#9;this.sock = sock;&#10;&#9;}&#10;&#10;&#9;public String getRequest() throws IOException {&#10;&#9;&#9;BufferedReader in = new BufferedReader(new InputStreamReader(sock.getInputStream()));&#10;&#9;&#9;HTTPReader httpReader = new HTTPReader(in);&#10;&#9;&#9;String requestString = httpReader.readHeader();&#10;&#9;&#9;return requestString;&#10;&#9;}&#10;&#10;&#9;public void writeHeader(String response) throws IOException {&#10;&#9;&#9;&#10;&#9;&#9;PrintWriter out = new PrintWriter(sock.getOutputStream(), true);&#10;&#9;&#9;out.write(response.toString());&#10;&#9;&#9;out.flush();&#10;&#9;&#9;&#10;&#9;&#9;&#10;&#9;&#9;&#10;&#9;}&#10;&#10;&#9;public void close() throws IOException {&#10;&#9;&#9;sock.close();&#10;&#9;&#9;&#10;&#9;}&#10;&#10;&#9;public void writeBody(byte[] bytes) throws IOException {&#10;&#9;&#9;sock.getOutputStream().write(bytes);&#10;&#9;}&#10;&#10;}&#10;" Filename="ClientSocket.java" Intrnl_Id="25"/>
<SrcFile Content="package se.lnu.http;&#10;&#10;import java.net.Socket;&#10;&#10;public class ClientFactory {&#10;&#9;&#10;&#9;private SharedFolder folder;&#10;&#10;&#9;ClientFactory(SharedFolder folder) {&#10;&#9;&#9;this.folder = folder;&#10;&#9;}&#10;&#10;&#9;public ClientThread createClient(Socket clientSocket ) {&#10;&#9;&#9;&#10;&#9;&#9;return new ClientThread(new ClientSocket(clientSocket), new ResponseFactory(folder));&#10;&#9;}&#10;&#10;}&#10;" Filename="ClientFactory.java" Intrnl_Id="26"/>
<SrcFile Content="package se.lnu.http;&#10;&#10;import java.io.IOException;&#10;import java.net.ServerSocket;&#10;import java.net.Socket;&#10;import java.net.SocketException;&#10;&#10;public class AcceptThread extends Thread{&#10;&#10;&#9;volatile ServerSocket socket;&#10;&#9;volatile private HTTPServerObserver observer;&#10;&#9;private ClientFactory cfactory;&#10;&#9;private SharedFolder sharedFolder;&#10;&#9;&#10;&#9;public AcceptThread(ServerSocket sock, &#10;&#9;&#9;&#9;&#9;&#9;&#9;HTTPServerObserver observer, &#10;&#9;&#9;&#9;&#9;&#9;&#9;ClientFactory cfactory) {&#10;&#9;&#9;socket = sock;&#10;&#9;&#9;this.observer = observer;&#10;&#9;&#9;this.cfactory = cfactory;&#10;&#9;}&#10;&#9;&#10;&#9;public void stopme() throws IOException {&#10;&#9;&#9;socket.close();&#10;&#9;}&#10;&#9;&#10;&#9;public void run() {&#10;        &#10;        &#9;&#10;        &#9;while (true) {&#10;        &#9;&#9;try {&#10;        &#9;&#9;&#9;acceptClient();&#10;        &#9;&#9;} catch (SocketException e) {&#10;        &#9;&#9;&#9;//when stopme is called we get a socket exception&#10;        &#9;&#9;&#9;break;&#10;                } catch (IOException e) {&#10;        &#9;&#9;&#9;e.printStackTrace();&#10;                }&#10;&#9;&#9;&#9;&#9;&#10;&#9;&#9;&#9;&#9;&#10;        &#9;}&#10;        &#9;&#10;        &#9;observer.closedAccept();&#10;        &#9;&#10;&#9;&#9;&#10;    }&#10;&#10;&#9;private void acceptClient() throws IOException {&#10;&#9;&#9;observer.waitForClient();&#10;&#9;&#9;Socket clientSocket = socket.accept();&#10;&#9;&#9;ClientThread client = cfactory.createClient(clientSocket);&#10;&#9;&#9;client.start();&#10;&#9;&#9;observer.startedClient();&#10;&#9;} &#10;&#9;&#10;}&#10;" Filename="AcceptThread.java" Intrnl_Id="27"/>
</SrcFileList>
<CritList>
<CritListEntry Name="org.codecover.model.utils.criteria.LoopCoverage" PluginName="org.codecover"/>
<CritListEntry Name="org.codecover.model.utils.criteria.BranchCoverage" PluginName="org.codecover"/>
<CritListEntry Name="org.codecover.model.utils.criteria.ConditionCoverage" PluginName="org.codecover"/>
<CritListEntry Name="org.codecover.model.utils.criteria.SynchronizedStatementCoverage" PluginName="org.codecover"/>
<CritListEntry Name="org.codecover.model.utils.criteria.QMOCoverage" PluginName="org.codecover"/>
<CritListEntry Name="org.codecover.model.utils.criteria.StatementCoverage" PluginName="org.codecover"/>
</CritList>
<BoolOpList>
<BoolOp Arity="2" Intrnl_Id="28" Name="conditional or (||)">
<BoolAssgnmntBoolMapList>
<MapEntry BoolAssgnmnt="01" Value="true"/>
<MapEntry BoolAssgnmnt="00" Value="false"/>
<MapEntry BoolAssgnmnt="12" Value="true"/>
</BoolAssgnmntBoolMapList>
</BoolOp>
</BoolOpList>
<HierarchyLvlTypeList>
<HierarchyLvlType EnglishName="enumeration" IntrnlName="enum" Intrnl_Id="29"/>
<HierarchyLvlType EnglishName="package" IntrnlName="package" Intrnl_Id="30"/>
<HierarchyLvlType EnglishName="class" IntrnlName="class" Intrnl_Id="31"/>
<HierarchyLvlType EnglishName="method" IntrnlName="method" Intrnl_Id="32"/>
<HierarchyLvlType EnglishName="default package" IntrnlName="default package" Intrnl_Id="33"/>
<HierarchyLvlType EnglishName="interface" IntrnlName="interface" Intrnl_Id="34"/>
</HierarchyLvlTypeList>
<MASTRoot>
<HierarchyLvl HierarchyLvlId="106" HierarchyLvlTypeId="33" Intrnl_Id="35" Name="default package">
<Header/>
<LocList/>
<HierarchyLvl HierarchyLvlId="105" HierarchyLvlTypeId="30" Intrnl_Id="36" Name="se">
<Header/>
<LocList/>
<HierarchyLvl HierarchyLvlId="104" HierarchyLvlTypeId="30" Intrnl_Id="37" Name="lnu">
<Header/>
<LocList/>
<HierarchyLvl HierarchyLvlId="103" HierarchyLvlTypeId="30" Intrnl_Id="38" Name="http">
<Header/>
<LocList/>
<HierarchyLvl HierarchyLvlId="99" HierarchyLvlTypeId="30" Intrnl_Id="39" Name="view">
<Header/>
<LocList/>
<HierarchyLvl HierarchyLvlId="13" HierarchyLvlTypeId="31" Intrnl_Id="40" Name="ConsoleView">
<Header>
<Loc EndOffset="431" SrcFileId="1" StartOffset="377"/>
</Header>
<LocList>
<Loc EndOffset="2725" SrcFileId="1" StartOffset="377"/>
</LocList>
<StmntSeq Intrnl_Id="41">
<LocList>
<Loc EndOffset="515" SrcFileId="1" StartOffset="435"/>
<Loc EndOffset="591" SrcFileId="1" StartOffset="517"/>
<Loc EndOffset="652" SrcFileId="1" StartOffset="593"/>
<Loc EndOffset="713" SrcFileId="1" StartOffset="654"/>
<Loc EndOffset="802" SrcFileId="1" StartOffset="715"/>
<Loc EndOffset="858" SrcFileId="1" StartOffset="804"/>
<Loc EndOffset="907" SrcFileId="1" StartOffset="860"/>
</LocList>
<BasicStmnt CovItemId="S1" CovItemPrefix="se.lnu.http.view.ConsoleView.java" Intrnl_Id="42">
<LocList>
<Loc EndOffset="515" SrcFileId="1" StartOffset="435"/>
</LocList>
</BasicStmnt>
<BasicStmnt CovItemId="S2" CovItemPrefix="se.lnu.http.view.ConsoleView.java" Intrnl_Id="43">
<LocList>
<Loc EndOffset="591" SrcFileId="1" StartOffset="517"/>
</LocList>
</BasicStmnt>
<BasicStmnt CovItemId="S3" CovItemPrefix="se.lnu.http.view.ConsoleView.java" Intrnl_Id="44">
<LocList>
<Loc EndOffset="652" SrcFileId="1" StartOffset="593"/>
</LocList>
</BasicStmnt>
<BasicStmnt CovItemId="S4" CovItemPrefix="se.lnu.http.view.ConsoleView.java" Intrnl_Id="45">
<LocList>
<Loc EndOffset="713" SrcFileId="1" StartOffset="654"/>
</LocList>
</BasicStmnt>
<BasicStmnt CovItemId="S5" CovItemPrefix="se.lnu.http.view.ConsoleView.java" Intrnl_Id="46">
<LocList>
<Loc EndOffset="802" SrcFileId="1" StartOffset="715"/>
</LocList>
</BasicStmnt>
<BasicStmnt CovItemId="S6" CovItemPrefix="se.lnu.http.view.ConsoleView.java" Intrnl_Id="47">
<LocList>
<Loc EndOffset="858" SrcFileId="1" StartOffset="804"/>
</LocList>
</BasicStmnt>
<BasicStmnt CovItemId="S7" CovItemPrefix="se.lnu.http.view.ConsoleView.java" Intrnl_Id="48">
<LocList>
<Loc EndOffset="907" SrcFileId="1" StartOffset="860"/>
</LocList>
</BasicStmnt>
</StmntSeq>
<HierarchyLvl HierarchyLvlId="2" HierarchyLvlTypeId="32" Intrnl_Id="49" Name="ConsoleView">
<Header>
<Loc EndOffset="1013" SrcFileId="1" StartOffset="941"/>
</Header>
<LocList>
<Loc EndOffset="1140" SrcFileId="1" StartOffset="941"/>
</LocList>
<StmntSeq Intrnl_Id="50">
<LocList>
<Loc EndOffset="1111" SrcFileId="1" StartOffset="1018"/>
<Loc EndOffset="1134" SrcFileId="1" StartOffset="1117"/>
</LocList>
<CondStmnt CovItemId="S8" CovItemPrefix="se.lnu.http.view.ConsoleView.java" Intrnl_Id="51">
<Branch CovItemId="B1" CovItemPrefix="se.lnu.http.view.ConsoleView.java" Implct="false" Intrnl_Id="52">
<Cond/>
<LocList>
<Loc EndOffset="1111" SrcFileId="1" StartOffset="1058"/>
</LocList>
<StmntSeq Intrnl_Id="53">
<LocList>
<Loc EndOffset="1107" SrcFileId="1" StartOffset="1063"/>
</LocList>
<BasicStmnt CovItemId="S9" CovItemPrefix="se.lnu.http.view.ConsoleView.java" Intrnl_Id="54">
<LocList>
<Loc EndOffset="1107" SrcFileId="1" StartOffset="1063"/>
</LocList>
</BasicStmnt>
</StmntSeq>
</Branch>
<Branch CovItemId="B2" CovItemPrefix="se.lnu.http.view.ConsoleView.java" Implct="true" Intrnl_Id="55">
<Cond/>
<LocList/>
<StmntSeq Intrnl_Id="56">
<LocList/>
</StmntSeq>
</Branch>
<Keyword EndOffset="1020" SrcFileId="1" StartOffset="1018"/>
<LocList>
<Loc EndOffset="1111" SrcFileId="1" StartOffset="1018"/>
</LocList>
<RootTerm CovItemId="C1" CovItemPrefix="se.lnu.http.view.ConsoleView.java" Intrnl_Id="57">
<OpTerm BooleanOpId="28" Intrnl_Id="58">
<BasicBoolTerm Intrnl_Id="59">
<LocList>
<Loc EndOffset="1037" SrcFileId="1" StartOffset="1022"/>
</LocList>
</BasicBoolTerm>
<BasicBoolTerm Intrnl_Id="60">
<LocList>
<Loc EndOffset="1056" SrcFileId="1" StartOffset="1041"/>
</LocList>
</BasicBoolTerm>
<LocList>
<Loc EndOffset="1040" SrcFileId="1" StartOffset="1038"/>
</LocList>
</OpTerm>
</RootTerm>
</CondStmnt>
<BasicStmnt CovItemId="S10" CovItemPrefix="se.lnu.http.view.ConsoleView.java" Intrnl_Id="61">
<LocList>
<Loc EndOffset="1134" SrcFileId="1" StartOffset="1117"/>
</LocList>
</BasicStmnt>
</StmntSeq>
</HierarchyLvl>
<HierarchyLvl HierarchyLvlId="3" HierarchyLvlTypeId="32" Intrnl_Id="62" Name="getPort">
<Header>
<Loc EndOffset="1192" SrcFileId="1" StartOffset="1143"/>
</Header>
<LocList>
<Loc EndOffset="1388" SrcFileId="1" StartOffset="1143"/>
</LocList>
<StmntSeq Intrnl_Id="63">
<LocList>
<Loc EndOffset="1251" SrcFileId="1" StartOffset="1218"/>
<Loc EndOffset="1343" SrcFileId="1" StartOffset="1209"/>
<Loc EndOffset="1370" SrcFileId="1" StartOffset="1346"/>
<Loc EndOffset="1385" SrcFileId="1" StartOffset="1376"/>
</LocList>
<BasicStmnt CovItemId="S12" CovItemPrefix="se.lnu.http.view.ConsoleView.java" Intrnl_Id="64">
<LocList>
<Loc EndOffset="1251" SrcFileId="1" StartOffset="1218"/>
</LocList>
</BasicStmnt>
<CondStmnt CovItemId="S11" CovItemPrefix="se.lnu.http.view.ConsoleView.java" Intrnl_Id="65">
<Branch CovItemId="B3" CovItemPrefix="se.lnu.http.view.ConsoleView.java" Implct="true" Intrnl_Id="66">
<Cond/>
<LocList/>
<StmntSeq Intrnl_Id="67">
<LocList/>
</StmntSeq>
</Branch>
<Branch CovItemId="B4" CovItemPrefix="se.lnu.http.view.ConsoleView.java" Implct="false" Intrnl_Id="68">
<Cond>
<Loc EndOffset="1275" SrcFileId="1" StartOffset="1256"/>
</Cond>
<LocList>
<Loc EndOffset="1343" SrcFileId="1" StartOffset="1276"/>
</LocList>
<StmntSeq Intrnl_Id="69">
<LocList>
<Loc EndOffset="1339" SrcFileId="1" StartOffset="1281"/>
</LocList>
<BasicStmnt CovItemId="S13" CovItemPrefix="se.lnu.http.view.ConsoleView.java" Intrnl_Id="70">
<LocList>
<Loc EndOffset="1339" SrcFileId="1" StartOffset="1281"/>
</LocList>
</BasicStmnt>
</StmntSeq>
</Branch>
<Keyword EndOffset="1212" SrcFileId="1" StartOffset="1209"/>
<LocList>
<Loc EndOffset="1343" SrcFileId="1" StartOffset="1209"/>
</LocList>
</CondStmnt>
<BasicStmnt CovItemId="S14" CovItemPrefix="se.lnu.http.view.ConsoleView.java" Intrnl_Id="71">
<LocList>
<Loc EndOffset="1370" SrcFileId="1" StartOffset="1346"/>
</LocList>
</BasicStmnt>
<BasicStmnt CovItemId="S15" CovItemPrefix="se.lnu.http.view.ConsoleView.java" Intrnl_Id="72">
<LocList>
<Loc EndOffset="1385" SrcFileId="1" StartOffset="1376"/>
</LocList>
</BasicStmnt>
</StmntSeq>
</HierarchyLvl>
<HierarchyLvl HierarchyLvlId="4" HierarchyLvlTypeId="32" Intrnl_Id="73" Name="showhelp">
<Header>
<Loc EndOffset="1415" SrcFileId="1" StartOffset="1393"/>
</Header>
<LocList>
<Loc EndOffset="1454" SrcFileId="1" StartOffset="1393"/>
</LocList>
<StmntSeq Intrnl_Id="74">
<LocList>
<Loc EndOffset="1448" SrcFileId="1" StartOffset="1420"/>
</LocList>
<BasicStmnt CovItemId="S16" CovItemPrefix="se.lnu.http.view.ConsoleView.java" Intrnl_Id="75">
<LocList>
<Loc EndOffset="1448" SrcFileId="1" StartOffset="1420"/>
</LocList>
</BasicStmnt>
</StmntSeq>
</HierarchyLvl>
<HierarchyLvl HierarchyLvlId="5" HierarchyLvlTypeId="32" Intrnl_Id="76" Name="getDirectory">
<Header>
<Loc EndOffset="1517" SrcFileId="1" StartOffset="1461"/>
</Header>
<LocList>
<Loc EndOffset="1944" SrcFileId="1" StartOffset="1461"/>
</LocList>
<StmntSeq Intrnl_Id="77">
<LocList>
<Loc EndOffset="1579" SrcFileId="1" StartOffset="1549"/>
<Loc EndOffset="1729" SrcFileId="1" StartOffset="1623"/>
<Loc EndOffset="1841" SrcFileId="1" StartOffset="1733"/>
<Loc EndOffset="1915" SrcFileId="1" StartOffset="1540"/>
<Loc EndOffset="1941" SrcFileId="1" StartOffset="1924"/>
</LocList>
<BasicStmnt CovItemId="S18" CovItemPrefix="se.lnu.http.view.ConsoleView.java" Intrnl_Id="78">
<LocList>
<Loc EndOffset="1579" SrcFileId="1" StartOffset="1549"/>
</LocList>
</BasicStmnt>
<CondStmnt CovItemId="S19" CovItemPrefix="se.lnu.http.view.ConsoleView.java" Intrnl_Id="79">
<Branch CovItemId="B6" CovItemPrefix="se.lnu.http.view.ConsoleView.java" Implct="false" Intrnl_Id="80">
<Cond/>
<LocList>
<Loc EndOffset="1729" SrcFileId="1" StartOffset="1656"/>
</LocList>
<StmntSeq Intrnl_Id="81">
<LocList>
<Loc EndOffset="1724" SrcFileId="1" StartOffset="1662"/>
</LocList>
<BasicStmnt CovItemId="S20" CovItemPrefix="se.lnu.http.view.ConsoleView.java" Intrnl_Id="82">
<LocList>
<Loc EndOffset="1724" SrcFileId="1" StartOffset="1662"/>
</LocList>
</BasicStmnt>
</StmntSeq>
</Branch>
<Branch CovItemId="B7" CovItemPrefix="se.lnu.http.view.ConsoleView.java" Implct="true" Intrnl_Id="83">
<Cond/>
<LocList/>
<StmntSeq Intrnl_Id="84">
<LocList/>
</StmntSeq>
</Branch>
<Keyword EndOffset="1625" SrcFileId="1" StartOffset="1623"/>
<LocList>
<Loc EndOffset="1729" SrcFileId="1" StartOffset="1623"/>
</LocList>
<RootTerm CovItemId="C2" CovItemPrefix="se.lnu.http.view.ConsoleView.java" Intrnl_Id="85">
<BasicBoolTerm Intrnl_Id="86">
<LocList>
<Loc EndOffset="1654" SrcFileId="1" StartOffset="1627"/>
</LocList>
</BasicBoolTerm>
</RootTerm>
</CondStmnt>
<CondStmnt CovItemId="S21" CovItemPrefix="se.lnu.http.view.ConsoleView.java" Intrnl_Id="87">
<Branch CovItemId="B8" CovItemPrefix="se.lnu.http.view.ConsoleView.java" Implct="false" Intrnl_Id="88">
<Cond/>
<LocList>
<Loc EndOffset="1841" SrcFileId="1" StartOffset="1771"/>
</LocList>
<StmntSeq Intrnl_Id="89">
<LocList>
<Loc EndOffset="1836" SrcFileId="1" StartOffset="1777"/>
</LocList>
<BasicStmnt CovItemId="S22" CovItemPrefix="se.lnu.http.view.ConsoleView.java" Intrnl_Id="90">
<LocList>
<Loc EndOffset="1836" SrcFileId="1" StartOffset="1777"/>
</LocList>
</BasicStmnt>
</StmntSeq>
</Branch>
<Branch CovItemId="B9" CovItemPrefix="se.lnu.http.view.ConsoleView.java" Implct="true" Intrnl_Id="91">
<Cond/>
<LocList/>
<StmntSeq Intrnl_Id="92">
<LocList/>
</StmntSeq>
</Branch>
<Keyword EndOffset="1735" SrcFileId="1" StartOffset="1733"/>
<LocList>
<Loc EndOffset="1841" SrcFileId="1" StartOffset="1733"/>
</LocList>
<RootTerm CovItemId="C3" CovItemPrefix="se.lnu.http.view.ConsoleView.java" Intrnl_Id="93">
<BasicBoolTerm Intrnl_Id="94">
<LocList>
<Loc EndOffset="1769" SrcFileId="1" StartOffset="1737"/>
</LocList>
</BasicBoolTerm>
</RootTerm>
</CondStmnt>
<CondStmnt CovItemId="S17" CovItemPrefix="se.lnu.http.view.ConsoleView.java" Intrnl_Id="95">
<Branch CovItemId="B5" CovItemPrefix="se.lnu.http.view.ConsoleView.java" Implct="true" Intrnl_Id="96">
<Cond/>
<LocList/>
<StmntSeq Intrnl_Id="97">
<LocList/>
</StmntSeq>
</Branch>
<Branch CovItemId="B10" CovItemPrefix="se.lnu.http.view.ConsoleView.java" Implct="false" Intrnl_Id="98">
<Cond>
<Loc EndOffset="1869" SrcFileId="1" StartOffset="1850"/>
</Cond>
<LocList>
<Loc EndOffset="1915" SrcFileId="1" StartOffset="1870"/>
</LocList>
<StmntSeq Intrnl_Id="99">
<LocList>
<Loc EndOffset="1911" SrcFileId="1" StartOffset="1875"/>
</LocList>
<BasicStmnt CovItemId="S23" CovItemPrefix="se.lnu.http.view.ConsoleView.java" Intrnl_Id="100">
<LocList>
<Loc EndOffset="1911" SrcFileId="1" StartOffset="1875"/>
</LocList>
</BasicStmnt>
</StmntSeq>
</Branch>
<Keyword EndOffset="1543" SrcFileId="1" StartOffset="1540"/>
<LocList>
<Loc EndOffset="1915" SrcFileId="1" StartOffset="1540"/>
</LocList>
</CondStmnt>
<BasicStmnt CovItemId="S24" CovItemPrefix="se.lnu.http.view.ConsoleView.java" Intrnl_Id="101">
<LocList>
<Loc EndOffset="1941" SrcFileId="1" StartOffset="1924"/>
</LocList>
</BasicStmnt>
</StmntSeq>
</HierarchyLvl>
<HierarchyLvl HierarchyLvlId="6" HierarchyLvlTypeId="32" Intrnl_Id="102" Name="doStop">
<Header>
<Loc EndOffset="1989" SrcFileId="1" StartOffset="1947"/>
</Header>
<LocList>
<Loc EndOffset="2172" SrcFileId="1" StartOffset="1947"/>
</LocList>
<StmntSeq Intrnl_Id="103">
<LocList>
<Loc EndOffset="2067" SrcFileId="1" StartOffset="1994"/>
<Loc EndOffset="2101" SrcFileId="1" StartOffset="2073"/>
<Loc EndOffset="2150" SrcFileId="1" StartOffset="2104"/>
<Loc EndOffset="2169" SrcFileId="1" StartOffset="2156"/>
</LocList>
<BasicStmnt CovItemId="S25" CovItemPrefix="se.lnu.http.view.ConsoleView.java" Intrnl_Id="104">
<LocList>
<Loc EndOffset="2067" SrcFileId="1" StartOffset="1994"/>
</LocList>
</BasicStmnt>
<BasicStmnt CovItemId="S26" CovItemPrefix="se.lnu.http.view.ConsoleView.java" Intrnl_Id="105">
<LocList>
<Loc EndOffset="2101" SrcFileId="1" StartOffset="2073"/>
</LocList>
</BasicStmnt>
<CondStmnt CovItemId="S27" CovItemPrefix="se.lnu.http.view.ConsoleView.java" Intrnl_Id="106">
<Branch CovItemId="B11" CovItemPrefix="se.lnu.http.view.ConsoleView.java" Implct="false" Intrnl_Id="107">
<Cond/>
<LocList>
<Loc EndOffset="2150" SrcFileId="1" StartOffset="2129"/>
</LocList>
<StmntSeq Intrnl_Id="108">
<LocList>
<Loc EndOffset="2146" SrcFileId="1" StartOffset="2134"/>
</LocList>
<BasicStmnt CovItemId="S28" CovItemPrefix="se.lnu.http.view.ConsoleView.java" Intrnl_Id="109">
<LocList>
<Loc EndOffset="2146" SrcFileId="1" StartOffset="2134"/>
</LocList>
</BasicStmnt>
</StmntSeq>
</Branch>
<Branch CovItemId="B12" CovItemPrefix="se.lnu.http.view.ConsoleView.java" Implct="true" Intrnl_Id="110">
<Cond/>
<LocList/>
<StmntSeq Intrnl_Id="111">
<LocList/>
</StmntSeq>
</Branch>
<Keyword EndOffset="2106" SrcFileId="1" StartOffset="2104"/>
<LocList>
<Loc EndOffset="2150" SrcFileId="1" StartOffset="2104"/>
</LocList>
<RootTerm CovItemId="C4" CovItemPrefix="se.lnu.http.view.ConsoleView.java" Intrnl_Id="112">
<BasicBoolTerm Intrnl_Id="113">
<LocList>
<Loc EndOffset="2127" SrcFileId="1" StartOffset="2108"/>
</LocList>
</BasicBoolTerm>
</RootTerm>
</CondStmnt>
<BasicStmnt CovItemId="S29" CovItemPrefix="se.lnu.http.view.ConsoleView.java" Intrnl_Id="114">
<LocList>
<Loc EndOffset="2169" SrcFileId="1" StartOffset="2156"/>
</LocList>
</BasicStmnt>
</StmntSeq>
</HierarchyLvl>
<HierarchyLvl HierarchyLvlId="7" HierarchyLvlTypeId="32" Intrnl_Id="115" Name="serverConstructed">
<Header>
<Loc EndOffset="2218" SrcFileId="1" StartOffset="2176"/>
</Header>
<LocList>
<Loc EndOffset="2268" SrcFileId="1" StartOffset="2176"/>
</LocList>
<StmntSeq Intrnl_Id="116">
<LocList>
<Loc EndOffset="2262" SrcFileId="1" StartOffset="2223"/>
</LocList>
<BasicStmnt CovItemId="S30" CovItemPrefix="se.lnu.http.view.ConsoleView.java" Intrnl_Id="117">
<LocList>
<Loc EndOffset="2262" SrcFileId="1" StartOffset="2223"/>
</LocList>
</BasicStmnt>
</StmntSeq>
</HierarchyLvl>
<HierarchyLvl HierarchyLvlId="8" HierarchyLvlTypeId="32" Intrnl_Id="118" Name="serverStarted">
<Header>
<Loc EndOffset="2309" SrcFileId="1" StartOffset="2271"/>
</Header>
<LocList>
<Loc EndOffset="2355" SrcFileId="1" StartOffset="2271"/>
</LocList>
<StmntSeq Intrnl_Id="119">
<LocList>
<Loc EndOffset="2349" SrcFileId="1" StartOffset="2314"/>
</LocList>
<BasicStmnt CovItemId="S31" CovItemPrefix="se.lnu.http.view.ConsoleView.java" Intrnl_Id="120">
<LocList>
<Loc EndOffset="2349" SrcFileId="1" StartOffset="2314"/>
</LocList>
</BasicStmnt>
</StmntSeq>
</HierarchyLvl>
<HierarchyLvl HierarchyLvlId="9" HierarchyLvlTypeId="32" Intrnl_Id="121" Name="serverStopped">
<Header>
<Loc EndOffset="2396" SrcFileId="1" StartOffset="2358"/>
</Header>
<LocList>
<Loc EndOffset="2442" SrcFileId="1" StartOffset="2358"/>
</LocList>
<StmntSeq Intrnl_Id="122">
<LocList>
<Loc EndOffset="2436" SrcFileId="1" StartOffset="2401"/>
</LocList>
<BasicStmnt CovItemId="S32" CovItemPrefix="se.lnu.http.view.ConsoleView.java" Intrnl_Id="123">
<LocList>
<Loc EndOffset="2436" SrcFileId="1" StartOffset="2401"/>
</LocList>
</BasicStmnt>
</StmntSeq>
</HierarchyLvl>
<HierarchyLvl HierarchyLvlId="10" HierarchyLvlTypeId="32" Intrnl_Id="124" Name="closedAccept">
<Header>
<Loc EndOffset="2482" SrcFileId="1" StartOffset="2445"/>
</Header>
<LocList>
<Loc EndOffset="2542" SrcFileId="1" StartOffset="2445"/>
</LocList>
<StmntSeq Intrnl_Id="125">
<LocList>
<Loc EndOffset="2536" SrcFileId="1" StartOffset="2487"/>
</LocList>
<BasicStmnt CovItemId="S33" CovItemPrefix="se.lnu.http.view.ConsoleView.java" Intrnl_Id="126">
<LocList>
<Loc EndOffset="2536" SrcFileId="1" StartOffset="2487"/>
</LocList>
</BasicStmnt>
</StmntSeq>
</HierarchyLvl>
<HierarchyLvl HierarchyLvlId="11" HierarchyLvlTypeId="32" Intrnl_Id="127" Name="startedClient">
<Header>
<Loc EndOffset="2583" SrcFileId="1" StartOffset="2545"/>
</Header>
<LocList>
<Loc EndOffset="2629" SrcFileId="1" StartOffset="2545"/>
</LocList>
<StmntSeq Intrnl_Id="128">
<LocList>
<Loc EndOffset="2623" SrcFileId="1" StartOffset="2588"/>
</LocList>
<BasicStmnt CovItemId="S34" CovItemPrefix="se.lnu.http.view.ConsoleView.java" Intrnl_Id="129">
<LocList>
<Loc EndOffset="2623" SrcFileId="1" StartOffset="2588"/>
</LocList>
</BasicStmnt>
</StmntSeq>
</HierarchyLvl>
<HierarchyLvl HierarchyLvlId="12" HierarchyLvlTypeId="32" Intrnl_Id="130" Name="waitForClient">
<Header>
<Loc EndOffset="2670" SrcFileId="1" StartOffset="2632"/>
</Header>
<LocList>
<Loc EndOffset="2717" SrcFileId="1" StartOffset="2632"/>
</LocList>
<StmntSeq Intrnl_Id="131">
<LocList>
<Loc EndOffset="2711" SrcFileId="1" StartOffset="2675"/>
</LocList>
<BasicStmnt CovItemId="S35" CovItemPrefix="se.lnu.http.view.ConsoleView.java" Intrnl_Id="132">
<LocList>
<Loc EndOffset="2711" SrcFileId="1" StartOffset="2675"/>
</LocList>
</BasicStmnt>
</StmntSeq>
</HierarchyLvl>
</HierarchyLvl>
</HierarchyLvl>
<HierarchyLvl HierarchyLvlId="100" HierarchyLvlTypeId="30" Intrnl_Id="133" Name="response">
<Header/>
<LocList/>
<HierarchyLvl HierarchyLvlId="16" HierarchyLvlTypeId="31" Intrnl_Id="134" Name="HTTPResponse">
<Header>
<Loc EndOffset="128" SrcFileId="2" StartOffset="94"/>
</Header>
<LocList>
<Loc EndOffset="1248" SrcFileId="2" StartOffset="94"/>
</LocList>
<HierarchyLvl HierarchyLvlId="14" HierarchyLvlTypeId="32" Intrnl_Id="135" Name="writeResponse">
<Header>
<Loc EndOffset="213" SrcFileId="2" StartOffset="133"/>
</Header>
<LocList>
<Loc EndOffset="214" SrcFileId="2" StartOffset="133"/>
</LocList>
</HierarchyLvl>
<HierarchyLvl HierarchyLvlId="15" HierarchyLvlTypeId="32" Intrnl_Id="136" Name="writeContentLengthAndEndHeader">
<Header>
<Loc EndOffset="276" SrcFileId="2" StartOffset="218"/>
</Header>
<LocList>
<Loc EndOffset="475" SrcFileId="2" StartOffset="218"/>
</LocList>
<StmntSeq Intrnl_Id="137">
<LocList>
<Loc EndOffset="297" SrcFileId="2" StartOffset="281"/>
<Loc EndOffset="339" SrcFileId="2" StartOffset="300"/>
<Loc EndOffset="391" SrcFileId="2" StartOffset="342"/>
<Loc EndOffset="427" SrcFileId="2" StartOffset="394"/>
<Loc EndOffset="452" SrcFileId="2" StartOffset="436"/>
<Loc EndOffset="472" SrcFileId="2" StartOffset="461"/>
</LocList>
<BasicStmnt CovItemId="S1" CovItemPrefix="se.lnu.http.response.HTTPResponse.java" Intrnl_Id="138">
<LocList>
<Loc EndOffset="297" SrcFileId="2" StartOffset="281"/>
</LocList>
</BasicStmnt>
<BasicStmnt CovItemId="S2" CovItemPrefix="se.lnu.http.response.HTTPResponse.java" Intrnl_Id="139">
<LocList>
<Loc EndOffset="339" SrcFileId="2" StartOffset="300"/>
</LocList>
</BasicStmnt>
<BasicStmnt CovItemId="S3" CovItemPrefix="se.lnu.http.response.HTTPResponse.java" Intrnl_Id="140">
<LocList>
<Loc EndOffset="391" SrcFileId="2" StartOffset="342"/>
</LocList>
</BasicStmnt>
<BasicStmnt CovItemId="S4" CovItemPrefix="se.lnu.http.response.HTTPResponse.java" Intrnl_Id="141">
<LocList>
<Loc EndOffset="427" SrcFileId="2" StartOffset="394"/>
</LocList>
</BasicStmnt>
<BasicStmnt CovItemId="S5" CovItemPrefix="se.lnu.http.response.HTTPResponse.java" Intrnl_Id="142">
<LocList>
<Loc EndOffset="452" SrcFileId="2" StartOffset="436"/>
</LocList>
</BasicStmnt>
<BasicStmnt CovItemId="S6" CovItemPrefix="se.lnu.http.response.HTTPResponse.java" Intrnl_Id="143">
<LocList>
<Loc EndOffset="472" SrcFileId="2" StartOffset="461"/>
</LocList>
</BasicStmnt>
</StmntSeq>
</HierarchyLvl>
</HierarchyLvl>
<HierarchyLvl HierarchyLvlId="19" HierarchyLvlTypeId="31" Intrnl_Id="144" Name="HTTP405MethodNotSupportedResponse">
<Header>
<Loc EndOffset="200" SrcFileId="3" StartOffset="133"/>
</Header>
<LocList>
<Loc EndOffset="740" SrcFileId="3" StartOffset="133"/>
</LocList>
<HierarchyLvl HierarchyLvlId="17" HierarchyLvlTypeId="32" Intrnl_Id="145" Name="HTTP405MethodNotSupportedResponse">
<Header>
<Loc EndOffset="285" SrcFileId="3" StartOffset="230"/>
</Header>
<LocList>
<Loc EndOffset="314" SrcFileId="3" StartOffset="230"/>
</LocList>
<StmntSeq Intrnl_Id="146">
<LocList>
<Loc EndOffset="311" SrcFileId="3" StartOffset="290"/>
</LocList>
<BasicStmnt CovItemId="S1" CovItemPrefix="se.lnu.http.response.HTTP405MethodNotSupportedResponse.java" Intrnl_Id="147">
<LocList>
<Loc EndOffset="311" SrcFileId="3" StartOffset="290"/>
</LocList>
</BasicStmnt>
</StmntSeq>
</HierarchyLvl>
<HierarchyLvl HierarchyLvlId="18" HierarchyLvlTypeId="32" Intrnl_Id="148" Name="writeResponse">
<Header>
<Loc EndOffset="399" SrcFileId="3" StartOffset="317"/>
</Header>
<LocList>
<Loc EndOffset="737" SrcFileId="3" StartOffset="317"/>
</LocList>
<StmntSeq Intrnl_Id="149">
<LocList>
<Loc EndOffset="507" SrcFileId="3" StartOffset="404"/>
<Loc EndOffset="576" SrcFileId="3" StartOffset="516"/>
<Loc EndOffset="642" SrcFileId="3" StartOffset="579"/>
<Loc EndOffset="680" SrcFileId="3" StartOffset="645"/>
<Loc EndOffset="726" SrcFileId="3" StartOffset="683"/>
</LocList>
<BasicStmnt CovItemId="S2" CovItemPrefix="se.lnu.http.response.HTTP405MethodNotSupportedResponse.java" Intrnl_Id="150">
<LocList>
<Loc EndOffset="507" SrcFileId="3" StartOffset="404"/>
</LocList>
</BasicStmnt>
<BasicStmnt CovItemId="S3" CovItemPrefix="se.lnu.http.response.HTTP405MethodNotSupportedResponse.java" Intrnl_Id="151">
<LocList>
<Loc EndOffset="576" SrcFileId="3" StartOffset="516"/>
</LocList>
</BasicStmnt>
<BasicStmnt CovItemId="S4" CovItemPrefix="se.lnu.http.response.HTTP405MethodNotSupportedResponse.java" Intrnl_Id="152">
<LocList>
<Loc EndOffset="642" SrcFileId="3" StartOffset="579"/>
</LocList>
</BasicStmnt>
<BasicStmnt CovItemId="S5" CovItemPrefix="se.lnu.http.response.HTTP405MethodNotSupportedResponse.java" Intrnl_Id="153">
<LocList>
<Loc EndOffset="680" SrcFileId="3" StartOffset="645"/>
</LocList>
</BasicStmnt>
<BasicStmnt CovItemId="S6" CovItemPrefix="se.lnu.http.response.HTTP405MethodNotSupportedResponse.java" Intrnl_Id="154">
<LocList>
<Loc EndOffset="726" SrcFileId="3" StartOffset="683"/>
</LocList>
</BasicStmnt>
</StmntSeq>
</HierarchyLvl>
</HierarchyLvl>
<HierarchyLvl HierarchyLvlId="22" HierarchyLvlTypeId="31" Intrnl_Id="155" Name="HTTP404FileNotFoundResponse">
<Header>
<Loc EndOffset="155" SrcFileId="4" StartOffset="94"/>
</Header>
<LocList>
<Loc EndOffset="634" SrcFileId="4" StartOffset="94"/>
</LocList>
<HierarchyLvl HierarchyLvlId="20" HierarchyLvlTypeId="32" Intrnl_Id="156" Name="HTTP404FileNotFoundResponse">
<Header>
<Loc EndOffset="206" SrcFileId="4" StartOffset="160"/>
</Header>
<LocList>
<Loc EndOffset="253" SrcFileId="4" StartOffset="160"/>
</LocList>
</HierarchyLvl>
<HierarchyLvl HierarchyLvlId="21" HierarchyLvlTypeId="32" Intrnl_Id="157" Name="writeResponse">
<Header>
<Loc EndOffset="339" SrcFileId="4" StartOffset="257"/>
</Header>
<LocList>
<Loc EndOffset="631" SrcFileId="4" StartOffset="257"/>
</LocList>
<StmntSeq Intrnl_Id="158">
<LocList>
<Loc EndOffset="412" SrcFileId="4" StartOffset="344"/>
<Loc EndOffset="470" SrcFileId="4" StartOffset="421"/>
<Loc EndOffset="536" SrcFileId="4" StartOffset="473"/>
<Loc EndOffset="574" SrcFileId="4" StartOffset="539"/>
<Loc EndOffset="620" SrcFileId="4" StartOffset="577"/>
</LocList>
<BasicStmnt CovItemId="S1" CovItemPrefix="se.lnu.http.response.HTTP404FileNotFoundResponse.java" Intrnl_Id="159">
<LocList>
<Loc EndOffset="412" SrcFileId="4" StartOffset="344"/>
</LocList>
</BasicStmnt>
<BasicStmnt CovItemId="S2" CovItemPrefix="se.lnu.http.response.HTTP404FileNotFoundResponse.java" Intrnl_Id="160">
<LocList>
<Loc EndOffset="470" SrcFileId="4" StartOffset="421"/>
</LocList>
</BasicStmnt>
<BasicStmnt CovItemId="S3" CovItemPrefix="se.lnu.http.response.HTTP404FileNotFoundResponse.java" Intrnl_Id="161">
<LocList>
<Loc EndOffset="536" SrcFileId="4" StartOffset="473"/>
</LocList>
</BasicStmnt>
<BasicStmnt CovItemId="S4" CovItemPrefix="se.lnu.http.response.HTTP404FileNotFoundResponse.java" Intrnl_Id="162">
<LocList>
<Loc EndOffset="574" SrcFileId="4" StartOffset="539"/>
</LocList>
</BasicStmnt>
<BasicStmnt CovItemId="S5" CovItemPrefix="se.lnu.http.response.HTTP404FileNotFoundResponse.java" Intrnl_Id="163">
<LocList>
<Loc EndOffset="620" SrcFileId="4" StartOffset="577"/>
</LocList>
</BasicStmnt>
</StmntSeq>
</HierarchyLvl>
</HierarchyLvl>
<HierarchyLvl HierarchyLvlId="25" HierarchyLvlTypeId="31" Intrnl_Id="164" Name="HTTP403Forbidden">
<Header>
<Loc EndOffset="144" SrcFileId="5" StartOffset="94"/>
</Header>
<LocList>
<Loc EndOffset="609" SrcFileId="5" StartOffset="94"/>
</LocList>
<HierarchyLvl HierarchyLvlId="23" HierarchyLvlTypeId="32" Intrnl_Id="165" Name="HTTP403Forbidden">
<Header>
<Loc EndOffset="206" SrcFileId="5" StartOffset="171"/>
</Header>
<LocList>
<Loc EndOffset="229" SrcFileId="5" StartOffset="171"/>
</LocList>
<StmntSeq Intrnl_Id="166">
<LocList>
<Loc EndOffset="226" SrcFileId="5" StartOffset="211"/>
</LocList>
<BasicStmnt CovItemId="S1" CovItemPrefix="se.lnu.http.response.HTTP403Forbidden.java" Intrnl_Id="167">
<LocList>
<Loc EndOffset="226" SrcFileId="5" StartOffset="211"/>
</LocList>
</BasicStmnt>
</StmntSeq>
</HierarchyLvl>
<HierarchyLvl HierarchyLvlId="24" HierarchyLvlTypeId="32" Intrnl_Id="168" Name="writeResponse">
<Header>
<Loc EndOffset="314" SrcFileId="5" StartOffset="232"/>
</Header>
<LocList>
<Loc EndOffset="606" SrcFileId="5" StartOffset="232"/>
</LocList>
<StmntSeq Intrnl_Id="169">
<LocList>
<Loc EndOffset="387" SrcFileId="5" StartOffset="319"/>
<Loc EndOffset="445" SrcFileId="5" StartOffset="396"/>
<Loc EndOffset="511" SrcFileId="5" StartOffset="448"/>
<Loc EndOffset="549" SrcFileId="5" StartOffset="514"/>
<Loc EndOffset="595" SrcFileId="5" StartOffset="552"/>
</LocList>
<BasicStmnt CovItemId="S2" CovItemPrefix="se.lnu.http.response.HTTP403Forbidden.java" Intrnl_Id="170">
<LocList>
<Loc EndOffset="387" SrcFileId="5" StartOffset="319"/>
</LocList>
</BasicStmnt>
<BasicStmnt CovItemId="S3" CovItemPrefix="se.lnu.http.response.HTTP403Forbidden.java" Intrnl_Id="171">
<LocList>
<Loc EndOffset="445" SrcFileId="5" StartOffset="396"/>
</LocList>
</BasicStmnt>
<BasicStmnt CovItemId="S4" CovItemPrefix="se.lnu.http.response.HTTP403Forbidden.java" Intrnl_Id="172">
<LocList>
<Loc EndOffset="511" SrcFileId="5" StartOffset="448"/>
</LocList>
</BasicStmnt>
<BasicStmnt CovItemId="S5" CovItemPrefix="se.lnu.http.response.HTTP403Forbidden.java" Intrnl_Id="173">
<LocList>
<Loc EndOffset="549" SrcFileId="5" StartOffset="514"/>
</LocList>
</BasicStmnt>
<BasicStmnt CovItemId="S6" CovItemPrefix="se.lnu.http.response.HTTP403Forbidden.java" Intrnl_Id="174">
<LocList>
<Loc EndOffset="595" SrcFileId="5" StartOffset="552"/>
</LocList>
</BasicStmnt>
</StmntSeq>
</HierarchyLvl>
</HierarchyLvl>
<HierarchyLvl HierarchyLvlId="28" HierarchyLvlTypeId="31" Intrnl_Id="175" Name="HTMLFileResponse">
<Header>
<Loc EndOffset="221" SrcFileId="6" StartOffset="171"/>
</Header>
<LocList>
<Loc EndOffset="743" SrcFileId="6" StartOffset="171"/>
</LocList>
<HierarchyLvl HierarchyLvlId="26" HierarchyLvlTypeId="32" Intrnl_Id="176" Name="HTMLFileResponse">
<Header>
<Loc EndOffset="281" SrcFileId="6" StartOffset="247"/>
</Header>
<LocList>
<Loc EndOffset="306" SrcFileId="6" StartOffset="247"/>
</LocList>
<StmntSeq Intrnl_Id="177">
<LocList>
<Loc EndOffset="303" SrcFileId="6" StartOffset="286"/>
</LocList>
<BasicStmnt CovItemId="S1" CovItemPrefix="se.lnu.http.response.HTMLFileResponse.java" Intrnl_Id="178">
<LocList>
<Loc EndOffset="303" SrcFileId="6" StartOffset="286"/>
</LocList>
</BasicStmnt>
</StmntSeq>
</HierarchyLvl>
<HierarchyLvl HierarchyLvlId="27" HierarchyLvlTypeId="32" Intrnl_Id="179" Name="writeResponse">
<Header>
<Loc EndOffset="391" SrcFileId="6" StartOffset="309"/>
</Header>
<LocList>
<Loc EndOffset="740" SrcFileId="6" StartOffset="309"/>
</LocList>
<StmntSeq Intrnl_Id="180">
<LocList>
<Loc EndOffset="554" SrcFileId="6" StartOffset="485"/>
<Loc EndOffset="599" SrcFileId="6" StartOffset="557"/>
<Loc EndOffset="652" SrcFileId="6" StartOffset="602"/>
<Loc EndOffset="690" SrcFileId="6" StartOffset="655"/>
<Loc EndOffset="729" SrcFileId="6" StartOffset="699"/>
</LocList>
<BasicStmnt CovItemId="S2" CovItemPrefix="se.lnu.http.response.HTMLFileResponse.java" Intrnl_Id="181">
<LocList>
<Loc EndOffset="554" SrcFileId="6" StartOffset="485"/>
</LocList>
</BasicStmnt>
<BasicStmnt CovItemId="S3" CovItemPrefix="se.lnu.http.response.HTMLFileResponse.java" Intrnl_Id="182">
<LocList>
<Loc EndOffset="599" SrcFileId="6" StartOffset="557"/>
</LocList>
</BasicStmnt>
<BasicStmnt CovItemId="S4" CovItemPrefix="se.lnu.http.response.HTMLFileResponse.java" Intrnl_Id="183">
<LocList>
<Loc EndOffset="652" SrcFileId="6" StartOffset="602"/>
</LocList>
</BasicStmnt>
<BasicStmnt CovItemId="S5" CovItemPrefix="se.lnu.http.response.HTMLFileResponse.java" Intrnl_Id="184">
<LocList>
<Loc EndOffset="690" SrcFileId="6" StartOffset="655"/>
</LocList>
</BasicStmnt>
<BasicStmnt CovItemId="S6" CovItemPrefix="se.lnu.http.response.HTMLFileResponse.java" Intrnl_Id="185">
<LocList>
<Loc EndOffset="729" SrcFileId="6" StartOffset="699"/>
</LocList>
</BasicStmnt>
</StmntSeq>
</HierarchyLvl>
</HierarchyLvl>
</HierarchyLvl>
<HierarchyLvl HierarchyLvlId="101" HierarchyLvlTypeId="30" Intrnl_Id="186" Name="exceptions">
<Header/>
<LocList/>
<HierarchyLvl HierarchyLvlId="30" HierarchyLvlTypeId="31" Intrnl_Id="187" Name="WrongNumberOfArgumentsException">
<Header>
<Loc EndOffset="95" SrcFileId="7" StartOffset="33"/>
</Header>
<LocList>
<Loc EndOffset="299" SrcFileId="7" StartOffset="33"/>
</LocList>
<StmntSeq Intrnl_Id="188">
<LocList>
<Loc EndOffset="182" SrcFileId="7" StartOffset="115"/>
</LocList>
<BasicStmnt CovItemId="S1" CovItemPrefix="se.lnu.http.exceptions.WrongNumberOfArgumentsException.java" Intrnl_Id="189">
<LocList>
<Loc EndOffset="182" SrcFileId="7" StartOffset="115"/>
</LocList>
</BasicStmnt>
</StmntSeq>
<HierarchyLvl HierarchyLvlId="29" HierarchyLvlTypeId="32" Intrnl_Id="190" Name="WrongNumberOfArgumentsException">
<Header>
<Loc EndOffset="225" SrcFileId="7" StartOffset="185"/>
</Header>
<LocList>
<Loc EndOffset="293" SrcFileId="7" StartOffset="185"/>
</LocList>
<StmntSeq Intrnl_Id="191">
<LocList>
<Loc EndOffset="290" SrcFileId="7" StartOffset="230"/>
</LocList>
<BasicStmnt CovItemId="S2" CovItemPrefix="se.lnu.http.exceptions.WrongNumberOfArgumentsException.java" Intrnl_Id="192">
<LocList>
<Loc EndOffset="290" SrcFileId="7" StartOffset="230"/>
</LocList>
</BasicStmnt>
</StmntSeq>
</HierarchyLvl>
</HierarchyLvl>
<HierarchyLvl HierarchyLvlId="31" HierarchyLvlTypeId="31" Intrnl_Id="193" Name="NotStartedException">
<Header>
<Loc EndOffset="83" SrcFileId="8" StartOffset="33"/>
</Header>
<LocList>
<Loc EndOffset="172" SrcFileId="8" StartOffset="33"/>
</LocList>
<StmntSeq Intrnl_Id="194">
<LocList>
<Loc EndOffset="169" SrcFileId="8" StartOffset="103"/>
</LocList>
<BasicStmnt CovItemId="S1" CovItemPrefix="se.lnu.http.exceptions.NotStartedException.java" Intrnl_Id="195">
<LocList>
<Loc EndOffset="169" SrcFileId="8" StartOffset="103"/>
</LocList>
</BasicStmnt>
</StmntSeq>
</HierarchyLvl>
<HierarchyLvl HierarchyLvlId="34" HierarchyLvlTypeId="31" Intrnl_Id="196" Name="NotADirectoryException">
<Header>
<Loc EndOffset="86" SrcFileId="9" StartOffset="33"/>
</Header>
<LocList>
<Loc EndOffset="307" SrcFileId="9" StartOffset="33"/>
</LocList>
<StmntSeq Intrnl_Id="197">
<LocList>
<Loc EndOffset="304" SrcFileId="9" StartOffset="237"/>
</LocList>
<BasicStmnt CovItemId="S3" CovItemPrefix="se.lnu.http.exceptions.NotADirectoryException.java" Intrnl_Id="198">
<LocList>
<Loc EndOffset="304" SrcFileId="9" StartOffset="237"/>
</LocList>
</BasicStmnt>
</StmntSeq>
<HierarchyLvl HierarchyLvlId="32" HierarchyLvlTypeId="32" Intrnl_Id="199" Name="NotADirectoryException">
<Header>
<Loc EndOffset="135" SrcFileId="9" StartOffset="91"/>
</Header>
<LocList>
<Loc EndOffset="157" SrcFileId="9" StartOffset="91"/>
</LocList>
<StmntSeq Intrnl_Id="200">
<LocList>
<Loc EndOffset="154" SrcFileId="9" StartOffset="140"/>
</LocList>
<BasicStmnt CovItemId="S1" CovItemPrefix="se.lnu.http.exceptions.NotADirectoryException.java" Intrnl_Id="201">
<LocList>
<Loc EndOffset="154" SrcFileId="9" StartOffset="140"/>
</LocList>
</BasicStmnt>
</StmntSeq>
</HierarchyLvl>
<HierarchyLvl HierarchyLvlId="33" HierarchyLvlTypeId="32" Intrnl_Id="202" Name="NotADirectoryException">
<Header>
<Loc EndOffset="202" SrcFileId="9" StartOffset="160"/>
</Header>
<LocList>
<Loc EndOffset="219" SrcFileId="9" StartOffset="160"/>
</LocList>
<StmntSeq Intrnl_Id="203">
<LocList>
<Loc EndOffset="216" SrcFileId="9" StartOffset="207"/>
</LocList>
<BasicStmnt CovItemId="S2" CovItemPrefix="se.lnu.http.exceptions.NotADirectoryException.java" Intrnl_Id="204">
<LocList>
<Loc EndOffset="216" SrcFileId="9" StartOffset="207"/>
</LocList>
</BasicStmnt>
</StmntSeq>
</HierarchyLvl>
</HierarchyLvl>
<HierarchyLvl HierarchyLvlId="36" HierarchyLvlTypeId="31" Intrnl_Id="205" Name="MalformedRequestException">
<Header>
<Loc EndOffset="89" SrcFileId="10" StartOffset="33"/>
</Header>
<LocList>
<Loc EndOffset="263" SrcFileId="10" StartOffset="33"/>
</LocList>
<StmntSeq Intrnl_Id="206">
<LocList>
<Loc EndOffset="260" SrcFileId="10" StartOffset="195"/>
</LocList>
<BasicStmnt CovItemId="S2" CovItemPrefix="se.lnu.http.exceptions.MalformedRequestException.java" Intrnl_Id="207">
<LocList>
<Loc EndOffset="260" SrcFileId="10" StartOffset="195"/>
</LocList>
</BasicStmnt>
</StmntSeq>
<HierarchyLvl HierarchyLvlId="35" HierarchyLvlTypeId="32" Intrnl_Id="208" Name="MalformedRequestException">
<Header>
<Loc EndOffset="148" SrcFileId="10" StartOffset="94"/>
</Header>
<LocList>
<Loc EndOffset="177" SrcFileId="10" StartOffset="94"/>
</LocList>
<StmntSeq Intrnl_Id="209">
<LocList>
<Loc EndOffset="174" SrcFileId="10" StartOffset="153"/>
</LocList>
<BasicStmnt CovItemId="S1" CovItemPrefix="se.lnu.http.exceptions.MalformedRequestException.java" Intrnl_Id="210">
<LocList>
<Loc EndOffset="174" SrcFileId="10" StartOffset="153"/>
</LocList>
</BasicStmnt>
</StmntSeq>
</HierarchyLvl>
</HierarchyLvl>
<HierarchyLvl HierarchyLvlId="38" HierarchyLvlTypeId="31" Intrnl_Id="211" Name="InvalidPortException">
<Header>
<Loc EndOffset="84" SrcFileId="11" StartOffset="33"/>
</Header>
<LocList>
<Loc EndOffset="240" SrcFileId="11" StartOffset="33"/>
</LocList>
<StmntSeq Intrnl_Id="212">
<LocList>
<Loc EndOffset="167" SrcFileId="11" StartOffset="104"/>
</LocList>
<BasicStmnt CovItemId="S1" CovItemPrefix="se.lnu.http.exceptions.InvalidPortException.java" Intrnl_Id="213">
<LocList>
<Loc EndOffset="167" SrcFileId="11" StartOffset="104"/>
</LocList>
</BasicStmnt>
</StmntSeq>
<HierarchyLvl HierarchyLvlId="37" HierarchyLvlTypeId="32" Intrnl_Id="214" Name="InvalidPortException">
<Header>
<Loc EndOffset="212" SrcFileId="11" StartOffset="170"/>
</Header>
<LocList>
<Loc EndOffset="234" SrcFileId="11" StartOffset="170"/>
</LocList>
<StmntSeq Intrnl_Id="215">
<LocList>
<Loc EndOffset="231" SrcFileId="11" StartOffset="217"/>
</LocList>
<BasicStmnt CovItemId="S2" CovItemPrefix="se.lnu.http.exceptions.InvalidPortException.java" Intrnl_Id="216">
<LocList>
<Loc EndOffset="231" SrcFileId="11" StartOffset="217"/>
</LocList>
</BasicStmnt>
</StmntSeq>
</HierarchyLvl>
</HierarchyLvl>
</HierarchyLvl>
<HierarchyLvl HierarchyLvlId="102" HierarchyLvlTypeId="30" Intrnl_Id="217" Name="client">
<Header/>
<LocList/>
<HierarchyLvl HierarchyLvlId="41" HierarchyLvlTypeId="31" Intrnl_Id="218" Name="SocketClient">
<Header>
<Loc EndOffset="274" SrcFileId="12" StartOffset="249"/>
</Header>
<LocList>
<Loc EndOffset="1041" SrcFileId="12" StartOffset="249"/>
</LocList>
<HierarchyLvl HierarchyLvlId="39" HierarchyLvlTypeId="32" Intrnl_Id="219" Name="SocketClient">
<Header>
<Loc EndOffset="400" SrcFileId="12" StartOffset="337"/>
</Header>
<LocList>
<Loc EndOffset="457" SrcFileId="12" StartOffset="337"/>
</LocList>
<StmntSeq Intrnl_Id="220">
<LocList>
<Loc EndOffset="430" SrcFileId="12" StartOffset="405"/>
<Loc EndOffset="454" SrcFileId="12" StartOffset="433"/>
</LocList>
<BasicStmnt CovItemId="S1" CovItemPrefix="se.lnu.http.client.SocketClient.java" Intrnl_Id="221">
<LocList>
<Loc EndOffset="430" SrcFileId="12" StartOffset="405"/>
</LocList>
</BasicStmnt>
<BasicStmnt CovItemId="S2" CovItemPrefix="se.lnu.http.client.SocketClient.java" Intrnl_Id="222">
<LocList>
<Loc EndOffset="454" SrcFileId="12" StartOffset="433"/>
</LocList>
</BasicStmnt>
</StmntSeq>
</HierarchyLvl>
<HierarchyLvl HierarchyLvlId="40" HierarchyLvlTypeId="32" Intrnl_Id="223" Name="get">
<Header>
<Loc EndOffset="542" SrcFileId="12" StartOffset="460"/>
</Header>
<LocList>
<Loc EndOffset="1039" SrcFileId="12" StartOffset="460"/>
</LocList>
<StmntSeq Intrnl_Id="224">
<LocList>
<Loc EndOffset="632" SrcFileId="12" StartOffset="559"/>
<Loc EndOffset="666" SrcFileId="12" StartOffset="636"/>
<Loc EndOffset="763" SrcFileId="12" StartOffset="670"/>
<Loc EndOffset="858" SrcFileId="12" StartOffset="767"/>
<Loc EndOffset="925" SrcFileId="12" StartOffset="866"/>
<Loc EndOffset="948" SrcFileId="12" StartOffset="933"/>
<Loc EndOffset="968" SrcFileId="12" StartOffset="956"/>
<Loc EndOffset="1031" SrcFileId="12" StartOffset="550"/>
</LocList>
<BasicStmnt CovItemId="S4" CovItemPrefix="se.lnu.http.client.SocketClient.java" Intrnl_Id="225">
<LocList>
<Loc EndOffset="632" SrcFileId="12" StartOffset="559"/>
</LocList>
</BasicStmnt>
<BasicStmnt CovItemId="S5" CovItemPrefix="se.lnu.http.client.SocketClient.java" Intrnl_Id="226">
<LocList>
<Loc EndOffset="666" SrcFileId="12" StartOffset="636"/>
</LocList>
</BasicStmnt>
<BasicStmnt CovItemId="S6" CovItemPrefix="se.lnu.http.client.SocketClient.java" Intrnl_Id="227">
<LocList>
<Loc EndOffset="763" SrcFileId="12" StartOffset="670"/>
</LocList>
</BasicStmnt>
<BasicStmnt CovItemId="S7" CovItemPrefix="se.lnu.http.client.SocketClient.java" Intrnl_Id="228">
<LocList>
<Loc EndOffset="858" SrcFileId="12" StartOffset="767"/>
</LocList>
</BasicStmnt>
<BasicStmnt CovItemId="S8" CovItemPrefix="se.lnu.http.client.SocketClient.java" Intrnl_Id="229">
<LocList>
<Loc EndOffset="925" SrcFileId="12" StartOffset="866"/>
</LocList>
</BasicStmnt>
<BasicStmnt CovItemId="S9" CovItemPrefix="se.lnu.http.client.SocketClient.java" Intrnl_Id="230">
<LocList>
<Loc EndOffset="948" SrcFileId="12" StartOffset="933"/>
</LocList>
</BasicStmnt>
<BasicStmnt CovItemId="S10" CovItemPrefix="se.lnu.http.client.SocketClient.java" Intrnl_Id="231">
<LocList>
<Loc EndOffset="968" SrcFileId="12" StartOffset="956"/>
</LocList>
</BasicStmnt>
<CondStmnt CovItemId="S3" CovItemPrefix="se.lnu.http.client.SocketClient.java" Intrnl_Id="232">
<Branch CovItemId="B1" CovItemPrefix="se.lnu.http.client.SocketClient.java" Implct="true" Intrnl_Id="233">
<Cond/>
<LocList/>
<StmntSeq Intrnl_Id="234">
<LocList/>
</StmntSeq>
</Branch>
<Branch CovItemId="B2" CovItemPrefix="se.lnu.http.client.SocketClient.java" Implct="false" Intrnl_Id="235">
<Cond>
<Loc EndOffset="994" SrcFileId="12" StartOffset="973"/>
</Cond>
<LocList>
<Loc EndOffset="1031" SrcFileId="12" StartOffset="995"/>
</LocList>
<StmntSeq Intrnl_Id="236">
<LocList>
<Loc EndOffset="1015" SrcFileId="12" StartOffset="1000"/>
<Loc EndOffset="1027" SrcFileId="12" StartOffset="1019"/>
</LocList>
<BasicStmnt CovItemId="S11" CovItemPrefix="se.lnu.http.client.SocketClient.java" Intrnl_Id="237">
<LocList>
<Loc EndOffset="1015" SrcFileId="12" StartOffset="1000"/>
</LocList>
</BasicStmnt>
<BasicStmnt CovItemId="S12" CovItemPrefix="se.lnu.http.client.SocketClient.java" Intrnl_Id="238">
<LocList>
<Loc EndOffset="1027" SrcFileId="12" StartOffset="1019"/>
</LocList>
</BasicStmnt>
</StmntSeq>
</Branch>
<Keyword EndOffset="553" SrcFileId="12" StartOffset="550"/>
<LocList>
<Loc EndOffset="1031" SrcFileId="12" StartOffset="550"/>
</LocList>
</CondStmnt>
</StmntSeq>
</HierarchyLvl>
</HierarchyLvl>
<HierarchyLvl HierarchyLvlId="43" HierarchyLvlTypeId="31" Intrnl_Id="239" Name="HTTPGetProtocoll">
<Header>
<Loc EndOffset="181" SrcFileId="13" StartOffset="152"/>
</Header>
<LocList>
<Loc EndOffset="556" SrcFileId="13" StartOffset="152"/>
</LocList>
<HierarchyLvl HierarchyLvlId="42" HierarchyLvlTypeId="32" Intrnl_Id="240" Name="doGet">
<Header>
<Loc EndOffset="301" SrcFileId="13" StartOffset="188"/>
</Header>
<LocList>
<Loc EndOffset="551" SrcFileId="13" StartOffset="188"/>
</LocList>
<StmntSeq Intrnl_Id="241">
<LocList>
<Loc EndOffset="385" SrcFileId="13" StartOffset="306"/>
<Loc EndOffset="406" SrcFileId="13" StartOffset="388"/>
<Loc EndOffset="459" SrcFileId="13" StartOffset="412"/>
<Loc EndOffset="500" SrcFileId="13" StartOffset="462"/>
<Loc EndOffset="533" SrcFileId="13" StartOffset="503"/>
<Loc EndOffset="548" SrcFileId="13" StartOffset="536"/>
</LocList>
<BasicStmnt CovItemId="S1" CovItemPrefix="se.lnu.http.client.HTTPGetProtocoll.java" Intrnl_Id="242">
<LocList>
<Loc EndOffset="385" SrcFileId="13" StartOffset="306"/>
</LocList>
</BasicStmnt>
<BasicStmnt CovItemId="S2" CovItemPrefix="se.lnu.http.client.HTTPGetProtocoll.java" Intrnl_Id="243">
<LocList>
<Loc EndOffset="406" SrcFileId="13" StartOffset="388"/>
</LocList>
</BasicStmnt>
<BasicStmnt CovItemId="S3" CovItemPrefix="se.lnu.http.client.HTTPGetProtocoll.java" Intrnl_Id="244">
<LocList>
<Loc EndOffset="459" SrcFileId="13" StartOffset="412"/>
</LocList>
</BasicStmnt>
<BasicStmnt CovItemId="S4" CovItemPrefix="se.lnu.http.client.HTTPGetProtocoll.java" Intrnl_Id="245">
<LocList>
<Loc EndOffset="500" SrcFileId="13" StartOffset="462"/>
</LocList>
</BasicStmnt>
<BasicStmnt CovItemId="S5" CovItemPrefix="se.lnu.http.client.HTTPGetProtocoll.java" Intrnl_Id="246">
<LocList>
<Loc EndOffset="533" SrcFileId="13" StartOffset="503"/>
</LocList>
</BasicStmnt>
<BasicStmnt CovItemId="S6" CovItemPrefix="se.lnu.http.client.HTTPGetProtocoll.java" Intrnl_Id="247">
<LocList>
<Loc EndOffset="548" SrcFileId="13" StartOffset="536"/>
</LocList>
</BasicStmnt>
</StmntSeq>
</HierarchyLvl>
</HierarchyLvl>
</HierarchyLvl>
<HierarchyLvl HierarchyLvlId="46" HierarchyLvlTypeId="31" Intrnl_Id="248" Name="SharedFolder">
<Header>
<Loc EndOffset="135" SrcFileId="14" StartOffset="110"/>
</Header>
<LocList>
<Loc EndOffset="899" SrcFileId="14" StartOffset="110"/>
</LocList>
<HierarchyLvl HierarchyLvlId="44" HierarchyLvlTypeId="32" Intrnl_Id="249" Name="SharedFolder">
<Header>
<Loc EndOffset="224" SrcFileId="14" StartOffset="183"/>
</Header>
<LocList>
<Loc EndOffset="312" SrcFileId="14" StartOffset="183"/>
</LocList>
<StmntSeq Intrnl_Id="250">
<LocList>
<Loc EndOffset="309" SrcFileId="14" StartOffset="270"/>
</LocList>
<BasicStmnt CovItemId="S1" CovItemPrefix="se.lnu.http.SharedFolder.java" Intrnl_Id="251">
<LocList>
<Loc EndOffset="309" SrcFileId="14" StartOffset="270"/>
</LocList>
</BasicStmnt>
</StmntSeq>
</HierarchyLvl>
<HierarchyLvl HierarchyLvlId="45" HierarchyLvlTypeId="32" Intrnl_Id="252" Name="getURL">
<Header>
<Loc EndOffset="373" SrcFileId="14" StartOffset="315"/>
</Header>
<LocList>
<Loc EndOffset="896" SrcFileId="14" StartOffset="315"/>
</LocList>
<StmntSeq Intrnl_Id="253">
<LocList>
<Loc EndOffset="468" SrcFileId="14" StartOffset="398"/>
<Loc EndOffset="523" SrcFileId="14" StartOffset="471"/>
<Loc EndOffset="581" SrcFileId="14" StartOffset="529"/>
<Loc EndOffset="641" SrcFileId="14" StartOffset="584"/>
<Loc EndOffset="721" SrcFileId="14" StartOffset="644"/>
<Loc EndOffset="807" SrcFileId="14" StartOffset="724"/>
<Loc EndOffset="850" SrcFileId="14" StartOffset="810"/>
<Loc EndOffset="890" SrcFileId="14" StartOffset="856"/>
</LocList>
<CondStmnt CovItemId="S2" CovItemPrefix="se.lnu.http.SharedFolder.java" Intrnl_Id="254">
<Branch CovItemId="B1" CovItemPrefix="se.lnu.http.SharedFolder.java" Implct="false" Intrnl_Id="255">
<Cond/>
<LocList>
<Loc EndOffset="468" SrcFileId="14" StartOffset="430"/>
</LocList>
<StmntSeq Intrnl_Id="256">
<LocList>
<Loc EndOffset="464" SrcFileId="14" StartOffset="435"/>
</LocList>
<BasicStmnt CovItemId="S3" CovItemPrefix="se.lnu.http.SharedFolder.java" Intrnl_Id="257">
<LocList>
<Loc EndOffset="464" SrcFileId="14" StartOffset="435"/>
</LocList>
</BasicStmnt>
</StmntSeq>
</Branch>
<Branch CovItemId="B2" CovItemPrefix="se.lnu.http.SharedFolder.java" Implct="true" Intrnl_Id="258">
<Cond/>
<LocList/>
<StmntSeq Intrnl_Id="259">
<LocList/>
</StmntSeq>
</Branch>
<Keyword EndOffset="400" SrcFileId="14" StartOffset="398"/>
<LocList>
<Loc EndOffset="468" SrcFileId="14" StartOffset="398"/>
</LocList>
<RootTerm CovItemId="C1" CovItemPrefix="se.lnu.http.SharedFolder.java" Intrnl_Id="260">
<BasicBoolTerm Intrnl_Id="261">
<LocList>
<Loc EndOffset="428" SrcFileId="14" StartOffset="402"/>
</LocList>
</BasicBoolTerm>
</RootTerm>
</CondStmnt>
<BasicStmnt CovItemId="S4" CovItemPrefix="se.lnu.http.SharedFolder.java" Intrnl_Id="262">
<LocList>
<Loc EndOffset="523" SrcFileId="14" StartOffset="471"/>
</LocList>
</BasicStmnt>
<BasicStmnt CovItemId="S5" CovItemPrefix="se.lnu.http.SharedFolder.java" Intrnl_Id="263">
<LocList>
<Loc EndOffset="581" SrcFileId="14" StartOffset="529"/>
</LocList>
</BasicStmnt>
<BasicStmnt CovItemId="S6" CovItemPrefix="se.lnu.http.SharedFolder.java" Intrnl_Id="264">
<LocList>
<Loc EndOffset="641" SrcFileId="14" StartOffset="584"/>
</LocList>
</BasicStmnt>
<BasicStmnt CovItemId="S7" CovItemPrefix="se.lnu.http.SharedFolder.java" Intrnl_Id="265">
<LocList>
<Loc EndOffset="721" SrcFileId="14" StartOffset="644"/>
</LocList>
</BasicStmnt>
<CondStmnt CovItemId="S8" CovItemPrefix="se.lnu.http.SharedFolder.java" Intrnl_Id="266">
<Branch CovItemId="B3" CovItemPrefix="se.lnu.http.SharedFolder.java" Implct="false" Intrnl_Id="267">
<Cond/>
<LocList>
<Loc EndOffset="807" SrcFileId="14" StartOffset="767"/>
</LocList>
<StmntSeq Intrnl_Id="268">
<LocList>
<Loc EndOffset="802" SrcFileId="14" StartOffset="772"/>
</LocList>
<BasicStmnt CovItemId="S9" CovItemPrefix="se.lnu.http.SharedFolder.java" Intrnl_Id="269">
<LocList>
<Loc EndOffset="802" SrcFileId="14" StartOffset="772"/>
</LocList>
</BasicStmnt>
</StmntSeq>
</Branch>
<Branch CovItemId="B4" CovItemPrefix="se.lnu.http.SharedFolder.java" Implct="true" Intrnl_Id="270">
<Cond/>
<LocList/>
<StmntSeq Intrnl_Id="271">
<LocList/>
</StmntSeq>
</Branch>
<Keyword EndOffset="726" SrcFileId="14" StartOffset="724"/>
<LocList>
<Loc EndOffset="807" SrcFileId="14" StartOffset="724"/>
</LocList>
<RootTerm CovItemId="C2" CovItemPrefix="se.lnu.http.SharedFolder.java" Intrnl_Id="272">
<BasicBoolTerm Intrnl_Id="273">
<LocList>
<Loc EndOffset="765" SrcFileId="14" StartOffset="728"/>
</LocList>
</BasicBoolTerm>
</RootTerm>
</CondStmnt>
<CondStmnt CovItemId="S10" CovItemPrefix="se.lnu.http.SharedFolder.java" Intrnl_Id="274">
<Branch CovItemId="B5" CovItemPrefix="se.lnu.http.SharedFolder.java" Implct="false" Intrnl_Id="275">
<Cond/>
<LocList>
<Loc EndOffset="850" SrcFileId="14" StartOffset="829"/>
</LocList>
<StmntSeq Intrnl_Id="276">
<LocList>
<Loc EndOffset="846" SrcFileId="14" StartOffset="834"/>
</LocList>
<BasicStmnt CovItemId="S11" CovItemPrefix="se.lnu.http.SharedFolder.java" Intrnl_Id="277">
<LocList>
<Loc EndOffset="846" SrcFileId="14" StartOffset="834"/>
</LocList>
</BasicStmnt>
</StmntSeq>
</Branch>
<Branch CovItemId="B6" CovItemPrefix="se.lnu.http.SharedFolder.java" Implct="true" Intrnl_Id="278">
<Cond/>
<LocList/>
<StmntSeq Intrnl_Id="279">
<LocList/>
</StmntSeq>
</Branch>
<Keyword EndOffset="812" SrcFileId="14" StartOffset="810"/>
<LocList>
<Loc EndOffset="850" SrcFileId="14" StartOffset="810"/>
</LocList>
<RootTerm CovItemId="C3" CovItemPrefix="se.lnu.http.SharedFolder.java" Intrnl_Id="280">
<BasicBoolTerm Intrnl_Id="281">
<LocList>
<Loc EndOffset="827" SrcFileId="14" StartOffset="814"/>
</LocList>
</BasicBoolTerm>
</RootTerm>
</CondStmnt>
<BasicStmnt CovItemId="S12" CovItemPrefix="se.lnu.http.SharedFolder.java" Intrnl_Id="282">
<LocList>
<Loc EndOffset="890" SrcFileId="14" StartOffset="856"/>
</LocList>
</BasicStmnt>
</StmntSeq>
</HierarchyLvl>
</HierarchyLvl>
<HierarchyLvl HierarchyLvlId="48" HierarchyLvlTypeId="31" Intrnl_Id="283" Name="ServerFactory">
<Header>
<Loc EndOffset="70" SrcFileId="15" StartOffset="44"/>
</Header>
<LocList>
<Loc EndOffset="237" SrcFileId="15" StartOffset="44"/>
</LocList>
<HierarchyLvl HierarchyLvlId="47" HierarchyLvlTypeId="32" Intrnl_Id="284" Name="create">
<Header>
<Loc EndOffset="157" SrcFileId="15" StartOffset="75"/>
</Header>
<LocList>
<Loc EndOffset="234" SrcFileId="15" StartOffset="75"/>
</LocList>
<StmntSeq Intrnl_Id="285">
<LocList>
<Loc EndOffset="231" SrcFileId="15" StartOffset="162"/>
</LocList>
<BasicStmnt CovItemId="S1" CovItemPrefix="se.lnu.http.ServerFactory.java" Intrnl_Id="286">
<LocList>
<Loc EndOffset="231" SrcFileId="15" StartOffset="162"/>
</LocList>
</BasicStmnt>
</StmntSeq>
</HierarchyLvl>
</HierarchyLvl>
<HierarchyLvl HierarchyLvlId="51" HierarchyLvlTypeId="31" Intrnl_Id="287" Name="ResponseFactory">
<Header>
<Loc EndOffset="455" SrcFileId="16" StartOffset="427"/>
</Header>
<LocList>
<Loc EndOffset="1114" SrcFileId="16" StartOffset="427"/>
</LocList>
<HierarchyLvl HierarchyLvlId="49" HierarchyLvlTypeId="32" Intrnl_Id="288" Name="ResponseFactory">
<Header>
<Loc EndOffset="535" SrcFileId="16" StartOffset="492"/>
</Header>
<LocList>
<Loc EndOffset="564" SrcFileId="16" StartOffset="492"/>
</LocList>
<StmntSeq Intrnl_Id="289">
<LocList>
<Loc EndOffset="561" SrcFileId="16" StartOffset="540"/>
</LocList>
<BasicStmnt CovItemId="S1" CovItemPrefix="se.lnu.http.ResponseFactory.java" Intrnl_Id="290">
<LocList>
<Loc EndOffset="561" SrcFileId="16" StartOffset="540"/>
</LocList>
</BasicStmnt>
</StmntSeq>
</HierarchyLvl>
<HierarchyLvl HierarchyLvlId="50" HierarchyLvlTypeId="32" Intrnl_Id="291" Name="getResponse">
<Header>
<Loc EndOffset="638" SrcFileId="16" StartOffset="567"/>
</Header>
<LocList>
<Loc EndOffset="1107" SrcFileId="16" StartOffset="567"/>
</LocList>
<StmntSeq Intrnl_Id="292">
<LocList>
<Loc EndOffset="691" SrcFileId="16" StartOffset="643"/>
<Loc EndOffset="1031" SrcFileId="16" StartOffset="695"/>
<Loc EndOffset="1104" SrcFileId="16" StartOffset="1038"/>
</LocList>
<BasicStmnt CovItemId="S2" CovItemPrefix="se.lnu.http.ResponseFactory.java" Intrnl_Id="293">
<LocList>
<Loc EndOffset="691" SrcFileId="16" StartOffset="643"/>
</LocList>
</BasicStmnt>
<CondStmnt CovItemId="S3" CovItemPrefix="se.lnu.http.ResponseFactory.java" Intrnl_Id="294">
<Branch CovItemId="B1" CovItemPrefix="se.lnu.http.ResponseFactory.java" Implct="false" Intrnl_Id="295">
<Cond/>
<LocList>
<Loc EndOffset="1031" SrcFileId="16" StartOffset="733"/>
</LocList>
<StmntSeq Intrnl_Id="296">
<LocList>
<Loc EndOffset="792" SrcFileId="16" StartOffset="748"/>
<Loc EndOffset="831" SrcFileId="16" StartOffset="797"/>
<Loc EndOffset="1023" SrcFileId="16" StartOffset="738"/>
</LocList>
<BasicStmnt CovItemId="S5" CovItemPrefix="se.lnu.http.ResponseFactory.java" Intrnl_Id="297">
<LocList>
<Loc EndOffset="792" SrcFileId="16" StartOffset="748"/>
</LocList>
</BasicStmnt>
<BasicStmnt CovItemId="S6" CovItemPrefix="se.lnu.http.ResponseFactory.java" Intrnl_Id="298">
<LocList>
<Loc EndOffset="831" SrcFileId="16" StartOffset="797"/>
</LocList>
</BasicStmnt>
<CondStmnt CovItemId="S4" CovItemPrefix="se.lnu.http.ResponseFactory.java" Intrnl_Id="299">
<Branch CovItemId="B3" CovItemPrefix="se.lnu.http.ResponseFactory.java" Implct="true" Intrnl_Id="300">
<Cond/>
<LocList/>
<StmntSeq Intrnl_Id="301">
<LocList/>
</StmntSeq>
</Branch>
<Branch CovItemId="B4" CovItemPrefix="se.lnu.http.ResponseFactory.java" Implct="false" Intrnl_Id="302">
<Cond>
<Loc EndOffset="868" SrcFileId="16" StartOffset="837"/>
</Cond>
<LocList>
<Loc EndOffset="937" SrcFileId="16" StartOffset="869"/>
</LocList>
<StmntSeq Intrnl_Id="303">
<LocList>
<Loc EndOffset="932" SrcFileId="16" StartOffset="875"/>
</LocList>
<BasicStmnt CovItemId="S7" CovItemPrefix="se.lnu.http.ResponseFactory.java" Intrnl_Id="304">
<LocList>
<Loc EndOffset="932" SrcFileId="16" StartOffset="875"/>
</LocList>
</BasicStmnt>
</StmntSeq>
</Branch>
<Branch CovItemId="B5" CovItemPrefix="se.lnu.http.ResponseFactory.java" Implct="false" Intrnl_Id="305">
<Cond>
<Loc EndOffset="965" SrcFileId="16" StartOffset="938"/>
</Cond>
<LocList>
<Loc EndOffset="1023" SrcFileId="16" StartOffset="966"/>
</LocList>
<StmntSeq Intrnl_Id="306">
<LocList>
<Loc EndOffset="1018" SrcFileId="16" StartOffset="972"/>
</LocList>
<BasicStmnt CovItemId="S8" CovItemPrefix="se.lnu.http.ResponseFactory.java" Intrnl_Id="307">
<LocList>
<Loc EndOffset="1018" SrcFileId="16" StartOffset="972"/>
</LocList>
</BasicStmnt>
</StmntSeq>
</Branch>
<Keyword EndOffset="741" SrcFileId="16" StartOffset="738"/>
<LocList>
<Loc EndOffset="1023" SrcFileId="16" StartOffset="738"/>
</LocList>
</CondStmnt>
</StmntSeq>
</Branch>
<Branch CovItemId="B2" CovItemPrefix="se.lnu.http.ResponseFactory.java" Implct="true" Intrnl_Id="308">
<Cond/>
<LocList/>
<StmntSeq Intrnl_Id="309">
<LocList/>
</StmntSeq>
</Branch>
<Keyword EndOffset="697" SrcFileId="16" StartOffset="695"/>
<LocList>
<Loc EndOffset="1031" SrcFileId="16" StartOffset="695"/>
</LocList>
<RootTerm CovItemId="C1" CovItemPrefix="se.lnu.http.ResponseFactory.java" Intrnl_Id="310">
<BasicBoolTerm Intrnl_Id="311">
<LocList>
<Loc EndOffset="731" SrcFileId="16" StartOffset="699"/>
</LocList>
</BasicBoolTerm>
</RootTerm>
</CondStmnt>
<BasicStmnt CovItemId="S9" CovItemPrefix="se.lnu.http.ResponseFactory.java" Intrnl_Id="312">
<LocList>
<Loc EndOffset="1104" SrcFileId="16" StartOffset="1038"/>
</LocList>
</BasicStmnt>
</StmntSeq>
</HierarchyLvl>
</HierarchyLvl>
<HierarchyLvl HierarchyLvlId="54" HierarchyLvlTypeId="31" Intrnl_Id="313" Name="Port">
<Header>
<Loc EndOffset="92" SrcFileId="17" StartOffset="75"/>
</Header>
<LocList>
<Loc EndOffset="461" SrcFileId="17" StartOffset="75"/>
</LocList>
<HierarchyLvl HierarchyLvlId="52" HierarchyLvlTypeId="32" Intrnl_Id="314" Name="Port">
<Header>
<Loc EndOffset="178" SrcFileId="17" StartOffset="123"/>
</Header>
<LocList>
<Loc EndOffset="371" SrcFileId="17" StartOffset="123"/>
</LocList>
<StmntSeq Intrnl_Id="315">
<LocList>
<Loc EndOffset="330" SrcFileId="17" StartOffset="183"/>
<Loc EndOffset="365" SrcFileId="17" StartOffset="336"/>
</LocList>
<CondStmnt CovItemId="S1" CovItemPrefix="se.lnu.http.Port.java" Intrnl_Id="316">
<Branch CovItemId="B1" CovItemPrefix="se.lnu.http.Port.java" Implct="false" Intrnl_Id="317">
<Cond/>
<LocList>
<Loc EndOffset="330" SrcFileId="17" StartOffset="226"/>
</LocList>
<StmntSeq Intrnl_Id="318">
<LocList>
<Loc EndOffset="326" SrcFileId="17" StartOffset="231"/>
</LocList>
<BasicStmnt CovItemId="S2" CovItemPrefix="se.lnu.http.Port.java" Intrnl_Id="319">
<LocList>
<Loc EndOffset="326" SrcFileId="17" StartOffset="231"/>
</LocList>
</BasicStmnt>
</StmntSeq>
</Branch>
<Branch CovItemId="B2" CovItemPrefix="se.lnu.http.Port.java" Implct="true" Intrnl_Id="320">
<Cond/>
<LocList/>
<StmntSeq Intrnl_Id="321">
<LocList/>
</StmntSeq>
</Branch>
<Keyword EndOffset="185" SrcFileId="17" StartOffset="183"/>
<LocList>
<Loc EndOffset="330" SrcFileId="17" StartOffset="183"/>
</LocList>
<RootTerm CovItemId="C1" CovItemPrefix="se.lnu.http.Port.java" Intrnl_Id="322">
<OpTerm BooleanOpId="28" Intrnl_Id="323">
<BasicBoolTerm Intrnl_Id="324">
<LocList>
<Loc EndOffset="202" SrcFileId="17" StartOffset="187"/>
</LocList>
</BasicBoolTerm>
<BasicBoolTerm Intrnl_Id="325">
<LocList>
<Loc EndOffset="224" SrcFileId="17" StartOffset="206"/>
</LocList>
</BasicBoolTerm>
<LocList>
<Loc EndOffset="205" SrcFileId="17" StartOffset="203"/>
</LocList>
</OpTerm>
</RootTerm>
</CondStmnt>
<BasicStmnt CovItemId="S3" CovItemPrefix="se.lnu.http.Port.java" Intrnl_Id="326">
<LocList>
<Loc EndOffset="365" SrcFileId="17" StartOffset="336"/>
</LocList>
</BasicStmnt>
</StmntSeq>
</HierarchyLvl>
<HierarchyLvl HierarchyLvlId="53" HierarchyLvlTypeId="32" Intrnl_Id="327" Name="getPort">
<Header>
<Loc EndOffset="394" SrcFileId="17" StartOffset="374"/>
</Header>
<LocList>
<Loc EndOffset="457" SrcFileId="17" StartOffset="374"/>
</LocList>
<StmntSeq Intrnl_Id="328">
<LocList>
<Loc EndOffset="454" SrcFileId="17" StartOffset="436"/>
</LocList>
<BasicStmnt CovItemId="S4" CovItemPrefix="se.lnu.http.Port.java" Intrnl_Id="329">
<LocList>
<Loc EndOffset="454" SrcFileId="17" StartOffset="436"/>
</LocList>
</BasicStmnt>
</StmntSeq>
</HierarchyLvl>
</HierarchyLvl>
<HierarchyLvl HierarchyLvlId="61" HierarchyLvlTypeId="34" Intrnl_Id="330" Name="HTTPServerObserver">
<Header>
<Loc EndOffset="57" SrcFileId="18" StartOffset="22"/>
</Header>
<LocList>
<Loc EndOffset="209" SrcFileId="18" StartOffset="22"/>
</LocList>
<HierarchyLvl HierarchyLvlId="55" HierarchyLvlTypeId="32" Intrnl_Id="331" Name="serverConstructed">
<Header>
<Loc EndOffset="86" SrcFileId="18" StartOffset="62"/>
</Header>
<LocList>
<Loc EndOffset="87" SrcFileId="18" StartOffset="62"/>
</LocList>
</HierarchyLvl>
<HierarchyLvl HierarchyLvlId="56" HierarchyLvlTypeId="32" Intrnl_Id="332" Name="serverStarted">
<Header>
<Loc EndOffset="110" SrcFileId="18" StartOffset="90"/>
</Header>
<LocList>
<Loc EndOffset="111" SrcFileId="18" StartOffset="90"/>
</LocList>
</HierarchyLvl>
<HierarchyLvl HierarchyLvlId="57" HierarchyLvlTypeId="32" Intrnl_Id="333" Name="serverStopped">
<Header>
<Loc EndOffset="134" SrcFileId="18" StartOffset="114"/>
</Header>
<LocList>
<Loc EndOffset="135" SrcFileId="18" StartOffset="114"/>
</LocList>
</HierarchyLvl>
<HierarchyLvl HierarchyLvlId="58" HierarchyLvlTypeId="32" Intrnl_Id="334" Name="closedAccept">
<Header>
<Loc EndOffset="157" SrcFileId="18" StartOffset="138"/>
</Header>
<LocList>
<Loc EndOffset="158" SrcFileId="18" StartOffset="138"/>
</LocList>
</HierarchyLvl>
<HierarchyLvl HierarchyLvlId="59" HierarchyLvlTypeId="32" Intrnl_Id="335" Name="startedClient">
<Header>
<Loc EndOffset="181" SrcFileId="18" StartOffset="161"/>
</Header>
<LocList>
<Loc EndOffset="182" SrcFileId="18" StartOffset="161"/>
</LocList>
</HierarchyLvl>
<HierarchyLvl HierarchyLvlId="60" HierarchyLvlTypeId="32" Intrnl_Id="336" Name="waitForClient">
<Header>
<Loc EndOffset="205" SrcFileId="18" StartOffset="185"/>
</Header>
<LocList>
<Loc EndOffset="206" SrcFileId="18" StartOffset="185"/>
</LocList>
</HierarchyLvl>
</HierarchyLvl>
<HierarchyLvl HierarchyLvlId="65" HierarchyLvlTypeId="31" Intrnl_Id="337" Name="HTTPServerConsole">
<Header>
<Loc EndOffset="165" SrcFileId="19" StartOffset="135"/>
</Header>
<LocList>
<Loc EndOffset="1024" SrcFileId="19" StartOffset="135"/>
</LocList>
<HierarchyLvl HierarchyLvlId="62" HierarchyLvlTypeId="32" Intrnl_Id="338" Name="HTTPServerConsole">
<Header>
<Loc EndOffset="295" SrcFileId="19" StartOffset="229"/>
</Header>
<LocList>
<Loc EndOffset="346" SrcFileId="19" StartOffset="229"/>
</LocList>
<StmntSeq Intrnl_Id="339">
<LocList>
<Loc EndOffset="317" SrcFileId="19" StartOffset="300"/>
<Loc EndOffset="343" SrcFileId="19" StartOffset="320"/>
</LocList>
<BasicStmnt CovItemId="S1" CovItemPrefix="se.lnu.http.HTTPServerConsole.java" Intrnl_Id="340">
<LocList>
<Loc EndOffset="317" SrcFileId="19" StartOffset="300"/>
</LocList>
</BasicStmnt>
<BasicStmnt CovItemId="S2" CovItemPrefix="se.lnu.http.HTTPServerConsole.java" Intrnl_Id="341">
<LocList>
<Loc EndOffset="343" SrcFileId="19" StartOffset="320"/>
</LocList>
</BasicStmnt>
</StmntSeq>
</HierarchyLvl>
<HierarchyLvl HierarchyLvlId="63" HierarchyLvlTypeId="32" Intrnl_Id="342" Name="main">
<Header>
<Loc EndOffset="453" SrcFileId="19" StartOffset="398"/>
</Header>
<LocList>
<Loc EndOffset="645" SrcFileId="19" StartOffset="398"/>
</LocList>
<StmntSeq Intrnl_Id="343">
<LocList>
<Loc EndOffset="499" SrcFileId="19" StartOffset="458"/>
<Loc EndOffset="546" SrcFileId="19" StartOffset="502"/>
<Loc EndOffset="613" SrcFileId="19" StartOffset="549"/>
<Loc EndOffset="636" SrcFileId="19" StartOffset="616"/>
</LocList>
<BasicStmnt CovItemId="S3" CovItemPrefix="se.lnu.http.HTTPServerConsole.java" Intrnl_Id="344">
<LocList>
<Loc EndOffset="499" SrcFileId="19" StartOffset="458"/>
</LocList>
</BasicStmnt>
<BasicStmnt CovItemId="S4" CovItemPrefix="se.lnu.http.HTTPServerConsole.java" Intrnl_Id="345">
<LocList>
<Loc EndOffset="546" SrcFileId="19" StartOffset="502"/>
</LocList>
</BasicStmnt>
<BasicStmnt CovItemId="S5" CovItemPrefix="se.lnu.http.HTTPServerConsole.java" Intrnl_Id="346">
<LocList>
<Loc EndOffset="613" SrcFileId="19" StartOffset="549"/>
</LocList>
</BasicStmnt>
<BasicStmnt CovItemId="S6" CovItemPrefix="se.lnu.http.HTTPServerConsole.java" Intrnl_Id="347">
<LocList>
<Loc EndOffset="636" SrcFileId="19" StartOffset="616"/>
</LocList>
</BasicStmnt>
</StmntSeq>
</HierarchyLvl>
<HierarchyLvl HierarchyLvlId="64" HierarchyLvlTypeId="32" Intrnl_Id="348" Name="runConsole">
<Header>
<Loc EndOffset="682" SrcFileId="19" StartOffset="648"/>
</Header>
<LocList>
<Loc EndOffset="1021" SrcFileId="19" StartOffset="648"/>
</LocList>
<StmntSeq Intrnl_Id="349">
<LocList>
<Loc EndOffset="726" SrcFileId="19" StartOffset="699"/>
<Loc EndOffset="773" SrcFileId="19" StartOffset="730"/>
<Loc EndOffset="841" SrcFileId="19" StartOffset="777"/>
<Loc EndOffset="864" SrcFileId="19" StartOffset="849"/>
<Loc EndOffset="953" SrcFileId="19" StartOffset="872"/>
<Loc EndOffset="1018" SrcFileId="19" StartOffset="690"/>
</LocList>
<BasicStmnt CovItemId="S8" CovItemPrefix="se.lnu.http.HTTPServerConsole.java" Intrnl_Id="350">
<LocList>
<Loc EndOffset="726" SrcFileId="19" StartOffset="699"/>
</LocList>
</BasicStmnt>
<BasicStmnt CovItemId="S9" CovItemPrefix="se.lnu.http.HTTPServerConsole.java" Intrnl_Id="351">
<LocList>
<Loc EndOffset="773" SrcFileId="19" StartOffset="730"/>
</LocList>
</BasicStmnt>
<BasicStmnt CovItemId="S10" CovItemPrefix="se.lnu.http.HTTPServerConsole.java" Intrnl_Id="352">
<LocList>
<Loc EndOffset="841" SrcFileId="19" StartOffset="777"/>
</LocList>
</BasicStmnt>
<BasicStmnt CovItemId="S11" CovItemPrefix="se.lnu.http.HTTPServerConsole.java" Intrnl_Id="353">
<LocList>
<Loc EndOffset="864" SrcFileId="19" StartOffset="849"/>
</LocList>
</BasicStmnt>
<LoopStmnt CovItemId="S12" CovItemPrefix="se.lnu.http.HTTPServerConsole.java" Intrnl_Id="354" MltplExecId="L1-2" MltplExecPrefix="se.lnu.http.HTTPServerConsole.java" NvrExecId="L1-0" NvrExecPrefix="se.lnu.http.HTTPServerConsole.java" OnceExecutedId="L1-1" OnceExecutedPrefix="se.lnu.http.HTTPServerConsole.java" OptBodyExec="true">
<StmntSeq Intrnl_Id="355">
<LocList>
<Loc EndOffset="948" SrcFileId="19" StartOffset="890"/>
</LocList>
<CondStmnt CovItemId="S13" CovItemPrefix="se.lnu.http.HTTPServerConsole.java" Intrnl_Id="356">
<Branch CovItemId="B2" CovItemPrefix="se.lnu.http.HTTPServerConsole.java" Implct="false" Intrnl_Id="357">
<Cond/>
<LocList>
<Loc EndOffset="948" SrcFileId="19" StartOffset="909"/>
</LocList>
<StmntSeq Intrnl_Id="358">
<LocList>
<Loc EndOffset="930" SrcFileId="19" StartOffset="916"/>
<Loc EndOffset="942" SrcFileId="19" StartOffset="936"/>
</LocList>
<BasicStmnt CovItemId="S14" CovItemPrefix="se.lnu.http.HTTPServerConsole.java" Intrnl_Id="359">
<LocList>
<Loc EndOffset="930" SrcFileId="19" StartOffset="916"/>
</LocList>
</BasicStmnt>
<BasicStmnt CovItemId="S15" CovItemPrefix="se.lnu.http.HTTPServerConsole.java" Intrnl_Id="360">
<LocList>
<Loc EndOffset="942" SrcFileId="19" StartOffset="936"/>
</LocList>
</BasicStmnt>
</StmntSeq>
</Branch>
<Branch CovItemId="B3" CovItemPrefix="se.lnu.http.HTTPServerConsole.java" Implct="true" Intrnl_Id="361">
<Cond/>
<LocList/>
<StmntSeq Intrnl_Id="362">
<LocList/>
</StmntSeq>
</Branch>
<Keyword EndOffset="892" SrcFileId="19" StartOffset="890"/>
<LocList>
<Loc EndOffset="948" SrcFileId="19" StartOffset="890"/>
</LocList>
<RootTerm CovItemId="C2" CovItemPrefix="se.lnu.http.HTTPServerConsole.java" Intrnl_Id="363">
<BasicBoolTerm Intrnl_Id="364">
<LocList>
<Loc EndOffset="907" SrcFileId="19" StartOffset="894"/>
</LocList>
</BasicBoolTerm>
</RootTerm>
</CondStmnt>
</StmntSeq>
<Keyword EndOffset="877" SrcFileId="19" StartOffset="872"/>
<LocList>
<Loc EndOffset="953" SrcFileId="19" StartOffset="872"/>
</LocList>
</LoopStmnt>
<CondStmnt CovItemId="S7" CovItemPrefix="se.lnu.http.HTTPServerConsole.java" Intrnl_Id="365">
<Branch CovItemId="B1" CovItemPrefix="se.lnu.http.HTTPServerConsole.java" Implct="true" Intrnl_Id="366">
<Cond/>
<LocList/>
<StmntSeq Intrnl_Id="367">
<LocList/>
</StmntSeq>
</Branch>
<Branch CovItemId="B4" CovItemPrefix="se.lnu.http.HTTPServerConsole.java" Implct="false" Intrnl_Id="368">
<Cond>
<Loc EndOffset="992" SrcFileId="19" StartOffset="962"/>
</Cond>
<LocList>
<Loc EndOffset="1018" SrcFileId="19" StartOffset="993"/>
</LocList>
<StmntSeq Intrnl_Id="369">
<LocList>
<Loc EndOffset="1014" SrcFileId="19" StartOffset="998"/>
</LocList>
<BasicStmnt CovItemId="S16" CovItemPrefix="se.lnu.http.HTTPServerConsole.java" Intrnl_Id="370">
<LocList>
<Loc EndOffset="1014" SrcFileId="19" StartOffset="998"/>
</LocList>
</BasicStmnt>
</StmntSeq>
</Branch>
<Keyword EndOffset="693" SrcFileId="19" StartOffset="690"/>
<LocList>
<Loc EndOffset="1018" SrcFileId="19" StartOffset="690"/>
</LocList>
</CondStmnt>
</StmntSeq>
</HierarchyLvl>
</HierarchyLvl>
<HierarchyLvl HierarchyLvlId="69" HierarchyLvlTypeId="31" Intrnl_Id="371" Name="HTTPServer">
<Header>
<Loc EndOffset="178" SrcFileId="20" StartOffset="155"/>
</Header>
<LocList>
<Loc EndOffset="1101" SrcFileId="20" StartOffset="155"/>
</LocList>
<HierarchyLvl HierarchyLvlId="66" HierarchyLvlTypeId="32" Intrnl_Id="372" Name="HTTPServer">
<Header>
<Loc EndOffset="401" SrcFileId="20" StartOffset="318"/>
</Header>
<LocList>
<Loc EndOffset="516" SrcFileId="20" StartOffset="318"/>
</LocList>
<StmntSeq Intrnl_Id="373">
<LocList>
<Loc EndOffset="423" SrcFileId="20" StartOffset="406"/>
<Loc EndOffset="451" SrcFileId="20" StartOffset="426"/>
<Loc EndOffset="471" SrcFileId="20" StartOffset="454"/>
<Loc EndOffset="513" SrcFileId="20" StartOffset="474"/>
</LocList>
<BasicStmnt CovItemId="S1" CovItemPrefix="se.lnu.http.HTTPServer.java" Intrnl_Id="374">
<LocList>
<Loc EndOffset="423" SrcFileId="20" StartOffset="406"/>
</LocList>
</BasicStmnt>
<BasicStmnt CovItemId="S2" CovItemPrefix="se.lnu.http.HTTPServer.java" Intrnl_Id="375">
<LocList>
<Loc EndOffset="451" SrcFileId="20" StartOffset="426"/>
</LocList>
</BasicStmnt>
<BasicStmnt CovItemId="S3" CovItemPrefix="se.lnu.http.HTTPServer.java" Intrnl_Id="376">
<LocList>
<Loc EndOffset="471" SrcFileId="20" StartOffset="454"/>
</LocList>
</BasicStmnt>
<BasicStmnt CovItemId="S4" CovItemPrefix="se.lnu.http.HTTPServer.java" Intrnl_Id="377">
<LocList>
<Loc EndOffset="513" SrcFileId="20" StartOffset="474"/>
</LocList>
</BasicStmnt>
</StmntSeq>
</HierarchyLvl>
<HierarchyLvl HierarchyLvlId="67" HierarchyLvlTypeId="32" Intrnl_Id="378" Name="start">
<Header>
<Loc EndOffset="557" SrcFileId="20" StartOffset="519"/>
</Header>
<LocList>
<Loc EndOffset="799" SrcFileId="20" StartOffset="519"/>
</LocList>
<StmntSeq Intrnl_Id="379">
<LocList>
<Loc EndOffset="617" SrcFileId="20" StartOffset="562"/>
<Loc EndOffset="684" SrcFileId="20" StartOffset="620"/>
<Loc EndOffset="742" SrcFileId="20" StartOffset="687"/>
<Loc EndOffset="769" SrcFileId="20" StartOffset="748"/>
<Loc EndOffset="796" SrcFileId="20" StartOffset="775"/>
</LocList>
<BasicStmnt CovItemId="S5" CovItemPrefix="se.lnu.http.HTTPServer.java" Intrnl_Id="380">
<LocList>
<Loc EndOffset="617" SrcFileId="20" StartOffset="562"/>
</LocList>
</BasicStmnt>
<BasicStmnt CovItemId="S6" CovItemPrefix="se.lnu.http.HTTPServer.java" Intrnl_Id="381">
<LocList>
<Loc EndOffset="684" SrcFileId="20" StartOffset="620"/>
</LocList>
</BasicStmnt>
<BasicStmnt CovItemId="S7" CovItemPrefix="se.lnu.http.HTTPServer.java" Intrnl_Id="382">
<LocList>
<Loc EndOffset="742" SrcFileId="20" StartOffset="687"/>
</LocList>
</BasicStmnt>
<BasicStmnt CovItemId="S8" CovItemPrefix="se.lnu.http.HTTPServer.java" Intrnl_Id="383">
<LocList>
<Loc EndOffset="769" SrcFileId="20" StartOffset="748"/>
</LocList>
</BasicStmnt>
<BasicStmnt CovItemId="S9" CovItemPrefix="se.lnu.http.HTTPServer.java" Intrnl_Id="384">
<LocList>
<Loc EndOffset="796" SrcFileId="20" StartOffset="775"/>
</LocList>
</BasicStmnt>
</StmntSeq>
</HierarchyLvl>
<HierarchyLvl HierarchyLvlId="68" HierarchyLvlTypeId="32" Intrnl_Id="385" Name="stop">
<Header>
<Loc EndOffset="882" SrcFileId="20" StartOffset="802"/>
</Header>
<LocList>
<Loc EndOffset="1098" SrcFileId="20" StartOffset="802"/>
</LocList>
<StmntSeq Intrnl_Id="386">
<LocList>
<Loc EndOffset="948" SrcFileId="20" StartOffset="887"/>
<Loc EndOffset="976" SrcFileId="20" StartOffset="954"/>
<Loc EndOffset="1039" SrcFileId="20" StartOffset="982"/>
<Loc EndOffset="1069" SrcFileId="20" StartOffset="1048"/>
<Loc EndOffset="1095" SrcFileId="20" StartOffset="1075"/>
</LocList>
<CondStmnt CovItemId="S10" CovItemPrefix="se.lnu.http.HTTPServer.java" Intrnl_Id="387">
<Branch CovItemId="B1" CovItemPrefix="se.lnu.http.HTTPServer.java" Implct="false" Intrnl_Id="388">
<Cond/>
<LocList>
<Loc EndOffset="948" SrcFileId="20" StartOffset="916"/>
</LocList>
<StmntSeq Intrnl_Id="389">
<LocList>
<Loc EndOffset="948" SrcFileId="20" StartOffset="916"/>
</LocList>
<BasicStmnt CovItemId="S11" CovItemPrefix="se.lnu.http.HTTPServer.java" Intrnl_Id="390">
<LocList>
<Loc EndOffset="948" SrcFileId="20" StartOffset="916"/>
</LocList>
</BasicStmnt>
</StmntSeq>
</Branch>
<Branch CovItemId="B2" CovItemPrefix="se.lnu.http.HTTPServer.java" Implct="true" Intrnl_Id="391">
<Cond/>
<LocList/>
<StmntSeq Intrnl_Id="392">
<LocList/>
</StmntSeq>
</Branch>
<Keyword EndOffset="889" SrcFileId="20" StartOffset="887"/>
<LocList>
<Loc EndOffset="948" SrcFileId="20" StartOffset="887"/>
</LocList>
<RootTerm CovItemId="C1" CovItemPrefix="se.lnu.http.HTTPServer.java" Intrnl_Id="393">
<BasicBoolTerm Intrnl_Id="394">
<LocList>
<Loc EndOffset="911" SrcFileId="20" StartOffset="891"/>
</LocList>
</BasicBoolTerm>
</RootTerm>
</CondStmnt>
<BasicStmnt CovItemId="S12" CovItemPrefix="se.lnu.http.HTTPServer.java" Intrnl_Id="395">
<LocList>
<Loc EndOffset="976" SrcFileId="20" StartOffset="954"/>
</LocList>
</BasicStmnt>
<LoopStmnt CovItemId="S13" CovItemPrefix="se.lnu.http.HTTPServer.java" Intrnl_Id="396" MltplExecId="L1-2" MltplExecPrefix="se.lnu.http.HTTPServer.java" NvrExecId="L1-0" NvrExecPrefix="se.lnu.http.HTTPServer.java" OnceExecutedId="L1-1" OnceExecutedPrefix="se.lnu.http.HTTPServer.java" OptBodyExec="true">
<StmntSeq Intrnl_Id="397">
<LocList>
<Loc EndOffset="1035" SrcFileId="20" StartOffset="1017"/>
</LocList>
<BasicStmnt CovItemId="S14" CovItemPrefix="se.lnu.http.HTTPServer.java" Intrnl_Id="398">
<LocList>
<Loc EndOffset="1035" SrcFileId="20" StartOffset="1017"/>
</LocList>
</BasicStmnt>
</StmntSeq>
<Keyword EndOffset="987" SrcFileId="20" StartOffset="982"/>
<LocList>
<Loc EndOffset="1039" SrcFileId="20" StartOffset="982"/>
</LocList>
<RootTerm CovItemId="C2" CovItemPrefix="se.lnu.http.HTTPServer.java" Intrnl_Id="399">
<BasicBoolTerm Intrnl_Id="400">
<LocList>
<Loc EndOffset="1010" SrcFileId="20" StartOffset="988"/>
</LocList>
</BasicBoolTerm>
</RootTerm>
</LoopStmnt>
<BasicStmnt CovItemId="S15" CovItemPrefix="se.lnu.http.HTTPServer.java" Intrnl_Id="401">
<LocList>
<Loc EndOffset="1069" SrcFileId="20" StartOffset="1048"/>
</LocList>
</BasicStmnt>
<BasicStmnt CovItemId="S16" CovItemPrefix="se.lnu.http.HTTPServer.java" Intrnl_Id="402">
<LocList>
<Loc EndOffset="1095" SrcFileId="20" StartOffset="1075"/>
</LocList>
</BasicStmnt>
</StmntSeq>
</HierarchyLvl>
</HierarchyLvl>
<HierarchyLvl HierarchyLvlId="71" HierarchyLvlTypeId="31" Intrnl_Id="403" Name="HTTPRequestParser">
<Header>
<Loc EndOffset="110" SrcFileId="21" StartOffset="80"/>
</Header>
<LocList>
<Loc EndOffset="630" SrcFileId="21" StartOffset="80"/>
</LocList>
<HierarchyLvl HierarchyLvlId="70" HierarchyLvlTypeId="32" Intrnl_Id="404" Name="parseRequest">
<Header>
<Loc EndOffset="208" SrcFileId="21" StartOffset="115"/>
</Header>
<LocList>
<Loc EndOffset="626" SrcFileId="21" StartOffset="115"/>
</LocList>
<StmntSeq Intrnl_Id="405">
<LocList>
<Loc EndOffset="261" SrcFileId="21" StartOffset="216"/>
<Loc EndOffset="346" SrcFileId="21" StartOffset="264"/>
<Loc EndOffset="395" SrcFileId="21" StartOffset="352"/>
<Loc EndOffset="487" SrcFileId="21" StartOffset="398"/>
<Loc EndOffset="567" SrcFileId="21" StartOffset="493"/>
<Loc EndOffset="623" SrcFileId="21" StartOffset="576"/>
</LocList>
<BasicStmnt CovItemId="S1" CovItemPrefix="se.lnu.http.HTTPRequestParser.java" Intrnl_Id="406">
<LocList>
<Loc EndOffset="261" SrcFileId="21" StartOffset="216"/>
</LocList>
</BasicStmnt>
<CondStmnt CovItemId="S2" CovItemPrefix="se.lnu.http.HTTPRequestParser.java" Intrnl_Id="407">
<Branch CovItemId="B1" CovItemPrefix="se.lnu.http.HTTPRequestParser.java" Implct="false" Intrnl_Id="408">
<Cond/>
<LocList>
<Loc EndOffset="346" SrcFileId="21" StartOffset="286"/>
</LocList>
<StmntSeq Intrnl_Id="409">
<LocList>
<Loc EndOffset="342" SrcFileId="21" StartOffset="291"/>
</LocList>
<BasicStmnt CovItemId="S3" CovItemPrefix="se.lnu.http.HTTPRequestParser.java" Intrnl_Id="410">
<LocList>
<Loc EndOffset="342" SrcFileId="21" StartOffset="291"/>
</LocList>
</BasicStmnt>
</StmntSeq>
</Branch>
<Branch CovItemId="B2" CovItemPrefix="se.lnu.http.HTTPRequestParser.java" Implct="true" Intrnl_Id="411">
<Cond/>
<LocList/>
<StmntSeq Intrnl_Id="412">
<LocList/>
</StmntSeq>
</Branch>
<Keyword EndOffset="266" SrcFileId="21" StartOffset="264"/>
<LocList>
<Loc EndOffset="346" SrcFileId="21" StartOffset="264"/>
</LocList>
<RootTerm CovItemId="C1" CovItemPrefix="se.lnu.http.HTTPRequestParser.java" Intrnl_Id="413">
<BasicBoolTerm Intrnl_Id="414">
<LocList>
<Loc EndOffset="284" SrcFileId="21" StartOffset="268"/>
</LocList>
</BasicBoolTerm>
</RootTerm>
</CondStmnt>
<BasicStmnt CovItemId="S4" CovItemPrefix="se.lnu.http.HTTPRequestParser.java" Intrnl_Id="415">
<LocList>
<Loc EndOffset="395" SrcFileId="21" StartOffset="352"/>
</LocList>
</BasicStmnt>
<CondStmnt CovItemId="S5" CovItemPrefix="se.lnu.http.HTTPRequestParser.java" Intrnl_Id="416">
<Branch CovItemId="B3" CovItemPrefix="se.lnu.http.HTTPRequestParser.java" Implct="false" Intrnl_Id="417">
<Cond/>
<LocList>
<Loc EndOffset="487" SrcFileId="21" StartOffset="427"/>
</LocList>
<StmntSeq Intrnl_Id="418">
<LocList>
<Loc EndOffset="483" SrcFileId="21" StartOffset="432"/>
</LocList>
<BasicStmnt CovItemId="S6" CovItemPrefix="se.lnu.http.HTTPRequestParser.java" Intrnl_Id="419">
<LocList>
<Loc EndOffset="483" SrcFileId="21" StartOffset="432"/>
</LocList>
</BasicStmnt>
</StmntSeq>
</Branch>
<Branch CovItemId="B4" CovItemPrefix="se.lnu.http.HTTPRequestParser.java" Implct="true" Intrnl_Id="420">
<Cond/>
<LocList/>
<StmntSeq Intrnl_Id="421">
<LocList/>
</StmntSeq>
</Branch>
<Keyword EndOffset="400" SrcFileId="21" StartOffset="398"/>
<LocList>
<Loc EndOffset="487" SrcFileId="21" StartOffset="398"/>
</LocList>
<RootTerm CovItemId="C2" CovItemPrefix="se.lnu.http.HTTPRequestParser.java" Intrnl_Id="422">
<BasicBoolTerm Intrnl_Id="423">
<LocList>
<Loc EndOffset="425" SrcFileId="21" StartOffset="402"/>
</LocList>
</BasicBoolTerm>
</RootTerm>
</CondStmnt>
<BasicStmnt CovItemId="S7" CovItemPrefix="se.lnu.http.HTTPRequestParser.java" Intrnl_Id="424">
<LocList>
<Loc EndOffset="567" SrcFileId="21" StartOffset="493"/>
</LocList>
</BasicStmnt>
<BasicStmnt CovItemId="S8" CovItemPrefix="se.lnu.http.HTTPRequestParser.java" Intrnl_Id="425">
<LocList>
<Loc EndOffset="623" SrcFileId="21" StartOffset="576"/>
</LocList>
</BasicStmnt>
</StmntSeq>
</HierarchyLvl>
</HierarchyLvl>
<HierarchyLvl HierarchyLvlId="77" HierarchyLvlTypeId="31" Intrnl_Id="426" Name="HTTPRequest">
<Header>
<Loc EndOffset="80" SrcFileId="22" StartOffset="56"/>
</Header>
<LocList>
<Loc EndOffset="144" SrcFileId="22" StartOffset="56"/>
<Loc EndOffset="811" SrcFileId="22" StartOffset="539"/>
</LocList>
<HierarchyLvl HierarchyLvlId="73" HierarchyLvlTypeId="29" Intrnl_Id="427" Name="Method">
<Header>
<Loc EndOffset="162" SrcFileId="22" StartOffset="144"/>
</Header>
<LocList>
<Loc EndOffset="539" SrcFileId="22" StartOffset="144"/>
</LocList>
<HierarchyLvl HierarchyLvlId="72" HierarchyLvlTypeId="32" Intrnl_Id="428" Name="fromString">
<Header>
<Loc EndOffset="321" SrcFileId="22" StartOffset="243"/>
</Header>
<LocList>
<Loc EndOffset="536" SrcFileId="22" StartOffset="243"/>
</LocList>
<StmntSeq Intrnl_Id="429">
<LocList>
<Loc EndOffset="442" SrcFileId="22" StartOffset="330"/>
<Loc EndOffset="522" SrcFileId="22" StartOffset="449"/>
</LocList>
<LoopStmnt CovItemId="S1" CovItemPrefix="se.lnu.http.HTTPRequest.java" Intrnl_Id="430" MltplExecId="L1-2" MltplExecPrefix="se.lnu.http.HTTPRequest.java" NvrExecId="L1-0" NvrExecPrefix="se.lnu.http.HTTPRequest.java" OnceExecutedId="L1-1" OnceExecutedPrefix="se.lnu.http.HTTPRequest.java" OptBodyExec="true">
<StmntSeq Intrnl_Id="431">
<LocList>
<Loc EndOffset="434" SrcFileId="22" StartOffset="371"/>
</LocList>
<CondStmnt CovItemId="S2" CovItemPrefix="se.lnu.http.HTTPRequest.java" Intrnl_Id="432">
<Branch CovItemId="B1" CovItemPrefix="se.lnu.http.HTTPRequest.java" Implct="false" Intrnl_Id="433">
<Cond/>
<LocList>
<Loc EndOffset="434" SrcFileId="22" StartOffset="406"/>
</LocList>
<StmntSeq Intrnl_Id="434">
<LocList>
<Loc EndOffset="425" SrcFileId="22" StartOffset="416"/>
</LocList>
<BasicStmnt CovItemId="S3" CovItemPrefix="se.lnu.http.HTTPRequest.java" Intrnl_Id="435">
<LocList>
<Loc EndOffset="425" SrcFileId="22" StartOffset="416"/>
</LocList>
</BasicStmnt>
</StmntSeq>
</Branch>
<Branch CovItemId="B2" CovItemPrefix="se.lnu.http.HTTPRequest.java" Implct="true" Intrnl_Id="436">
<Cond/>
<LocList/>
<StmntSeq Intrnl_Id="437">
<LocList/>
</StmntSeq>
</Branch>
<Keyword EndOffset="373" SrcFileId="22" StartOffset="371"/>
<LocList>
<Loc EndOffset="434" SrcFileId="22" StartOffset="371"/>
</LocList>
<RootTerm CovItemId="C1" CovItemPrefix="se.lnu.http.HTTPRequest.java" Intrnl_Id="438">
<BasicBoolTerm Intrnl_Id="439">
<LocList>
<Loc EndOffset="404" SrcFileId="22" StartOffset="375"/>
</LocList>
</BasicBoolTerm>
</RootTerm>
</CondStmnt>
</StmntSeq>
<Keyword EndOffset="333" SrcFileId="22" StartOffset="330"/>
<LocList>
<Loc EndOffset="442" SrcFileId="22" StartOffset="330"/>
</LocList>
</LoopStmnt>
<BasicStmnt CovItemId="S4" CovItemPrefix="se.lnu.http.HTTPRequest.java" Intrnl_Id="440">
<LocList>
<Loc EndOffset="522" SrcFileId="22" StartOffset="449"/>
</LocList>
</BasicStmnt>
</StmntSeq>
</HierarchyLvl>
</HierarchyLvl>
<HierarchyLvl HierarchyLvlId="74" HierarchyLvlTypeId="32" Intrnl_Id="441" Name="HTTPRequest">
<Header>
<Loc EndOffset="644" SrcFileId="22" StartOffset="594"/>
</Header>
<LocList>
<Loc EndOffset="701" SrcFileId="22" StartOffset="594"/>
</LocList>
<StmntSeq Intrnl_Id="442">
<LocList>
<Loc EndOffset="664" SrcFileId="22" StartOffset="649"/>
<Loc EndOffset="698" SrcFileId="22" StartOffset="667"/>
</LocList>
<BasicStmnt CovItemId="S5" CovItemPrefix="se.lnu.http.HTTPRequest.java" Intrnl_Id="443">
<LocList>
<Loc EndOffset="664" SrcFileId="22" StartOffset="649"/>
</LocList>
</BasicStmnt>
<BasicStmnt CovItemId="S6" CovItemPrefix="se.lnu.http.HTTPRequest.java" Intrnl_Id="444">
<LocList>
<Loc EndOffset="698" SrcFileId="22" StartOffset="667"/>
</LocList>
</BasicStmnt>
</StmntSeq>
</HierarchyLvl>
<HierarchyLvl HierarchyLvlId="75" HierarchyLvlTypeId="32" Intrnl_Id="445" Name="getURL">
<Header>
<Loc EndOffset="726" SrcFileId="22" StartOffset="704"/>
</Header>
<LocList>
<Loc EndOffset="753" SrcFileId="22" StartOffset="704"/>
</LocList>
<StmntSeq Intrnl_Id="446">
<LocList>
<Loc EndOffset="750" SrcFileId="22" StartOffset="734"/>
</LocList>
<BasicStmnt CovItemId="S7" CovItemPrefix="se.lnu.http.HTTPRequest.java" Intrnl_Id="447">
<LocList>
<Loc EndOffset="750" SrcFileId="22" StartOffset="734"/>
</LocList>
</BasicStmnt>
</StmntSeq>
</HierarchyLvl>
<HierarchyLvl HierarchyLvlId="76" HierarchyLvlTypeId="32" Intrnl_Id="448" Name="getMethod">
<Header>
<Loc EndOffset="781" SrcFileId="22" StartOffset="756"/>
</Header>
<LocList>
<Loc EndOffset="808" SrcFileId="22" StartOffset="756"/>
</LocList>
<StmntSeq Intrnl_Id="449">
<LocList>
<Loc EndOffset="805" SrcFileId="22" StartOffset="786"/>
</LocList>
<BasicStmnt CovItemId="S8" CovItemPrefix="se.lnu.http.HTTPRequest.java" Intrnl_Id="450">
<LocList>
<Loc EndOffset="805" SrcFileId="22" StartOffset="786"/>
</LocList>
</BasicStmnt>
</StmntSeq>
</HierarchyLvl>
</HierarchyLvl>
<HierarchyLvl HierarchyLvlId="81" HierarchyLvlTypeId="31" Intrnl_Id="451" Name="HTTPReader">
<Header>
<Loc EndOffset="105" SrcFileId="23" StartOffset="82"/>
</Header>
<LocList>
<Loc EndOffset="1368" SrcFileId="23" StartOffset="82"/>
</LocList>
<StmntSeq Intrnl_Id="452">
<LocList>
<Loc EndOffset="139" SrcFileId="23" StartOffset="109"/>
</LocList>
<BasicStmnt CovItemId="S1" CovItemPrefix="se.lnu.http.HTTPReader.java" Intrnl_Id="453">
<LocList>
<Loc EndOffset="139" SrcFileId="23" StartOffset="109"/>
</LocList>
</BasicStmnt>
</StmntSeq>
<HierarchyLvl HierarchyLvlId="78" HierarchyLvlTypeId="32" Intrnl_Id="454" Name="HTTPReader">
<Header>
<Loc EndOffset="209" SrcFileId="23" StartOffset="169"/>
</Header>
<LocList>
<Loc EndOffset="238" SrcFileId="23" StartOffset="169"/>
</LocList>
<StmntSeq Intrnl_Id="455">
<LocList>
<Loc EndOffset="235" SrcFileId="23" StartOffset="214"/>
</LocList>
<BasicStmnt CovItemId="S2" CovItemPrefix="se.lnu.http.HTTPReader.java" Intrnl_Id="456">
<LocList>
<Loc EndOffset="235" SrcFileId="23" StartOffset="214"/>
</LocList>
</BasicStmnt>
</StmntSeq>
</HierarchyLvl>
<HierarchyLvl HierarchyLvlId="79" HierarchyLvlTypeId="32" Intrnl_Id="457" Name="readBody">
<Header>
<Loc EndOffset="284" SrcFileId="23" StartOffset="241"/>
</Header>
<LocList>
<Loc EndOffset="447" SrcFileId="23" StartOffset="241"/>
</LocList>
<StmntSeq Intrnl_Id="458">
<LocList>
<Loc EndOffset="330" SrcFileId="23" StartOffset="289"/>
<Loc EndOffset="415" SrcFileId="23" StartOffset="333"/>
<Loc EndOffset="444" SrcFileId="23" StartOffset="421"/>
</LocList>
<BasicStmnt CovItemId="S3" CovItemPrefix="se.lnu.http.HTTPReader.java" Intrnl_Id="459">
<LocList>
<Loc EndOffset="330" SrcFileId="23" StartOffset="289"/>
</LocList>
</BasicStmnt>
<LoopStmnt CovItemId="S4" CovItemPrefix="se.lnu.http.HTTPReader.java" Intrnl_Id="460" MltplExecId="L1-2" MltplExecPrefix="se.lnu.http.HTTPReader.java" NvrExecId="L1-0" NvrExecPrefix="se.lnu.http.HTTPReader.java" OnceExecutedId="L1-1" OnceExecutedPrefix="se.lnu.http.HTTPReader.java" OptBodyExec="true">
<StmntSeq Intrnl_Id="461">
<LocList>
<Loc EndOffset="411" SrcFileId="23" StartOffset="378"/>
</LocList>
<BasicStmnt CovItemId="S5" CovItemPrefix="se.lnu.http.HTTPReader.java" Intrnl_Id="462">
<LocList>
<Loc EndOffset="411" SrcFileId="23" StartOffset="378"/>
</LocList>
</BasicStmnt>
</StmntSeq>
<Keyword EndOffset="336" SrcFileId="23" StartOffset="333"/>
<LocList>
<Loc EndOffset="415" SrcFileId="23" StartOffset="333"/>
</LocList>
<RootTerm CovItemId="C1" CovItemPrefix="se.lnu.http.HTTPReader.java" Intrnl_Id="463">
<BasicBoolTerm Intrnl_Id="464">
<LocList>
<Loc EndOffset="366" SrcFileId="23" StartOffset="349"/>
</LocList>
</BasicBoolTerm>
</RootTerm>
</LoopStmnt>
<BasicStmnt CovItemId="S6" CovItemPrefix="se.lnu.http.HTTPReader.java" Intrnl_Id="465">
<LocList>
<Loc EndOffset="444" SrcFileId="23" StartOffset="421"/>
</LocList>
</BasicStmnt>
</StmntSeq>
</HierarchyLvl>
<HierarchyLvl HierarchyLvlId="80" HierarchyLvlTypeId="32" Intrnl_Id="466" Name="readHeader">
<Header>
<Loc EndOffset="498" SrcFileId="23" StartOffset="450"/>
</Header>
<LocList>
<Loc EndOffset="1366" SrcFileId="23" StartOffset="450"/>
</LocList>
<StmntSeq Intrnl_Id="467">
<LocList>
<Loc EndOffset="544" SrcFileId="23" StartOffset="503"/>
<Loc EndOffset="1321" SrcFileId="23" StartOffset="817"/>
<Loc EndOffset="1363" SrcFileId="23" StartOffset="1327"/>
</LocList>
<BasicStmnt CovItemId="S7" CovItemPrefix="se.lnu.http.HTTPReader.java" Intrnl_Id="468">
<LocList>
<Loc EndOffset="544" SrcFileId="23" StartOffset="503"/>
</LocList>
</BasicStmnt>
<LoopStmnt CovItemId="S8" CovItemPrefix="se.lnu.http.HTTPReader.java" Intrnl_Id="469" MltplExecId="L2-2" MltplExecPrefix="se.lnu.http.HTTPReader.java" NvrExecId="L2-0" NvrExecPrefix="se.lnu.http.HTTPReader.java" OnceExecutedId="L2-1" OnceExecutedPrefix="se.lnu.http.HTTPReader.java" OptBodyExec="true">
<StmntSeq Intrnl_Id="470">
<LocList>
<Loc EndOffset="871" SrcFileId="23" StartOffset="835"/>
<Loc EndOffset="1020" SrcFileId="23" StartOffset="879"/>
<Loc EndOffset="1050" SrcFileId="23" StartOffset="1028"/>
<Loc EndOffset="1074" SrcFileId="23" StartOffset="1054"/>
<Loc EndOffset="1167" SrcFileId="23" StartOffset="1078"/>
<Loc EndOffset="1313" SrcFileId="23" StartOffset="1171"/>
</LocList>
<BasicStmnt CovItemId="S9" CovItemPrefix="se.lnu.http.HTTPReader.java" Intrnl_Id="471">
<LocList>
<Loc EndOffset="871" SrcFileId="23" StartOffset="835"/>
</LocList>
</BasicStmnt>
<CondStmnt CovItemId="S10" CovItemPrefix="se.lnu.http.HTTPReader.java" Intrnl_Id="472">
<Branch CovItemId="B1" CovItemPrefix="se.lnu.http.HTTPReader.java" Implct="false" Intrnl_Id="473">
<Cond/>
<LocList>
<Loc EndOffset="1020" SrcFileId="23" StartOffset="901"/>
</LocList>
<StmntSeq Intrnl_Id="474">
<LocList>
<Loc EndOffset="1015" SrcFileId="23" StartOffset="986"/>
</LocList>
<BasicStmnt CovItemId="S11" CovItemPrefix="se.lnu.http.HTTPReader.java" Intrnl_Id="475">
<LocList>
<Loc EndOffset="1015" SrcFileId="23" StartOffset="986"/>
</LocList>
</BasicStmnt>
</StmntSeq>
</Branch>
<Branch CovItemId="B2" CovItemPrefix="se.lnu.http.HTTPReader.java" Implct="true" Intrnl_Id="476">
<Cond/>
<LocList/>
<StmntSeq Intrnl_Id="477">
<LocList/>
</StmntSeq>
</Branch>
<Keyword EndOffset="881" SrcFileId="23" StartOffset="879"/>
<LocList>
<Loc EndOffset="1020" SrcFileId="23" StartOffset="879"/>
</LocList>
<RootTerm CovItemId="C3" CovItemPrefix="se.lnu.http.HTTPReader.java" Intrnl_Id="478">
<BasicBoolTerm Intrnl_Id="479">
<LocList>
<Loc EndOffset="899" SrcFileId="23" StartOffset="883"/>
</LocList>
</BasicBoolTerm>
</RootTerm>
</CondStmnt>
<BasicStmnt CovItemId="S12" CovItemPrefix="se.lnu.http.HTTPReader.java" Intrnl_Id="480">
<LocList>
<Loc EndOffset="1050" SrcFileId="23" StartOffset="1028"/>
</LocList>
</BasicStmnt>
<BasicStmnt CovItemId="S13" CovItemPrefix="se.lnu.http.HTTPReader.java" Intrnl_Id="481">
<LocList>
<Loc EndOffset="1074" SrcFileId="23" StartOffset="1054"/>
</LocList>
</BasicStmnt>
<CondStmnt CovItemId="S14" CovItemPrefix="se.lnu.http.HTTPReader.java" Intrnl_Id="482">
<Branch CovItemId="B3" CovItemPrefix="se.lnu.http.HTTPReader.java" Implct="false" Intrnl_Id="483">
<Cond/>
<LocList>
<Loc EndOffset="1167" SrcFileId="23" StartOffset="1150"/>
</LocList>
<StmntSeq Intrnl_Id="484">
<LocList>
<Loc EndOffset="1162" SrcFileId="23" StartOffset="1156"/>
</LocList>
<BasicStmnt CovItemId="S15" CovItemPrefix="se.lnu.http.HTTPReader.java" Intrnl_Id="485">
<LocList>
<Loc EndOffset="1162" SrcFileId="23" StartOffset="1156"/>
</LocList>
</BasicStmnt>
</StmntSeq>
</Branch>
<Branch CovItemId="B4" CovItemPrefix="se.lnu.http.HTTPReader.java" Implct="true" Intrnl_Id="486">
<Cond/>
<LocList/>
<StmntSeq Intrnl_Id="487">
<LocList/>
</StmntSeq>
</Branch>
<Keyword EndOffset="1080" SrcFileId="23" StartOffset="1078"/>
<LocList>
<Loc EndOffset="1167" SrcFileId="23" StartOffset="1078"/>
</LocList>
<RootTerm CovItemId="C4" CovItemPrefix="se.lnu.http.HTTPReader.java" Intrnl_Id="488">
<OpTerm BooleanOpId="28" Intrnl_Id="489">
<OpTerm BooleanOpId="28" Intrnl_Id="490">
<BasicBoolTerm Intrnl_Id="491">
<LocList>
<Loc EndOffset="1098" SrcFileId="23" StartOffset="1082"/>
</LocList>
</BasicBoolTerm>
<BasicBoolTerm Intrnl_Id="492">
<LocList>
<Loc EndOffset="1125" SrcFileId="23" StartOffset="1102"/>
</LocList>
</BasicBoolTerm>
<LocList>
<Loc EndOffset="1101" SrcFileId="23" StartOffset="1099"/>
</LocList>
</OpTerm>
<BasicBoolTerm Intrnl_Id="493">
<LocList>
<Loc EndOffset="1148" SrcFileId="23" StartOffset="1129"/>
</LocList>
</BasicBoolTerm>
<LocList>
<Loc EndOffset="1128" SrcFileId="23" StartOffset="1126"/>
</LocList>
</OpTerm>
</RootTerm>
</CondStmnt>
<CondStmnt CovItemId="S16" CovItemPrefix="se.lnu.http.HTTPReader.java" Intrnl_Id="494">
<Branch CovItemId="B5" CovItemPrefix="se.lnu.http.HTTPReader.java" Implct="false" Intrnl_Id="495">
<Cond/>
<LocList>
<Loc EndOffset="1313" SrcFileId="23" StartOffset="1215"/>
</LocList>
<StmntSeq Intrnl_Id="496">
<LocList>
<Loc EndOffset="1260" SrcFileId="23" StartOffset="1221"/>
<Loc EndOffset="1307" SrcFileId="23" StartOffset="1265"/>
</LocList>
<BasicStmnt CovItemId="S17" CovItemPrefix="se.lnu.http.HTTPReader.java" Intrnl_Id="497">
<LocList>
<Loc EndOffset="1260" SrcFileId="23" StartOffset="1221"/>
</LocList>
</BasicStmnt>
<BasicStmnt CovItemId="S18" CovItemPrefix="se.lnu.http.HTTPReader.java" Intrnl_Id="498">
<LocList>
<Loc EndOffset="1307" SrcFileId="23" StartOffset="1265"/>
</LocList>
</BasicStmnt>
</StmntSeq>
</Branch>
<Branch CovItemId="B6" CovItemPrefix="se.lnu.http.HTTPReader.java" Implct="true" Intrnl_Id="499">
<Cond/>
<LocList/>
<StmntSeq Intrnl_Id="500">
<LocList/>
</StmntSeq>
</Branch>
<Keyword EndOffset="1173" SrcFileId="23" StartOffset="1171"/>
<LocList>
<Loc EndOffset="1313" SrcFileId="23" StartOffset="1171"/>
</LocList>
<RootTerm CovItemId="C5" CovItemPrefix="se.lnu.http.HTTPReader.java" Intrnl_Id="501">
<BasicBoolTerm Intrnl_Id="502">
<LocList>
<Loc EndOffset="1213" SrcFileId="23" StartOffset="1175"/>
</LocList>
</BasicBoolTerm>
</RootTerm>
</CondStmnt>
</StmntSeq>
<Keyword EndOffset="822" SrcFileId="23" StartOffset="817"/>
<LocList>
<Loc EndOffset="1321" SrcFileId="23" StartOffset="817"/>
</LocList>
</LoopStmnt>
<BasicStmnt CovItemId="S19" CovItemPrefix="se.lnu.http.HTTPReader.java" Intrnl_Id="503">
<LocList>
<Loc EndOffset="1363" SrcFileId="23" StartOffset="1327"/>
</LocList>
</BasicStmnt>
</StmntSeq>
</HierarchyLvl>
</HierarchyLvl>
<HierarchyLvl HierarchyLvlId="84" HierarchyLvlTypeId="31" Intrnl_Id="504" Name="ClientThread">
<Header>
<Loc EndOffset="191" SrcFileId="24" StartOffset="151"/>
</Header>
<LocList>
<Loc EndOffset="1034" SrcFileId="24" StartOffset="151"/>
</LocList>
<HierarchyLvl HierarchyLvlId="82" HierarchyLvlTypeId="32" Intrnl_Id="505" Name="ClientThread">
<Header>
<Loc EndOffset="346" SrcFileId="24" StartOffset="269"/>
</Header>
<LocList>
<Loc EndOffset="416" SrcFileId="24" StartOffset="269"/>
</LocList>
<StmntSeq Intrnl_Id="506">
<LocList>
<Loc EndOffset="384" SrcFileId="24" StartOffset="351"/>
<Loc EndOffset="413" SrcFileId="24" StartOffset="390"/>
</LocList>
<BasicStmnt CovItemId="S1" CovItemPrefix="se.lnu.http.ClientThread.java" Intrnl_Id="507">
<LocList>
<Loc EndOffset="384" SrcFileId="24" StartOffset="351"/>
</LocList>
</BasicStmnt>
<BasicStmnt CovItemId="S2" CovItemPrefix="se.lnu.http.ClientThread.java" Intrnl_Id="508">
<LocList>
<Loc EndOffset="413" SrcFileId="24" StartOffset="390"/>
</LocList>
</BasicStmnt>
</StmntSeq>
</HierarchyLvl>
<HierarchyLvl HierarchyLvlId="83" HierarchyLvlTypeId="32" Intrnl_Id="509" Name="run">
<Header>
<Loc EndOffset="437" SrcFileId="24" StartOffset="420"/>
</Header>
<LocList>
<Loc EndOffset="1025" SrcFileId="24" StartOffset="420"/>
</LocList>
<StmntSeq Intrnl_Id="510">
<LocList>
<Loc EndOffset="512" SrcFileId="24" StartOffset="463"/>
<Loc EndOffset="588" SrcFileId="24" StartOffset="520"/>
<Loc EndOffset="645" SrcFileId="24" StartOffset="592"/>
<Loc EndOffset="690" SrcFileId="24" StartOffset="653"/>
<Loc EndOffset="854" SrcFileId="24" StartOffset="446"/>
<Loc EndOffset="890" SrcFileId="24" StartOffset="869"/>
<Loc EndOffset="984" SrcFileId="24" StartOffset="860"/>
<Loc EndOffset="1022" SrcFileId="24" StartOffset="987"/>
</LocList>
<BasicStmnt CovItemId="S4" CovItemPrefix="se.lnu.http.ClientThread.java" Intrnl_Id="511">
<LocList>
<Loc EndOffset="512" SrcFileId="24" StartOffset="463"/>
</LocList>
</BasicStmnt>
<BasicStmnt CovItemId="S5" CovItemPrefix="se.lnu.http.ClientThread.java" Intrnl_Id="512">
<LocList>
<Loc EndOffset="588" SrcFileId="24" StartOffset="520"/>
</LocList>
</BasicStmnt>
<BasicStmnt CovItemId="S6" CovItemPrefix="se.lnu.http.ClientThread.java" Intrnl_Id="513">
<LocList>
<Loc EndOffset="645" SrcFileId="24" StartOffset="592"/>
</LocList>
</BasicStmnt>
<BasicStmnt CovItemId="S7" CovItemPrefix="se.lnu.http.ClientThread.java" Intrnl_Id="514">
<LocList>
<Loc EndOffset="690" SrcFileId="24" StartOffset="653"/>
</LocList>
</BasicStmnt>
<CondStmnt CovItemId="S3" CovItemPrefix="se.lnu.http.ClientThread.java" Intrnl_Id="515">
<Branch CovItemId="B1" CovItemPrefix="se.lnu.http.ClientThread.java" Implct="true" Intrnl_Id="516">
<Cond/>
<LocList/>
<StmntSeq Intrnl_Id="517">
<LocList/>
</StmntSeq>
</Branch>
<Branch CovItemId="B2" CovItemPrefix="se.lnu.http.ClientThread.java" Implct="false" Intrnl_Id="518">
<Cond>
<Loc EndOffset="720" SrcFileId="24" StartOffset="699"/>
</Cond>
<LocList>
<Loc EndOffset="750" SrcFileId="24" StartOffset="721"/>
</LocList>
<StmntSeq Intrnl_Id="519">
<LocList>
<Loc EndOffset="746" SrcFileId="24" StartOffset="726"/>
</LocList>
<BasicStmnt CovItemId="S8" CovItemPrefix="se.lnu.http.ClientThread.java" Intrnl_Id="520">
<LocList>
<Loc EndOffset="746" SrcFileId="24" StartOffset="726"/>
</LocList>
</BasicStmnt>
</StmntSeq>
</Branch>
<Branch CovItemId="B3" CovItemPrefix="se.lnu.http.ClientThread.java" Implct="false" Intrnl_Id="521">
<Cond>
<Loc EndOffset="786" SrcFileId="24" StartOffset="751"/>
</Cond>
<LocList>
<Loc EndOffset="854" SrcFileId="24" StartOffset="787"/>
</LocList>
<StmntSeq Intrnl_Id="522">
<LocList>
<Loc EndOffset="850" SrcFileId="24" StartOffset="830"/>
</LocList>
<BasicStmnt CovItemId="S9" CovItemPrefix="se.lnu.http.ClientThread.java" Intrnl_Id="523">
<LocList>
<Loc EndOffset="850" SrcFileId="24" StartOffset="830"/>
</LocList>
</BasicStmnt>
</StmntSeq>
</Branch>
<Keyword EndOffset="449" SrcFileId="24" StartOffset="446"/>
<LocList>
<Loc EndOffset="854" SrcFileId="24" StartOffset="446"/>
</LocList>
</CondStmnt>
<BasicStmnt CovItemId="S11" CovItemPrefix="se.lnu.http.ClientThread.java" Intrnl_Id="524">
<LocList>
<Loc EndOffset="890" SrcFileId="24" StartOffset="869"/>
</LocList>
</BasicStmnt>
<CondStmnt CovItemId="S10" CovItemPrefix="se.lnu.http.ClientThread.java" Intrnl_Id="525">
<Branch CovItemId="B4" CovItemPrefix="se.lnu.http.ClientThread.java" Implct="true" Intrnl_Id="526">
<Cond/>
<LocList/>
<StmntSeq Intrnl_Id="527">
<LocList/>
</StmntSeq>
</Branch>
<Branch CovItemId="B5" CovItemPrefix="se.lnu.http.ClientThread.java" Implct="false" Intrnl_Id="528">
<Cond>
<Loc EndOffset="916" SrcFileId="24" StartOffset="895"/>
</Cond>
<LocList>
<Loc EndOffset="984" SrcFileId="24" StartOffset="917"/>
</LocList>
<StmntSeq Intrnl_Id="529">
<LocList>
<Loc EndOffset="980" SrcFileId="24" StartOffset="960"/>
</LocList>
<BasicStmnt CovItemId="S12" CovItemPrefix="se.lnu.http.ClientThread.java" Intrnl_Id="530">
<LocList>
<Loc EndOffset="980" SrcFileId="24" StartOffset="960"/>
</LocList>
</BasicStmnt>
</StmntSeq>
</Branch>
<Keyword EndOffset="863" SrcFileId="24" StartOffset="860"/>
<LocList>
<Loc EndOffset="984" SrcFileId="24" StartOffset="860"/>
</LocList>
</CondStmnt>
<BasicStmnt CovItemId="S13" CovItemPrefix="se.lnu.http.ClientThread.java" Intrnl_Id="531">
<LocList>
<Loc EndOffset="1022" SrcFileId="24" StartOffset="987"/>
</LocList>
</BasicStmnt>
</StmntSeq>
</HierarchyLvl>
</HierarchyLvl>
<HierarchyLvl HierarchyLvlId="90" HierarchyLvlTypeId="31" Intrnl_Id="532" Name="ClientSocket">
<Header>
<Loc EndOffset="193" SrcFileId="25" StartOffset="168"/>
</Header>
<LocList>
<Loc EndOffset="904" SrcFileId="25" StartOffset="168"/>
</LocList>
<HierarchyLvl HierarchyLvlId="85" HierarchyLvlTypeId="32" Intrnl_Id="533" Name="ClientSocket">
<Header>
<Loc EndOffset="254" SrcFileId="25" StartOffset="222"/>
</Header>
<LocList>
<Loc EndOffset="279" SrcFileId="25" StartOffset="222"/>
</LocList>
<StmntSeq Intrnl_Id="534">
<LocList>
<Loc EndOffset="276" SrcFileId="25" StartOffset="259"/>
</LocList>
<BasicStmnt CovItemId="S1" CovItemPrefix="se.lnu.http.ClientSocket.java" Intrnl_Id="535">
<LocList>
<Loc EndOffset="276" SrcFileId="25" StartOffset="259"/>
</LocList>
</BasicStmnt>
</StmntSeq>
</HierarchyLvl>
<HierarchyLvl HierarchyLvlId="86" HierarchyLvlTypeId="32" Intrnl_Id="536" Name="getRequest">
<Header>
<Loc EndOffset="327" SrcFileId="25" StartOffset="282"/>
</Header>
<LocList>
<Loc EndOffset="540" SrcFileId="25" StartOffset="282"/>
</LocList>
<StmntSeq Intrnl_Id="537">
<LocList>
<Loc EndOffset="417" SrcFileId="25" StartOffset="332"/>
<Loc EndOffset="463" SrcFileId="25" StartOffset="420"/>
<Loc EndOffset="513" SrcFileId="25" StartOffset="466"/>
<Loc EndOffset="537" SrcFileId="25" StartOffset="516"/>
</LocList>
<BasicStmnt CovItemId="S2" CovItemPrefix="se.lnu.http.ClientSocket.java" Intrnl_Id="538">
<LocList>
<Loc EndOffset="417" SrcFileId="25" StartOffset="332"/>
</LocList>
</BasicStmnt>
<BasicStmnt CovItemId="S3" CovItemPrefix="se.lnu.http.ClientSocket.java" Intrnl_Id="539">
<LocList>
<Loc EndOffset="463" SrcFileId="25" StartOffset="420"/>
</LocList>
</BasicStmnt>
<BasicStmnt CovItemId="S4" CovItemPrefix="se.lnu.http.ClientSocket.java" Intrnl_Id="540">
<LocList>
<Loc EndOffset="513" SrcFileId="25" StartOffset="466"/>
</LocList>
</BasicStmnt>
<BasicStmnt CovItemId="S5" CovItemPrefix="se.lnu.http.ClientSocket.java" Intrnl_Id="541">
<LocList>
<Loc EndOffset="537" SrcFileId="25" StartOffset="516"/>
</LocList>
</BasicStmnt>
</StmntSeq>
</HierarchyLvl>
<HierarchyLvl HierarchyLvlId="87" HierarchyLvlTypeId="32" Intrnl_Id="542" Name="writeHeader">
<Header>
<Loc EndOffset="602" SrcFileId="25" StartOffset="543"/>
</Header>
<LocList>
<Loc EndOffset="735" SrcFileId="25" StartOffset="543"/>
</LocList>
<StmntSeq Intrnl_Id="543">
<LocList>
<Loc EndOffset="674" SrcFileId="25" StartOffset="610"/>
<Loc EndOffset="708" SrcFileId="25" StartOffset="677"/>
<Loc EndOffset="723" SrcFileId="25" StartOffset="711"/>
</LocList>
<BasicStmnt CovItemId="S6" CovItemPrefix="se.lnu.http.ClientSocket.java" Intrnl_Id="544">
<LocList>
<Loc EndOffset="674" SrcFileId="25" StartOffset="610"/>
</LocList>
</BasicStmnt>
<BasicStmnt CovItemId="S7" CovItemPrefix="se.lnu.http.ClientSocket.java" Intrnl_Id="545">
<LocList>
<Loc EndOffset="708" SrcFileId="25" StartOffset="677"/>
</LocList>
</BasicStmnt>
<BasicStmnt CovItemId="S8" CovItemPrefix="se.lnu.http.ClientSocket.java" Intrnl_Id="546">
<LocList>
<Loc EndOffset="723" SrcFileId="25" StartOffset="711"/>
</LocList>
</BasicStmnt>
</StmntSeq>
</HierarchyLvl>
<HierarchyLvl HierarchyLvlId="88" HierarchyLvlTypeId="32" Intrnl_Id="547" Name="close">
<Header>
<Loc EndOffset="776" SrcFileId="25" StartOffset="738"/>
</Header>
<LocList>
<Loc EndOffset="800" SrcFileId="25" StartOffset="738"/>
</LocList>
<StmntSeq Intrnl_Id="548">
<LocList>
<Loc EndOffset="794" SrcFileId="25" StartOffset="781"/>
</LocList>
<BasicStmnt CovItemId="S9" CovItemPrefix="se.lnu.http.ClientSocket.java" Intrnl_Id="549">
<LocList>
<Loc EndOffset="794" SrcFileId="25" StartOffset="781"/>
</LocList>
</BasicStmnt>
</StmntSeq>
</HierarchyLvl>
<HierarchyLvl HierarchyLvlId="89" HierarchyLvlTypeId="32" Intrnl_Id="550" Name="writeBody">
<Header>
<Loc EndOffset="857" SrcFileId="25" StartOffset="803"/>
</Header>
<LocList>
<Loc EndOffset="901" SrcFileId="25" StartOffset="803"/>
</LocList>
<StmntSeq Intrnl_Id="551">
<LocList>
<Loc EndOffset="898" SrcFileId="25" StartOffset="862"/>
</LocList>
<BasicStmnt CovItemId="S10" CovItemPrefix="se.lnu.http.ClientSocket.java" Intrnl_Id="552">
<LocList>
<Loc EndOffset="898" SrcFileId="25" StartOffset="862"/>
</LocList>
</BasicStmnt>
</StmntSeq>
</HierarchyLvl>
</HierarchyLvl>
<HierarchyLvl HierarchyLvlId="93" HierarchyLvlTypeId="31" Intrnl_Id="553" Name="ClientFactory">
<Header>
<Loc EndOffset="73" SrcFileId="26" StartOffset="47"/>
</Header>
<LocList>
<Loc EndOffset="329" SrcFileId="26" StartOffset="47"/>
</LocList>
<HierarchyLvl HierarchyLvlId="91" HierarchyLvlTypeId="32" Intrnl_Id="554" Name="ClientFactory">
<Header>
<Loc EndOffset="144" SrcFileId="26" StartOffset="110"/>
</Header>
<LocList>
<Loc EndOffset="173" SrcFileId="26" StartOffset="110"/>
</LocList>
<StmntSeq Intrnl_Id="555">
<LocList>
<Loc EndOffset="170" SrcFileId="26" StartOffset="149"/>
</LocList>
<BasicStmnt CovItemId="S1" CovItemPrefix="se.lnu.http.ClientFactory.java" Intrnl_Id="556">
<LocList>
<Loc EndOffset="170" SrcFileId="26" StartOffset="149"/>
</LocList>
</BasicStmnt>
</StmntSeq>
</HierarchyLvl>
<HierarchyLvl HierarchyLvlId="92" HierarchyLvlTypeId="32" Intrnl_Id="557" Name="createClient">
<Header>
<Loc EndOffset="230" SrcFileId="26" StartOffset="176"/>
</Header>
<LocList>
<Loc EndOffset="326" SrcFileId="26" StartOffset="176"/>
</LocList>
<StmntSeq Intrnl_Id="558">
<LocList>
<Loc EndOffset="323" SrcFileId="26" StartOffset="238"/>
</LocList>
<BasicStmnt CovItemId="S2" CovItemPrefix="se.lnu.http.ClientFactory.java" Intrnl_Id="559">
<LocList>
<Loc EndOffset="323" SrcFileId="26" StartOffset="238"/>
</LocList>
</BasicStmnt>
</StmntSeq>
</HierarchyLvl>
</HierarchyLvl>
<HierarchyLvl HierarchyLvlId="98" HierarchyLvlTypeId="31" Intrnl_Id="560" Name="AcceptThread">
<Header>
<Loc EndOffset="178" SrcFileId="27" StartOffset="138"/>
</Header>
<LocList>
<Loc EndOffset="1219" SrcFileId="27" StartOffset="138"/>
</LocList>
<HierarchyLvl HierarchyLvlId="94" HierarchyLvlTypeId="32" Intrnl_Id="561" Name="AcceptThread">
<Header>
<Loc EndOffset="436" SrcFileId="27" StartOffset="331"/>
</Header>
<LocList>
<Loc EndOffset="514" SrcFileId="27" StartOffset="331"/>
</LocList>
<StmntSeq Intrnl_Id="562">
<LocList>
<Loc EndOffset="455" SrcFileId="27" StartOffset="441"/>
<Loc EndOffset="483" SrcFileId="27" StartOffset="458"/>
<Loc EndOffset="511" SrcFileId="27" StartOffset="486"/>
</LocList>
<BasicStmnt CovItemId="S1" CovItemPrefix="se.lnu.http.AcceptThread.java" Intrnl_Id="563">
<LocList>
<Loc EndOffset="455" SrcFileId="27" StartOffset="441"/>
</LocList>
</BasicStmnt>
<BasicStmnt CovItemId="S2" CovItemPrefix="se.lnu.http.AcceptThread.java" Intrnl_Id="564">
<LocList>
<Loc EndOffset="483" SrcFileId="27" StartOffset="458"/>
</LocList>
</BasicStmnt>
<BasicStmnt CovItemId="S3" CovItemPrefix="se.lnu.http.AcceptThread.java" Intrnl_Id="565">
<LocList>
<Loc EndOffset="511" SrcFileId="27" StartOffset="486"/>
</LocList>
</BasicStmnt>
</StmntSeq>
</HierarchyLvl>
<HierarchyLvl HierarchyLvlId="95" HierarchyLvlTypeId="32" Intrnl_Id="566" Name="stopme">
<Header>
<Loc EndOffset="557" SrcFileId="27" StartOffset="518"/>
</Header>
<LocList>
<Loc EndOffset="580" SrcFileId="27" StartOffset="518"/>
</LocList>
<StmntSeq Intrnl_Id="567">
<LocList>
<Loc EndOffset="577" SrcFileId="27" StartOffset="562"/>
</LocList>
<BasicStmnt CovItemId="S4" CovItemPrefix="se.lnu.http.AcceptThread.java" Intrnl_Id="568">
<LocList>
<Loc EndOffset="577" SrcFileId="27" StartOffset="562"/>
</LocList>
</BasicStmnt>
</StmntSeq>
</HierarchyLvl>
<HierarchyLvl HierarchyLvlId="96" HierarchyLvlTypeId="32" Intrnl_Id="569" Name="run">
<Header>
<Loc EndOffset="601" SrcFileId="27" StartOffset="584"/>
</Header>
<LocList>
<Loc EndOffset="984" SrcFileId="27" StartOffset="584"/>
</LocList>
<StmntSeq Intrnl_Id="570">
<LocList>
<Loc EndOffset="921" SrcFileId="27" StartOffset="632"/>
<Loc EndOffset="965" SrcFileId="27" StartOffset="941"/>
</LocList>
<LoopStmnt CovItemId="S5" CovItemPrefix="se.lnu.http.AcceptThread.java" Intrnl_Id="571" MltplExecId="L1-2" MltplExecPrefix="se.lnu.http.AcceptThread.java" NvrExecId="L1-0" NvrExecPrefix="se.lnu.http.AcceptThread.java" OnceExecutedId="L1-1" OnceExecutedPrefix="se.lnu.http.AcceptThread.java" OptBodyExec="true">
<StmntSeq Intrnl_Id="572">
<LocList>
<Loc EndOffset="689" SrcFileId="27" StartOffset="674"/>
<Loc EndOffset="900" SrcFileId="27" StartOffset="657"/>
</LocList>
<BasicStmnt CovItemId="S7" CovItemPrefix="se.lnu.http.AcceptThread.java" Intrnl_Id="573">
<LocList>
<Loc EndOffset="689" SrcFileId="27" StartOffset="674"/>
</LocList>
</BasicStmnt>
<CondStmnt CovItemId="S6" CovItemPrefix="se.lnu.http.AcceptThread.java" Intrnl_Id="574">
<Branch CovItemId="B1" CovItemPrefix="se.lnu.http.AcceptThread.java" Implct="true" Intrnl_Id="575">
<Cond/>
<LocList/>
<StmntSeq Intrnl_Id="576">
<LocList/>
</StmntSeq>
</Branch>
<Branch CovItemId="B2" CovItemPrefix="se.lnu.http.AcceptThread.java" Implct="false" Intrnl_Id="577">
<Cond>
<Loc EndOffset="727" SrcFileId="27" StartOffset="702"/>
</Cond>
<LocList>
<Loc EndOffset="826" SrcFileId="27" StartOffset="728"/>
</LocList>
<StmntSeq Intrnl_Id="578">
<LocList>
<Loc EndOffset="808" SrcFileId="27" StartOffset="802"/>
</LocList>
<BasicStmnt CovItemId="S8" CovItemPrefix="se.lnu.http.AcceptThread.java" Intrnl_Id="579">
<LocList>
<Loc EndOffset="808" SrcFileId="27" StartOffset="802"/>
</LocList>
</BasicStmnt>
</StmntSeq>
</Branch>
<Branch CovItemId="B3" CovItemPrefix="se.lnu.http.AcceptThread.java" Implct="false" Intrnl_Id="580">
<Cond>
<Loc EndOffset="848" SrcFileId="27" StartOffset="827"/>
</Cond>
<LocList>
<Loc EndOffset="900" SrcFileId="27" StartOffset="849"/>
</LocList>
<StmntSeq Intrnl_Id="581">
<LocList>
<Loc EndOffset="882" SrcFileId="27" StartOffset="862"/>
</LocList>
<BasicStmnt CovItemId="S9" CovItemPrefix="se.lnu.http.AcceptThread.java" Intrnl_Id="582">
<LocList>
<Loc EndOffset="882" SrcFileId="27" StartOffset="862"/>
</LocList>
</BasicStmnt>
</StmntSeq>
</Branch>
<Keyword EndOffset="660" SrcFileId="27" StartOffset="657"/>
<LocList>
<Loc EndOffset="900" SrcFileId="27" StartOffset="657"/>
</LocList>
</CondStmnt>
</StmntSeq>
<Keyword EndOffset="637" SrcFileId="27" StartOffset="632"/>
<LocList>
<Loc EndOffset="921" SrcFileId="27" StartOffset="632"/>
</LocList>
</LoopStmnt>
<BasicStmnt CovItemId="S10" CovItemPrefix="se.lnu.http.AcceptThread.java" Intrnl_Id="583">
<LocList>
<Loc EndOffset="965" SrcFileId="27" StartOffset="941"/>
</LocList>
</BasicStmnt>
</StmntSeq>
</HierarchyLvl>
<HierarchyLvl HierarchyLvlId="97" HierarchyLvlTypeId="32" Intrnl_Id="584" Name="acceptClient">
<Header>
<Loc EndOffset="1033" SrcFileId="27" StartOffset="987"/>
</Header>
<LocList>
<Loc EndOffset="1214" SrcFileId="27" StartOffset="987"/>
</LocList>
<StmntSeq Intrnl_Id="585">
<LocList>
<Loc EndOffset="1063" SrcFileId="27" StartOffset="1038"/>
<Loc EndOffset="1104" SrcFileId="27" StartOffset="1066"/>
<Loc EndOffset="1165" SrcFileId="27" StartOffset="1107"/>
<Loc EndOffset="1183" SrcFileId="27" StartOffset="1168"/>
<Loc EndOffset="1211" SrcFileId="27" StartOffset="1186"/>
</LocList>
<BasicStmnt CovItemId="S11" CovItemPrefix="se.lnu.http.AcceptThread.java" Intrnl_Id="586">
<LocList>
<Loc EndOffset="1063" SrcFileId="27" StartOffset="1038"/>
</LocList>
</BasicStmnt>
<BasicStmnt CovItemId="S12" CovItemPrefix="se.lnu.http.AcceptThread.java" Intrnl_Id="587">
<LocList>
<Loc EndOffset="1104" SrcFileId="27" StartOffset="1066"/>
</LocList>
</BasicStmnt>
<BasicStmnt CovItemId="S13" CovItemPrefix="se.lnu.http.AcceptThread.java" Intrnl_Id="588">
<LocList>
<Loc EndOffset="1165" SrcFileId="27" StartOffset="1107"/>
</LocList>
</BasicStmnt>
<BasicStmnt CovItemId="S14" CovItemPrefix="se.lnu.http.AcceptThread.java" Intrnl_Id="589">
<LocList>
<Loc EndOffset="1183" SrcFileId="27" StartOffset="1168"/>
</LocList>
</BasicStmnt>
<BasicStmnt CovItemId="S15" CovItemPrefix="se.lnu.http.AcceptThread.java" Intrnl_Id="590">
<LocList>
<Loc EndOffset="1211" SrcFileId="27" StartOffset="1186"/>
</LocList>
</BasicStmnt>
</StmntSeq>
</HierarchyLvl>
</HierarchyLvl>
</HierarchyLvl>
</HierarchyLvl>
</HierarchyLvl>
</HierarchyLvl>
</MASTRoot>
</TestSessionContainer>
