<?xml version="1.0" encoding="UTF-8"?><TestSessionContainer xmlns="http://www.codecover.org/xml/testsession-container" Date="1385308484787" TestSessionContainerId="5cd61781-d2d7-4fde-b27a-1a0ca0f57be2" version="1.0">
<SrcFileList>
<SrcFile Content="package se.lnu.http.view;&#10;&#10;import java.io.BufferedReader;&#10;import java.io.File;&#10;import java.io.IOException;&#10;import java.io.InputStreamReader;&#10;&#10;import se.lnu.http.HTTPServerObserver;&#10;import se.lnu.http.Port;&#10;import se.lnu.http.exceptions.InvalidPortException;&#10;import se.lnu.http.exceptions.NotADirectoryException;&#10;import se.lnu.http.exceptions.WrongNumberOfArgumentsException;&#10;&#10;&#10;public class ConsoleView implements HTTPServerObserver {&#10;&#9;static final String HELP_TEXT = &quot;Enter a valid port 1-65535 and a optional URL&quot;;&#10;&#9;static final String SERVER_CONSTRUCTED = &quot;HTTP Server object constructed&quot;;&#10;&#9;static final String SERVER_STARTED = &quot;HTTP Server started&quot;;&#10;&#9;static final String SERVER_STOPPED = &quot;HTTP Server stopped&quot;;&#10;&#9;static final String SERVER_ACCEPT_THREAD_STOPPED = &quot;HTTP Server Accept thread stopped&quot;;&#10;&#9;static final String STARTED_CLIENT = &quot;Started Client&quot;;&#10;&#9;static final String WAIT_FOR_ACCEPT = &quot;Accept&quot;;&#10;&#9;static final String PORT_IS_TAKEN = &quot;Port is taken&quot;;&#10;&#9;&#10;&#9;&#10;&#9;private String[] args;&#10;&#9;&#10;&#9;&#10;&#9;&#10;&#9;public ConsoleView(String[] args) throws WrongNumberOfArgumentsException {&#10;&#9;&#9;if (args.length &gt; 2 || args.length &lt; 1) {&#10;&#9;&#9;&#9;throw new WrongNumberOfArgumentsException();&#10;&#9;&#9;}&#10;&#9;&#9;&#10;&#9;&#9;this.args = args;&#10;&#9;&#9;&#10;&#9;}&#10;&#10;&#9;public Port getPort() throws InvalidPortException {&#10;&#9;&#9;int port;&#10;&#9;&#9;try {&#10;&#9;&#9;&#9;port = Integer.parseInt(args[0]);&#10;&#9;&#9;} catch (Exception e) {&#10;&#9;&#9;&#9;throw new InvalidPortException(&quot;not an integer argument&quot;);&#10;&#9;&#9;}&#10;&#9;&#9;Port p = new Port(port);&#10;&#9;&#9;&#10;&#9;&#9;return p;&#10;&#9;}&#10;&#10;&#9;&#10;&#9;public void showhelp() {&#10;&#9;&#9;System.out.print(HELP_TEXT);&#10;&#9;&#9;&#10;&#9;}&#10;&#9;&#10;&#9;&#10;&#10;&#9;public File getDirectory() throws NotADirectoryException {&#10;&#9;&#9;File directory;&#10;&#9;&#9;try {&#10;&#9;&#9;&#9;directory = new File(args[1]);//may throw nullpointerexception&#10;&#9;&#9;&#9;&#10;&#9;&#9;&#9;&#10;&#9;&#9;&#9;if (directory.exists() == false) {&#10;&#9;&#9;&#9;&#9;throw new NotADirectoryException(&quot;directory does not exists&quot;);&#10;&#9;&#9;&#9;}&#10;&#9;&#9;&#9;if (directory.isDirectory() == false) {&#10;&#9;&#9;&#9;&#9;throw new NotADirectoryException(&quot;url is not a directory&quot;);&#10;&#9;&#9;&#9;}&#10;&#9;&#9;&#9;&#10;&#9;&#9;} catch (Exception e) {&#10;&#9;&#9;&#9;throw new NotADirectoryException(e);&#10;&#9;&#9;}&#10;&#9;&#9;&#10;&#9;&#9;&#10;&#9;&#9;return directory;&#10;&#9;}&#10;&#10;&#9;public boolean doStop() throws IOException {&#10;&#9;&#9;BufferedReader br = new BufferedReader(new InputStreamReader(System.in));&#10;&#9;&#9;&#10;&#9;&#9;String line = br.readLine();&#10;&#9;&#9;if (line.equals(&quot;stop&quot;)) {&#10;&#9;&#9;&#9;return true;&#10;&#9;&#9;}&#10;&#9;&#9;&#10;&#9;&#9;return false;&#10;&#9;}&#10;&#9;&#10;&#9;@Override&#10;&#9;public void serverConstructed() {&#10;&#9;&#9;System.out.println(SERVER_CONSTRUCTED);&#10;&#9;&#9;&#10;&#9;}&#10;&#10;&#9;@Override&#10;&#9;public void serverStarted() {&#10;&#9;&#9;System.out.println(SERVER_STARTED);&#10;&#9;&#9;&#10;&#9;}&#10;&#10;&#9;@Override&#10;&#9;public void serverStopped() {&#10;&#9;&#9;System.out.println(SERVER_STOPPED);&#10;&#9;&#9;&#10;&#9;}&#10;&#10;&#9;@Override&#10;&#9;public void closedAccept() {&#10;&#9;&#9;System.out.println(SERVER_ACCEPT_THREAD_STOPPED);&#10;&#9;&#9;&#10;&#9;}&#10;&#10;&#9;@Override&#10;&#9;public void startedClient() {&#10;&#9;&#9;System.out.println(STARTED_CLIENT);&#10;&#9;&#9;&#10;&#9;}&#10;&#10;&#9;@Override&#10;&#9;public void waitForClient() {&#10;&#9;&#9;System.out.println(WAIT_FOR_ACCEPT);&#10;&#9;&#9;&#10;&#9;}&#10;&#10;&#9;public void showPortTaken() {&#10;&#9;&#9;System.out.println(PORT_IS_TAKEN);&#10;&#9;}&#10;&#10;&#9;&#10;&#10;&#9;&#10;}&#10;" Filename="ConsoleView.java" Intrnl_Id="1"/>
<SrcFile Content="package se.lnu.http.response;&#10;&#10;import java.io.IOException;&#10;&#10;import se.lnu.http.ClientSocket;&#10;&#10;public abstract class HTTPResponse {&#10;&#10;&#9;public abstract void writeResponse(ClientSocket clientSocket) throws IOException;&#10;&#9;&#10;&#9;protected String writeContentLengthAndEndHeader(long length, ContentType type) {&#10;&#9;&#9;String ret = &quot;&quot;;&#10;&#9;&#9;ret += (&quot;Content-Type: &quot; + type.toString() + &quot;\r\n&quot;);&#10;&#9;&#9;ret += (&quot;Content-Length: &quot; + length + &quot;\r\n&quot;);&#10;&#9;&#9;ret += (&quot;Connection: close\r\n&quot;);&#10;&#9;&#9;&#10;&#9;&#9;&#10;&#9;&#9;ret += (&quot;\r\n&quot;);&#10;&#9;&#9;&#10;&#9;&#9;&#10;&#9;&#9;return ret;&#10;&#9;}&#10;&#10;}&#10;" Filename="HTTPResponse.java" Intrnl_Id="2"/>
<SrcFile Content="package se.lnu.http.response;&#10;&#10;import java.io.IOException;&#10;&#10;import se.lnu.http.ClientSocket;&#10;import se.lnu.http.HTTPRequest.Method;&#10;&#10;public class HTTP405MethodNotSupportedResponse extends HTTPResponse {&#10;&#10;&#9;private Method method;&#10;&#10;&#9;public HTTP405MethodNotSupportedResponse(Method method) {&#10;&#9;&#9;this.method = method;&#10;&#9;}&#10;&#10;&#9;@Override&#10;&#9;public void writeResponse(ClientSocket clientSocket) throws IOException {&#10;&#9;&#9;String content = &quot;&lt;html&gt;&lt;body&gt;&lt;h1&gt;405 Method &quot; +method.toString()+ &quot; not supported&lt;/h1&gt;&lt;/body&gt;&lt;/html&gt;&quot;;&#10;&#9;&#9;&#10;&#9;&#9;&#10;&#9;&#9;String response = (&quot;HTTP/1.1 405 Method not supported\r\n&quot;);&#10;&#9;&#9;response += writeContentLengthAndEndHeader(content.getBytes().length, ContentType.texthtml);&#10;&#9;&#9;clientSocket.writeHeader(response);&#10;&#9;&#9;clientSocket.writeBody(content.getBytes());&#10;&#9;&#9;&#9;&#10;&#9;&#9; &#10;&#9;}&#10;&#10;}&#10;" Filename="HTTP405MethodNotSupportedResponse.java" Intrnl_Id="3"/>
<SrcFile Content="package se.lnu.http.response;&#10;&#10;import java.io.IOException;&#10;&#10;import se.lnu.http.ClientSocket;&#10;&#10;public class HTTP404FileNotFoundResponse extends HTTPResponse {&#10;&#10;&#9;public HTTP404FileNotFoundResponse(String url) {&#10;&#9;&#9;// TODO Auto-generated constructor stub&#10;&#9;}&#10;&#9;&#10;&#9;@Override&#10;&#9;public void writeResponse(ClientSocket clientSocket) throws IOException {&#10;&#9;&#9;String content = &quot;&lt;html&gt;&lt;body&gt;&lt;h1&gt;404 Not found&lt;/h1&gt;&lt;/body&gt;&lt;/html&gt;&quot;;&#10;&#9;&#9;String response = (&quot;HTTP/1.1 404 Not Found\r\n&quot;);&#10;&#9;&#9;response += writeContentLengthAndEndHeader(content.getBytes().length, ContentType.texthtml);&#10;&#9;&#9;clientSocket.writeHeader(response);&#10;&#9;&#9;clientSocket.writeBody(content.getBytes());&#10;&#9;&#9;&#9;&#10;&#9;&#9; &#10;&#9;}&#10;&#10;}&#10;" Filename="HTTP404FileNotFoundResponse.java" Intrnl_Id="4"/>
<SrcFile Content="package se.lnu.http.response;&#10;&#10;import java.io.IOException;&#10;&#10;import se.lnu.http.ClientSocket;&#10;&#10;public class HTTP403Forbidden extends HTTPResponse {&#10;&#10;&#9;private String url;&#10;&#10;&#9;public HTTP403Forbidden(String url) {&#10;&#9;&#9;this.url = url;&#10;&#9;}&#10;&#10;&#9;@Override&#10;&#9;public void writeResponse(ClientSocket clientSocket) throws IOException {&#10;&#9;&#9;String content = &quot;&lt;html&gt;&lt;body&gt;&lt;h1&gt;403 Forbidden&lt;/h1&gt;&lt;/body&gt;&lt;/html&gt;&quot;;&#10;&#9;&#9;&#10;&#9;&#9;&#10;&#9;&#9;String response = (&quot;HTTP/1.1 403 Forbidden\r\n&quot;);&#10;&#9;&#9;response += writeContentLengthAndEndHeader(content.getBytes().length, ContentType.texthtml);&#10;&#9;&#9;clientSocket.writeHeader(response);&#10;&#9;&#9;clientSocket.writeBody(content.getBytes());&#10;&#9;&#9;&#9;&#10;&#9;&#9; &#10;&#9;}&#10;&#10;}&#10;" Filename="HTTP403Forbidden.java" Intrnl_Id="5"/>
<SrcFile Content="package se.lnu.http.response;&#10;&#10;import java.io.IOException;&#10;&#10;import se.lnu.http.ClientSocket;&#10;&#10;public class HTTP400BadRequest extends HTTPResponse {&#10;&#10;&#9;@Override&#10;&#9;public void writeResponse(ClientSocket clientSocket) throws IOException {&#10;&#9;&#9;String content = &quot;&lt;html&gt;&lt;body&gt;&lt;h1&gt;400 Bad request&lt;/h1&gt;&lt;/body&gt;&lt;/html&gt;&quot;;&#10;&#9;&#9;String response = (&quot;HTTP/1.1 400 Bad request\r\n&quot;);&#10;&#9;&#9;response += writeContentLengthAndEndHeader(content.getBytes().length, ContentType.texthtml);&#10;&#9;&#9;clientSocket.writeHeader(response);&#10;&#9;&#9;clientSocket.writeBody(content.getBytes());&#10;&#9;}&#10;&#10;}&#10;" Filename="HTTP400BadRequest.java" Intrnl_Id="6"/>
<SrcFile Content="package se.lnu.http.response;&#10;&#10;import java.io.File;&#10;import java.io.IOException;&#10;import java.nio.file.Files;&#10;import java.nio.file.Paths;&#10;&#10;import se.lnu.http.ClientSocket;&#10;&#10;public class HTTP200OKFileResponse extends HTTPResponse {&#10;&#10;&#9;private File file;&#10;&#10;&#9;public HTTP200OKFileResponse(File file) {&#10;&#9;&#9;this.file = file;&#10;&#9;}&#10;&#10;&#9;@Override&#10;&#9;public void writeResponse(ClientSocket clientSocket) throws IOException {&#10;&#9;&#9;String fileName = file.getName();&#10;&#9;&#9;String parts[] = fileName.split(&quot;\\.&quot;);&#10;&#9;&#9;&#10;&#9;&#9;&#10;&#9;&#9;ContentType type = ContentType.getFromFileEnding(parts[parts.length-1]);&#10;&#9;&#9;&#10;&#9;&#9;String response = (&quot;HTTP/1.1 200 OK\r\n&quot;);&#10;&#9;&#9;&#10;&#9;&#9;response += writeContentLengthAndEndHeader(file.length(), type);&#10;&#9;&#9;clientSocket.writeHeader(response);&#10;&#9;&#9;&#10;&#9;&#9;byte[] bytes = Files.readAllBytes(Paths.get(file.getAbsolutePath()));&#10;&#9;&#9;clientSocket.writeBody(bytes);&#10;&#9;&#9;&#9;&#10;&#9;&#9; &#10;&#9;}&#10;&#10;}&#10;" Filename="HTTP200OKFileResponse.java" Intrnl_Id="7"/>
<SrcFile Content="package se.lnu.http.response;&#10;&#10;public enum ContentType {&#10;&#9;texthtml(&quot;text/html&quot;, &quot;html, htm&quot;),&#10;&#9;textcss(&quot;text/css&quot;, &quot;css&quot;),&#10;&#9;textjavascript(&quot;text/javascript&quot;, &quot;js&quot;),&#10;&#9;imagepng(&quot;image/png&quot;, &quot;png&quot;),&#10;&#9;imagegif(&quot;image/gif&quot;, &quot;gif&quot;),&#10;&#9;imagejpeg(&quot;image/jpeg&quot;, &quot;jpg, jpeg&quot;),&#10;&#9;applicationunknown(&quot;application/unknown&quot;, &quot;*&quot;);&#10;&#9;&#10;&#9;private String mimeType;&#10;&#9;private String[] fileEndings;&#10;&#10;&#9;private ContentType(String mimeType, String fileEndings) {&#10;&#9;&#9;this.mimeType = mimeType;&#10;&#9;&#9;this.fileEndings = fileEndings.split(&quot;, &quot;);&#10;&#9;}&#10;&#9;&#10;&#9;public String toString(){&#10;&#9;&#9;return mimeType;&#10;&#9;}&#10;&#10;&#9;public static ContentType getFromFileEnding(String fileEnding) {&#10;&#9;&#9;&#10;&#9;&#9;for (ContentType type : values()) {&#10;&#9;&#9;&#9;for (String ending : type.fileEndings) {&#10;&#9;&#9;&#9;&#9;if (fileEnding.equals(ending)) {&#10;&#9;&#9;&#9;&#9;&#9;return type;&#10;&#9;&#9;&#9;&#9;}&#10;&#9;&#9;&#9;}&#10;&#9;&#9;}&#10;&#9;&#9;&#10;&#9;&#9;return applicationunknown;&#10;&#9;}&#10;}&#10;" Filename="ContentType.java" Intrnl_Id="8"/>
<SrcFile Content="package se.lnu.http.exceptions;&#10;&#10;public class WrongNumberOfArgumentsException extends Exception {&#10;&#10;&#9;/**&#10;&#9; * &#10;&#9; */&#10;&#9;private static final long serialVersionUID = -7327975009047813601L;&#10;&#10;&#9;public WrongNumberOfArgumentsException() {&#10;&#9;&#9;super(&quot;This program should only have one or two arguments&quot;);&#10;&#9;}&#10;&#10;&#9;&#10;&#10;}&#10;" Filename="WrongNumberOfArgumentsException.java" Intrnl_Id="9"/>
<SrcFile Content="package se.lnu.http.exceptions;&#10;&#10;public class NotStartedException extends Exception {&#10;&#10;&#9;/**&#10;&#9; * &#10;&#9; */&#10;&#9;private static final long serialVersionUID = 6733868884526050283L;&#10;&#10;}&#10;" Filename="NotStartedException.java" Intrnl_Id="10"/>
<SrcFile Content="package se.lnu.http.exceptions;&#10;&#10;public class NotADirectoryException extends Exception {&#10;&#10;&#9;public NotADirectoryException(String string) {&#10;&#9;&#9;super(string);&#10;&#9;}&#10;&#10;&#9;public NotADirectoryException(Exception e) {&#10;&#9;&#9;super(e);&#10;&#9;}&#10;&#10;&#9;/**&#10;&#9; * &#10;&#9; */&#10;&#9;private static final long serialVersionUID = -6619732026622856729L;&#10;&#10;}&#10;" Filename="NotADirectoryException.java" Intrnl_Id="11"/>
<SrcFile Content="package se.lnu.http.exceptions;&#10;&#10;public class MalformedRequestException extends Exception {&#10;&#10;&#9;public MalformedRequestException(String requestString) {&#10;&#9;&#9;super(requestString);&#10;&#9;}&#10;&#10;&#9;/**&#10;&#9; * &#10;&#9; */&#10;&#9;private static final long serialVersionUID = 347832735672941517L;&#10;&#10;}&#10;" Filename="MalformedRequestException.java" Intrnl_Id="12"/>
<SrcFile Content="package se.lnu.http.exceptions;&#10;&#10;public class InvalidPortException extends Exception {&#10;&#10;&#9;/**&#10;&#9; * &#10;&#9; */&#10;&#9;private static final long serialVersionUID = 3615635556121136L;&#10;&#10;&#9;public InvalidPortException(String string) {&#10;&#9;&#9;super(string);&#10;&#9;}&#10;&#10;&#9;&#10;&#10;}&#10;" Filename="InvalidPortException.java" Intrnl_Id="13"/>
<SrcFile Content="package se.lnu.http.client;&#10;&#10;import java.io.BufferedReader;&#10;import java.io.BufferedWriter;&#10;import java.io.IOException;&#10;import java.io.InputStreamReader;&#10;import java.io.OutputStreamWriter;&#10;import java.net.InetSocketAddress;&#10;import java.net.Socket;&#10;&#10;&#10;public class SocketClient {&#10;&#9;private HTTPGetProtocoll client;&#10;&#9;private Socket socket;&#10;&#10;&#9;public SocketClient(Socket echoSocket, HTTPGetProtocoll client) {&#10;&#9;&#9;this.socket = echoSocket;&#10;&#9;&#9;this.client = client;&#10;&#9;}&#10;&#10;&#9;public String get(String hostName, int portNumber, String file) throws IOException {&#10;&#9;&#9;&#10;&#9;&#9;try {&#10;&#9;&#9;&#9;InetSocketAddress endpoint = new InetSocketAddress(hostName, portNumber);&#10;&#9;&#9;&#9;socket.connect(endpoint, 100);&#10;&#9;&#9;&#9;BufferedWriter writer = new BufferedWriter(new OutputStreamWriter(socket.getOutputStream()));&#10;&#9;&#9;&#9;BufferedReader reader = new BufferedReader(new InputStreamReader(socket.getInputStream()));&#10;&#9;&#9;&#9;&#10;&#9;&#9;&#9;String data = client.doGet(hostName, file, writer, reader);&#10;&#9;&#9;&#9;&#10;&#9;&#9;&#9;socket.close();&#10;&#9;&#9;&#9;&#10;&#9;&#9;&#9;return data;&#10;&#9;&#9;} catch (IOException e) {&#10;&#9;&#9;&#9;socket.close();&#10;&#9;&#9;&#9;throw e;&#10;&#9;&#9;}&#9;&#9;&#10;&#9;&#9;&#10;&#9;}&#10;}&#10;" Filename="SocketClient.java" Intrnl_Id="14"/>
<SrcFile Content="package se.lnu.http.client;&#10;&#10;import java.io.BufferedReader;&#10;import java.io.BufferedWriter;&#10;import java.io.IOException;&#10;&#10;import se.lnu.http.HTTPReader;&#10;&#10;public class HTTPGetProtocoll {&#10;&#9;&#10;&#10;&#9;String doGet(String hostName, String file,&#10;&#9;&#9;&#9;BufferedWriter outWriter, BufferedReader reader) throws IOException {&#10;&#9;&#9;outWriter.write(&quot;GET &quot; + file + &quot; HTTP/1.1\r\nHost: &quot; + hostName + &quot;\r\n\r\n&quot;);&#10;&#9;&#9;outWriter.flush();&#10;&#9;&#9;&#10;&#9;&#9;HTTPReader httpReader = new HTTPReader(reader);&#10;&#9;&#9;String data = httpReader.readHeader();&#10;&#9;&#9;data += httpReader.readBody();&#10;&#9;&#9;return data;&#10;&#9;}&#10;&#10;&#9;&#10;}" Filename="HTTPGetProtocoll.java" Intrnl_Id="15"/>
<SrcFile Content="package se.lnu.http;&#10;&#10;import java.io.File;&#10;import java.io.FileNotFoundException;&#10;import java.io.IOException;&#10;&#10;public class SharedFolder {&#10;&#10;&#9;volatile private File sharedDirectory;&#10;&#9;&#10;&#10;&#9;public SharedFolder(File sharedDirectory) {&#10;&#9;&#9;assert(sharedDirectory.isDirectory());&#10;&#9;&#9;this.sharedDirectory = sharedDirectory;&#10;&#9;}&#10;&#10;&#9;public File getURL(String relativePath) throws IOException {&#10;&#9;&#9;&#10;&#9;&#9;//default file&#10;&#9;&#9;if (relativePath.endsWith(&quot;/&quot;)) {&#10;&#9;&#9;&#9;relativePath += &quot;index.html&quot;;&#10;&#9;&#9;}&#10;&#9;&#9;File file = new File(sharedDirectory, relativePath);&#10;&#9;&#9;&#10;&#9;&#9;String absolute = sharedDirectory.getAbsolutePath();&#10;&#9;&#9;String sharedFileCanonicalPath = file.getCanonicalPath();&#10;&#9;&#9;String startOfFile = sharedFileCanonicalPath.substring(0, absolute.length());&#10;&#9;&#9;if (startOfFile.equals(absolute) == false) {&#10;&#9;&#9;&#9;throw new SecurityException();&#9;&#10;&#9;&#9;}&#10;&#9;&#9;if (file.exists()) {&#10;&#9;&#9;&#9;return file;&#10;&#9;&#9;}&#10;&#9;&#9;&#10;&#9;&#9;throw new FileNotFoundException();&#10;&#9;&#9;&#10;&#9;}&#10;&#10;}&#10;" Filename="SharedFolder.java" Intrnl_Id="16"/>
<SrcFile Content="package se.lnu.http;&#10;&#10;import java.io.File;&#10;&#10;public class ServerFactory {&#10;&#10;&#9;public HTTPServer create(Port port, File sharedDirectory, HTTPServerObserver view) {&#10;&#9;&#9;return new HTTPServer(port, new SharedFolder(sharedDirectory), view);&#10;&#9;}&#10;&#10;}&#10;" Filename="ServerFactory.java" Intrnl_Id="17"/>
<SrcFile Content="package se.lnu.http;&#10;&#10;import java.io.File;&#10;import java.io.FileNotFoundException;&#10;import java.io.IOException;&#10;&#10;import se.lnu.http.response.HTTP200OKFileResponse;&#10;import se.lnu.http.response.HTTP400BadRequest;&#10;import se.lnu.http.response.HTTP403Forbidden;&#10;import se.lnu.http.response.HTTP404FileNotFoundResponse;&#10;import se.lnu.http.response.HTTP405MethodNotSupportedResponse;&#10;import se.lnu.http.response.HTTPResponse;&#10;&#10;public class ResponseFactory {&#10;&#9;&#10;&#9;private SharedFolder folder;&#10;&#10;&#9;public ResponseFactory(SharedFolder folder) {&#10;&#9;&#9;this.folder = folder;&#10;&#9;}&#10;&#10;&#9;public HTTPResponse getResponse(HTTPRequest request) throws IOException {&#10;&#9;&#9;HTTPRequest.Method method = request.getMethod(); &#10;&#9;&#9;if (method == HTTPRequest.Method.GET) {&#10;&#9;&#9;&#9;try {&#10;&#9;&#9;&#9;&#9;File file = folder.getURL(request.getURL());&#10;&#9;&#9;&#9;&#9;return new HTTP200OKFileResponse(file);&#10;&#9;&#9;&#9;} catch (FileNotFoundException e) {&#10;&#9;&#9;&#9;&#9;return new HTTP404FileNotFoundResponse(request.getURL());&#10;&#9;&#9;&#9;} catch (SecurityException e) {&#10;&#9;&#9;&#9;&#9;return new HTTP403Forbidden(request.getURL());&#10;&#9;&#9;&#9;}&#10;&#9;&#9;&#9;&#10;&#9;&#9;} &#10;&#9;&#9;&#10;&#9;&#9;return new HTTP405MethodNotSupportedResponse(request.getMethod());&#10;&#9;}&#10;&#10;&#9;public HTTP400BadRequest getBadResponse() {&#10;&#9;&#9;return new HTTP400BadRequest();&#10;&#9;}&#10;&#9;&#10;&#9;&#10;&#10;}&#10;" Filename="ResponseFactory.java" Intrnl_Id="18"/>
<SrcFile Content="package se.lnu.http;&#10;&#10;import se.lnu.http.exceptions.InvalidPortException;&#10;&#10;public class Port {&#10;&#10;&#9;private int portNumber;&#10;&#10;&#9;public Port(int portNumber) throws InvalidPortException {&#10;&#9;&#9;if (portNumber &lt;= 0 || portNumber &gt; 65535) {&#10;&#9;&#9;&#9;throw new InvalidPortException(&quot;invalid port number please choose a port between 1 and 65535&quot;);&#10;&#9;&#9;}&#10;&#9;&#9;&#10;&#9;&#9;this.portNumber = portNumber;&#10;&#9;&#9;&#10;&#9;}&#10;&#10;&#9;public int getPort() {&#10;&#9;&#9;// TODO Auto-generated method stub&#10;&#9;&#9;return portNumber;&#10;&#9;}&#10;&#9;&#10;}&#10;" Filename="Port.java" Intrnl_Id="19"/>
<SrcFile Content="package se.lnu.http;&#10;&#10;public interface HTTPServerObserver {&#10;&#10;&#9;void serverConstructed();&#10;&#10;&#9;void serverStarted();&#10;&#10;&#9;void serverStopped();&#10;&#10;&#9;void closedAccept();&#10;&#10;&#9;void startedClient();&#10;&#10;&#9;void waitForClient();&#10;&#10;}&#10;" Filename="HTTPServerObserver.java" Intrnl_Id="20"/>
<SrcFile Content="package se.lnu.http;&#10;&#10;import java.io.File;&#10;import java.net.BindException;&#10;&#10;import se.lnu.http.exceptions.InvalidPortException;&#10;import se.lnu.http.view.ConsoleView;&#10;&#10;&#10;public class HTTPServerConsole {&#10;&#9;private ConsoleView view;&#10;&#9;private ServerFactory factory;&#10;&#10;&#9;public HTTPServerConsole(ConsoleView view, ServerFactory factory ) {&#10;&#9;&#9;this.view = view;&#10;&#9;&#9;this.factory = factory;&#10;&#9;}&#10;&#10;&#9;/**&#10;&#9; * @param args&#10;&#9; * @throws Exception &#10;&#9; */&#10;&#9;public static void main(String[] args) throws Exception {&#10;&#9;&#9;ConsoleView view = new ConsoleView(args);&#10;&#9;&#9;ServerFactory factory = new ServerFactory();&#10;&#9;&#9;HTTPServerConsole server = new HTTPServerConsole(view, factory);&#10;&#9;&#9;server.runConsole();&#10;&#9;&#9;&#10;&#9;&#9;&#10;&#9;}&#10;&#10;&#9;void runConsole() throws Exception {&#10;&#9;&#9;&#10;&#9;&#9;try {&#10;&#9;&#9;&#9;Port port = view.getPort();&#10;&#9;&#9;&#9;File sharedDirectory = view.getDirectory();&#10;&#9;&#9;&#9;HTTPServer server = factory.create(port, sharedDirectory, view);&#10;&#9;&#9;&#9;&#10;&#9;&#9;&#9;server.start();&#10;&#9;&#9;&#9;&#10;&#9;&#9;&#9;while(true) {&#10;&#9;&#9;&#9;&#9;if (view.doStop()) {&#10;&#9;&#9;&#9;&#9;&#9;server.stop();&#10;&#9;&#9;&#9;&#9;&#9;break;&#10;&#9;&#9;&#9;&#9;}&#10;&#9;&#9;&#9;}&#10;&#9;&#9;&#9;&#10;&#9;&#9;} catch (InvalidPortException e) {&#10;&#9;&#9;&#9;view.showhelp();&#10;&#9;&#9;} catch (BindException e) {&#10;&#9;&#9;&#9;view.showPortTaken();&#10;&#9;&#9;}&#10;&#9;&#9;&#10;&#9;}&#10;&#10;}&#10;" Filename="HTTPServerConsole.java" Intrnl_Id="21"/>
<SrcFile Content="package se.lnu.http;&#10;&#10;import java.io.IOException;&#10;import java.net.ServerSocket;&#10;&#10;import se.lnu.http.exceptions.NotStartedException;&#10;&#10;&#10;public class HTTPServer {&#10;&#10;&#9;&#10;&#9;private HTTPServerObserver view;&#10;&#9;&#10;&#9;private Port port;&#10;&#9;private AcceptThread acceptThread;&#10;&#10;&#9;private SharedFolder sharedDirectory;&#10;&#10;&#9;public HTTPServer(Port port, SharedFolder sharedDirectory, HTTPServerObserver view) {&#10;&#9;&#9;this.view = view;&#10;&#9;&#9;view.serverConstructed();&#10;&#9;&#9;this.port = port;&#10;&#9;&#9;this.sharedDirectory = sharedDirectory;&#10;&#9;}&#10;&#10;&#9;public void start() throws IOException {&#10;&#9;&#9;ServerSocket socket = new ServerSocket(port.getPort());&#10;&#9;&#9;ClientFactory factory = new ClientFactory(this.sharedDirectory);&#10;&#9;&#9;acceptThread = new AcceptThread(socket, view, factory);&#10;&#9;&#9;&#10;&#9;&#9;acceptThread.start();&#10;&#9;&#9;&#10;&#9;&#9;view.serverStarted();&#10;&#9;}&#10;&#10;&#9;public void stop() throws NotStartedException, InterruptedException, IOException {&#10;&#9;&#9;if (acceptThread == null)&#10;&#9;&#9;&#9;throw new NotStartedException();&#10;&#9;&#9;&#10;&#9;&#9;acceptThread.stopme();&#10;&#9;&#9;&#10;&#9;&#9;while(acceptThread.isAlive()) {&#10;&#9;&#9;&#9;Thread.sleep(100);&#10;&#9;&#9;}&#10;&#9;&#9;&#10;&#9;&#9;&#10;&#9;&#9;view.serverStopped();&#10;&#9;&#9;&#10;&#9;&#9;acceptThread = null;&#10;&#9;}&#10;&#10;}&#10;" Filename="HTTPServer.java" Intrnl_Id="22"/>
<SrcFile Content="package se.lnu.http;&#10;&#10;import se.lnu.http.exceptions.MalformedRequestException;&#10;&#10;public class HTTPRequestParser {&#10;&#10;&#9;public static HTTPRequest parseRequest(String requestString) throws MalformedRequestException {&#10;&#9;&#9;&#10;&#9;&#9;String[] parts = requestString.split(&quot;\r\n&quot;);&#10;&#9;&#9;if (parts.length &lt; 1) {&#10;&#9;&#9;&#9;throw new MalformedRequestException(requestString);&#10;&#9;&#9;}&#10;&#9;&#9;&#10;&#9;&#9;String[] requestType = parts[0].split(&quot; &quot;);&#10;&#9;&#9;if (requestType.length != 3) {&#10;&#9;&#9;&#9;throw new MalformedRequestException(requestString);&#10;&#9;&#9;}&#10;&#9;&#9;&#10;&#9;&#9;HTTPRequest.Method method = HTTPRequest.Method.fromString(requestType[0]);&#10;&#9;&#9;&#10;&#9;&#9;&#10;&#9;&#9;return new HTTPRequest(method, requestType[1]);&#10;&#9;}&#10;&#10;&#10;}&#10;" Filename="HTTPRequestParser.java" Intrnl_Id="23"/>
<SrcFile Content="package se.lnu.http;&#10;&#10;import se.lnu.http.exceptions.*;&#10;&#10;public class HTTPRequest {&#10;&#9;//http://en.wikipedia.org/wiki/Hypertext_Transfer_Protocol&#10;&#9;public enum Method {&#10;&#9;    GET, POST, HEAD, PUT, DELETE, TRACE, OPTIONS, CONNECT, PATCH;&#10;&#9;    &#10;&#9;    static Method fromString(String stringMethod) throws MalformedRequestException {&#10;&#9;    &#9;for(Method m : Method.values()) {&#10;&#9;    &#9;&#9;if (stringMethod.equals(m.name())) {&#10;&#9;    &#9;&#9;&#9;return m;&#10;&#9;    &#9;&#9;}&#10;&#9;    &#9;}&#10;&#9;    &#9;throw new MalformedRequestException(&quot;unknown method [&quot;+stringMethod+&quot;]&quot;);&#10;&#9;    &#9;&#10;&#9;    }&#10;&#9;}&#10;&#9;&#10;&#9;private String url;&#10;&#9;private Method requestType;&#10;&#10;&#9;public HTTPRequest(Method requestType, String url) {&#10;&#9;&#9;this.url = url;&#10;&#9;&#9;this.requestType = requestType;&#10;&#9;}&#10;&#10;&#9;public String getURL() {&#10;&#9;&#9;return this.url;&#10;&#9;}&#10;&#10;&#9;public Method getMethod() {&#10;&#9;&#9;return requestType;&#10;&#9;}&#10;&#10;}&#10;" Filename="HTTPRequest.java" Intrnl_Id="24"/>
<SrcFile Content="package se.lnu.http;&#10;&#10;import java.io.BufferedReader;&#10;import java.io.IOException;&#10;&#10;public class HTTPReader {&#10;&#9;private int contentlength = 0;&#10;&#9;&#10;&#9;BufferedReader reader;&#10;&#9;&#10;&#9;public HTTPReader(BufferedReader reader) {&#10;&#9;&#9;this.reader = reader;&#10;&#9;}&#10;&#10;&#9;public String readBody() throws IOException {&#10;&#9;&#9;StringBuilder data = new StringBuilder();&#10;&#9;&#9;for (int i = 0; i &lt; contentlength; i++) {&#10;&#9;&#9;&#9;data.append((char)reader.read());&#10;&#9;&#9;}&#10;&#9;&#9;&#10;&#9;&#9;return data.toString();&#10;&#9;}&#10;&#10;&#9;public String readHeader()&#10;&#9;&#9;&#9;throws IOException {&#10;&#9;&#9;StringBuilder data = new StringBuilder();&#10;&#9;&#9;&#9;&#9;&#10;&#9;&#9;while (true) {&#10;&#9;&#9;&#9;String lineRead = reader.readLine();&#10;&#9;&#9;&#9;&#10;&#9;&#9;&#9;if (lineRead == null) { //eof http://docs.oracle.com/javase/1.4.2/docs/api/java/io/BufferedReader.html&#10;&#9;&#9;&#9;&#9;throw new IOException(&quot;eof&quot;);&#10;&#9;&#9;&#9;}&#10;&#9;&#9;&#9;&#10;&#9;&#9;&#9;data.append(lineRead);&#10;&#9;&#9;&#9;data.append(&quot;\r\n&quot;);&#10;&#9;&#9;&#9;if (lineRead == null || lineRead.equals(&quot;\r\n&quot;) || lineRead.equals(&quot;&quot;)) {&#10;&#9;&#9;&#9;&#9;break;&#10;&#9;&#9;&#9;}&#10;&#9;&#9;&#9;if (lineRead.startsWith(&quot;Content-Length:&quot;)) {&#10;&#9;&#9;&#9;&#9;String number = lineRead.substring(16);&#10;&#9;&#9;&#9;&#9;contentlength  = Integer.parseInt(number); &#10;&#9;&#9;&#9;}&#10;&#9;&#9;&#9;&#10;&#9;&#9;}&#10;&#9;&#9;&#10;&#9;&#9;return data.toString() + readBody();&#10;&#9;}&#10;}&#10;" Filename="HTTPReader.java" Intrnl_Id="25"/>
<SrcFile Content="package se.lnu.http;&#10;&#10;import java.io.IOException;&#10;import se.lnu.http.exceptions.MalformedRequestException;&#10;import se.lnu.http.response.HTTPResponse;&#10;&#10;&#10;public class ClientThread extends Thread{&#10;&#9;&#10;&#9;&#10;&#9;private ClientSocket clientSocket;&#10;&#9;private ResponseFactory factory;&#10;&#10;&#9;public ClientThread(ClientSocket clientSocket,&#10;&#9;&#9;&#9;&#9;&#9;&#9;ResponseFactory factory) {&#10;&#9;&#9;this.clientSocket = clientSocket;&#10;&#9;&#9;&#10;&#9;&#9;this.factory = factory;&#10;&#9;}&#10;&#9;&#10;&#9;public void run() {&#10;&#9;&#9; &#10;&#9;&#9;try {&#10;&#9;&#9;&#9;&#10;&#9;&#9;&#9;&#10;&#9;&#9;&#9;String requestString = clientSocket.getRequest();&#10;&#9;&#9;&#9;HTTPResponse response;&#10;&#9;&#9;&#9;try {&#10;&#9;&#9;&#9;&#9;HTTPRequest request = HTTPRequestParser.parseRequest(requestString);&#10;&#9;&#9;&#9;&#9;response = factory.getResponse(request);&#10;&#9;&#9;&#9;} catch (MalformedRequestException e) {&#10;&#9;&#9;&#9;&#9;response = factory.getBadResponse();&#10;&#9;&#9;&#9;}&#10;&#9;&#9;&#9;&#10;&#9;&#9;&#9;&#10;&#9;&#9;&#9;response.writeResponse(clientSocket);&#10;&#9;&#9;&#9;&#10;&#9;&#9;} catch (IOException e) {&#10;&#9;&#9;&#9;e.printStackTrace();&#10;&#9;&#9;}&#10;&#9;&#9;&#10;&#9;&#9;try {&#10;&#9;&#9;&#9;clientSocket.close();&#10;&#9;&#9;} catch (IOException e) {&#10;&#9;&#9;&#9;e.printStackTrace();&#10;&#9;&#9;}&#10;&#9;&#9;&#10;&#9;}&#10;}&#10;" Filename="ClientThread.java" Intrnl_Id="26"/>
<SrcFile Content="package se.lnu.http;&#10;&#10;import java.io.BufferedReader;&#10;import java.io.IOException;&#10;import java.io.InputStreamReader;&#10;import java.io.PrintWriter;&#10;import java.net.Socket;&#10;&#10;public class ClientSocket {&#10;&#9;&#10;&#9;private Socket sock;&#10;&#10;&#9;public ClientSocket(Socket sock) {&#10;&#9;&#9;this.sock = sock;&#10;&#9;}&#10;&#10;&#9;public String getRequest() throws IOException {&#10;&#9;&#9;BufferedReader in = new BufferedReader(new InputStreamReader(sock.getInputStream()));&#10;&#9;&#9;HTTPReader httpReader = new HTTPReader(in);&#10;&#9;&#9;String requestString = httpReader.readHeader();&#10;&#9;&#9;return requestString;&#10;&#9;}&#10;&#10;&#9;public void writeHeader(String response) throws IOException {&#10;&#9;&#9;&#10;&#9;&#9;PrintWriter out = new PrintWriter(sock.getOutputStream(), true);&#10;&#9;&#9;out.write(response.toString());&#10;&#9;&#9;out.flush();&#10;&#9;&#9;&#10;&#9;&#9;&#10;&#9;&#9;&#10;&#9;}&#10;&#10;&#9;public void close() throws IOException {&#10;&#9;&#9;sock.close();&#10;&#9;&#9;&#10;&#9;}&#10;&#10;&#9;public void writeBody(byte[] bytes) throws IOException {&#10;&#9;&#9;sock.getOutputStream().write(bytes);&#10;&#9;}&#10;&#10;}&#10;" Filename="ClientSocket.java" Intrnl_Id="27"/>
<SrcFile Content="package se.lnu.http;&#10;&#10;import java.net.Socket;&#10;&#10;public class ClientFactory {&#10;&#9;&#10;&#9;private SharedFolder folder;&#10;&#10;&#9;ClientFactory(SharedFolder folder) {&#10;&#9;&#9;this.folder = folder;&#10;&#9;}&#10;&#10;&#9;public ClientThread createClient(Socket clientSocket ) {&#10;&#9;&#9;&#10;&#9;&#9;return new ClientThread(new ClientSocket(clientSocket), new ResponseFactory(folder));&#10;&#9;}&#10;&#10;}&#10;" Filename="ClientFactory.java" Intrnl_Id="28"/>
<SrcFile Content="package se.lnu.http;&#10;&#10;import java.io.IOException;&#10;import java.net.ServerSocket;&#10;import java.net.Socket;&#10;import java.net.SocketException;&#10;&#10;public class AcceptThread extends Thread{&#10;&#10;&#9;volatile ServerSocket socket;&#10;&#9;volatile private HTTPServerObserver observer;&#10;&#9;private ClientFactory cfactory;&#10;&#9;&#10;&#9;public AcceptThread(ServerSocket sock, &#10;&#9;&#9;&#9;&#9;&#9;&#9;HTTPServerObserver observer, &#10;&#9;&#9;&#9;&#9;&#9;&#9;ClientFactory cfactory) {&#10;&#9;&#9;socket = sock;&#10;&#9;&#9;this.observer = observer;&#10;&#9;&#9;this.cfactory = cfactory;&#10;&#9;}&#10;&#9;&#10;&#9;public void stopme() throws IOException {&#10;&#9;&#9;socket.close();&#10;&#9;}&#10;&#9;&#10;&#9;public void run() {&#10;        &#10;        &#9;&#10;        &#9;while (true) {&#10;        &#9;&#9;try {&#10;        &#9;&#9;&#9;acceptClient();&#10;        &#9;&#9;} catch (SocketException e) {&#10;        &#9;&#9;&#9;//when stopme is called we get a socket exception&#10;        &#9;&#9;&#9;break;&#10;                } catch (IOException e) {&#10;        &#9;&#9;&#9;e.printStackTrace();&#10;                }&#10;&#9;&#9;&#9;&#9;&#10;&#9;&#9;&#9;&#9;&#10;        &#9;}&#10;        &#9;&#10;        &#9;observer.closedAccept();&#10;        &#9;&#10;&#9;&#9;&#10;    }&#10;&#10;&#9;private void acceptClient() throws IOException {&#10;&#9;&#9;observer.waitForClient();&#10;&#9;&#9;Socket clientSocket = socket.accept();&#10;&#9;&#9;ClientThread client = cfactory.createClient(clientSocket);&#10;&#9;&#9;client.start();&#10;&#9;&#9;observer.startedClient();&#10;&#9;} &#10;&#9;&#10;}&#10;" Filename="AcceptThread.java" Intrnl_Id="29"/>
</SrcFileList>
<CritList>
<CritListEntry Name="org.codecover.model.utils.criteria.LoopCoverage" PluginName="org.codecover"/>
<CritListEntry Name="org.codecover.model.utils.criteria.BranchCoverage" PluginName="org.codecover"/>
<CritListEntry Name="org.codecover.model.utils.criteria.ConditionCoverage" PluginName="org.codecover"/>
<CritListEntry Name="org.codecover.model.utils.criteria.SynchronizedStatementCoverage" PluginName="org.codecover"/>
<CritListEntry Name="org.codecover.model.utils.criteria.QMOCoverage" PluginName="org.codecover"/>
<CritListEntry Name="org.codecover.model.utils.criteria.StatementCoverage" PluginName="org.codecover"/>
</CritList>
<BoolOpList>
<BoolOp Arity="2" Intrnl_Id="30" Name="conditional or (||)">
<BoolAssgnmntBoolMapList>
<MapEntry BoolAssgnmnt="01" Value="true"/>
<MapEntry BoolAssgnmnt="00" Value="false"/>
<MapEntry BoolAssgnmnt="12" Value="true"/>
</BoolAssgnmntBoolMapList>
</BoolOp>
</BoolOpList>
<HierarchyLvlTypeList>
<HierarchyLvlType EnglishName="enumeration" IntrnlName="enum" Intrnl_Id="31"/>
<HierarchyLvlType EnglishName="package" IntrnlName="package" Intrnl_Id="32"/>
<HierarchyLvlType EnglishName="class" IntrnlName="class" Intrnl_Id="33"/>
<HierarchyLvlType EnglishName="method" IntrnlName="method" Intrnl_Id="34"/>
<HierarchyLvlType EnglishName="default package" IntrnlName="default package" Intrnl_Id="35"/>
<HierarchyLvlType EnglishName="interface" IntrnlName="interface" Intrnl_Id="36"/>
</HierarchyLvlTypeList>
<MASTRoot>
<HierarchyLvl HierarchyLvlId="4338" HierarchyLvlTypeId="35" Intrnl_Id="37" Name="default package">
<Header/>
<LocList/>
<HierarchyLvl HierarchyLvlId="4337" HierarchyLvlTypeId="32" Intrnl_Id="38" Name="se">
<Header/>
<LocList/>
<HierarchyLvl HierarchyLvlId="4336" HierarchyLvlTypeId="32" Intrnl_Id="39" Name="lnu">
<Header/>
<LocList/>
<HierarchyLvl HierarchyLvlId="4335" HierarchyLvlTypeId="32" Intrnl_Id="40" Name="http">
<Header/>
<LocList/>
<HierarchyLvl HierarchyLvlId="4331" HierarchyLvlTypeId="32" Intrnl_Id="41" Name="view">
<Header/>
<LocList/>
<HierarchyLvl HierarchyLvlId="4238" HierarchyLvlTypeId="33" Intrnl_Id="42" Name="ConsoleView">
<Header>
<Loc EndOffset="431" SrcFileId="1" StartOffset="377"/>
</Header>
<LocList>
<Loc EndOffset="2853" SrcFileId="1" StartOffset="377"/>
</LocList>
<StmntSeq Intrnl_Id="43">
<LocList>
<Loc EndOffset="515" SrcFileId="1" StartOffset="435"/>
<Loc EndOffset="591" SrcFileId="1" StartOffset="517"/>
<Loc EndOffset="652" SrcFileId="1" StartOffset="593"/>
<Loc EndOffset="713" SrcFileId="1" StartOffset="654"/>
<Loc EndOffset="802" SrcFileId="1" StartOffset="715"/>
<Loc EndOffset="858" SrcFileId="1" StartOffset="804"/>
<Loc EndOffset="907" SrcFileId="1" StartOffset="860"/>
<Loc EndOffset="961" SrcFileId="1" StartOffset="909"/>
</LocList>
<BasicStmnt CovItemId="S1" CovItemPrefix="se.lnu.http.view.ConsoleView.java" Intrnl_Id="44">
<LocList>
<Loc EndOffset="515" SrcFileId="1" StartOffset="435"/>
</LocList>
</BasicStmnt>
<BasicStmnt CovItemId="S2" CovItemPrefix="se.lnu.http.view.ConsoleView.java" Intrnl_Id="45">
<LocList>
<Loc EndOffset="591" SrcFileId="1" StartOffset="517"/>
</LocList>
</BasicStmnt>
<BasicStmnt CovItemId="S3" CovItemPrefix="se.lnu.http.view.ConsoleView.java" Intrnl_Id="46">
<LocList>
<Loc EndOffset="652" SrcFileId="1" StartOffset="593"/>
</LocList>
</BasicStmnt>
<BasicStmnt CovItemId="S4" CovItemPrefix="se.lnu.http.view.ConsoleView.java" Intrnl_Id="47">
<LocList>
<Loc EndOffset="713" SrcFileId="1" StartOffset="654"/>
</LocList>
</BasicStmnt>
<BasicStmnt CovItemId="S5" CovItemPrefix="se.lnu.http.view.ConsoleView.java" Intrnl_Id="48">
<LocList>
<Loc EndOffset="802" SrcFileId="1" StartOffset="715"/>
</LocList>
</BasicStmnt>
<BasicStmnt CovItemId="S6" CovItemPrefix="se.lnu.http.view.ConsoleView.java" Intrnl_Id="49">
<LocList>
<Loc EndOffset="858" SrcFileId="1" StartOffset="804"/>
</LocList>
</BasicStmnt>
<BasicStmnt CovItemId="S7" CovItemPrefix="se.lnu.http.view.ConsoleView.java" Intrnl_Id="50">
<LocList>
<Loc EndOffset="907" SrcFileId="1" StartOffset="860"/>
</LocList>
</BasicStmnt>
<BasicStmnt CovItemId="S8" CovItemPrefix="se.lnu.http.view.ConsoleView.java" Intrnl_Id="51">
<LocList>
<Loc EndOffset="961" SrcFileId="1" StartOffset="909"/>
</LocList>
</BasicStmnt>
</StmntSeq>
<HierarchyLvl HierarchyLvlId="4226" HierarchyLvlTypeId="34" Intrnl_Id="52" Name="ConsoleView">
<Header>
<Loc EndOffset="1069" SrcFileId="1" StartOffset="997"/>
</Header>
<LocList>
<Loc EndOffset="1196" SrcFileId="1" StartOffset="997"/>
</LocList>
<StmntSeq Intrnl_Id="53">
<LocList>
<Loc EndOffset="1167" SrcFileId="1" StartOffset="1074"/>
<Loc EndOffset="1190" SrcFileId="1" StartOffset="1173"/>
</LocList>
<CondStmnt CovItemId="S9" CovItemPrefix="se.lnu.http.view.ConsoleView.java" Intrnl_Id="54">
<Branch CovItemId="B1" CovItemPrefix="se.lnu.http.view.ConsoleView.java" Implct="false" Intrnl_Id="55">
<Cond/>
<LocList>
<Loc EndOffset="1167" SrcFileId="1" StartOffset="1114"/>
</LocList>
<StmntSeq Intrnl_Id="56">
<LocList>
<Loc EndOffset="1163" SrcFileId="1" StartOffset="1119"/>
</LocList>
<BasicStmnt CovItemId="S10" CovItemPrefix="se.lnu.http.view.ConsoleView.java" Intrnl_Id="57">
<LocList>
<Loc EndOffset="1163" SrcFileId="1" StartOffset="1119"/>
</LocList>
</BasicStmnt>
</StmntSeq>
</Branch>
<Branch CovItemId="B2" CovItemPrefix="se.lnu.http.view.ConsoleView.java" Implct="true" Intrnl_Id="58">
<Cond/>
<LocList/>
<StmntSeq Intrnl_Id="59">
<LocList/>
</StmntSeq>
</Branch>
<Keyword EndOffset="1076" SrcFileId="1" StartOffset="1074"/>
<LocList>
<Loc EndOffset="1167" SrcFileId="1" StartOffset="1074"/>
</LocList>
<RootTerm CovItemId="C1" CovItemPrefix="se.lnu.http.view.ConsoleView.java" Intrnl_Id="60">
<OpTerm BooleanOpId="30" Intrnl_Id="61">
<BasicBoolTerm Intrnl_Id="62">
<LocList>
<Loc EndOffset="1093" SrcFileId="1" StartOffset="1078"/>
</LocList>
</BasicBoolTerm>
<BasicBoolTerm Intrnl_Id="63">
<LocList>
<Loc EndOffset="1112" SrcFileId="1" StartOffset="1097"/>
</LocList>
</BasicBoolTerm>
<LocList>
<Loc EndOffset="1096" SrcFileId="1" StartOffset="1094"/>
</LocList>
</OpTerm>
</RootTerm>
</CondStmnt>
<BasicStmnt CovItemId="S11" CovItemPrefix="se.lnu.http.view.ConsoleView.java" Intrnl_Id="64">
<LocList>
<Loc EndOffset="1190" SrcFileId="1" StartOffset="1173"/>
</LocList>
</BasicStmnt>
</StmntSeq>
</HierarchyLvl>
<HierarchyLvl HierarchyLvlId="4227" HierarchyLvlTypeId="34" Intrnl_Id="65" Name="getPort">
<Header>
<Loc EndOffset="1248" SrcFileId="1" StartOffset="1199"/>
</Header>
<LocList>
<Loc EndOffset="1444" SrcFileId="1" StartOffset="1199"/>
</LocList>
<StmntSeq Intrnl_Id="66">
<LocList>
<Loc EndOffset="1307" SrcFileId="1" StartOffset="1274"/>
<Loc EndOffset="1399" SrcFileId="1" StartOffset="1265"/>
<Loc EndOffset="1426" SrcFileId="1" StartOffset="1402"/>
<Loc EndOffset="1441" SrcFileId="1" StartOffset="1432"/>
</LocList>
<BasicStmnt CovItemId="S13" CovItemPrefix="se.lnu.http.view.ConsoleView.java" Intrnl_Id="67">
<LocList>
<Loc EndOffset="1307" SrcFileId="1" StartOffset="1274"/>
</LocList>
</BasicStmnt>
<CondStmnt CovItemId="S12" CovItemPrefix="se.lnu.http.view.ConsoleView.java" Intrnl_Id="68">
<Branch CovItemId="B3" CovItemPrefix="se.lnu.http.view.ConsoleView.java" Implct="true" Intrnl_Id="69">
<Cond/>
<LocList/>
<StmntSeq Intrnl_Id="70">
<LocList/>
</StmntSeq>
</Branch>
<Branch CovItemId="B4" CovItemPrefix="se.lnu.http.view.ConsoleView.java" Implct="false" Intrnl_Id="71">
<Cond>
<Loc EndOffset="1331" SrcFileId="1" StartOffset="1312"/>
</Cond>
<LocList>
<Loc EndOffset="1399" SrcFileId="1" StartOffset="1332"/>
</LocList>
<StmntSeq Intrnl_Id="72">
<LocList>
<Loc EndOffset="1395" SrcFileId="1" StartOffset="1337"/>
</LocList>
<BasicStmnt CovItemId="S14" CovItemPrefix="se.lnu.http.view.ConsoleView.java" Intrnl_Id="73">
<LocList>
<Loc EndOffset="1395" SrcFileId="1" StartOffset="1337"/>
</LocList>
</BasicStmnt>
</StmntSeq>
</Branch>
<Keyword EndOffset="1268" SrcFileId="1" StartOffset="1265"/>
<LocList>
<Loc EndOffset="1399" SrcFileId="1" StartOffset="1265"/>
</LocList>
</CondStmnt>
<BasicStmnt CovItemId="S15" CovItemPrefix="se.lnu.http.view.ConsoleView.java" Intrnl_Id="74">
<LocList>
<Loc EndOffset="1426" SrcFileId="1" StartOffset="1402"/>
</LocList>
</BasicStmnt>
<BasicStmnt CovItemId="S16" CovItemPrefix="se.lnu.http.view.ConsoleView.java" Intrnl_Id="75">
<LocList>
<Loc EndOffset="1441" SrcFileId="1" StartOffset="1432"/>
</LocList>
</BasicStmnt>
</StmntSeq>
</HierarchyLvl>
<HierarchyLvl HierarchyLvlId="4228" HierarchyLvlTypeId="34" Intrnl_Id="76" Name="showhelp">
<Header>
<Loc EndOffset="1471" SrcFileId="1" StartOffset="1449"/>
</Header>
<LocList>
<Loc EndOffset="1510" SrcFileId="1" StartOffset="1449"/>
</LocList>
<StmntSeq Intrnl_Id="77">
<LocList>
<Loc EndOffset="1504" SrcFileId="1" StartOffset="1476"/>
</LocList>
<BasicStmnt CovItemId="S17" CovItemPrefix="se.lnu.http.view.ConsoleView.java" Intrnl_Id="78">
<LocList>
<Loc EndOffset="1504" SrcFileId="1" StartOffset="1476"/>
</LocList>
</BasicStmnt>
</StmntSeq>
</HierarchyLvl>
<HierarchyLvl HierarchyLvlId="4229" HierarchyLvlTypeId="34" Intrnl_Id="79" Name="getDirectory">
<Header>
<Loc EndOffset="1573" SrcFileId="1" StartOffset="1517"/>
</Header>
<LocList>
<Loc EndOffset="2000" SrcFileId="1" StartOffset="1517"/>
</LocList>
<StmntSeq Intrnl_Id="80">
<LocList>
<Loc EndOffset="1635" SrcFileId="1" StartOffset="1605"/>
<Loc EndOffset="1785" SrcFileId="1" StartOffset="1679"/>
<Loc EndOffset="1897" SrcFileId="1" StartOffset="1789"/>
<Loc EndOffset="1971" SrcFileId="1" StartOffset="1596"/>
<Loc EndOffset="1997" SrcFileId="1" StartOffset="1980"/>
</LocList>
<BasicStmnt CovItemId="S19" CovItemPrefix="se.lnu.http.view.ConsoleView.java" Intrnl_Id="81">
<LocList>
<Loc EndOffset="1635" SrcFileId="1" StartOffset="1605"/>
</LocList>
</BasicStmnt>
<CondStmnt CovItemId="S20" CovItemPrefix="se.lnu.http.view.ConsoleView.java" Intrnl_Id="82">
<Branch CovItemId="B6" CovItemPrefix="se.lnu.http.view.ConsoleView.java" Implct="false" Intrnl_Id="83">
<Cond/>
<LocList>
<Loc EndOffset="1785" SrcFileId="1" StartOffset="1712"/>
</LocList>
<StmntSeq Intrnl_Id="84">
<LocList>
<Loc EndOffset="1780" SrcFileId="1" StartOffset="1718"/>
</LocList>
<BasicStmnt CovItemId="S21" CovItemPrefix="se.lnu.http.view.ConsoleView.java" Intrnl_Id="85">
<LocList>
<Loc EndOffset="1780" SrcFileId="1" StartOffset="1718"/>
</LocList>
</BasicStmnt>
</StmntSeq>
</Branch>
<Branch CovItemId="B7" CovItemPrefix="se.lnu.http.view.ConsoleView.java" Implct="true" Intrnl_Id="86">
<Cond/>
<LocList/>
<StmntSeq Intrnl_Id="87">
<LocList/>
</StmntSeq>
</Branch>
<Keyword EndOffset="1681" SrcFileId="1" StartOffset="1679"/>
<LocList>
<Loc EndOffset="1785" SrcFileId="1" StartOffset="1679"/>
</LocList>
<RootTerm CovItemId="C2" CovItemPrefix="se.lnu.http.view.ConsoleView.java" Intrnl_Id="88">
<BasicBoolTerm Intrnl_Id="89">
<LocList>
<Loc EndOffset="1710" SrcFileId="1" StartOffset="1683"/>
</LocList>
</BasicBoolTerm>
</RootTerm>
</CondStmnt>
<CondStmnt CovItemId="S22" CovItemPrefix="se.lnu.http.view.ConsoleView.java" Intrnl_Id="90">
<Branch CovItemId="B8" CovItemPrefix="se.lnu.http.view.ConsoleView.java" Implct="false" Intrnl_Id="91">
<Cond/>
<LocList>
<Loc EndOffset="1897" SrcFileId="1" StartOffset="1827"/>
</LocList>
<StmntSeq Intrnl_Id="92">
<LocList>
<Loc EndOffset="1892" SrcFileId="1" StartOffset="1833"/>
</LocList>
<BasicStmnt CovItemId="S23" CovItemPrefix="se.lnu.http.view.ConsoleView.java" Intrnl_Id="93">
<LocList>
<Loc EndOffset="1892" SrcFileId="1" StartOffset="1833"/>
</LocList>
</BasicStmnt>
</StmntSeq>
</Branch>
<Branch CovItemId="B9" CovItemPrefix="se.lnu.http.view.ConsoleView.java" Implct="true" Intrnl_Id="94">
<Cond/>
<LocList/>
<StmntSeq Intrnl_Id="95">
<LocList/>
</StmntSeq>
</Branch>
<Keyword EndOffset="1791" SrcFileId="1" StartOffset="1789"/>
<LocList>
<Loc EndOffset="1897" SrcFileId="1" StartOffset="1789"/>
</LocList>
<RootTerm CovItemId="C3" CovItemPrefix="se.lnu.http.view.ConsoleView.java" Intrnl_Id="96">
<BasicBoolTerm Intrnl_Id="97">
<LocList>
<Loc EndOffset="1825" SrcFileId="1" StartOffset="1793"/>
</LocList>
</BasicBoolTerm>
</RootTerm>
</CondStmnt>
<CondStmnt CovItemId="S18" CovItemPrefix="se.lnu.http.view.ConsoleView.java" Intrnl_Id="98">
<Branch CovItemId="B5" CovItemPrefix="se.lnu.http.view.ConsoleView.java" Implct="true" Intrnl_Id="99">
<Cond/>
<LocList/>
<StmntSeq Intrnl_Id="100">
<LocList/>
</StmntSeq>
</Branch>
<Branch CovItemId="B10" CovItemPrefix="se.lnu.http.view.ConsoleView.java" Implct="false" Intrnl_Id="101">
<Cond>
<Loc EndOffset="1925" SrcFileId="1" StartOffset="1906"/>
</Cond>
<LocList>
<Loc EndOffset="1971" SrcFileId="1" StartOffset="1926"/>
</LocList>
<StmntSeq Intrnl_Id="102">
<LocList>
<Loc EndOffset="1967" SrcFileId="1" StartOffset="1931"/>
</LocList>
<BasicStmnt CovItemId="S24" CovItemPrefix="se.lnu.http.view.ConsoleView.java" Intrnl_Id="103">
<LocList>
<Loc EndOffset="1967" SrcFileId="1" StartOffset="1931"/>
</LocList>
</BasicStmnt>
</StmntSeq>
</Branch>
<Keyword EndOffset="1599" SrcFileId="1" StartOffset="1596"/>
<LocList>
<Loc EndOffset="1971" SrcFileId="1" StartOffset="1596"/>
</LocList>
</CondStmnt>
<BasicStmnt CovItemId="S25" CovItemPrefix="se.lnu.http.view.ConsoleView.java" Intrnl_Id="104">
<LocList>
<Loc EndOffset="1997" SrcFileId="1" StartOffset="1980"/>
</LocList>
</BasicStmnt>
</StmntSeq>
</HierarchyLvl>
<HierarchyLvl HierarchyLvlId="4230" HierarchyLvlTypeId="34" Intrnl_Id="105" Name="doStop">
<Header>
<Loc EndOffset="2045" SrcFileId="1" StartOffset="2003"/>
</Header>
<LocList>
<Loc EndOffset="2228" SrcFileId="1" StartOffset="2003"/>
</LocList>
<StmntSeq Intrnl_Id="106">
<LocList>
<Loc EndOffset="2123" SrcFileId="1" StartOffset="2050"/>
<Loc EndOffset="2157" SrcFileId="1" StartOffset="2129"/>
<Loc EndOffset="2206" SrcFileId="1" StartOffset="2160"/>
<Loc EndOffset="2225" SrcFileId="1" StartOffset="2212"/>
</LocList>
<BasicStmnt CovItemId="S26" CovItemPrefix="se.lnu.http.view.ConsoleView.java" Intrnl_Id="107">
<LocList>
<Loc EndOffset="2123" SrcFileId="1" StartOffset="2050"/>
</LocList>
</BasicStmnt>
<BasicStmnt CovItemId="S27" CovItemPrefix="se.lnu.http.view.ConsoleView.java" Intrnl_Id="108">
<LocList>
<Loc EndOffset="2157" SrcFileId="1" StartOffset="2129"/>
</LocList>
</BasicStmnt>
<CondStmnt CovItemId="S28" CovItemPrefix="se.lnu.http.view.ConsoleView.java" Intrnl_Id="109">
<Branch CovItemId="B11" CovItemPrefix="se.lnu.http.view.ConsoleView.java" Implct="false" Intrnl_Id="110">
<Cond/>
<LocList>
<Loc EndOffset="2206" SrcFileId="1" StartOffset="2185"/>
</LocList>
<StmntSeq Intrnl_Id="111">
<LocList>
<Loc EndOffset="2202" SrcFileId="1" StartOffset="2190"/>
</LocList>
<BasicStmnt CovItemId="S29" CovItemPrefix="se.lnu.http.view.ConsoleView.java" Intrnl_Id="112">
<LocList>
<Loc EndOffset="2202" SrcFileId="1" StartOffset="2190"/>
</LocList>
</BasicStmnt>
</StmntSeq>
</Branch>
<Branch CovItemId="B12" CovItemPrefix="se.lnu.http.view.ConsoleView.java" Implct="true" Intrnl_Id="113">
<Cond/>
<LocList/>
<StmntSeq Intrnl_Id="114">
<LocList/>
</StmntSeq>
</Branch>
<Keyword EndOffset="2162" SrcFileId="1" StartOffset="2160"/>
<LocList>
<Loc EndOffset="2206" SrcFileId="1" StartOffset="2160"/>
</LocList>
<RootTerm CovItemId="C4" CovItemPrefix="se.lnu.http.view.ConsoleView.java" Intrnl_Id="115">
<BasicBoolTerm Intrnl_Id="116">
<LocList>
<Loc EndOffset="2183" SrcFileId="1" StartOffset="2164"/>
</LocList>
</BasicBoolTerm>
</RootTerm>
</CondStmnt>
<BasicStmnt CovItemId="S30" CovItemPrefix="se.lnu.http.view.ConsoleView.java" Intrnl_Id="117">
<LocList>
<Loc EndOffset="2225" SrcFileId="1" StartOffset="2212"/>
</LocList>
</BasicStmnt>
</StmntSeq>
</HierarchyLvl>
<HierarchyLvl HierarchyLvlId="4231" HierarchyLvlTypeId="34" Intrnl_Id="118" Name="serverConstructed">
<Header>
<Loc EndOffset="2274" SrcFileId="1" StartOffset="2232"/>
</Header>
<LocList>
<Loc EndOffset="2324" SrcFileId="1" StartOffset="2232"/>
</LocList>
<StmntSeq Intrnl_Id="119">
<LocList>
<Loc EndOffset="2318" SrcFileId="1" StartOffset="2279"/>
</LocList>
<BasicStmnt CovItemId="S31" CovItemPrefix="se.lnu.http.view.ConsoleView.java" Intrnl_Id="120">
<LocList>
<Loc EndOffset="2318" SrcFileId="1" StartOffset="2279"/>
</LocList>
</BasicStmnt>
</StmntSeq>
</HierarchyLvl>
<HierarchyLvl HierarchyLvlId="4232" HierarchyLvlTypeId="34" Intrnl_Id="121" Name="serverStarted">
<Header>
<Loc EndOffset="2365" SrcFileId="1" StartOffset="2327"/>
</Header>
<LocList>
<Loc EndOffset="2411" SrcFileId="1" StartOffset="2327"/>
</LocList>
<StmntSeq Intrnl_Id="122">
<LocList>
<Loc EndOffset="2405" SrcFileId="1" StartOffset="2370"/>
</LocList>
<BasicStmnt CovItemId="S32" CovItemPrefix="se.lnu.http.view.ConsoleView.java" Intrnl_Id="123">
<LocList>
<Loc EndOffset="2405" SrcFileId="1" StartOffset="2370"/>
</LocList>
</BasicStmnt>
</StmntSeq>
</HierarchyLvl>
<HierarchyLvl HierarchyLvlId="4233" HierarchyLvlTypeId="34" Intrnl_Id="124" Name="serverStopped">
<Header>
<Loc EndOffset="2452" SrcFileId="1" StartOffset="2414"/>
</Header>
<LocList>
<Loc EndOffset="2498" SrcFileId="1" StartOffset="2414"/>
</LocList>
<StmntSeq Intrnl_Id="125">
<LocList>
<Loc EndOffset="2492" SrcFileId="1" StartOffset="2457"/>
</LocList>
<BasicStmnt CovItemId="S33" CovItemPrefix="se.lnu.http.view.ConsoleView.java" Intrnl_Id="126">
<LocList>
<Loc EndOffset="2492" SrcFileId="1" StartOffset="2457"/>
</LocList>
</BasicStmnt>
</StmntSeq>
</HierarchyLvl>
<HierarchyLvl HierarchyLvlId="4234" HierarchyLvlTypeId="34" Intrnl_Id="127" Name="closedAccept">
<Header>
<Loc EndOffset="2538" SrcFileId="1" StartOffset="2501"/>
</Header>
<LocList>
<Loc EndOffset="2598" SrcFileId="1" StartOffset="2501"/>
</LocList>
<StmntSeq Intrnl_Id="128">
<LocList>
<Loc EndOffset="2592" SrcFileId="1" StartOffset="2543"/>
</LocList>
<BasicStmnt CovItemId="S34" CovItemPrefix="se.lnu.http.view.ConsoleView.java" Intrnl_Id="129">
<LocList>
<Loc EndOffset="2592" SrcFileId="1" StartOffset="2543"/>
</LocList>
</BasicStmnt>
</StmntSeq>
</HierarchyLvl>
<HierarchyLvl HierarchyLvlId="4235" HierarchyLvlTypeId="34" Intrnl_Id="130" Name="startedClient">
<Header>
<Loc EndOffset="2639" SrcFileId="1" StartOffset="2601"/>
</Header>
<LocList>
<Loc EndOffset="2685" SrcFileId="1" StartOffset="2601"/>
</LocList>
<StmntSeq Intrnl_Id="131">
<LocList>
<Loc EndOffset="2679" SrcFileId="1" StartOffset="2644"/>
</LocList>
<BasicStmnt CovItemId="S35" CovItemPrefix="se.lnu.http.view.ConsoleView.java" Intrnl_Id="132">
<LocList>
<Loc EndOffset="2679" SrcFileId="1" StartOffset="2644"/>
</LocList>
</BasicStmnt>
</StmntSeq>
</HierarchyLvl>
<HierarchyLvl HierarchyLvlId="4236" HierarchyLvlTypeId="34" Intrnl_Id="133" Name="waitForClient">
<Header>
<Loc EndOffset="2726" SrcFileId="1" StartOffset="2688"/>
</Header>
<LocList>
<Loc EndOffset="2773" SrcFileId="1" StartOffset="2688"/>
</LocList>
<StmntSeq Intrnl_Id="134">
<LocList>
<Loc EndOffset="2767" SrcFileId="1" StartOffset="2731"/>
</LocList>
<BasicStmnt CovItemId="S36" CovItemPrefix="se.lnu.http.view.ConsoleView.java" Intrnl_Id="135">
<LocList>
<Loc EndOffset="2767" SrcFileId="1" StartOffset="2731"/>
</LocList>
</BasicStmnt>
</StmntSeq>
</HierarchyLvl>
<HierarchyLvl HierarchyLvlId="4237" HierarchyLvlTypeId="34" Intrnl_Id="136" Name="showPortTaken">
<Header>
<Loc EndOffset="2803" SrcFileId="1" StartOffset="2776"/>
</Header>
<LocList>
<Loc EndOffset="2845" SrcFileId="1" StartOffset="2776"/>
</LocList>
<StmntSeq Intrnl_Id="137">
<LocList>
<Loc EndOffset="2842" SrcFileId="1" StartOffset="2808"/>
</LocList>
<BasicStmnt CovItemId="S37" CovItemPrefix="se.lnu.http.view.ConsoleView.java" Intrnl_Id="138">
<LocList>
<Loc EndOffset="2842" SrcFileId="1" StartOffset="2808"/>
</LocList>
</BasicStmnt>
</StmntSeq>
</HierarchyLvl>
</HierarchyLvl>
</HierarchyLvl>
<HierarchyLvl HierarchyLvlId="4332" HierarchyLvlTypeId="32" Intrnl_Id="139" Name="response">
<Header/>
<LocList/>
<HierarchyLvl HierarchyLvlId="4241" HierarchyLvlTypeId="33" Intrnl_Id="140" Name="HTTPResponse">
<Header>
<Loc EndOffset="128" SrcFileId="2" StartOffset="94"/>
</Header>
<LocList>
<Loc EndOffset="509" SrcFileId="2" StartOffset="94"/>
</LocList>
<HierarchyLvl HierarchyLvlId="4239" HierarchyLvlTypeId="34" Intrnl_Id="141" Name="writeResponse">
<Header>
<Loc EndOffset="213" SrcFileId="2" StartOffset="133"/>
</Header>
<LocList>
<Loc EndOffset="214" SrcFileId="2" StartOffset="133"/>
</LocList>
</HierarchyLvl>
<HierarchyLvl HierarchyLvlId="4240" HierarchyLvlTypeId="34" Intrnl_Id="142" Name="writeContentLengthAndEndHeader">
<Header>
<Loc EndOffset="296" SrcFileId="2" StartOffset="218"/>
</Header>
<LocList>
<Loc EndOffset="506" SrcFileId="2" StartOffset="218"/>
</LocList>
<StmntSeq Intrnl_Id="143">
<LocList>
<Loc EndOffset="317" SrcFileId="2" StartOffset="301"/>
<Loc EndOffset="373" SrcFileId="2" StartOffset="320"/>
<Loc EndOffset="422" SrcFileId="2" StartOffset="376"/>
<Loc EndOffset="458" SrcFileId="2" StartOffset="425"/>
<Loc EndOffset="483" SrcFileId="2" StartOffset="467"/>
<Loc EndOffset="503" SrcFileId="2" StartOffset="492"/>
</LocList>
<BasicStmnt CovItemId="S1" CovItemPrefix="se.lnu.http.response.HTTPResponse.java" Intrnl_Id="144">
<LocList>
<Loc EndOffset="317" SrcFileId="2" StartOffset="301"/>
</LocList>
</BasicStmnt>
<BasicStmnt CovItemId="S2" CovItemPrefix="se.lnu.http.response.HTTPResponse.java" Intrnl_Id="145">
<LocList>
<Loc EndOffset="373" SrcFileId="2" StartOffset="320"/>
</LocList>
</BasicStmnt>
<BasicStmnt CovItemId="S3" CovItemPrefix="se.lnu.http.response.HTTPResponse.java" Intrnl_Id="146">
<LocList>
<Loc EndOffset="422" SrcFileId="2" StartOffset="376"/>
</LocList>
</BasicStmnt>
<BasicStmnt CovItemId="S4" CovItemPrefix="se.lnu.http.response.HTTPResponse.java" Intrnl_Id="147">
<LocList>
<Loc EndOffset="458" SrcFileId="2" StartOffset="425"/>
</LocList>
</BasicStmnt>
<BasicStmnt CovItemId="S5" CovItemPrefix="se.lnu.http.response.HTTPResponse.java" Intrnl_Id="148">
<LocList>
<Loc EndOffset="483" SrcFileId="2" StartOffset="467"/>
</LocList>
</BasicStmnt>
<BasicStmnt CovItemId="S6" CovItemPrefix="se.lnu.http.response.HTTPResponse.java" Intrnl_Id="149">
<LocList>
<Loc EndOffset="503" SrcFileId="2" StartOffset="492"/>
</LocList>
</BasicStmnt>
</StmntSeq>
</HierarchyLvl>
</HierarchyLvl>
<HierarchyLvl HierarchyLvlId="4244" HierarchyLvlTypeId="33" Intrnl_Id="150" Name="HTTP405MethodNotSupportedResponse">
<Header>
<Loc EndOffset="200" SrcFileId="3" StartOffset="133"/>
</Header>
<LocList>
<Loc EndOffset="769" SrcFileId="3" StartOffset="133"/>
</LocList>
<HierarchyLvl HierarchyLvlId="4242" HierarchyLvlTypeId="34" Intrnl_Id="151" Name="HTTP405MethodNotSupportedResponse">
<Header>
<Loc EndOffset="285" SrcFileId="3" StartOffset="230"/>
</Header>
<LocList>
<Loc EndOffset="314" SrcFileId="3" StartOffset="230"/>
</LocList>
<StmntSeq Intrnl_Id="152">
<LocList>
<Loc EndOffset="311" SrcFileId="3" StartOffset="290"/>
</LocList>
<BasicStmnt CovItemId="S1" CovItemPrefix="se.lnu.http.response.HTTP405MethodNotSupportedResponse.java" Intrnl_Id="153">
<LocList>
<Loc EndOffset="311" SrcFileId="3" StartOffset="290"/>
</LocList>
</BasicStmnt>
</StmntSeq>
</HierarchyLvl>
<HierarchyLvl HierarchyLvlId="4243" HierarchyLvlTypeId="34" Intrnl_Id="154" Name="writeResponse">
<Header>
<Loc EndOffset="399" SrcFileId="3" StartOffset="317"/>
</Header>
<LocList>
<Loc EndOffset="766" SrcFileId="3" StartOffset="317"/>
</LocList>
<StmntSeq Intrnl_Id="155">
<LocList>
<Loc EndOffset="507" SrcFileId="3" StartOffset="404"/>
<Loc EndOffset="576" SrcFileId="3" StartOffset="516"/>
<Loc EndOffset="671" SrcFileId="3" StartOffset="579"/>
<Loc EndOffset="709" SrcFileId="3" StartOffset="674"/>
<Loc EndOffset="755" SrcFileId="3" StartOffset="712"/>
</LocList>
<BasicStmnt CovItemId="S2" CovItemPrefix="se.lnu.http.response.HTTP405MethodNotSupportedResponse.java" Intrnl_Id="156">
<LocList>
<Loc EndOffset="507" SrcFileId="3" StartOffset="404"/>
</LocList>
</BasicStmnt>
<BasicStmnt CovItemId="S3" CovItemPrefix="se.lnu.http.response.HTTP405MethodNotSupportedResponse.java" Intrnl_Id="157">
<LocList>
<Loc EndOffset="576" SrcFileId="3" StartOffset="516"/>
</LocList>
</BasicStmnt>
<BasicStmnt CovItemId="S4" CovItemPrefix="se.lnu.http.response.HTTP405MethodNotSupportedResponse.java" Intrnl_Id="158">
<LocList>
<Loc EndOffset="671" SrcFileId="3" StartOffset="579"/>
</LocList>
</BasicStmnt>
<BasicStmnt CovItemId="S5" CovItemPrefix="se.lnu.http.response.HTTP405MethodNotSupportedResponse.java" Intrnl_Id="159">
<LocList>
<Loc EndOffset="709" SrcFileId="3" StartOffset="674"/>
</LocList>
</BasicStmnt>
<BasicStmnt CovItemId="S6" CovItemPrefix="se.lnu.http.response.HTTP405MethodNotSupportedResponse.java" Intrnl_Id="160">
<LocList>
<Loc EndOffset="755" SrcFileId="3" StartOffset="712"/>
</LocList>
</BasicStmnt>
</StmntSeq>
</HierarchyLvl>
</HierarchyLvl>
<HierarchyLvl HierarchyLvlId="4247" HierarchyLvlTypeId="33" Intrnl_Id="161" Name="HTTP404FileNotFoundResponse">
<Header>
<Loc EndOffset="155" SrcFileId="4" StartOffset="94"/>
</Header>
<LocList>
<Loc EndOffset="657" SrcFileId="4" StartOffset="94"/>
</LocList>
<HierarchyLvl HierarchyLvlId="4245" HierarchyLvlTypeId="34" Intrnl_Id="162" Name="HTTP404FileNotFoundResponse">
<Header>
<Loc EndOffset="206" SrcFileId="4" StartOffset="160"/>
</Header>
<LocList>
<Loc EndOffset="253" SrcFileId="4" StartOffset="160"/>
</LocList>
</HierarchyLvl>
<HierarchyLvl HierarchyLvlId="4246" HierarchyLvlTypeId="34" Intrnl_Id="163" Name="writeResponse">
<Header>
<Loc EndOffset="339" SrcFileId="4" StartOffset="257"/>
</Header>
<LocList>
<Loc EndOffset="654" SrcFileId="4" StartOffset="257"/>
</LocList>
<StmntSeq Intrnl_Id="164">
<LocList>
<Loc EndOffset="412" SrcFileId="4" StartOffset="344"/>
<Loc EndOffset="464" SrcFileId="4" StartOffset="415"/>
<Loc EndOffset="559" SrcFileId="4" StartOffset="467"/>
<Loc EndOffset="597" SrcFileId="4" StartOffset="562"/>
<Loc EndOffset="643" SrcFileId="4" StartOffset="600"/>
</LocList>
<BasicStmnt CovItemId="S1" CovItemPrefix="se.lnu.http.response.HTTP404FileNotFoundResponse.java" Intrnl_Id="165">
<LocList>
<Loc EndOffset="412" SrcFileId="4" StartOffset="344"/>
</LocList>
</BasicStmnt>
<BasicStmnt CovItemId="S2" CovItemPrefix="se.lnu.http.response.HTTP404FileNotFoundResponse.java" Intrnl_Id="166">
<LocList>
<Loc EndOffset="464" SrcFileId="4" StartOffset="415"/>
</LocList>
</BasicStmnt>
<BasicStmnt CovItemId="S3" CovItemPrefix="se.lnu.http.response.HTTP404FileNotFoundResponse.java" Intrnl_Id="167">
<LocList>
<Loc EndOffset="559" SrcFileId="4" StartOffset="467"/>
</LocList>
</BasicStmnt>
<BasicStmnt CovItemId="S4" CovItemPrefix="se.lnu.http.response.HTTP404FileNotFoundResponse.java" Intrnl_Id="168">
<LocList>
<Loc EndOffset="597" SrcFileId="4" StartOffset="562"/>
</LocList>
</BasicStmnt>
<BasicStmnt CovItemId="S5" CovItemPrefix="se.lnu.http.response.HTTP404FileNotFoundResponse.java" Intrnl_Id="169">
<LocList>
<Loc EndOffset="643" SrcFileId="4" StartOffset="600"/>
</LocList>
</BasicStmnt>
</StmntSeq>
</HierarchyLvl>
</HierarchyLvl>
<HierarchyLvl HierarchyLvlId="4250" HierarchyLvlTypeId="33" Intrnl_Id="170" Name="HTTP403Forbidden">
<Header>
<Loc EndOffset="144" SrcFileId="5" StartOffset="94"/>
</Header>
<LocList>
<Loc EndOffset="638" SrcFileId="5" StartOffset="94"/>
</LocList>
<HierarchyLvl HierarchyLvlId="4248" HierarchyLvlTypeId="34" Intrnl_Id="171" Name="HTTP403Forbidden">
<Header>
<Loc EndOffset="206" SrcFileId="5" StartOffset="171"/>
</Header>
<LocList>
<Loc EndOffset="229" SrcFileId="5" StartOffset="171"/>
</LocList>
<StmntSeq Intrnl_Id="172">
<LocList>
<Loc EndOffset="226" SrcFileId="5" StartOffset="211"/>
</LocList>
<BasicStmnt CovItemId="S1" CovItemPrefix="se.lnu.http.response.HTTP403Forbidden.java" Intrnl_Id="173">
<LocList>
<Loc EndOffset="226" SrcFileId="5" StartOffset="211"/>
</LocList>
</BasicStmnt>
</StmntSeq>
</HierarchyLvl>
<HierarchyLvl HierarchyLvlId="4249" HierarchyLvlTypeId="34" Intrnl_Id="174" Name="writeResponse">
<Header>
<Loc EndOffset="314" SrcFileId="5" StartOffset="232"/>
</Header>
<LocList>
<Loc EndOffset="635" SrcFileId="5" StartOffset="232"/>
</LocList>
<StmntSeq Intrnl_Id="175">
<LocList>
<Loc EndOffset="387" SrcFileId="5" StartOffset="319"/>
<Loc EndOffset="445" SrcFileId="5" StartOffset="396"/>
<Loc EndOffset="540" SrcFileId="5" StartOffset="448"/>
<Loc EndOffset="578" SrcFileId="5" StartOffset="543"/>
<Loc EndOffset="624" SrcFileId="5" StartOffset="581"/>
</LocList>
<BasicStmnt CovItemId="S2" CovItemPrefix="se.lnu.http.response.HTTP403Forbidden.java" Intrnl_Id="176">
<LocList>
<Loc EndOffset="387" SrcFileId="5" StartOffset="319"/>
</LocList>
</BasicStmnt>
<BasicStmnt CovItemId="S3" CovItemPrefix="se.lnu.http.response.HTTP403Forbidden.java" Intrnl_Id="177">
<LocList>
<Loc EndOffset="445" SrcFileId="5" StartOffset="396"/>
</LocList>
</BasicStmnt>
<BasicStmnt CovItemId="S4" CovItemPrefix="se.lnu.http.response.HTTP403Forbidden.java" Intrnl_Id="178">
<LocList>
<Loc EndOffset="540" SrcFileId="5" StartOffset="448"/>
</LocList>
</BasicStmnt>
<BasicStmnt CovItemId="S5" CovItemPrefix="se.lnu.http.response.HTTP403Forbidden.java" Intrnl_Id="179">
<LocList>
<Loc EndOffset="578" SrcFileId="5" StartOffset="543"/>
</LocList>
</BasicStmnt>
<BasicStmnt CovItemId="S6" CovItemPrefix="se.lnu.http.response.HTTP403Forbidden.java" Intrnl_Id="180">
<LocList>
<Loc EndOffset="624" SrcFileId="5" StartOffset="581"/>
</LocList>
</BasicStmnt>
</StmntSeq>
</HierarchyLvl>
</HierarchyLvl>
<HierarchyLvl HierarchyLvlId="4252" HierarchyLvlTypeId="33" Intrnl_Id="181" Name="HTTP400BadRequest">
<Header>
<Loc EndOffset="145" SrcFileId="6" StartOffset="94"/>
</Header>
<LocList>
<Loc EndOffset="546" SrcFileId="6" StartOffset="94"/>
</LocList>
<HierarchyLvl HierarchyLvlId="4251" HierarchyLvlTypeId="34" Intrnl_Id="182" Name="writeResponse">
<Header>
<Loc EndOffset="232" SrcFileId="6" StartOffset="150"/>
</Header>
<LocList>
<Loc EndOffset="543" SrcFileId="6" StartOffset="150"/>
</LocList>
<StmntSeq Intrnl_Id="183">
<LocList>
<Loc EndOffset="307" SrcFileId="6" StartOffset="237"/>
<Loc EndOffset="361" SrcFileId="6" StartOffset="310"/>
<Loc EndOffset="456" SrcFileId="6" StartOffset="364"/>
<Loc EndOffset="494" SrcFileId="6" StartOffset="459"/>
<Loc EndOffset="540" SrcFileId="6" StartOffset="497"/>
</LocList>
<BasicStmnt CovItemId="S1" CovItemPrefix="se.lnu.http.response.HTTP400BadRequest.java" Intrnl_Id="184">
<LocList>
<Loc EndOffset="307" SrcFileId="6" StartOffset="237"/>
</LocList>
</BasicStmnt>
<BasicStmnt CovItemId="S2" CovItemPrefix="se.lnu.http.response.HTTP400BadRequest.java" Intrnl_Id="185">
<LocList>
<Loc EndOffset="361" SrcFileId="6" StartOffset="310"/>
</LocList>
</BasicStmnt>
<BasicStmnt CovItemId="S3" CovItemPrefix="se.lnu.http.response.HTTP400BadRequest.java" Intrnl_Id="186">
<LocList>
<Loc EndOffset="456" SrcFileId="6" StartOffset="364"/>
</LocList>
</BasicStmnt>
<BasicStmnt CovItemId="S4" CovItemPrefix="se.lnu.http.response.HTTP400BadRequest.java" Intrnl_Id="187">
<LocList>
<Loc EndOffset="494" SrcFileId="6" StartOffset="459"/>
</LocList>
</BasicStmnt>
<BasicStmnt CovItemId="S5" CovItemPrefix="se.lnu.http.response.HTTP400BadRequest.java" Intrnl_Id="188">
<LocList>
<Loc EndOffset="540" SrcFileId="6" StartOffset="497"/>
</LocList>
</BasicStmnt>
</StmntSeq>
</HierarchyLvl>
</HierarchyLvl>
<HierarchyLvl HierarchyLvlId="4255" HierarchyLvlTypeId="33" Intrnl_Id="189" Name="HTTP200OKFileResponse">
<Header>
<Loc EndOffset="226" SrcFileId="7" StartOffset="171"/>
</Header>
<LocList>
<Loc EndOffset="840" SrcFileId="7" StartOffset="171"/>
</LocList>
<HierarchyLvl HierarchyLvlId="4253" HierarchyLvlTypeId="34" Intrnl_Id="190" Name="HTTP200OKFileResponse">
<Header>
<Loc EndOffset="291" SrcFileId="7" StartOffset="252"/>
</Header>
<LocList>
<Loc EndOffset="316" SrcFileId="7" StartOffset="252"/>
</LocList>
<StmntSeq Intrnl_Id="191">
<LocList>
<Loc EndOffset="313" SrcFileId="7" StartOffset="296"/>
</LocList>
<BasicStmnt CovItemId="S1" CovItemPrefix="se.lnu.http.response.HTTP200OKFileResponse.java" Intrnl_Id="192">
<LocList>
<Loc EndOffset="313" SrcFileId="7" StartOffset="296"/>
</LocList>
</BasicStmnt>
</StmntSeq>
</HierarchyLvl>
<HierarchyLvl HierarchyLvlId="4254" HierarchyLvlTypeId="34" Intrnl_Id="193" Name="writeResponse">
<Header>
<Loc EndOffset="401" SrcFileId="7" StartOffset="319"/>
</Header>
<LocList>
<Loc EndOffset="837" SrcFileId="7" StartOffset="319"/>
</LocList>
<StmntSeq Intrnl_Id="194">
<LocList>
<Loc EndOffset="439" SrcFileId="7" StartOffset="406"/>
<Loc EndOffset="481" SrcFileId="7" StartOffset="442"/>
<Loc EndOffset="562" SrcFileId="7" StartOffset="490"/>
<Loc EndOffset="610" SrcFileId="7" StartOffset="568"/>
<Loc EndOffset="680" SrcFileId="7" StartOffset="616"/>
<Loc EndOffset="718" SrcFileId="7" StartOffset="683"/>
<Loc EndOffset="793" SrcFileId="7" StartOffset="724"/>
<Loc EndOffset="826" SrcFileId="7" StartOffset="796"/>
</LocList>
<BasicStmnt CovItemId="S2" CovItemPrefix="se.lnu.http.response.HTTP200OKFileResponse.java" Intrnl_Id="195">
<LocList>
<Loc EndOffset="439" SrcFileId="7" StartOffset="406"/>
</LocList>
</BasicStmnt>
<BasicStmnt CovItemId="S3" CovItemPrefix="se.lnu.http.response.HTTP200OKFileResponse.java" Intrnl_Id="196">
<LocList>
<Loc EndOffset="481" SrcFileId="7" StartOffset="442"/>
</LocList>
</BasicStmnt>
<BasicStmnt CovItemId="S4" CovItemPrefix="se.lnu.http.response.HTTP200OKFileResponse.java" Intrnl_Id="197">
<LocList>
<Loc EndOffset="562" SrcFileId="7" StartOffset="490"/>
</LocList>
</BasicStmnt>
<BasicStmnt CovItemId="S5" CovItemPrefix="se.lnu.http.response.HTTP200OKFileResponse.java" Intrnl_Id="198">
<LocList>
<Loc EndOffset="610" SrcFileId="7" StartOffset="568"/>
</LocList>
</BasicStmnt>
<BasicStmnt CovItemId="S6" CovItemPrefix="se.lnu.http.response.HTTP200OKFileResponse.java" Intrnl_Id="199">
<LocList>
<Loc EndOffset="680" SrcFileId="7" StartOffset="616"/>
</LocList>
</BasicStmnt>
<BasicStmnt CovItemId="S7" CovItemPrefix="se.lnu.http.response.HTTP200OKFileResponse.java" Intrnl_Id="200">
<LocList>
<Loc EndOffset="718" SrcFileId="7" StartOffset="683"/>
</LocList>
</BasicStmnt>
<BasicStmnt CovItemId="S8" CovItemPrefix="se.lnu.http.response.HTTP200OKFileResponse.java" Intrnl_Id="201">
<LocList>
<Loc EndOffset="793" SrcFileId="7" StartOffset="724"/>
</LocList>
</BasicStmnt>
<BasicStmnt CovItemId="S9" CovItemPrefix="se.lnu.http.response.HTTP200OKFileResponse.java" Intrnl_Id="202">
<LocList>
<Loc EndOffset="826" SrcFileId="7" StartOffset="796"/>
</LocList>
</BasicStmnt>
</StmntSeq>
</HierarchyLvl>
</HierarchyLvl>
<HierarchyLvl HierarchyLvlId="4259" HierarchyLvlTypeId="31" Intrnl_Id="203" Name="ContentType">
<Header>
<Loc EndOffset="54" SrcFileId="8" StartOffset="31"/>
</Header>
<LocList>
<Loc EndOffset="821" SrcFileId="8" StartOffset="31"/>
</LocList>
<HierarchyLvl HierarchyLvlId="4256" HierarchyLvlTypeId="34" Intrnl_Id="204" Name="ContentType">
<Header>
<Loc EndOffset="432" SrcFileId="8" StartOffset="376"/>
</Header>
<LocList>
<Loc EndOffset="511" SrcFileId="8" StartOffset="376"/>
</LocList>
<StmntSeq Intrnl_Id="205">
<LocList>
<Loc EndOffset="462" SrcFileId="8" StartOffset="437"/>
<Loc EndOffset="508" SrcFileId="8" StartOffset="465"/>
</LocList>
<BasicStmnt CovItemId="S1" CovItemPrefix="se.lnu.http.response.ContentType.java" Intrnl_Id="206">
<LocList>
<Loc EndOffset="462" SrcFileId="8" StartOffset="437"/>
</LocList>
</BasicStmnt>
<BasicStmnt CovItemId="S2" CovItemPrefix="se.lnu.http.response.ContentType.java" Intrnl_Id="207">
<LocList>
<Loc EndOffset="508" SrcFileId="8" StartOffset="465"/>
</LocList>
</BasicStmnt>
</StmntSeq>
</HierarchyLvl>
<HierarchyLvl HierarchyLvlId="4257" HierarchyLvlTypeId="34" Intrnl_Id="208" Name="toString">
<Header>
<Loc EndOffset="539" SrcFileId="8" StartOffset="515"/>
</Header>
<LocList>
<Loc EndOffset="562" SrcFileId="8" StartOffset="515"/>
</LocList>
<StmntSeq Intrnl_Id="209">
<LocList>
<Loc EndOffset="559" SrcFileId="8" StartOffset="543"/>
</LocList>
<BasicStmnt CovItemId="S3" CovItemPrefix="se.lnu.http.response.ContentType.java" Intrnl_Id="210">
<LocList>
<Loc EndOffset="559" SrcFileId="8" StartOffset="543"/>
</LocList>
</BasicStmnt>
</StmntSeq>
</HierarchyLvl>
<HierarchyLvl HierarchyLvlId="4258" HierarchyLvlTypeId="34" Intrnl_Id="211" Name="getFromFileEnding">
<Header>
<Loc EndOffset="627" SrcFileId="8" StartOffset="565"/>
</Header>
<LocList>
<Loc EndOffset="819" SrcFileId="8" StartOffset="565"/>
</LocList>
<StmntSeq Intrnl_Id="212">
<LocList>
<Loc EndOffset="784" SrcFileId="8" StartOffset="635"/>
<Loc EndOffset="816" SrcFileId="8" StartOffset="790"/>
</LocList>
<LoopStmnt CovItemId="S4" CovItemPrefix="se.lnu.http.response.ContentType.java" Intrnl_Id="213" MltplExecId="L1-2" MltplExecPrefix="se.lnu.http.response.ContentType.java" NvrExecId="L1-0" NvrExecPrefix="se.lnu.http.response.ContentType.java" OnceExecutedId="L1-1" OnceExecutedPrefix="se.lnu.http.response.ContentType.java" OptBodyExec="true">
<StmntSeq Intrnl_Id="214">
<LocList>
<Loc EndOffset="780" SrcFileId="8" StartOffset="674"/>
</LocList>
<LoopStmnt CovItemId="S5" CovItemPrefix="se.lnu.http.response.ContentType.java" Intrnl_Id="215" MltplExecId="L2-2" MltplExecPrefix="se.lnu.http.response.ContentType.java" NvrExecId="L2-0" NvrExecPrefix="se.lnu.http.response.ContentType.java" OnceExecutedId="L2-1" OnceExecutedPrefix="se.lnu.http.response.ContentType.java" OptBodyExec="true">
<StmntSeq Intrnl_Id="216">
<LocList>
<Loc EndOffset="775" SrcFileId="8" StartOffset="719"/>
</LocList>
<CondStmnt CovItemId="S6" CovItemPrefix="se.lnu.http.response.ContentType.java" Intrnl_Id="217">
<Branch CovItemId="B1" CovItemPrefix="se.lnu.http.response.ContentType.java" Implct="false" Intrnl_Id="218">
<Cond/>
<LocList>
<Loc EndOffset="775" SrcFileId="8" StartOffset="750"/>
</LocList>
<StmntSeq Intrnl_Id="219">
<LocList>
<Loc EndOffset="769" SrcFileId="8" StartOffset="757"/>
</LocList>
<BasicStmnt CovItemId="S7" CovItemPrefix="se.lnu.http.response.ContentType.java" Intrnl_Id="220">
<LocList>
<Loc EndOffset="769" SrcFileId="8" StartOffset="757"/>
</LocList>
</BasicStmnt>
</StmntSeq>
</Branch>
<Branch CovItemId="B2" CovItemPrefix="se.lnu.http.response.ContentType.java" Implct="true" Intrnl_Id="221">
<Cond/>
<LocList/>
<StmntSeq Intrnl_Id="222">
<LocList/>
</StmntSeq>
</Branch>
<Keyword EndOffset="721" SrcFileId="8" StartOffset="719"/>
<LocList>
<Loc EndOffset="775" SrcFileId="8" StartOffset="719"/>
</LocList>
<RootTerm CovItemId="C1" CovItemPrefix="se.lnu.http.response.ContentType.java" Intrnl_Id="223">
<BasicBoolTerm Intrnl_Id="224">
<LocList>
<Loc EndOffset="748" SrcFileId="8" StartOffset="723"/>
</LocList>
</BasicBoolTerm>
</RootTerm>
</CondStmnt>
</StmntSeq>
<Keyword EndOffset="677" SrcFileId="8" StartOffset="674"/>
<LocList>
<Loc EndOffset="780" SrcFileId="8" StartOffset="674"/>
</LocList>
</LoopStmnt>
</StmntSeq>
<Keyword EndOffset="638" SrcFileId="8" StartOffset="635"/>
<LocList>
<Loc EndOffset="784" SrcFileId="8" StartOffset="635"/>
</LocList>
</LoopStmnt>
<BasicStmnt CovItemId="S8" CovItemPrefix="se.lnu.http.response.ContentType.java" Intrnl_Id="225">
<LocList>
<Loc EndOffset="816" SrcFileId="8" StartOffset="790"/>
</LocList>
</BasicStmnt>
</StmntSeq>
</HierarchyLvl>
</HierarchyLvl>
</HierarchyLvl>
<HierarchyLvl HierarchyLvlId="4333" HierarchyLvlTypeId="32" Intrnl_Id="226" Name="exceptions">
<Header/>
<LocList/>
<HierarchyLvl HierarchyLvlId="4261" HierarchyLvlTypeId="33" Intrnl_Id="227" Name="WrongNumberOfArgumentsException">
<Header>
<Loc EndOffset="95" SrcFileId="9" StartOffset="33"/>
</Header>
<LocList>
<Loc EndOffset="299" SrcFileId="9" StartOffset="33"/>
</LocList>
<StmntSeq Intrnl_Id="228">
<LocList>
<Loc EndOffset="182" SrcFileId="9" StartOffset="115"/>
</LocList>
<BasicStmnt CovItemId="S1" CovItemPrefix="se.lnu.http.exceptions.WrongNumberOfArgumentsException.java" Intrnl_Id="229">
<LocList>
<Loc EndOffset="182" SrcFileId="9" StartOffset="115"/>
</LocList>
</BasicStmnt>
</StmntSeq>
<HierarchyLvl HierarchyLvlId="4260" HierarchyLvlTypeId="34" Intrnl_Id="230" Name="WrongNumberOfArgumentsException">
<Header>
<Loc EndOffset="225" SrcFileId="9" StartOffset="185"/>
</Header>
<LocList>
<Loc EndOffset="293" SrcFileId="9" StartOffset="185"/>
</LocList>
<StmntSeq Intrnl_Id="231">
<LocList>
<Loc EndOffset="290" SrcFileId="9" StartOffset="230"/>
</LocList>
<BasicStmnt CovItemId="S2" CovItemPrefix="se.lnu.http.exceptions.WrongNumberOfArgumentsException.java" Intrnl_Id="232">
<LocList>
<Loc EndOffset="290" SrcFileId="9" StartOffset="230"/>
</LocList>
</BasicStmnt>
</StmntSeq>
</HierarchyLvl>
</HierarchyLvl>
<HierarchyLvl HierarchyLvlId="4262" HierarchyLvlTypeId="33" Intrnl_Id="233" Name="NotStartedException">
<Header>
<Loc EndOffset="83" SrcFileId="10" StartOffset="33"/>
</Header>
<LocList>
<Loc EndOffset="172" SrcFileId="10" StartOffset="33"/>
</LocList>
<StmntSeq Intrnl_Id="234">
<LocList>
<Loc EndOffset="169" SrcFileId="10" StartOffset="103"/>
</LocList>
<BasicStmnt CovItemId="S1" CovItemPrefix="se.lnu.http.exceptions.NotStartedException.java" Intrnl_Id="235">
<LocList>
<Loc EndOffset="169" SrcFileId="10" StartOffset="103"/>
</LocList>
</BasicStmnt>
</StmntSeq>
</HierarchyLvl>
<HierarchyLvl HierarchyLvlId="4265" HierarchyLvlTypeId="33" Intrnl_Id="236" Name="NotADirectoryException">
<Header>
<Loc EndOffset="86" SrcFileId="11" StartOffset="33"/>
</Header>
<LocList>
<Loc EndOffset="307" SrcFileId="11" StartOffset="33"/>
</LocList>
<StmntSeq Intrnl_Id="237">
<LocList>
<Loc EndOffset="304" SrcFileId="11" StartOffset="237"/>
</LocList>
<BasicStmnt CovItemId="S3" CovItemPrefix="se.lnu.http.exceptions.NotADirectoryException.java" Intrnl_Id="238">
<LocList>
<Loc EndOffset="304" SrcFileId="11" StartOffset="237"/>
</LocList>
</BasicStmnt>
</StmntSeq>
<HierarchyLvl HierarchyLvlId="4263" HierarchyLvlTypeId="34" Intrnl_Id="239" Name="NotADirectoryException">
<Header>
<Loc EndOffset="135" SrcFileId="11" StartOffset="91"/>
</Header>
<LocList>
<Loc EndOffset="157" SrcFileId="11" StartOffset="91"/>
</LocList>
<StmntSeq Intrnl_Id="240">
<LocList>
<Loc EndOffset="154" SrcFileId="11" StartOffset="140"/>
</LocList>
<BasicStmnt CovItemId="S1" CovItemPrefix="se.lnu.http.exceptions.NotADirectoryException.java" Intrnl_Id="241">
<LocList>
<Loc EndOffset="154" SrcFileId="11" StartOffset="140"/>
</LocList>
</BasicStmnt>
</StmntSeq>
</HierarchyLvl>
<HierarchyLvl HierarchyLvlId="4264" HierarchyLvlTypeId="34" Intrnl_Id="242" Name="NotADirectoryException">
<Header>
<Loc EndOffset="202" SrcFileId="11" StartOffset="160"/>
</Header>
<LocList>
<Loc EndOffset="219" SrcFileId="11" StartOffset="160"/>
</LocList>
<StmntSeq Intrnl_Id="243">
<LocList>
<Loc EndOffset="216" SrcFileId="11" StartOffset="207"/>
</LocList>
<BasicStmnt CovItemId="S2" CovItemPrefix="se.lnu.http.exceptions.NotADirectoryException.java" Intrnl_Id="244">
<LocList>
<Loc EndOffset="216" SrcFileId="11" StartOffset="207"/>
</LocList>
</BasicStmnt>
</StmntSeq>
</HierarchyLvl>
</HierarchyLvl>
<HierarchyLvl HierarchyLvlId="4267" HierarchyLvlTypeId="33" Intrnl_Id="245" Name="MalformedRequestException">
<Header>
<Loc EndOffset="89" SrcFileId="12" StartOffset="33"/>
</Header>
<LocList>
<Loc EndOffset="263" SrcFileId="12" StartOffset="33"/>
</LocList>
<StmntSeq Intrnl_Id="246">
<LocList>
<Loc EndOffset="260" SrcFileId="12" StartOffset="195"/>
</LocList>
<BasicStmnt CovItemId="S2" CovItemPrefix="se.lnu.http.exceptions.MalformedRequestException.java" Intrnl_Id="247">
<LocList>
<Loc EndOffset="260" SrcFileId="12" StartOffset="195"/>
</LocList>
</BasicStmnt>
</StmntSeq>
<HierarchyLvl HierarchyLvlId="4266" HierarchyLvlTypeId="34" Intrnl_Id="248" Name="MalformedRequestException">
<Header>
<Loc EndOffset="148" SrcFileId="12" StartOffset="94"/>
</Header>
<LocList>
<Loc EndOffset="177" SrcFileId="12" StartOffset="94"/>
</LocList>
<StmntSeq Intrnl_Id="249">
<LocList>
<Loc EndOffset="174" SrcFileId="12" StartOffset="153"/>
</LocList>
<BasicStmnt CovItemId="S1" CovItemPrefix="se.lnu.http.exceptions.MalformedRequestException.java" Intrnl_Id="250">
<LocList>
<Loc EndOffset="174" SrcFileId="12" StartOffset="153"/>
</LocList>
</BasicStmnt>
</StmntSeq>
</HierarchyLvl>
</HierarchyLvl>
<HierarchyLvl HierarchyLvlId="4269" HierarchyLvlTypeId="33" Intrnl_Id="251" Name="InvalidPortException">
<Header>
<Loc EndOffset="84" SrcFileId="13" StartOffset="33"/>
</Header>
<LocList>
<Loc EndOffset="240" SrcFileId="13" StartOffset="33"/>
</LocList>
<StmntSeq Intrnl_Id="252">
<LocList>
<Loc EndOffset="167" SrcFileId="13" StartOffset="104"/>
</LocList>
<BasicStmnt CovItemId="S1" CovItemPrefix="se.lnu.http.exceptions.InvalidPortException.java" Intrnl_Id="253">
<LocList>
<Loc EndOffset="167" SrcFileId="13" StartOffset="104"/>
</LocList>
</BasicStmnt>
</StmntSeq>
<HierarchyLvl HierarchyLvlId="4268" HierarchyLvlTypeId="34" Intrnl_Id="254" Name="InvalidPortException">
<Header>
<Loc EndOffset="212" SrcFileId="13" StartOffset="170"/>
</Header>
<LocList>
<Loc EndOffset="234" SrcFileId="13" StartOffset="170"/>
</LocList>
<StmntSeq Intrnl_Id="255">
<LocList>
<Loc EndOffset="231" SrcFileId="13" StartOffset="217"/>
</LocList>
<BasicStmnt CovItemId="S2" CovItemPrefix="se.lnu.http.exceptions.InvalidPortException.java" Intrnl_Id="256">
<LocList>
<Loc EndOffset="231" SrcFileId="13" StartOffset="217"/>
</LocList>
</BasicStmnt>
</StmntSeq>
</HierarchyLvl>
</HierarchyLvl>
</HierarchyLvl>
<HierarchyLvl HierarchyLvlId="4334" HierarchyLvlTypeId="32" Intrnl_Id="257" Name="client">
<Header/>
<LocList/>
<HierarchyLvl HierarchyLvlId="4272" HierarchyLvlTypeId="33" Intrnl_Id="258" Name="SocketClient">
<Header>
<Loc EndOffset="274" SrcFileId="14" StartOffset="249"/>
</Header>
<LocList>
<Loc EndOffset="1041" SrcFileId="14" StartOffset="249"/>
</LocList>
<HierarchyLvl HierarchyLvlId="4270" HierarchyLvlTypeId="34" Intrnl_Id="259" Name="SocketClient">
<Header>
<Loc EndOffset="400" SrcFileId="14" StartOffset="337"/>
</Header>
<LocList>
<Loc EndOffset="457" SrcFileId="14" StartOffset="337"/>
</LocList>
<StmntSeq Intrnl_Id="260">
<LocList>
<Loc EndOffset="430" SrcFileId="14" StartOffset="405"/>
<Loc EndOffset="454" SrcFileId="14" StartOffset="433"/>
</LocList>
<BasicStmnt CovItemId="S1" CovItemPrefix="se.lnu.http.client.SocketClient.java" Intrnl_Id="261">
<LocList>
<Loc EndOffset="430" SrcFileId="14" StartOffset="405"/>
</LocList>
</BasicStmnt>
<BasicStmnt CovItemId="S2" CovItemPrefix="se.lnu.http.client.SocketClient.java" Intrnl_Id="262">
<LocList>
<Loc EndOffset="454" SrcFileId="14" StartOffset="433"/>
</LocList>
</BasicStmnt>
</StmntSeq>
</HierarchyLvl>
<HierarchyLvl HierarchyLvlId="4271" HierarchyLvlTypeId="34" Intrnl_Id="263" Name="get">
<Header>
<Loc EndOffset="542" SrcFileId="14" StartOffset="460"/>
</Header>
<LocList>
<Loc EndOffset="1039" SrcFileId="14" StartOffset="460"/>
</LocList>
<StmntSeq Intrnl_Id="264">
<LocList>
<Loc EndOffset="632" SrcFileId="14" StartOffset="559"/>
<Loc EndOffset="666" SrcFileId="14" StartOffset="636"/>
<Loc EndOffset="763" SrcFileId="14" StartOffset="670"/>
<Loc EndOffset="858" SrcFileId="14" StartOffset="767"/>
<Loc EndOffset="925" SrcFileId="14" StartOffset="866"/>
<Loc EndOffset="948" SrcFileId="14" StartOffset="933"/>
<Loc EndOffset="968" SrcFileId="14" StartOffset="956"/>
<Loc EndOffset="1031" SrcFileId="14" StartOffset="550"/>
</LocList>
<BasicStmnt CovItemId="S4" CovItemPrefix="se.lnu.http.client.SocketClient.java" Intrnl_Id="265">
<LocList>
<Loc EndOffset="632" SrcFileId="14" StartOffset="559"/>
</LocList>
</BasicStmnt>
<BasicStmnt CovItemId="S5" CovItemPrefix="se.lnu.http.client.SocketClient.java" Intrnl_Id="266">
<LocList>
<Loc EndOffset="666" SrcFileId="14" StartOffset="636"/>
</LocList>
</BasicStmnt>
<BasicStmnt CovItemId="S6" CovItemPrefix="se.lnu.http.client.SocketClient.java" Intrnl_Id="267">
<LocList>
<Loc EndOffset="763" SrcFileId="14" StartOffset="670"/>
</LocList>
</BasicStmnt>
<BasicStmnt CovItemId="S7" CovItemPrefix="se.lnu.http.client.SocketClient.java" Intrnl_Id="268">
<LocList>
<Loc EndOffset="858" SrcFileId="14" StartOffset="767"/>
</LocList>
</BasicStmnt>
<BasicStmnt CovItemId="S8" CovItemPrefix="se.lnu.http.client.SocketClient.java" Intrnl_Id="269">
<LocList>
<Loc EndOffset="925" SrcFileId="14" StartOffset="866"/>
</LocList>
</BasicStmnt>
<BasicStmnt CovItemId="S9" CovItemPrefix="se.lnu.http.client.SocketClient.java" Intrnl_Id="270">
<LocList>
<Loc EndOffset="948" SrcFileId="14" StartOffset="933"/>
</LocList>
</BasicStmnt>
<BasicStmnt CovItemId="S10" CovItemPrefix="se.lnu.http.client.SocketClient.java" Intrnl_Id="271">
<LocList>
<Loc EndOffset="968" SrcFileId="14" StartOffset="956"/>
</LocList>
</BasicStmnt>
<CondStmnt CovItemId="S3" CovItemPrefix="se.lnu.http.client.SocketClient.java" Intrnl_Id="272">
<Branch CovItemId="B1" CovItemPrefix="se.lnu.http.client.SocketClient.java" Implct="true" Intrnl_Id="273">
<Cond/>
<LocList/>
<StmntSeq Intrnl_Id="274">
<LocList/>
</StmntSeq>
</Branch>
<Branch CovItemId="B2" CovItemPrefix="se.lnu.http.client.SocketClient.java" Implct="false" Intrnl_Id="275">
<Cond>
<Loc EndOffset="994" SrcFileId="14" StartOffset="973"/>
</Cond>
<LocList>
<Loc EndOffset="1031" SrcFileId="14" StartOffset="995"/>
</LocList>
<StmntSeq Intrnl_Id="276">
<LocList>
<Loc EndOffset="1015" SrcFileId="14" StartOffset="1000"/>
<Loc EndOffset="1027" SrcFileId="14" StartOffset="1019"/>
</LocList>
<BasicStmnt CovItemId="S11" CovItemPrefix="se.lnu.http.client.SocketClient.java" Intrnl_Id="277">
<LocList>
<Loc EndOffset="1015" SrcFileId="14" StartOffset="1000"/>
</LocList>
</BasicStmnt>
<BasicStmnt CovItemId="S12" CovItemPrefix="se.lnu.http.client.SocketClient.java" Intrnl_Id="278">
<LocList>
<Loc EndOffset="1027" SrcFileId="14" StartOffset="1019"/>
</LocList>
</BasicStmnt>
</StmntSeq>
</Branch>
<Keyword EndOffset="553" SrcFileId="14" StartOffset="550"/>
<LocList>
<Loc EndOffset="1031" SrcFileId="14" StartOffset="550"/>
</LocList>
</CondStmnt>
</StmntSeq>
</HierarchyLvl>
</HierarchyLvl>
<HierarchyLvl HierarchyLvlId="4274" HierarchyLvlTypeId="33" Intrnl_Id="279" Name="HTTPGetProtocoll">
<Header>
<Loc EndOffset="181" SrcFileId="15" StartOffset="152"/>
</Header>
<LocList>
<Loc EndOffset="556" SrcFileId="15" StartOffset="152"/>
</LocList>
<HierarchyLvl HierarchyLvlId="4273" HierarchyLvlTypeId="34" Intrnl_Id="280" Name="doGet">
<Header>
<Loc EndOffset="301" SrcFileId="15" StartOffset="188"/>
</Header>
<LocList>
<Loc EndOffset="551" SrcFileId="15" StartOffset="188"/>
</LocList>
<StmntSeq Intrnl_Id="281">
<LocList>
<Loc EndOffset="385" SrcFileId="15" StartOffset="306"/>
<Loc EndOffset="406" SrcFileId="15" StartOffset="388"/>
<Loc EndOffset="459" SrcFileId="15" StartOffset="412"/>
<Loc EndOffset="500" SrcFileId="15" StartOffset="462"/>
<Loc EndOffset="533" SrcFileId="15" StartOffset="503"/>
<Loc EndOffset="548" SrcFileId="15" StartOffset="536"/>
</LocList>
<BasicStmnt CovItemId="S1" CovItemPrefix="se.lnu.http.client.HTTPGetProtocoll.java" Intrnl_Id="282">
<LocList>
<Loc EndOffset="385" SrcFileId="15" StartOffset="306"/>
</LocList>
</BasicStmnt>
<BasicStmnt CovItemId="S2" CovItemPrefix="se.lnu.http.client.HTTPGetProtocoll.java" Intrnl_Id="283">
<LocList>
<Loc EndOffset="406" SrcFileId="15" StartOffset="388"/>
</LocList>
</BasicStmnt>
<BasicStmnt CovItemId="S3" CovItemPrefix="se.lnu.http.client.HTTPGetProtocoll.java" Intrnl_Id="284">
<LocList>
<Loc EndOffset="459" SrcFileId="15" StartOffset="412"/>
</LocList>
</BasicStmnt>
<BasicStmnt CovItemId="S4" CovItemPrefix="se.lnu.http.client.HTTPGetProtocoll.java" Intrnl_Id="285">
<LocList>
<Loc EndOffset="500" SrcFileId="15" StartOffset="462"/>
</LocList>
</BasicStmnt>
<BasicStmnt CovItemId="S5" CovItemPrefix="se.lnu.http.client.HTTPGetProtocoll.java" Intrnl_Id="286">
<LocList>
<Loc EndOffset="533" SrcFileId="15" StartOffset="503"/>
</LocList>
</BasicStmnt>
<BasicStmnt CovItemId="S6" CovItemPrefix="se.lnu.http.client.HTTPGetProtocoll.java" Intrnl_Id="287">
<LocList>
<Loc EndOffset="548" SrcFileId="15" StartOffset="536"/>
</LocList>
</BasicStmnt>
</StmntSeq>
</HierarchyLvl>
</HierarchyLvl>
</HierarchyLvl>
<HierarchyLvl HierarchyLvlId="4277" HierarchyLvlTypeId="33" Intrnl_Id="288" Name="SharedFolder">
<Header>
<Loc EndOffset="135" SrcFileId="16" StartOffset="110"/>
</Header>
<LocList>
<Loc EndOffset="899" SrcFileId="16" StartOffset="110"/>
</LocList>
<HierarchyLvl HierarchyLvlId="4275" HierarchyLvlTypeId="34" Intrnl_Id="289" Name="SharedFolder">
<Header>
<Loc EndOffset="224" SrcFileId="16" StartOffset="183"/>
</Header>
<LocList>
<Loc EndOffset="312" SrcFileId="16" StartOffset="183"/>
</LocList>
<StmntSeq Intrnl_Id="290">
<LocList>
<Loc EndOffset="309" SrcFileId="16" StartOffset="270"/>
</LocList>
<BasicStmnt CovItemId="S1" CovItemPrefix="se.lnu.http.SharedFolder.java" Intrnl_Id="291">
<LocList>
<Loc EndOffset="309" SrcFileId="16" StartOffset="270"/>
</LocList>
</BasicStmnt>
</StmntSeq>
</HierarchyLvl>
<HierarchyLvl HierarchyLvlId="4276" HierarchyLvlTypeId="34" Intrnl_Id="292" Name="getURL">
<Header>
<Loc EndOffset="373" SrcFileId="16" StartOffset="315"/>
</Header>
<LocList>
<Loc EndOffset="896" SrcFileId="16" StartOffset="315"/>
</LocList>
<StmntSeq Intrnl_Id="293">
<LocList>
<Loc EndOffset="468" SrcFileId="16" StartOffset="398"/>
<Loc EndOffset="523" SrcFileId="16" StartOffset="471"/>
<Loc EndOffset="581" SrcFileId="16" StartOffset="529"/>
<Loc EndOffset="641" SrcFileId="16" StartOffset="584"/>
<Loc EndOffset="721" SrcFileId="16" StartOffset="644"/>
<Loc EndOffset="807" SrcFileId="16" StartOffset="724"/>
<Loc EndOffset="850" SrcFileId="16" StartOffset="810"/>
<Loc EndOffset="890" SrcFileId="16" StartOffset="856"/>
</LocList>
<CondStmnt CovItemId="S2" CovItemPrefix="se.lnu.http.SharedFolder.java" Intrnl_Id="294">
<Branch CovItemId="B1" CovItemPrefix="se.lnu.http.SharedFolder.java" Implct="false" Intrnl_Id="295">
<Cond/>
<LocList>
<Loc EndOffset="468" SrcFileId="16" StartOffset="430"/>
</LocList>
<StmntSeq Intrnl_Id="296">
<LocList>
<Loc EndOffset="464" SrcFileId="16" StartOffset="435"/>
</LocList>
<BasicStmnt CovItemId="S3" CovItemPrefix="se.lnu.http.SharedFolder.java" Intrnl_Id="297">
<LocList>
<Loc EndOffset="464" SrcFileId="16" StartOffset="435"/>
</LocList>
</BasicStmnt>
</StmntSeq>
</Branch>
<Branch CovItemId="B2" CovItemPrefix="se.lnu.http.SharedFolder.java" Implct="true" Intrnl_Id="298">
<Cond/>
<LocList/>
<StmntSeq Intrnl_Id="299">
<LocList/>
</StmntSeq>
</Branch>
<Keyword EndOffset="400" SrcFileId="16" StartOffset="398"/>
<LocList>
<Loc EndOffset="468" SrcFileId="16" StartOffset="398"/>
</LocList>
<RootTerm CovItemId="C1" CovItemPrefix="se.lnu.http.SharedFolder.java" Intrnl_Id="300">
<BasicBoolTerm Intrnl_Id="301">
<LocList>
<Loc EndOffset="428" SrcFileId="16" StartOffset="402"/>
</LocList>
</BasicBoolTerm>
</RootTerm>
</CondStmnt>
<BasicStmnt CovItemId="S4" CovItemPrefix="se.lnu.http.SharedFolder.java" Intrnl_Id="302">
<LocList>
<Loc EndOffset="523" SrcFileId="16" StartOffset="471"/>
</LocList>
</BasicStmnt>
<BasicStmnt CovItemId="S5" CovItemPrefix="se.lnu.http.SharedFolder.java" Intrnl_Id="303">
<LocList>
<Loc EndOffset="581" SrcFileId="16" StartOffset="529"/>
</LocList>
</BasicStmnt>
<BasicStmnt CovItemId="S6" CovItemPrefix="se.lnu.http.SharedFolder.java" Intrnl_Id="304">
<LocList>
<Loc EndOffset="641" SrcFileId="16" StartOffset="584"/>
</LocList>
</BasicStmnt>
<BasicStmnt CovItemId="S7" CovItemPrefix="se.lnu.http.SharedFolder.java" Intrnl_Id="305">
<LocList>
<Loc EndOffset="721" SrcFileId="16" StartOffset="644"/>
</LocList>
</BasicStmnt>
<CondStmnt CovItemId="S8" CovItemPrefix="se.lnu.http.SharedFolder.java" Intrnl_Id="306">
<Branch CovItemId="B3" CovItemPrefix="se.lnu.http.SharedFolder.java" Implct="false" Intrnl_Id="307">
<Cond/>
<LocList>
<Loc EndOffset="807" SrcFileId="16" StartOffset="767"/>
</LocList>
<StmntSeq Intrnl_Id="308">
<LocList>
<Loc EndOffset="802" SrcFileId="16" StartOffset="772"/>
</LocList>
<BasicStmnt CovItemId="S9" CovItemPrefix="se.lnu.http.SharedFolder.java" Intrnl_Id="309">
<LocList>
<Loc EndOffset="802" SrcFileId="16" StartOffset="772"/>
</LocList>
</BasicStmnt>
</StmntSeq>
</Branch>
<Branch CovItemId="B4" CovItemPrefix="se.lnu.http.SharedFolder.java" Implct="true" Intrnl_Id="310">
<Cond/>
<LocList/>
<StmntSeq Intrnl_Id="311">
<LocList/>
</StmntSeq>
</Branch>
<Keyword EndOffset="726" SrcFileId="16" StartOffset="724"/>
<LocList>
<Loc EndOffset="807" SrcFileId="16" StartOffset="724"/>
</LocList>
<RootTerm CovItemId="C2" CovItemPrefix="se.lnu.http.SharedFolder.java" Intrnl_Id="312">
<BasicBoolTerm Intrnl_Id="313">
<LocList>
<Loc EndOffset="765" SrcFileId="16" StartOffset="728"/>
</LocList>
</BasicBoolTerm>
</RootTerm>
</CondStmnt>
<CondStmnt CovItemId="S10" CovItemPrefix="se.lnu.http.SharedFolder.java" Intrnl_Id="314">
<Branch CovItemId="B5" CovItemPrefix="se.lnu.http.SharedFolder.java" Implct="false" Intrnl_Id="315">
<Cond/>
<LocList>
<Loc EndOffset="850" SrcFileId="16" StartOffset="829"/>
</LocList>
<StmntSeq Intrnl_Id="316">
<LocList>
<Loc EndOffset="846" SrcFileId="16" StartOffset="834"/>
</LocList>
<BasicStmnt CovItemId="S11" CovItemPrefix="se.lnu.http.SharedFolder.java" Intrnl_Id="317">
<LocList>
<Loc EndOffset="846" SrcFileId="16" StartOffset="834"/>
</LocList>
</BasicStmnt>
</StmntSeq>
</Branch>
<Branch CovItemId="B6" CovItemPrefix="se.lnu.http.SharedFolder.java" Implct="true" Intrnl_Id="318">
<Cond/>
<LocList/>
<StmntSeq Intrnl_Id="319">
<LocList/>
</StmntSeq>
</Branch>
<Keyword EndOffset="812" SrcFileId="16" StartOffset="810"/>
<LocList>
<Loc EndOffset="850" SrcFileId="16" StartOffset="810"/>
</LocList>
<RootTerm CovItemId="C3" CovItemPrefix="se.lnu.http.SharedFolder.java" Intrnl_Id="320">
<BasicBoolTerm Intrnl_Id="321">
<LocList>
<Loc EndOffset="827" SrcFileId="16" StartOffset="814"/>
</LocList>
</BasicBoolTerm>
</RootTerm>
</CondStmnt>
<BasicStmnt CovItemId="S12" CovItemPrefix="se.lnu.http.SharedFolder.java" Intrnl_Id="322">
<LocList>
<Loc EndOffset="890" SrcFileId="16" StartOffset="856"/>
</LocList>
</BasicStmnt>
</StmntSeq>
</HierarchyLvl>
</HierarchyLvl>
<HierarchyLvl HierarchyLvlId="4279" HierarchyLvlTypeId="33" Intrnl_Id="323" Name="ServerFactory">
<Header>
<Loc EndOffset="70" SrcFileId="17" StartOffset="44"/>
</Header>
<LocList>
<Loc EndOffset="237" SrcFileId="17" StartOffset="44"/>
</LocList>
<HierarchyLvl HierarchyLvlId="4278" HierarchyLvlTypeId="34" Intrnl_Id="324" Name="create">
<Header>
<Loc EndOffset="157" SrcFileId="17" StartOffset="75"/>
</Header>
<LocList>
<Loc EndOffset="234" SrcFileId="17" StartOffset="75"/>
</LocList>
<StmntSeq Intrnl_Id="325">
<LocList>
<Loc EndOffset="231" SrcFileId="17" StartOffset="162"/>
</LocList>
<BasicStmnt CovItemId="S1" CovItemPrefix="se.lnu.http.ServerFactory.java" Intrnl_Id="326">
<LocList>
<Loc EndOffset="231" SrcFileId="17" StartOffset="162"/>
</LocList>
</BasicStmnt>
</StmntSeq>
</HierarchyLvl>
</HierarchyLvl>
<HierarchyLvl HierarchyLvlId="4283" HierarchyLvlTypeId="33" Intrnl_Id="327" Name="ResponseFactory">
<Header>
<Loc EndOffset="445" SrcFileId="18" StartOffset="417"/>
</Header>
<LocList>
<Loc EndOffset="1192" SrcFileId="18" StartOffset="417"/>
</LocList>
<HierarchyLvl HierarchyLvlId="4280" HierarchyLvlTypeId="34" Intrnl_Id="328" Name="ResponseFactory">
<Header>
<Loc EndOffset="525" SrcFileId="18" StartOffset="482"/>
</Header>
<LocList>
<Loc EndOffset="554" SrcFileId="18" StartOffset="482"/>
</LocList>
<StmntSeq Intrnl_Id="329">
<LocList>
<Loc EndOffset="551" SrcFileId="18" StartOffset="530"/>
</LocList>
<BasicStmnt CovItemId="S1" CovItemPrefix="se.lnu.http.ResponseFactory.java" Intrnl_Id="330">
<LocList>
<Loc EndOffset="551" SrcFileId="18" StartOffset="530"/>
</LocList>
</BasicStmnt>
</StmntSeq>
</HierarchyLvl>
<HierarchyLvl HierarchyLvlId="4281" HierarchyLvlTypeId="34" Intrnl_Id="331" Name="getResponse">
<Header>
<Loc EndOffset="628" SrcFileId="18" StartOffset="557"/>
</Header>
<LocList>
<Loc EndOffset="1102" SrcFileId="18" StartOffset="557"/>
</LocList>
<StmntSeq Intrnl_Id="332">
<LocList>
<Loc EndOffset="681" SrcFileId="18" StartOffset="633"/>
<Loc EndOffset="1026" SrcFileId="18" StartOffset="685"/>
<Loc EndOffset="1099" SrcFileId="18" StartOffset="1033"/>
</LocList>
<BasicStmnt CovItemId="S2" CovItemPrefix="se.lnu.http.ResponseFactory.java" Intrnl_Id="333">
<LocList>
<Loc EndOffset="681" SrcFileId="18" StartOffset="633"/>
</LocList>
</BasicStmnt>
<CondStmnt CovItemId="S3" CovItemPrefix="se.lnu.http.ResponseFactory.java" Intrnl_Id="334">
<Branch CovItemId="B1" CovItemPrefix="se.lnu.http.ResponseFactory.java" Implct="false" Intrnl_Id="335">
<Cond/>
<LocList>
<Loc EndOffset="1026" SrcFileId="18" StartOffset="723"/>
</LocList>
<StmntSeq Intrnl_Id="336">
<LocList>
<Loc EndOffset="782" SrcFileId="18" StartOffset="738"/>
<Loc EndOffset="826" SrcFileId="18" StartOffset="787"/>
<Loc EndOffset="1018" SrcFileId="18" StartOffset="728"/>
</LocList>
<BasicStmnt CovItemId="S5" CovItemPrefix="se.lnu.http.ResponseFactory.java" Intrnl_Id="337">
<LocList>
<Loc EndOffset="782" SrcFileId="18" StartOffset="738"/>
</LocList>
</BasicStmnt>
<BasicStmnt CovItemId="S6" CovItemPrefix="se.lnu.http.ResponseFactory.java" Intrnl_Id="338">
<LocList>
<Loc EndOffset="826" SrcFileId="18" StartOffset="787"/>
</LocList>
</BasicStmnt>
<CondStmnt CovItemId="S4" CovItemPrefix="se.lnu.http.ResponseFactory.java" Intrnl_Id="339">
<Branch CovItemId="B3" CovItemPrefix="se.lnu.http.ResponseFactory.java" Implct="true" Intrnl_Id="340">
<Cond/>
<LocList/>
<StmntSeq Intrnl_Id="341">
<LocList/>
</StmntSeq>
</Branch>
<Branch CovItemId="B4" CovItemPrefix="se.lnu.http.ResponseFactory.java" Implct="false" Intrnl_Id="342">
<Cond>
<Loc EndOffset="863" SrcFileId="18" StartOffset="832"/>
</Cond>
<LocList>
<Loc EndOffset="932" SrcFileId="18" StartOffset="864"/>
</LocList>
<StmntSeq Intrnl_Id="343">
<LocList>
<Loc EndOffset="927" SrcFileId="18" StartOffset="870"/>
</LocList>
<BasicStmnt CovItemId="S7" CovItemPrefix="se.lnu.http.ResponseFactory.java" Intrnl_Id="344">
<LocList>
<Loc EndOffset="927" SrcFileId="18" StartOffset="870"/>
</LocList>
</BasicStmnt>
</StmntSeq>
</Branch>
<Branch CovItemId="B5" CovItemPrefix="se.lnu.http.ResponseFactory.java" Implct="false" Intrnl_Id="345">
<Cond>
<Loc EndOffset="960" SrcFileId="18" StartOffset="933"/>
</Cond>
<LocList>
<Loc EndOffset="1018" SrcFileId="18" StartOffset="961"/>
</LocList>
<StmntSeq Intrnl_Id="346">
<LocList>
<Loc EndOffset="1013" SrcFileId="18" StartOffset="967"/>
</LocList>
<BasicStmnt CovItemId="S8" CovItemPrefix="se.lnu.http.ResponseFactory.java" Intrnl_Id="347">
<LocList>
<Loc EndOffset="1013" SrcFileId="18" StartOffset="967"/>
</LocList>
</BasicStmnt>
</StmntSeq>
</Branch>
<Keyword EndOffset="731" SrcFileId="18" StartOffset="728"/>
<LocList>
<Loc EndOffset="1018" SrcFileId="18" StartOffset="728"/>
</LocList>
</CondStmnt>
</StmntSeq>
</Branch>
<Branch CovItemId="B2" CovItemPrefix="se.lnu.http.ResponseFactory.java" Implct="true" Intrnl_Id="348">
<Cond/>
<LocList/>
<StmntSeq Intrnl_Id="349">
<LocList/>
</StmntSeq>
</Branch>
<Keyword EndOffset="687" SrcFileId="18" StartOffset="685"/>
<LocList>
<Loc EndOffset="1026" SrcFileId="18" StartOffset="685"/>
</LocList>
<RootTerm CovItemId="C1" CovItemPrefix="se.lnu.http.ResponseFactory.java" Intrnl_Id="350">
<BasicBoolTerm Intrnl_Id="351">
<LocList>
<Loc EndOffset="721" SrcFileId="18" StartOffset="689"/>
</LocList>
</BasicBoolTerm>
</RootTerm>
</CondStmnt>
<BasicStmnt CovItemId="S9" CovItemPrefix="se.lnu.http.ResponseFactory.java" Intrnl_Id="352">
<LocList>
<Loc EndOffset="1099" SrcFileId="18" StartOffset="1033"/>
</LocList>
</BasicStmnt>
</StmntSeq>
</HierarchyLvl>
<HierarchyLvl HierarchyLvlId="4282" HierarchyLvlTypeId="34" Intrnl_Id="353" Name="getBadResponse">
<Header>
<Loc EndOffset="1146" SrcFileId="18" StartOffset="1105"/>
</Header>
<LocList>
<Loc EndOffset="1185" SrcFileId="18" StartOffset="1105"/>
</LocList>
<StmntSeq Intrnl_Id="354">
<LocList>
<Loc EndOffset="1182" SrcFileId="18" StartOffset="1151"/>
</LocList>
<BasicStmnt CovItemId="S10" CovItemPrefix="se.lnu.http.ResponseFactory.java" Intrnl_Id="355">
<LocList>
<Loc EndOffset="1182" SrcFileId="18" StartOffset="1151"/>
</LocList>
</BasicStmnt>
</StmntSeq>
</HierarchyLvl>
</HierarchyLvl>
<HierarchyLvl HierarchyLvlId="4286" HierarchyLvlTypeId="33" Intrnl_Id="356" Name="Port">
<Header>
<Loc EndOffset="92" SrcFileId="19" StartOffset="75"/>
</Header>
<LocList>
<Loc EndOffset="461" SrcFileId="19" StartOffset="75"/>
</LocList>
<HierarchyLvl HierarchyLvlId="4284" HierarchyLvlTypeId="34" Intrnl_Id="357" Name="Port">
<Header>
<Loc EndOffset="178" SrcFileId="19" StartOffset="123"/>
</Header>
<LocList>
<Loc EndOffset="371" SrcFileId="19" StartOffset="123"/>
</LocList>
<StmntSeq Intrnl_Id="358">
<LocList>
<Loc EndOffset="330" SrcFileId="19" StartOffset="183"/>
<Loc EndOffset="365" SrcFileId="19" StartOffset="336"/>
</LocList>
<CondStmnt CovItemId="S1" CovItemPrefix="se.lnu.http.Port.java" Intrnl_Id="359">
<Branch CovItemId="B1" CovItemPrefix="se.lnu.http.Port.java" Implct="false" Intrnl_Id="360">
<Cond/>
<LocList>
<Loc EndOffset="330" SrcFileId="19" StartOffset="226"/>
</LocList>
<StmntSeq Intrnl_Id="361">
<LocList>
<Loc EndOffset="326" SrcFileId="19" StartOffset="231"/>
</LocList>
<BasicStmnt CovItemId="S2" CovItemPrefix="se.lnu.http.Port.java" Intrnl_Id="362">
<LocList>
<Loc EndOffset="326" SrcFileId="19" StartOffset="231"/>
</LocList>
</BasicStmnt>
</StmntSeq>
</Branch>
<Branch CovItemId="B2" CovItemPrefix="se.lnu.http.Port.java" Implct="true" Intrnl_Id="363">
<Cond/>
<LocList/>
<StmntSeq Intrnl_Id="364">
<LocList/>
</StmntSeq>
</Branch>
<Keyword EndOffset="185" SrcFileId="19" StartOffset="183"/>
<LocList>
<Loc EndOffset="330" SrcFileId="19" StartOffset="183"/>
</LocList>
<RootTerm CovItemId="C1" CovItemPrefix="se.lnu.http.Port.java" Intrnl_Id="365">
<OpTerm BooleanOpId="30" Intrnl_Id="366">
<BasicBoolTerm Intrnl_Id="367">
<LocList>
<Loc EndOffset="202" SrcFileId="19" StartOffset="187"/>
</LocList>
</BasicBoolTerm>
<BasicBoolTerm Intrnl_Id="368">
<LocList>
<Loc EndOffset="224" SrcFileId="19" StartOffset="206"/>
</LocList>
</BasicBoolTerm>
<LocList>
<Loc EndOffset="205" SrcFileId="19" StartOffset="203"/>
</LocList>
</OpTerm>
</RootTerm>
</CondStmnt>
<BasicStmnt CovItemId="S3" CovItemPrefix="se.lnu.http.Port.java" Intrnl_Id="369">
<LocList>
<Loc EndOffset="365" SrcFileId="19" StartOffset="336"/>
</LocList>
</BasicStmnt>
</StmntSeq>
</HierarchyLvl>
<HierarchyLvl HierarchyLvlId="4285" HierarchyLvlTypeId="34" Intrnl_Id="370" Name="getPort">
<Header>
<Loc EndOffset="394" SrcFileId="19" StartOffset="374"/>
</Header>
<LocList>
<Loc EndOffset="457" SrcFileId="19" StartOffset="374"/>
</LocList>
<StmntSeq Intrnl_Id="371">
<LocList>
<Loc EndOffset="454" SrcFileId="19" StartOffset="436"/>
</LocList>
<BasicStmnt CovItemId="S4" CovItemPrefix="se.lnu.http.Port.java" Intrnl_Id="372">
<LocList>
<Loc EndOffset="454" SrcFileId="19" StartOffset="436"/>
</LocList>
</BasicStmnt>
</StmntSeq>
</HierarchyLvl>
</HierarchyLvl>
<HierarchyLvl HierarchyLvlId="4293" HierarchyLvlTypeId="36" Intrnl_Id="373" Name="HTTPServerObserver">
<Header>
<Loc EndOffset="57" SrcFileId="20" StartOffset="22"/>
</Header>
<LocList>
<Loc EndOffset="209" SrcFileId="20" StartOffset="22"/>
</LocList>
<HierarchyLvl HierarchyLvlId="4287" HierarchyLvlTypeId="34" Intrnl_Id="374" Name="serverConstructed">
<Header>
<Loc EndOffset="86" SrcFileId="20" StartOffset="62"/>
</Header>
<LocList>
<Loc EndOffset="87" SrcFileId="20" StartOffset="62"/>
</LocList>
</HierarchyLvl>
<HierarchyLvl HierarchyLvlId="4288" HierarchyLvlTypeId="34" Intrnl_Id="375" Name="serverStarted">
<Header>
<Loc EndOffset="110" SrcFileId="20" StartOffset="90"/>
</Header>
<LocList>
<Loc EndOffset="111" SrcFileId="20" StartOffset="90"/>
</LocList>
</HierarchyLvl>
<HierarchyLvl HierarchyLvlId="4289" HierarchyLvlTypeId="34" Intrnl_Id="376" Name="serverStopped">
<Header>
<Loc EndOffset="134" SrcFileId="20" StartOffset="114"/>
</Header>
<LocList>
<Loc EndOffset="135" SrcFileId="20" StartOffset="114"/>
</LocList>
</HierarchyLvl>
<HierarchyLvl HierarchyLvlId="4290" HierarchyLvlTypeId="34" Intrnl_Id="377" Name="closedAccept">
<Header>
<Loc EndOffset="157" SrcFileId="20" StartOffset="138"/>
</Header>
<LocList>
<Loc EndOffset="158" SrcFileId="20" StartOffset="138"/>
</LocList>
</HierarchyLvl>
<HierarchyLvl HierarchyLvlId="4291" HierarchyLvlTypeId="34" Intrnl_Id="378" Name="startedClient">
<Header>
<Loc EndOffset="181" SrcFileId="20" StartOffset="161"/>
</Header>
<LocList>
<Loc EndOffset="182" SrcFileId="20" StartOffset="161"/>
</LocList>
</HierarchyLvl>
<HierarchyLvl HierarchyLvlId="4292" HierarchyLvlTypeId="34" Intrnl_Id="379" Name="waitForClient">
<Header>
<Loc EndOffset="205" SrcFileId="20" StartOffset="185"/>
</Header>
<LocList>
<Loc EndOffset="206" SrcFileId="20" StartOffset="185"/>
</LocList>
</HierarchyLvl>
</HierarchyLvl>
<HierarchyLvl HierarchyLvlId="4297" HierarchyLvlTypeId="33" Intrnl_Id="380" Name="HTTPServerConsole">
<Header>
<Loc EndOffset="196" SrcFileId="21" StartOffset="166"/>
</Header>
<LocList>
<Loc EndOffset="1113" SrcFileId="21" StartOffset="166"/>
</LocList>
<HierarchyLvl HierarchyLvlId="4294" HierarchyLvlTypeId="34" Intrnl_Id="381" Name="HTTPServerConsole">
<Header>
<Loc EndOffset="326" SrcFileId="21" StartOffset="260"/>
</Header>
<LocList>
<Loc EndOffset="377" SrcFileId="21" StartOffset="260"/>
</LocList>
<StmntSeq Intrnl_Id="382">
<LocList>
<Loc EndOffset="348" SrcFileId="21" StartOffset="331"/>
<Loc EndOffset="374" SrcFileId="21" StartOffset="351"/>
</LocList>
<BasicStmnt CovItemId="S1" CovItemPrefix="se.lnu.http.HTTPServerConsole.java" Intrnl_Id="383">
<LocList>
<Loc EndOffset="348" SrcFileId="21" StartOffset="331"/>
</LocList>
</BasicStmnt>
<BasicStmnt CovItemId="S2" CovItemPrefix="se.lnu.http.HTTPServerConsole.java" Intrnl_Id="384">
<LocList>
<Loc EndOffset="374" SrcFileId="21" StartOffset="351"/>
</LocList>
</BasicStmnt>
</StmntSeq>
</HierarchyLvl>
<HierarchyLvl HierarchyLvlId="4295" HierarchyLvlTypeId="34" Intrnl_Id="385" Name="main">
<Header>
<Loc EndOffset="484" SrcFileId="21" StartOffset="429"/>
</Header>
<LocList>
<Loc EndOffset="676" SrcFileId="21" StartOffset="429"/>
</LocList>
<StmntSeq Intrnl_Id="386">
<LocList>
<Loc EndOffset="530" SrcFileId="21" StartOffset="489"/>
<Loc EndOffset="577" SrcFileId="21" StartOffset="533"/>
<Loc EndOffset="644" SrcFileId="21" StartOffset="580"/>
<Loc EndOffset="667" SrcFileId="21" StartOffset="647"/>
</LocList>
<BasicStmnt CovItemId="S3" CovItemPrefix="se.lnu.http.HTTPServerConsole.java" Intrnl_Id="387">
<LocList>
<Loc EndOffset="530" SrcFileId="21" StartOffset="489"/>
</LocList>
</BasicStmnt>
<BasicStmnt CovItemId="S4" CovItemPrefix="se.lnu.http.HTTPServerConsole.java" Intrnl_Id="388">
<LocList>
<Loc EndOffset="577" SrcFileId="21" StartOffset="533"/>
</LocList>
</BasicStmnt>
<BasicStmnt CovItemId="S5" CovItemPrefix="se.lnu.http.HTTPServerConsole.java" Intrnl_Id="389">
<LocList>
<Loc EndOffset="644" SrcFileId="21" StartOffset="580"/>
</LocList>
</BasicStmnt>
<BasicStmnt CovItemId="S6" CovItemPrefix="se.lnu.http.HTTPServerConsole.java" Intrnl_Id="390">
<LocList>
<Loc EndOffset="667" SrcFileId="21" StartOffset="647"/>
</LocList>
</BasicStmnt>
</StmntSeq>
</HierarchyLvl>
<HierarchyLvl HierarchyLvlId="4296" HierarchyLvlTypeId="34" Intrnl_Id="391" Name="runConsole">
<Header>
<Loc EndOffset="713" SrcFileId="21" StartOffset="679"/>
</Header>
<LocList>
<Loc EndOffset="1110" SrcFileId="21" StartOffset="679"/>
</LocList>
<StmntSeq Intrnl_Id="392">
<LocList>
<Loc EndOffset="757" SrcFileId="21" StartOffset="730"/>
<Loc EndOffset="804" SrcFileId="21" StartOffset="761"/>
<Loc EndOffset="872" SrcFileId="21" StartOffset="808"/>
<Loc EndOffset="895" SrcFileId="21" StartOffset="880"/>
<Loc EndOffset="984" SrcFileId="21" StartOffset="903"/>
<Loc EndOffset="1104" SrcFileId="21" StartOffset="721"/>
</LocList>
<BasicStmnt CovItemId="S8" CovItemPrefix="se.lnu.http.HTTPServerConsole.java" Intrnl_Id="393">
<LocList>
<Loc EndOffset="757" SrcFileId="21" StartOffset="730"/>
</LocList>
</BasicStmnt>
<BasicStmnt CovItemId="S9" CovItemPrefix="se.lnu.http.HTTPServerConsole.java" Intrnl_Id="394">
<LocList>
<Loc EndOffset="804" SrcFileId="21" StartOffset="761"/>
</LocList>
</BasicStmnt>
<BasicStmnt CovItemId="S10" CovItemPrefix="se.lnu.http.HTTPServerConsole.java" Intrnl_Id="395">
<LocList>
<Loc EndOffset="872" SrcFileId="21" StartOffset="808"/>
</LocList>
</BasicStmnt>
<BasicStmnt CovItemId="S11" CovItemPrefix="se.lnu.http.HTTPServerConsole.java" Intrnl_Id="396">
<LocList>
<Loc EndOffset="895" SrcFileId="21" StartOffset="880"/>
</LocList>
</BasicStmnt>
<LoopStmnt CovItemId="S12" CovItemPrefix="se.lnu.http.HTTPServerConsole.java" Intrnl_Id="397" MltplExecId="L1-2" MltplExecPrefix="se.lnu.http.HTTPServerConsole.java" NvrExecId="L1-0" NvrExecPrefix="se.lnu.http.HTTPServerConsole.java" OnceExecutedId="L1-1" OnceExecutedPrefix="se.lnu.http.HTTPServerConsole.java" OptBodyExec="true">
<StmntSeq Intrnl_Id="398">
<LocList>
<Loc EndOffset="979" SrcFileId="21" StartOffset="921"/>
</LocList>
<CondStmnt CovItemId="S13" CovItemPrefix="se.lnu.http.HTTPServerConsole.java" Intrnl_Id="399">
<Branch CovItemId="B2" CovItemPrefix="se.lnu.http.HTTPServerConsole.java" Implct="false" Intrnl_Id="400">
<Cond/>
<LocList>
<Loc EndOffset="979" SrcFileId="21" StartOffset="940"/>
</LocList>
<StmntSeq Intrnl_Id="401">
<LocList>
<Loc EndOffset="961" SrcFileId="21" StartOffset="947"/>
<Loc EndOffset="973" SrcFileId="21" StartOffset="967"/>
</LocList>
<BasicStmnt CovItemId="S14" CovItemPrefix="se.lnu.http.HTTPServerConsole.java" Intrnl_Id="402">
<LocList>
<Loc EndOffset="961" SrcFileId="21" StartOffset="947"/>
</LocList>
</BasicStmnt>
<BasicStmnt CovItemId="S15" CovItemPrefix="se.lnu.http.HTTPServerConsole.java" Intrnl_Id="403">
<LocList>
<Loc EndOffset="973" SrcFileId="21" StartOffset="967"/>
</LocList>
</BasicStmnt>
</StmntSeq>
</Branch>
<Branch CovItemId="B3" CovItemPrefix="se.lnu.http.HTTPServerConsole.java" Implct="true" Intrnl_Id="404">
<Cond/>
<LocList/>
<StmntSeq Intrnl_Id="405">
<LocList/>
</StmntSeq>
</Branch>
<Keyword EndOffset="923" SrcFileId="21" StartOffset="921"/>
<LocList>
<Loc EndOffset="979" SrcFileId="21" StartOffset="921"/>
</LocList>
<RootTerm CovItemId="C2" CovItemPrefix="se.lnu.http.HTTPServerConsole.java" Intrnl_Id="406">
<BasicBoolTerm Intrnl_Id="407">
<LocList>
<Loc EndOffset="938" SrcFileId="21" StartOffset="925"/>
</LocList>
</BasicBoolTerm>
</RootTerm>
</CondStmnt>
</StmntSeq>
<Keyword EndOffset="908" SrcFileId="21" StartOffset="903"/>
<LocList>
<Loc EndOffset="984" SrcFileId="21" StartOffset="903"/>
</LocList>
</LoopStmnt>
<CondStmnt CovItemId="S7" CovItemPrefix="se.lnu.http.HTTPServerConsole.java" Intrnl_Id="408">
<Branch CovItemId="B1" CovItemPrefix="se.lnu.http.HTTPServerConsole.java" Implct="true" Intrnl_Id="409">
<Cond/>
<LocList/>
<StmntSeq Intrnl_Id="410">
<LocList/>
</StmntSeq>
</Branch>
<Branch CovItemId="B4" CovItemPrefix="se.lnu.http.HTTPServerConsole.java" Implct="false" Intrnl_Id="411">
<Cond>
<Loc EndOffset="1023" SrcFileId="21" StartOffset="993"/>
</Cond>
<LocList>
<Loc EndOffset="1049" SrcFileId="21" StartOffset="1024"/>
</LocList>
<StmntSeq Intrnl_Id="412">
<LocList>
<Loc EndOffset="1045" SrcFileId="21" StartOffset="1029"/>
</LocList>
<BasicStmnt CovItemId="S16" CovItemPrefix="se.lnu.http.HTTPServerConsole.java" Intrnl_Id="413">
<LocList>
<Loc EndOffset="1045" SrcFileId="21" StartOffset="1029"/>
</LocList>
</BasicStmnt>
</StmntSeq>
</Branch>
<Branch CovItemId="B5" CovItemPrefix="se.lnu.http.HTTPServerConsole.java" Implct="false" Intrnl_Id="414">
<Cond>
<Loc EndOffset="1073" SrcFileId="21" StartOffset="1050"/>
</Cond>
<LocList>
<Loc EndOffset="1104" SrcFileId="21" StartOffset="1074"/>
</LocList>
<StmntSeq Intrnl_Id="415">
<LocList>
<Loc EndOffset="1100" SrcFileId="21" StartOffset="1079"/>
</LocList>
<BasicStmnt CovItemId="S17" CovItemPrefix="se.lnu.http.HTTPServerConsole.java" Intrnl_Id="416">
<LocList>
<Loc EndOffset="1100" SrcFileId="21" StartOffset="1079"/>
</LocList>
</BasicStmnt>
</StmntSeq>
</Branch>
<Keyword EndOffset="724" SrcFileId="21" StartOffset="721"/>
<LocList>
<Loc EndOffset="1104" SrcFileId="21" StartOffset="721"/>
</LocList>
</CondStmnt>
</StmntSeq>
</HierarchyLvl>
</HierarchyLvl>
<HierarchyLvl HierarchyLvlId="4301" HierarchyLvlTypeId="33" Intrnl_Id="417" Name="HTTPServer">
<Header>
<Loc EndOffset="157" SrcFileId="22" StartOffset="134"/>
</Header>
<LocList>
<Loc EndOffset="1080" SrcFileId="22" StartOffset="134"/>
</LocList>
<HierarchyLvl HierarchyLvlId="4298" HierarchyLvlTypeId="34" Intrnl_Id="418" Name="HTTPServer">
<Header>
<Loc EndOffset="380" SrcFileId="22" StartOffset="297"/>
</Header>
<LocList>
<Loc EndOffset="495" SrcFileId="22" StartOffset="297"/>
</LocList>
<StmntSeq Intrnl_Id="419">
<LocList>
<Loc EndOffset="402" SrcFileId="22" StartOffset="385"/>
<Loc EndOffset="430" SrcFileId="22" StartOffset="405"/>
<Loc EndOffset="450" SrcFileId="22" StartOffset="433"/>
<Loc EndOffset="492" SrcFileId="22" StartOffset="453"/>
</LocList>
<BasicStmnt CovItemId="S1" CovItemPrefix="se.lnu.http.HTTPServer.java" Intrnl_Id="420">
<LocList>
<Loc EndOffset="402" SrcFileId="22" StartOffset="385"/>
</LocList>
</BasicStmnt>
<BasicStmnt CovItemId="S2" CovItemPrefix="se.lnu.http.HTTPServer.java" Intrnl_Id="421">
<LocList>
<Loc EndOffset="430" SrcFileId="22" StartOffset="405"/>
</LocList>
</BasicStmnt>
<BasicStmnt CovItemId="S3" CovItemPrefix="se.lnu.http.HTTPServer.java" Intrnl_Id="422">
<LocList>
<Loc EndOffset="450" SrcFileId="22" StartOffset="433"/>
</LocList>
</BasicStmnt>
<BasicStmnt CovItemId="S4" CovItemPrefix="se.lnu.http.HTTPServer.java" Intrnl_Id="423">
<LocList>
<Loc EndOffset="492" SrcFileId="22" StartOffset="453"/>
</LocList>
</BasicStmnt>
</StmntSeq>
</HierarchyLvl>
<HierarchyLvl HierarchyLvlId="4299" HierarchyLvlTypeId="34" Intrnl_Id="424" Name="start">
<Header>
<Loc EndOffset="536" SrcFileId="22" StartOffset="498"/>
</Header>
<LocList>
<Loc EndOffset="778" SrcFileId="22" StartOffset="498"/>
</LocList>
<StmntSeq Intrnl_Id="425">
<LocList>
<Loc EndOffset="596" SrcFileId="22" StartOffset="541"/>
<Loc EndOffset="663" SrcFileId="22" StartOffset="599"/>
<Loc EndOffset="721" SrcFileId="22" StartOffset="666"/>
<Loc EndOffset="748" SrcFileId="22" StartOffset="727"/>
<Loc EndOffset="775" SrcFileId="22" StartOffset="754"/>
</LocList>
<BasicStmnt CovItemId="S5" CovItemPrefix="se.lnu.http.HTTPServer.java" Intrnl_Id="426">
<LocList>
<Loc EndOffset="596" SrcFileId="22" StartOffset="541"/>
</LocList>
</BasicStmnt>
<BasicStmnt CovItemId="S6" CovItemPrefix="se.lnu.http.HTTPServer.java" Intrnl_Id="427">
<LocList>
<Loc EndOffset="663" SrcFileId="22" StartOffset="599"/>
</LocList>
</BasicStmnt>
<BasicStmnt CovItemId="S7" CovItemPrefix="se.lnu.http.HTTPServer.java" Intrnl_Id="428">
<LocList>
<Loc EndOffset="721" SrcFileId="22" StartOffset="666"/>
</LocList>
</BasicStmnt>
<BasicStmnt CovItemId="S8" CovItemPrefix="se.lnu.http.HTTPServer.java" Intrnl_Id="429">
<LocList>
<Loc EndOffset="748" SrcFileId="22" StartOffset="727"/>
</LocList>
</BasicStmnt>
<BasicStmnt CovItemId="S9" CovItemPrefix="se.lnu.http.HTTPServer.java" Intrnl_Id="430">
<LocList>
<Loc EndOffset="775" SrcFileId="22" StartOffset="754"/>
</LocList>
</BasicStmnt>
</StmntSeq>
</HierarchyLvl>
<HierarchyLvl HierarchyLvlId="4300" HierarchyLvlTypeId="34" Intrnl_Id="431" Name="stop">
<Header>
<Loc EndOffset="861" SrcFileId="22" StartOffset="781"/>
</Header>
<LocList>
<Loc EndOffset="1077" SrcFileId="22" StartOffset="781"/>
</LocList>
<StmntSeq Intrnl_Id="432">
<LocList>
<Loc EndOffset="927" SrcFileId="22" StartOffset="866"/>
<Loc EndOffset="955" SrcFileId="22" StartOffset="933"/>
<Loc EndOffset="1018" SrcFileId="22" StartOffset="961"/>
<Loc EndOffset="1048" SrcFileId="22" StartOffset="1027"/>
<Loc EndOffset="1074" SrcFileId="22" StartOffset="1054"/>
</LocList>
<CondStmnt CovItemId="S10" CovItemPrefix="se.lnu.http.HTTPServer.java" Intrnl_Id="433">
<Branch CovItemId="B1" CovItemPrefix="se.lnu.http.HTTPServer.java" Implct="false" Intrnl_Id="434">
<Cond/>
<LocList>
<Loc EndOffset="927" SrcFileId="22" StartOffset="895"/>
</LocList>
<StmntSeq Intrnl_Id="435">
<LocList>
<Loc EndOffset="927" SrcFileId="22" StartOffset="895"/>
</LocList>
<BasicStmnt CovItemId="S11" CovItemPrefix="se.lnu.http.HTTPServer.java" Intrnl_Id="436">
<LocList>
<Loc EndOffset="927" SrcFileId="22" StartOffset="895"/>
</LocList>
</BasicStmnt>
</StmntSeq>
</Branch>
<Branch CovItemId="B2" CovItemPrefix="se.lnu.http.HTTPServer.java" Implct="true" Intrnl_Id="437">
<Cond/>
<LocList/>
<StmntSeq Intrnl_Id="438">
<LocList/>
</StmntSeq>
</Branch>
<Keyword EndOffset="868" SrcFileId="22" StartOffset="866"/>
<LocList>
<Loc EndOffset="927" SrcFileId="22" StartOffset="866"/>
</LocList>
<RootTerm CovItemId="C1" CovItemPrefix="se.lnu.http.HTTPServer.java" Intrnl_Id="439">
<BasicBoolTerm Intrnl_Id="440">
<LocList>
<Loc EndOffset="890" SrcFileId="22" StartOffset="870"/>
</LocList>
</BasicBoolTerm>
</RootTerm>
</CondStmnt>
<BasicStmnt CovItemId="S12" CovItemPrefix="se.lnu.http.HTTPServer.java" Intrnl_Id="441">
<LocList>
<Loc EndOffset="955" SrcFileId="22" StartOffset="933"/>
</LocList>
</BasicStmnt>
<LoopStmnt CovItemId="S13" CovItemPrefix="se.lnu.http.HTTPServer.java" Intrnl_Id="442" MltplExecId="L1-2" MltplExecPrefix="se.lnu.http.HTTPServer.java" NvrExecId="L1-0" NvrExecPrefix="se.lnu.http.HTTPServer.java" OnceExecutedId="L1-1" OnceExecutedPrefix="se.lnu.http.HTTPServer.java" OptBodyExec="true">
<StmntSeq Intrnl_Id="443">
<LocList>
<Loc EndOffset="1014" SrcFileId="22" StartOffset="996"/>
</LocList>
<BasicStmnt CovItemId="S14" CovItemPrefix="se.lnu.http.HTTPServer.java" Intrnl_Id="444">
<LocList>
<Loc EndOffset="1014" SrcFileId="22" StartOffset="996"/>
</LocList>
</BasicStmnt>
</StmntSeq>
<Keyword EndOffset="966" SrcFileId="22" StartOffset="961"/>
<LocList>
<Loc EndOffset="1018" SrcFileId="22" StartOffset="961"/>
</LocList>
<RootTerm CovItemId="C2" CovItemPrefix="se.lnu.http.HTTPServer.java" Intrnl_Id="445">
<BasicBoolTerm Intrnl_Id="446">
<LocList>
<Loc EndOffset="989" SrcFileId="22" StartOffset="967"/>
</LocList>
</BasicBoolTerm>
</RootTerm>
</LoopStmnt>
<BasicStmnt CovItemId="S15" CovItemPrefix="se.lnu.http.HTTPServer.java" Intrnl_Id="447">
<LocList>
<Loc EndOffset="1048" SrcFileId="22" StartOffset="1027"/>
</LocList>
</BasicStmnt>
<BasicStmnt CovItemId="S16" CovItemPrefix="se.lnu.http.HTTPServer.java" Intrnl_Id="448">
<LocList>
<Loc EndOffset="1074" SrcFileId="22" StartOffset="1054"/>
</LocList>
</BasicStmnt>
</StmntSeq>
</HierarchyLvl>
</HierarchyLvl>
<HierarchyLvl HierarchyLvlId="4303" HierarchyLvlTypeId="33" Intrnl_Id="449" Name="HTTPRequestParser">
<Header>
<Loc EndOffset="110" SrcFileId="23" StartOffset="80"/>
</Header>
<LocList>
<Loc EndOffset="630" SrcFileId="23" StartOffset="80"/>
</LocList>
<HierarchyLvl HierarchyLvlId="4302" HierarchyLvlTypeId="34" Intrnl_Id="450" Name="parseRequest">
<Header>
<Loc EndOffset="208" SrcFileId="23" StartOffset="115"/>
</Header>
<LocList>
<Loc EndOffset="626" SrcFileId="23" StartOffset="115"/>
</LocList>
<StmntSeq Intrnl_Id="451">
<LocList>
<Loc EndOffset="261" SrcFileId="23" StartOffset="216"/>
<Loc EndOffset="346" SrcFileId="23" StartOffset="264"/>
<Loc EndOffset="395" SrcFileId="23" StartOffset="352"/>
<Loc EndOffset="487" SrcFileId="23" StartOffset="398"/>
<Loc EndOffset="567" SrcFileId="23" StartOffset="493"/>
<Loc EndOffset="623" SrcFileId="23" StartOffset="576"/>
</LocList>
<BasicStmnt CovItemId="S1" CovItemPrefix="se.lnu.http.HTTPRequestParser.java" Intrnl_Id="452">
<LocList>
<Loc EndOffset="261" SrcFileId="23" StartOffset="216"/>
</LocList>
</BasicStmnt>
<CondStmnt CovItemId="S2" CovItemPrefix="se.lnu.http.HTTPRequestParser.java" Intrnl_Id="453">
<Branch CovItemId="B1" CovItemPrefix="se.lnu.http.HTTPRequestParser.java" Implct="false" Intrnl_Id="454">
<Cond/>
<LocList>
<Loc EndOffset="346" SrcFileId="23" StartOffset="286"/>
</LocList>
<StmntSeq Intrnl_Id="455">
<LocList>
<Loc EndOffset="342" SrcFileId="23" StartOffset="291"/>
</LocList>
<BasicStmnt CovItemId="S3" CovItemPrefix="se.lnu.http.HTTPRequestParser.java" Intrnl_Id="456">
<LocList>
<Loc EndOffset="342" SrcFileId="23" StartOffset="291"/>
</LocList>
</BasicStmnt>
</StmntSeq>
</Branch>
<Branch CovItemId="B2" CovItemPrefix="se.lnu.http.HTTPRequestParser.java" Implct="true" Intrnl_Id="457">
<Cond/>
<LocList/>
<StmntSeq Intrnl_Id="458">
<LocList/>
</StmntSeq>
</Branch>
<Keyword EndOffset="266" SrcFileId="23" StartOffset="264"/>
<LocList>
<Loc EndOffset="346" SrcFileId="23" StartOffset="264"/>
</LocList>
<RootTerm CovItemId="C1" CovItemPrefix="se.lnu.http.HTTPRequestParser.java" Intrnl_Id="459">
<BasicBoolTerm Intrnl_Id="460">
<LocList>
<Loc EndOffset="284" SrcFileId="23" StartOffset="268"/>
</LocList>
</BasicBoolTerm>
</RootTerm>
</CondStmnt>
<BasicStmnt CovItemId="S4" CovItemPrefix="se.lnu.http.HTTPRequestParser.java" Intrnl_Id="461">
<LocList>
<Loc EndOffset="395" SrcFileId="23" StartOffset="352"/>
</LocList>
</BasicStmnt>
<CondStmnt CovItemId="S5" CovItemPrefix="se.lnu.http.HTTPRequestParser.java" Intrnl_Id="462">
<Branch CovItemId="B3" CovItemPrefix="se.lnu.http.HTTPRequestParser.java" Implct="false" Intrnl_Id="463">
<Cond/>
<LocList>
<Loc EndOffset="487" SrcFileId="23" StartOffset="427"/>
</LocList>
<StmntSeq Intrnl_Id="464">
<LocList>
<Loc EndOffset="483" SrcFileId="23" StartOffset="432"/>
</LocList>
<BasicStmnt CovItemId="S6" CovItemPrefix="se.lnu.http.HTTPRequestParser.java" Intrnl_Id="465">
<LocList>
<Loc EndOffset="483" SrcFileId="23" StartOffset="432"/>
</LocList>
</BasicStmnt>
</StmntSeq>
</Branch>
<Branch CovItemId="B4" CovItemPrefix="se.lnu.http.HTTPRequestParser.java" Implct="true" Intrnl_Id="466">
<Cond/>
<LocList/>
<StmntSeq Intrnl_Id="467">
<LocList/>
</StmntSeq>
</Branch>
<Keyword EndOffset="400" SrcFileId="23" StartOffset="398"/>
<LocList>
<Loc EndOffset="487" SrcFileId="23" StartOffset="398"/>
</LocList>
<RootTerm CovItemId="C2" CovItemPrefix="se.lnu.http.HTTPRequestParser.java" Intrnl_Id="468">
<BasicBoolTerm Intrnl_Id="469">
<LocList>
<Loc EndOffset="425" SrcFileId="23" StartOffset="402"/>
</LocList>
</BasicBoolTerm>
</RootTerm>
</CondStmnt>
<BasicStmnt CovItemId="S7" CovItemPrefix="se.lnu.http.HTTPRequestParser.java" Intrnl_Id="470">
<LocList>
<Loc EndOffset="567" SrcFileId="23" StartOffset="493"/>
</LocList>
</BasicStmnt>
<BasicStmnt CovItemId="S8" CovItemPrefix="se.lnu.http.HTTPRequestParser.java" Intrnl_Id="471">
<LocList>
<Loc EndOffset="623" SrcFileId="23" StartOffset="576"/>
</LocList>
</BasicStmnt>
</StmntSeq>
</HierarchyLvl>
</HierarchyLvl>
<HierarchyLvl HierarchyLvlId="4309" HierarchyLvlTypeId="33" Intrnl_Id="472" Name="HTTPRequest">
<Header>
<Loc EndOffset="80" SrcFileId="24" StartOffset="56"/>
</Header>
<LocList>
<Loc EndOffset="144" SrcFileId="24" StartOffset="56"/>
<Loc EndOffset="808" SrcFileId="24" StartOffset="539"/>
</LocList>
<HierarchyLvl HierarchyLvlId="4305" HierarchyLvlTypeId="31" Intrnl_Id="473" Name="Method">
<Header>
<Loc EndOffset="162" SrcFileId="24" StartOffset="144"/>
</Header>
<LocList>
<Loc EndOffset="539" SrcFileId="24" StartOffset="144"/>
</LocList>
<HierarchyLvl HierarchyLvlId="4304" HierarchyLvlTypeId="34" Intrnl_Id="474" Name="fromString">
<Header>
<Loc EndOffset="321" SrcFileId="24" StartOffset="243"/>
</Header>
<LocList>
<Loc EndOffset="536" SrcFileId="24" StartOffset="243"/>
</LocList>
<StmntSeq Intrnl_Id="475">
<LocList>
<Loc EndOffset="442" SrcFileId="24" StartOffset="330"/>
<Loc EndOffset="522" SrcFileId="24" StartOffset="449"/>
</LocList>
<LoopStmnt CovItemId="S1" CovItemPrefix="se.lnu.http.HTTPRequest.java" Intrnl_Id="476" MltplExecId="L1-2" MltplExecPrefix="se.lnu.http.HTTPRequest.java" NvrExecId="L1-0" NvrExecPrefix="se.lnu.http.HTTPRequest.java" OnceExecutedId="L1-1" OnceExecutedPrefix="se.lnu.http.HTTPRequest.java" OptBodyExec="true">
<StmntSeq Intrnl_Id="477">
<LocList>
<Loc EndOffset="434" SrcFileId="24" StartOffset="371"/>
</LocList>
<CondStmnt CovItemId="S2" CovItemPrefix="se.lnu.http.HTTPRequest.java" Intrnl_Id="478">
<Branch CovItemId="B1" CovItemPrefix="se.lnu.http.HTTPRequest.java" Implct="false" Intrnl_Id="479">
<Cond/>
<LocList>
<Loc EndOffset="434" SrcFileId="24" StartOffset="406"/>
</LocList>
<StmntSeq Intrnl_Id="480">
<LocList>
<Loc EndOffset="425" SrcFileId="24" StartOffset="416"/>
</LocList>
<BasicStmnt CovItemId="S3" CovItemPrefix="se.lnu.http.HTTPRequest.java" Intrnl_Id="481">
<LocList>
<Loc EndOffset="425" SrcFileId="24" StartOffset="416"/>
</LocList>
</BasicStmnt>
</StmntSeq>
</Branch>
<Branch CovItemId="B2" CovItemPrefix="se.lnu.http.HTTPRequest.java" Implct="true" Intrnl_Id="482">
<Cond/>
<LocList/>
<StmntSeq Intrnl_Id="483">
<LocList/>
</StmntSeq>
</Branch>
<Keyword EndOffset="373" SrcFileId="24" StartOffset="371"/>
<LocList>
<Loc EndOffset="434" SrcFileId="24" StartOffset="371"/>
</LocList>
<RootTerm CovItemId="C1" CovItemPrefix="se.lnu.http.HTTPRequest.java" Intrnl_Id="484">
<BasicBoolTerm Intrnl_Id="485">
<LocList>
<Loc EndOffset="404" SrcFileId="24" StartOffset="375"/>
</LocList>
</BasicBoolTerm>
</RootTerm>
</CondStmnt>
</StmntSeq>
<Keyword EndOffset="333" SrcFileId="24" StartOffset="330"/>
<LocList>
<Loc EndOffset="442" SrcFileId="24" StartOffset="330"/>
</LocList>
</LoopStmnt>
<BasicStmnt CovItemId="S4" CovItemPrefix="se.lnu.http.HTTPRequest.java" Intrnl_Id="486">
<LocList>
<Loc EndOffset="522" SrcFileId="24" StartOffset="449"/>
</LocList>
</BasicStmnt>
</StmntSeq>
</HierarchyLvl>
</HierarchyLvl>
<HierarchyLvl HierarchyLvlId="4306" HierarchyLvlTypeId="34" Intrnl_Id="487" Name="HTTPRequest">
<Header>
<Loc EndOffset="644" SrcFileId="24" StartOffset="594"/>
</Header>
<LocList>
<Loc EndOffset="701" SrcFileId="24" StartOffset="594"/>
</LocList>
<StmntSeq Intrnl_Id="488">
<LocList>
<Loc EndOffset="664" SrcFileId="24" StartOffset="649"/>
<Loc EndOffset="698" SrcFileId="24" StartOffset="667"/>
</LocList>
<BasicStmnt CovItemId="S5" CovItemPrefix="se.lnu.http.HTTPRequest.java" Intrnl_Id="489">
<LocList>
<Loc EndOffset="664" SrcFileId="24" StartOffset="649"/>
</LocList>
</BasicStmnt>
<BasicStmnt CovItemId="S6" CovItemPrefix="se.lnu.http.HTTPRequest.java" Intrnl_Id="490">
<LocList>
<Loc EndOffset="698" SrcFileId="24" StartOffset="667"/>
</LocList>
</BasicStmnt>
</StmntSeq>
</HierarchyLvl>
<HierarchyLvl HierarchyLvlId="4307" HierarchyLvlTypeId="34" Intrnl_Id="491" Name="getURL">
<Header>
<Loc EndOffset="726" SrcFileId="24" StartOffset="704"/>
</Header>
<LocList>
<Loc EndOffset="750" SrcFileId="24" StartOffset="704"/>
</LocList>
<StmntSeq Intrnl_Id="492">
<LocList>
<Loc EndOffset="747" SrcFileId="24" StartOffset="731"/>
</LocList>
<BasicStmnt CovItemId="S7" CovItemPrefix="se.lnu.http.HTTPRequest.java" Intrnl_Id="493">
<LocList>
<Loc EndOffset="747" SrcFileId="24" StartOffset="731"/>
</LocList>
</BasicStmnt>
</StmntSeq>
</HierarchyLvl>
<HierarchyLvl HierarchyLvlId="4308" HierarchyLvlTypeId="34" Intrnl_Id="494" Name="getMethod">
<Header>
<Loc EndOffset="778" SrcFileId="24" StartOffset="753"/>
</Header>
<LocList>
<Loc EndOffset="805" SrcFileId="24" StartOffset="753"/>
</LocList>
<StmntSeq Intrnl_Id="495">
<LocList>
<Loc EndOffset="802" SrcFileId="24" StartOffset="783"/>
</LocList>
<BasicStmnt CovItemId="S8" CovItemPrefix="se.lnu.http.HTTPRequest.java" Intrnl_Id="496">
<LocList>
<Loc EndOffset="802" SrcFileId="24" StartOffset="783"/>
</LocList>
</BasicStmnt>
</StmntSeq>
</HierarchyLvl>
</HierarchyLvl>
<HierarchyLvl HierarchyLvlId="4313" HierarchyLvlTypeId="33" Intrnl_Id="497" Name="HTTPReader">
<Header>
<Loc EndOffset="105" SrcFileId="25" StartOffset="82"/>
</Header>
<LocList>
<Loc EndOffset="1103" SrcFileId="25" StartOffset="82"/>
</LocList>
<StmntSeq Intrnl_Id="498">
<LocList>
<Loc EndOffset="139" SrcFileId="25" StartOffset="109"/>
</LocList>
<BasicStmnt CovItemId="S1" CovItemPrefix="se.lnu.http.HTTPReader.java" Intrnl_Id="499">
<LocList>
<Loc EndOffset="139" SrcFileId="25" StartOffset="109"/>
</LocList>
</BasicStmnt>
</StmntSeq>
<HierarchyLvl HierarchyLvlId="4310" HierarchyLvlTypeId="34" Intrnl_Id="500" Name="HTTPReader">
<Header>
<Loc EndOffset="209" SrcFileId="25" StartOffset="169"/>
</Header>
<LocList>
<Loc EndOffset="238" SrcFileId="25" StartOffset="169"/>
</LocList>
<StmntSeq Intrnl_Id="501">
<LocList>
<Loc EndOffset="235" SrcFileId="25" StartOffset="214"/>
</LocList>
<BasicStmnt CovItemId="S2" CovItemPrefix="se.lnu.http.HTTPReader.java" Intrnl_Id="502">
<LocList>
<Loc EndOffset="235" SrcFileId="25" StartOffset="214"/>
</LocList>
</BasicStmnt>
</StmntSeq>
</HierarchyLvl>
<HierarchyLvl HierarchyLvlId="4311" HierarchyLvlTypeId="34" Intrnl_Id="503" Name="readBody">
<Header>
<Loc EndOffset="284" SrcFileId="25" StartOffset="241"/>
</Header>
<LocList>
<Loc EndOffset="447" SrcFileId="25" StartOffset="241"/>
</LocList>
<StmntSeq Intrnl_Id="504">
<LocList>
<Loc EndOffset="330" SrcFileId="25" StartOffset="289"/>
<Loc EndOffset="415" SrcFileId="25" StartOffset="333"/>
<Loc EndOffset="444" SrcFileId="25" StartOffset="421"/>
</LocList>
<BasicStmnt CovItemId="S3" CovItemPrefix="se.lnu.http.HTTPReader.java" Intrnl_Id="505">
<LocList>
<Loc EndOffset="330" SrcFileId="25" StartOffset="289"/>
</LocList>
</BasicStmnt>
<LoopStmnt CovItemId="S4" CovItemPrefix="se.lnu.http.HTTPReader.java" Intrnl_Id="506" MltplExecId="L1-2" MltplExecPrefix="se.lnu.http.HTTPReader.java" NvrExecId="L1-0" NvrExecPrefix="se.lnu.http.HTTPReader.java" OnceExecutedId="L1-1" OnceExecutedPrefix="se.lnu.http.HTTPReader.java" OptBodyExec="true">
<StmntSeq Intrnl_Id="507">
<LocList>
<Loc EndOffset="411" SrcFileId="25" StartOffset="378"/>
</LocList>
<BasicStmnt CovItemId="S5" CovItemPrefix="se.lnu.http.HTTPReader.java" Intrnl_Id="508">
<LocList>
<Loc EndOffset="411" SrcFileId="25" StartOffset="378"/>
</LocList>
</BasicStmnt>
</StmntSeq>
<Keyword EndOffset="336" SrcFileId="25" StartOffset="333"/>
<LocList>
<Loc EndOffset="415" SrcFileId="25" StartOffset="333"/>
</LocList>
<RootTerm CovItemId="C1" CovItemPrefix="se.lnu.http.HTTPReader.java" Intrnl_Id="509">
<BasicBoolTerm Intrnl_Id="510">
<LocList>
<Loc EndOffset="366" SrcFileId="25" StartOffset="349"/>
</LocList>
</BasicBoolTerm>
</RootTerm>
</LoopStmnt>
<BasicStmnt CovItemId="S6" CovItemPrefix="se.lnu.http.HTTPReader.java" Intrnl_Id="511">
<LocList>
<Loc EndOffset="444" SrcFileId="25" StartOffset="421"/>
</LocList>
</BasicStmnt>
</StmntSeq>
</HierarchyLvl>
<HierarchyLvl HierarchyLvlId="4312" HierarchyLvlTypeId="34" Intrnl_Id="512" Name="readHeader">
<Header>
<Loc EndOffset="498" SrcFileId="25" StartOffset="450"/>
</Header>
<LocList>
<Loc EndOffset="1101" SrcFileId="25" StartOffset="450"/>
</LocList>
<StmntSeq Intrnl_Id="513">
<LocList>
<Loc EndOffset="544" SrcFileId="25" StartOffset="503"/>
<Loc EndOffset="1056" SrcFileId="25" StartOffset="552"/>
<Loc EndOffset="1098" SrcFileId="25" StartOffset="1062"/>
</LocList>
<BasicStmnt CovItemId="S7" CovItemPrefix="se.lnu.http.HTTPReader.java" Intrnl_Id="514">
<LocList>
<Loc EndOffset="544" SrcFileId="25" StartOffset="503"/>
</LocList>
</BasicStmnt>
<LoopStmnt CovItemId="S8" CovItemPrefix="se.lnu.http.HTTPReader.java" Intrnl_Id="515" MltplExecId="L2-2" MltplExecPrefix="se.lnu.http.HTTPReader.java" NvrExecId="L2-0" NvrExecPrefix="se.lnu.http.HTTPReader.java" OnceExecutedId="L2-1" OnceExecutedPrefix="se.lnu.http.HTTPReader.java" OptBodyExec="true">
<StmntSeq Intrnl_Id="516">
<LocList>
<Loc EndOffset="606" SrcFileId="25" StartOffset="570"/>
<Loc EndOffset="755" SrcFileId="25" StartOffset="614"/>
<Loc EndOffset="785" SrcFileId="25" StartOffset="763"/>
<Loc EndOffset="809" SrcFileId="25" StartOffset="789"/>
<Loc EndOffset="902" SrcFileId="25" StartOffset="813"/>
<Loc EndOffset="1048" SrcFileId="25" StartOffset="906"/>
</LocList>
<BasicStmnt CovItemId="S9" CovItemPrefix="se.lnu.http.HTTPReader.java" Intrnl_Id="517">
<LocList>
<Loc EndOffset="606" SrcFileId="25" StartOffset="570"/>
</LocList>
</BasicStmnt>
<CondStmnt CovItemId="S10" CovItemPrefix="se.lnu.http.HTTPReader.java" Intrnl_Id="518">
<Branch CovItemId="B1" CovItemPrefix="se.lnu.http.HTTPReader.java" Implct="false" Intrnl_Id="519">
<Cond/>
<LocList>
<Loc EndOffset="755" SrcFileId="25" StartOffset="636"/>
</LocList>
<StmntSeq Intrnl_Id="520">
<LocList>
<Loc EndOffset="750" SrcFileId="25" StartOffset="721"/>
</LocList>
<BasicStmnt CovItemId="S11" CovItemPrefix="se.lnu.http.HTTPReader.java" Intrnl_Id="521">
<LocList>
<Loc EndOffset="750" SrcFileId="25" StartOffset="721"/>
</LocList>
</BasicStmnt>
</StmntSeq>
</Branch>
<Branch CovItemId="B2" CovItemPrefix="se.lnu.http.HTTPReader.java" Implct="true" Intrnl_Id="522">
<Cond/>
<LocList/>
<StmntSeq Intrnl_Id="523">
<LocList/>
</StmntSeq>
</Branch>
<Keyword EndOffset="616" SrcFileId="25" StartOffset="614"/>
<LocList>
<Loc EndOffset="755" SrcFileId="25" StartOffset="614"/>
</LocList>
<RootTerm CovItemId="C3" CovItemPrefix="se.lnu.http.HTTPReader.java" Intrnl_Id="524">
<BasicBoolTerm Intrnl_Id="525">
<LocList>
<Loc EndOffset="634" SrcFileId="25" StartOffset="618"/>
</LocList>
</BasicBoolTerm>
</RootTerm>
</CondStmnt>
<BasicStmnt CovItemId="S12" CovItemPrefix="se.lnu.http.HTTPReader.java" Intrnl_Id="526">
<LocList>
<Loc EndOffset="785" SrcFileId="25" StartOffset="763"/>
</LocList>
</BasicStmnt>
<BasicStmnt CovItemId="S13" CovItemPrefix="se.lnu.http.HTTPReader.java" Intrnl_Id="527">
<LocList>
<Loc EndOffset="809" SrcFileId="25" StartOffset="789"/>
</LocList>
</BasicStmnt>
<CondStmnt CovItemId="S14" CovItemPrefix="se.lnu.http.HTTPReader.java" Intrnl_Id="528">
<Branch CovItemId="B3" CovItemPrefix="se.lnu.http.HTTPReader.java" Implct="false" Intrnl_Id="529">
<Cond/>
<LocList>
<Loc EndOffset="902" SrcFileId="25" StartOffset="885"/>
</LocList>
<StmntSeq Intrnl_Id="530">
<LocList>
<Loc EndOffset="897" SrcFileId="25" StartOffset="891"/>
</LocList>
<BasicStmnt CovItemId="S15" CovItemPrefix="se.lnu.http.HTTPReader.java" Intrnl_Id="531">
<LocList>
<Loc EndOffset="897" SrcFileId="25" StartOffset="891"/>
</LocList>
</BasicStmnt>
</StmntSeq>
</Branch>
<Branch CovItemId="B4" CovItemPrefix="se.lnu.http.HTTPReader.java" Implct="true" Intrnl_Id="532">
<Cond/>
<LocList/>
<StmntSeq Intrnl_Id="533">
<LocList/>
</StmntSeq>
</Branch>
<Keyword EndOffset="815" SrcFileId="25" StartOffset="813"/>
<LocList>
<Loc EndOffset="902" SrcFileId="25" StartOffset="813"/>
</LocList>
<RootTerm CovItemId="C4" CovItemPrefix="se.lnu.http.HTTPReader.java" Intrnl_Id="534">
<OpTerm BooleanOpId="30" Intrnl_Id="535">
<OpTerm BooleanOpId="30" Intrnl_Id="536">
<BasicBoolTerm Intrnl_Id="537">
<LocList>
<Loc EndOffset="833" SrcFileId="25" StartOffset="817"/>
</LocList>
</BasicBoolTerm>
<BasicBoolTerm Intrnl_Id="538">
<LocList>
<Loc EndOffset="860" SrcFileId="25" StartOffset="837"/>
</LocList>
</BasicBoolTerm>
<LocList>
<Loc EndOffset="836" SrcFileId="25" StartOffset="834"/>
</LocList>
</OpTerm>
<BasicBoolTerm Intrnl_Id="539">
<LocList>
<Loc EndOffset="883" SrcFileId="25" StartOffset="864"/>
</LocList>
</BasicBoolTerm>
<LocList>
<Loc EndOffset="863" SrcFileId="25" StartOffset="861"/>
</LocList>
</OpTerm>
</RootTerm>
</CondStmnt>
<CondStmnt CovItemId="S16" CovItemPrefix="se.lnu.http.HTTPReader.java" Intrnl_Id="540">
<Branch CovItemId="B5" CovItemPrefix="se.lnu.http.HTTPReader.java" Implct="false" Intrnl_Id="541">
<Cond/>
<LocList>
<Loc EndOffset="1048" SrcFileId="25" StartOffset="950"/>
</LocList>
<StmntSeq Intrnl_Id="542">
<LocList>
<Loc EndOffset="995" SrcFileId="25" StartOffset="956"/>
<Loc EndOffset="1042" SrcFileId="25" StartOffset="1000"/>
</LocList>
<BasicStmnt CovItemId="S17" CovItemPrefix="se.lnu.http.HTTPReader.java" Intrnl_Id="543">
<LocList>
<Loc EndOffset="995" SrcFileId="25" StartOffset="956"/>
</LocList>
</BasicStmnt>
<BasicStmnt CovItemId="S18" CovItemPrefix="se.lnu.http.HTTPReader.java" Intrnl_Id="544">
<LocList>
<Loc EndOffset="1042" SrcFileId="25" StartOffset="1000"/>
</LocList>
</BasicStmnt>
</StmntSeq>
</Branch>
<Branch CovItemId="B6" CovItemPrefix="se.lnu.http.HTTPReader.java" Implct="true" Intrnl_Id="545">
<Cond/>
<LocList/>
<StmntSeq Intrnl_Id="546">
<LocList/>
</StmntSeq>
</Branch>
<Keyword EndOffset="908" SrcFileId="25" StartOffset="906"/>
<LocList>
<Loc EndOffset="1048" SrcFileId="25" StartOffset="906"/>
</LocList>
<RootTerm CovItemId="C5" CovItemPrefix="se.lnu.http.HTTPReader.java" Intrnl_Id="547">
<BasicBoolTerm Intrnl_Id="548">
<LocList>
<Loc EndOffset="948" SrcFileId="25" StartOffset="910"/>
</LocList>
</BasicBoolTerm>
</RootTerm>
</CondStmnt>
</StmntSeq>
<Keyword EndOffset="557" SrcFileId="25" StartOffset="552"/>
<LocList>
<Loc EndOffset="1056" SrcFileId="25" StartOffset="552"/>
</LocList>
</LoopStmnt>
<BasicStmnt CovItemId="S19" CovItemPrefix="se.lnu.http.HTTPReader.java" Intrnl_Id="549">
<LocList>
<Loc EndOffset="1098" SrcFileId="25" StartOffset="1062"/>
</LocList>
</BasicStmnt>
</StmntSeq>
</HierarchyLvl>
</HierarchyLvl>
<HierarchyLvl HierarchyLvlId="4316" HierarchyLvlTypeId="33" Intrnl_Id="550" Name="ClientThread">
<Header>
<Loc EndOffset="191" SrcFileId="26" StartOffset="151"/>
</Header>
<LocList>
<Loc EndOffset="963" SrcFileId="26" StartOffset="151"/>
</LocList>
<HierarchyLvl HierarchyLvlId="4314" HierarchyLvlTypeId="34" Intrnl_Id="551" Name="ClientThread">
<Header>
<Loc EndOffset="346" SrcFileId="26" StartOffset="269"/>
</Header>
<LocList>
<Loc EndOffset="416" SrcFileId="26" StartOffset="269"/>
</LocList>
<StmntSeq Intrnl_Id="552">
<LocList>
<Loc EndOffset="384" SrcFileId="26" StartOffset="351"/>
<Loc EndOffset="413" SrcFileId="26" StartOffset="390"/>
</LocList>
<BasicStmnt CovItemId="S1" CovItemPrefix="se.lnu.http.ClientThread.java" Intrnl_Id="553">
<LocList>
<Loc EndOffset="384" SrcFileId="26" StartOffset="351"/>
</LocList>
</BasicStmnt>
<BasicStmnt CovItemId="S2" CovItemPrefix="se.lnu.http.ClientThread.java" Intrnl_Id="554">
<LocList>
<Loc EndOffset="413" SrcFileId="26" StartOffset="390"/>
</LocList>
</BasicStmnt>
</StmntSeq>
</HierarchyLvl>
<HierarchyLvl HierarchyLvlId="4315" HierarchyLvlTypeId="34" Intrnl_Id="555" Name="run">
<Header>
<Loc EndOffset="437" SrcFileId="26" StartOffset="420"/>
</Header>
<LocList>
<Loc EndOffset="961" SrcFileId="26" StartOffset="420"/>
</LocList>
<StmntSeq Intrnl_Id="556">
<LocList>
<Loc EndOffset="512" SrcFileId="26" StartOffset="463"/>
<Loc EndOffset="620" SrcFileId="26" StartOffset="552"/>
<Loc EndOffset="665" SrcFileId="26" StartOffset="625"/>
<Loc EndOffset="754" SrcFileId="26" StartOffset="542"/>
<Loc EndOffset="803" SrcFileId="26" StartOffset="766"/>
<Loc EndOffset="863" SrcFileId="26" StartOffset="446"/>
<Loc EndOffset="899" SrcFileId="26" StartOffset="878"/>
<Loc EndOffset="955" SrcFileId="26" StartOffset="869"/>
</LocList>
<BasicStmnt CovItemId="S4" CovItemPrefix="se.lnu.http.ClientThread.java" Intrnl_Id="557">
<LocList>
<Loc EndOffset="512" SrcFileId="26" StartOffset="463"/>
</LocList>
</BasicStmnt>
<BasicStmnt CovItemId="S6" CovItemPrefix="se.lnu.http.ClientThread.java" Intrnl_Id="558">
<LocList>
<Loc EndOffset="620" SrcFileId="26" StartOffset="552"/>
</LocList>
</BasicStmnt>
<BasicStmnt CovItemId="S7" CovItemPrefix="se.lnu.http.ClientThread.java" Intrnl_Id="559">
<LocList>
<Loc EndOffset="665" SrcFileId="26" StartOffset="625"/>
</LocList>
</BasicStmnt>
<CondStmnt CovItemId="S5" CovItemPrefix="se.lnu.http.ClientThread.java" Intrnl_Id="560">
<Branch CovItemId="B2" CovItemPrefix="se.lnu.http.ClientThread.java" Implct="true" Intrnl_Id="561">
<Cond/>
<LocList/>
<StmntSeq Intrnl_Id="562">
<LocList/>
</StmntSeq>
</Branch>
<Branch CovItemId="B3" CovItemPrefix="se.lnu.http.ClientThread.java" Implct="false" Intrnl_Id="563">
<Cond>
<Loc EndOffset="706" SrcFileId="26" StartOffset="671"/>
</Cond>
<LocList>
<Loc EndOffset="754" SrcFileId="26" StartOffset="707"/>
</LocList>
<StmntSeq Intrnl_Id="564">
<LocList>
<Loc EndOffset="749" SrcFileId="26" StartOffset="713"/>
</LocList>
<BasicStmnt CovItemId="S8" CovItemPrefix="se.lnu.http.ClientThread.java" Intrnl_Id="565">
<LocList>
<Loc EndOffset="749" SrcFileId="26" StartOffset="713"/>
</LocList>
</BasicStmnt>
</StmntSeq>
</Branch>
<Keyword EndOffset="545" SrcFileId="26" StartOffset="542"/>
<LocList>
<Loc EndOffset="754" SrcFileId="26" StartOffset="542"/>
</LocList>
</CondStmnt>
<BasicStmnt CovItemId="S9" CovItemPrefix="se.lnu.http.ClientThread.java" Intrnl_Id="566">
<LocList>
<Loc EndOffset="803" SrcFileId="26" StartOffset="766"/>
</LocList>
</BasicStmnt>
<CondStmnt CovItemId="S3" CovItemPrefix="se.lnu.http.ClientThread.java" Intrnl_Id="567">
<Branch CovItemId="B1" CovItemPrefix="se.lnu.http.ClientThread.java" Implct="true" Intrnl_Id="568">
<Cond/>
<LocList/>
<StmntSeq Intrnl_Id="569">
<LocList/>
</StmntSeq>
</Branch>
<Branch CovItemId="B4" CovItemPrefix="se.lnu.http.ClientThread.java" Implct="false" Intrnl_Id="570">
<Cond>
<Loc EndOffset="833" SrcFileId="26" StartOffset="812"/>
</Cond>
<LocList>
<Loc EndOffset="863" SrcFileId="26" StartOffset="834"/>
</LocList>
<StmntSeq Intrnl_Id="571">
<LocList>
<Loc EndOffset="859" SrcFileId="26" StartOffset="839"/>
</LocList>
<BasicStmnt CovItemId="S10" CovItemPrefix="se.lnu.http.ClientThread.java" Intrnl_Id="572">
<LocList>
<Loc EndOffset="859" SrcFileId="26" StartOffset="839"/>
</LocList>
</BasicStmnt>
</StmntSeq>
</Branch>
<Keyword EndOffset="449" SrcFileId="26" StartOffset="446"/>
<LocList>
<Loc EndOffset="863" SrcFileId="26" StartOffset="446"/>
</LocList>
</CondStmnt>
<BasicStmnt CovItemId="S12" CovItemPrefix="se.lnu.http.ClientThread.java" Intrnl_Id="573">
<LocList>
<Loc EndOffset="899" SrcFileId="26" StartOffset="878"/>
</LocList>
</BasicStmnt>
<CondStmnt CovItemId="S11" CovItemPrefix="se.lnu.http.ClientThread.java" Intrnl_Id="574">
<Branch CovItemId="B5" CovItemPrefix="se.lnu.http.ClientThread.java" Implct="true" Intrnl_Id="575">
<Cond/>
<LocList/>
<StmntSeq Intrnl_Id="576">
<LocList/>
</StmntSeq>
</Branch>
<Branch CovItemId="B6" CovItemPrefix="se.lnu.http.ClientThread.java" Implct="false" Intrnl_Id="577">
<Cond>
<Loc EndOffset="925" SrcFileId="26" StartOffset="904"/>
</Cond>
<LocList>
<Loc EndOffset="955" SrcFileId="26" StartOffset="926"/>
</LocList>
<StmntSeq Intrnl_Id="578">
<LocList>
<Loc EndOffset="951" SrcFileId="26" StartOffset="931"/>
</LocList>
<BasicStmnt CovItemId="S13" CovItemPrefix="se.lnu.http.ClientThread.java" Intrnl_Id="579">
<LocList>
<Loc EndOffset="951" SrcFileId="26" StartOffset="931"/>
</LocList>
</BasicStmnt>
</StmntSeq>
</Branch>
<Keyword EndOffset="872" SrcFileId="26" StartOffset="869"/>
<LocList>
<Loc EndOffset="955" SrcFileId="26" StartOffset="869"/>
</LocList>
</CondStmnt>
</StmntSeq>
</HierarchyLvl>
</HierarchyLvl>
<HierarchyLvl HierarchyLvlId="4322" HierarchyLvlTypeId="33" Intrnl_Id="580" Name="ClientSocket">
<Header>
<Loc EndOffset="193" SrcFileId="27" StartOffset="168"/>
</Header>
<LocList>
<Loc EndOffset="904" SrcFileId="27" StartOffset="168"/>
</LocList>
<HierarchyLvl HierarchyLvlId="4317" HierarchyLvlTypeId="34" Intrnl_Id="581" Name="ClientSocket">
<Header>
<Loc EndOffset="254" SrcFileId="27" StartOffset="222"/>
</Header>
<LocList>
<Loc EndOffset="279" SrcFileId="27" StartOffset="222"/>
</LocList>
<StmntSeq Intrnl_Id="582">
<LocList>
<Loc EndOffset="276" SrcFileId="27" StartOffset="259"/>
</LocList>
<BasicStmnt CovItemId="S1" CovItemPrefix="se.lnu.http.ClientSocket.java" Intrnl_Id="583">
<LocList>
<Loc EndOffset="276" SrcFileId="27" StartOffset="259"/>
</LocList>
</BasicStmnt>
</StmntSeq>
</HierarchyLvl>
<HierarchyLvl HierarchyLvlId="4318" HierarchyLvlTypeId="34" Intrnl_Id="584" Name="getRequest">
<Header>
<Loc EndOffset="327" SrcFileId="27" StartOffset="282"/>
</Header>
<LocList>
<Loc EndOffset="540" SrcFileId="27" StartOffset="282"/>
</LocList>
<StmntSeq Intrnl_Id="585">
<LocList>
<Loc EndOffset="417" SrcFileId="27" StartOffset="332"/>
<Loc EndOffset="463" SrcFileId="27" StartOffset="420"/>
<Loc EndOffset="513" SrcFileId="27" StartOffset="466"/>
<Loc EndOffset="537" SrcFileId="27" StartOffset="516"/>
</LocList>
<BasicStmnt CovItemId="S2" CovItemPrefix="se.lnu.http.ClientSocket.java" Intrnl_Id="586">
<LocList>
<Loc EndOffset="417" SrcFileId="27" StartOffset="332"/>
</LocList>
</BasicStmnt>
<BasicStmnt CovItemId="S3" CovItemPrefix="se.lnu.http.ClientSocket.java" Intrnl_Id="587">
<LocList>
<Loc EndOffset="463" SrcFileId="27" StartOffset="420"/>
</LocList>
</BasicStmnt>
<BasicStmnt CovItemId="S4" CovItemPrefix="se.lnu.http.ClientSocket.java" Intrnl_Id="588">
<LocList>
<Loc EndOffset="513" SrcFileId="27" StartOffset="466"/>
</LocList>
</BasicStmnt>
<BasicStmnt CovItemId="S5" CovItemPrefix="se.lnu.http.ClientSocket.java" Intrnl_Id="589">
<LocList>
<Loc EndOffset="537" SrcFileId="27" StartOffset="516"/>
</LocList>
</BasicStmnt>
</StmntSeq>
</HierarchyLvl>
<HierarchyLvl HierarchyLvlId="4319" HierarchyLvlTypeId="34" Intrnl_Id="590" Name="writeHeader">
<Header>
<Loc EndOffset="602" SrcFileId="27" StartOffset="543"/>
</Header>
<LocList>
<Loc EndOffset="735" SrcFileId="27" StartOffset="543"/>
</LocList>
<StmntSeq Intrnl_Id="591">
<LocList>
<Loc EndOffset="674" SrcFileId="27" StartOffset="610"/>
<Loc EndOffset="708" SrcFileId="27" StartOffset="677"/>
<Loc EndOffset="723" SrcFileId="27" StartOffset="711"/>
</LocList>
<BasicStmnt CovItemId="S6" CovItemPrefix="se.lnu.http.ClientSocket.java" Intrnl_Id="592">
<LocList>
<Loc EndOffset="674" SrcFileId="27" StartOffset="610"/>
</LocList>
</BasicStmnt>
<BasicStmnt CovItemId="S7" CovItemPrefix="se.lnu.http.ClientSocket.java" Intrnl_Id="593">
<LocList>
<Loc EndOffset="708" SrcFileId="27" StartOffset="677"/>
</LocList>
</BasicStmnt>
<BasicStmnt CovItemId="S8" CovItemPrefix="se.lnu.http.ClientSocket.java" Intrnl_Id="594">
<LocList>
<Loc EndOffset="723" SrcFileId="27" StartOffset="711"/>
</LocList>
</BasicStmnt>
</StmntSeq>
</HierarchyLvl>
<HierarchyLvl HierarchyLvlId="4320" HierarchyLvlTypeId="34" Intrnl_Id="595" Name="close">
<Header>
<Loc EndOffset="776" SrcFileId="27" StartOffset="738"/>
</Header>
<LocList>
<Loc EndOffset="800" SrcFileId="27" StartOffset="738"/>
</LocList>
<StmntSeq Intrnl_Id="596">
<LocList>
<Loc EndOffset="794" SrcFileId="27" StartOffset="781"/>
</LocList>
<BasicStmnt CovItemId="S9" CovItemPrefix="se.lnu.http.ClientSocket.java" Intrnl_Id="597">
<LocList>
<Loc EndOffset="794" SrcFileId="27" StartOffset="781"/>
</LocList>
</BasicStmnt>
</StmntSeq>
</HierarchyLvl>
<HierarchyLvl HierarchyLvlId="4321" HierarchyLvlTypeId="34" Intrnl_Id="598" Name="writeBody">
<Header>
<Loc EndOffset="857" SrcFileId="27" StartOffset="803"/>
</Header>
<LocList>
<Loc EndOffset="901" SrcFileId="27" StartOffset="803"/>
</LocList>
<StmntSeq Intrnl_Id="599">
<LocList>
<Loc EndOffset="898" SrcFileId="27" StartOffset="862"/>
</LocList>
<BasicStmnt CovItemId="S10" CovItemPrefix="se.lnu.http.ClientSocket.java" Intrnl_Id="600">
<LocList>
<Loc EndOffset="898" SrcFileId="27" StartOffset="862"/>
</LocList>
</BasicStmnt>
</StmntSeq>
</HierarchyLvl>
</HierarchyLvl>
<HierarchyLvl HierarchyLvlId="4325" HierarchyLvlTypeId="33" Intrnl_Id="601" Name="ClientFactory">
<Header>
<Loc EndOffset="73" SrcFileId="28" StartOffset="47"/>
</Header>
<LocList>
<Loc EndOffset="329" SrcFileId="28" StartOffset="47"/>
</LocList>
<HierarchyLvl HierarchyLvlId="4323" HierarchyLvlTypeId="34" Intrnl_Id="602" Name="ClientFactory">
<Header>
<Loc EndOffset="144" SrcFileId="28" StartOffset="110"/>
</Header>
<LocList>
<Loc EndOffset="173" SrcFileId="28" StartOffset="110"/>
</LocList>
<StmntSeq Intrnl_Id="603">
<LocList>
<Loc EndOffset="170" SrcFileId="28" StartOffset="149"/>
</LocList>
<BasicStmnt CovItemId="S1" CovItemPrefix="se.lnu.http.ClientFactory.java" Intrnl_Id="604">
<LocList>
<Loc EndOffset="170" SrcFileId="28" StartOffset="149"/>
</LocList>
</BasicStmnt>
</StmntSeq>
</HierarchyLvl>
<HierarchyLvl HierarchyLvlId="4324" HierarchyLvlTypeId="34" Intrnl_Id="605" Name="createClient">
<Header>
<Loc EndOffset="230" SrcFileId="28" StartOffset="176"/>
</Header>
<LocList>
<Loc EndOffset="326" SrcFileId="28" StartOffset="176"/>
</LocList>
<StmntSeq Intrnl_Id="606">
<LocList>
<Loc EndOffset="323" SrcFileId="28" StartOffset="238"/>
</LocList>
<BasicStmnt CovItemId="S2" CovItemPrefix="se.lnu.http.ClientFactory.java" Intrnl_Id="607">
<LocList>
<Loc EndOffset="323" SrcFileId="28" StartOffset="238"/>
</LocList>
</BasicStmnt>
</StmntSeq>
</HierarchyLvl>
</HierarchyLvl>
<HierarchyLvl HierarchyLvlId="4330" HierarchyLvlTypeId="33" Intrnl_Id="608" Name="AcceptThread">
<Header>
<Loc EndOffset="178" SrcFileId="29" StartOffset="138"/>
</Header>
<LocList>
<Loc EndOffset="1183" SrcFileId="29" StartOffset="138"/>
</LocList>
<HierarchyLvl HierarchyLvlId="4326" HierarchyLvlTypeId="34" Intrnl_Id="609" Name="AcceptThread">
<Header>
<Loc EndOffset="400" SrcFileId="29" StartOffset="295"/>
</Header>
<LocList>
<Loc EndOffset="478" SrcFileId="29" StartOffset="295"/>
</LocList>
<StmntSeq Intrnl_Id="610">
<LocList>
<Loc EndOffset="419" SrcFileId="29" StartOffset="405"/>
<Loc EndOffset="447" SrcFileId="29" StartOffset="422"/>
<Loc EndOffset="475" SrcFileId="29" StartOffset="450"/>
</LocList>
<BasicStmnt CovItemId="S1" CovItemPrefix="se.lnu.http.AcceptThread.java" Intrnl_Id="611">
<LocList>
<Loc EndOffset="419" SrcFileId="29" StartOffset="405"/>
</LocList>
</BasicStmnt>
<BasicStmnt CovItemId="S2" CovItemPrefix="se.lnu.http.AcceptThread.java" Intrnl_Id="612">
<LocList>
<Loc EndOffset="447" SrcFileId="29" StartOffset="422"/>
</LocList>
</BasicStmnt>
<BasicStmnt CovItemId="S3" CovItemPrefix="se.lnu.http.AcceptThread.java" Intrnl_Id="613">
<LocList>
<Loc EndOffset="475" SrcFileId="29" StartOffset="450"/>
</LocList>
</BasicStmnt>
</StmntSeq>
</HierarchyLvl>
<HierarchyLvl HierarchyLvlId="4327" HierarchyLvlTypeId="34" Intrnl_Id="614" Name="stopme">
<Header>
<Loc EndOffset="521" SrcFileId="29" StartOffset="482"/>
</Header>
<LocList>
<Loc EndOffset="544" SrcFileId="29" StartOffset="482"/>
</LocList>
<StmntSeq Intrnl_Id="615">
<LocList>
<Loc EndOffset="541" SrcFileId="29" StartOffset="526"/>
</LocList>
<BasicStmnt CovItemId="S4" CovItemPrefix="se.lnu.http.AcceptThread.java" Intrnl_Id="616">
<LocList>
<Loc EndOffset="541" SrcFileId="29" StartOffset="526"/>
</LocList>
</BasicStmnt>
</StmntSeq>
</HierarchyLvl>
<HierarchyLvl HierarchyLvlId="4328" HierarchyLvlTypeId="34" Intrnl_Id="617" Name="run">
<Header>
<Loc EndOffset="565" SrcFileId="29" StartOffset="548"/>
</Header>
<LocList>
<Loc EndOffset="948" SrcFileId="29" StartOffset="548"/>
</LocList>
<StmntSeq Intrnl_Id="618">
<LocList>
<Loc EndOffset="885" SrcFileId="29" StartOffset="596"/>
<Loc EndOffset="929" SrcFileId="29" StartOffset="905"/>
</LocList>
<LoopStmnt CovItemId="S5" CovItemPrefix="se.lnu.http.AcceptThread.java" Intrnl_Id="619" MltplExecId="L1-2" MltplExecPrefix="se.lnu.http.AcceptThread.java" NvrExecId="L1-0" NvrExecPrefix="se.lnu.http.AcceptThread.java" OnceExecutedId="L1-1" OnceExecutedPrefix="se.lnu.http.AcceptThread.java" OptBodyExec="true">
<StmntSeq Intrnl_Id="620">
<LocList>
<Loc EndOffset="653" SrcFileId="29" StartOffset="638"/>
<Loc EndOffset="864" SrcFileId="29" StartOffset="621"/>
</LocList>
<BasicStmnt CovItemId="S7" CovItemPrefix="se.lnu.http.AcceptThread.java" Intrnl_Id="621">
<LocList>
<Loc EndOffset="653" SrcFileId="29" StartOffset="638"/>
</LocList>
</BasicStmnt>
<CondStmnt CovItemId="S6" CovItemPrefix="se.lnu.http.AcceptThread.java" Intrnl_Id="622">
<Branch CovItemId="B1" CovItemPrefix="se.lnu.http.AcceptThread.java" Implct="true" Intrnl_Id="623">
<Cond/>
<LocList/>
<StmntSeq Intrnl_Id="624">
<LocList/>
</StmntSeq>
</Branch>
<Branch CovItemId="B2" CovItemPrefix="se.lnu.http.AcceptThread.java" Implct="false" Intrnl_Id="625">
<Cond>
<Loc EndOffset="691" SrcFileId="29" StartOffset="666"/>
</Cond>
<LocList>
<Loc EndOffset="790" SrcFileId="29" StartOffset="692"/>
</LocList>
<StmntSeq Intrnl_Id="626">
<LocList>
<Loc EndOffset="772" SrcFileId="29" StartOffset="766"/>
</LocList>
<BasicStmnt CovItemId="S8" CovItemPrefix="se.lnu.http.AcceptThread.java" Intrnl_Id="627">
<LocList>
<Loc EndOffset="772" SrcFileId="29" StartOffset="766"/>
</LocList>
</BasicStmnt>
</StmntSeq>
</Branch>
<Branch CovItemId="B3" CovItemPrefix="se.lnu.http.AcceptThread.java" Implct="false" Intrnl_Id="628">
<Cond>
<Loc EndOffset="812" SrcFileId="29" StartOffset="791"/>
</Cond>
<LocList>
<Loc EndOffset="864" SrcFileId="29" StartOffset="813"/>
</LocList>
<StmntSeq Intrnl_Id="629">
<LocList>
<Loc EndOffset="846" SrcFileId="29" StartOffset="826"/>
</LocList>
<BasicStmnt CovItemId="S9" CovItemPrefix="se.lnu.http.AcceptThread.java" Intrnl_Id="630">
<LocList>
<Loc EndOffset="846" SrcFileId="29" StartOffset="826"/>
</LocList>
</BasicStmnt>
</StmntSeq>
</Branch>
<Keyword EndOffset="624" SrcFileId="29" StartOffset="621"/>
<LocList>
<Loc EndOffset="864" SrcFileId="29" StartOffset="621"/>
</LocList>
</CondStmnt>
</StmntSeq>
<Keyword EndOffset="601" SrcFileId="29" StartOffset="596"/>
<LocList>
<Loc EndOffset="885" SrcFileId="29" StartOffset="596"/>
</LocList>
</LoopStmnt>
<BasicStmnt CovItemId="S10" CovItemPrefix="se.lnu.http.AcceptThread.java" Intrnl_Id="631">
<LocList>
<Loc EndOffset="929" SrcFileId="29" StartOffset="905"/>
</LocList>
</BasicStmnt>
</StmntSeq>
</HierarchyLvl>
<HierarchyLvl HierarchyLvlId="4329" HierarchyLvlTypeId="34" Intrnl_Id="632" Name="acceptClient">
<Header>
<Loc EndOffset="997" SrcFileId="29" StartOffset="951"/>
</Header>
<LocList>
<Loc EndOffset="1178" SrcFileId="29" StartOffset="951"/>
</LocList>
<StmntSeq Intrnl_Id="633">
<LocList>
<Loc EndOffset="1027" SrcFileId="29" StartOffset="1002"/>
<Loc EndOffset="1068" SrcFileId="29" StartOffset="1030"/>
<Loc EndOffset="1129" SrcFileId="29" StartOffset="1071"/>
<Loc EndOffset="1147" SrcFileId="29" StartOffset="1132"/>
<Loc EndOffset="1175" SrcFileId="29" StartOffset="1150"/>
</LocList>
<BasicStmnt CovItemId="S11" CovItemPrefix="se.lnu.http.AcceptThread.java" Intrnl_Id="634">
<LocList>
<Loc EndOffset="1027" SrcFileId="29" StartOffset="1002"/>
</LocList>
</BasicStmnt>
<BasicStmnt CovItemId="S12" CovItemPrefix="se.lnu.http.AcceptThread.java" Intrnl_Id="635">
<LocList>
<Loc EndOffset="1068" SrcFileId="29" StartOffset="1030"/>
</LocList>
</BasicStmnt>
<BasicStmnt CovItemId="S13" CovItemPrefix="se.lnu.http.AcceptThread.java" Intrnl_Id="636">
<LocList>
<Loc EndOffset="1129" SrcFileId="29" StartOffset="1071"/>
</LocList>
</BasicStmnt>
<BasicStmnt CovItemId="S14" CovItemPrefix="se.lnu.http.AcceptThread.java" Intrnl_Id="637">
<LocList>
<Loc EndOffset="1147" SrcFileId="29" StartOffset="1132"/>
</LocList>
</BasicStmnt>
<BasicStmnt CovItemId="S15" CovItemPrefix="se.lnu.http.AcceptThread.java" Intrnl_Id="638">
<LocList>
<Loc EndOffset="1175" SrcFileId="29" StartOffset="1150"/>
</LocList>
</BasicStmnt>
</StmntSeq>
</HierarchyLvl>
</HierarchyLvl>
</HierarchyLvl>
</HierarchyLvl>
</HierarchyLvl>
</HierarchyLvl>
</MASTRoot>
</TestSessionContainer>
